cuda memory allocated: 499894784
> n_trainable_params: 124647939, n_nontrainable_params: 0
> training arguments:
>>> model_name: roberta
>>> dataset: lap14
>>> optimizer: <class 'torch.optim.adam.Adam'>
>>> initializer: <function xavier_uniform_ at 0x7f78ac350280>
>>> repeat: 3
>>> lr: 2e-05
>>> dropout: 0.3
>>> l2reg: 0.0001
>>> num_epoch: 100
>>> batch_size: 16
>>> log_step: 10
>>> bert_dim: 768
>>> plm_name: ./plm/roberta-base
>>> max_seq_len: 128
>>> polarities_dim: 3
>>> patience: 5
>>> device: cuda
>>> seed: 42
>>> save_model_dir: /media/b115/Backup/NLP
>>> model_class: <class 'model.roberta.RoBERTa'>
>>> dataset_file: {'train': './dataset/txt/lap14_train.txt', 'test': './dataset/txt/lap14_test.txt'}
>>> inputs_cols: ['input_ids', 'attention_mask']
>>>>>>>>>>>>>>>>>>>>>>>>>>>>>>>>>>>>>>>>>>>>>>>>>>>>>>>>>>>>>>>>>>>>>>>>>>>>>>>>>>>>>>>>>>>>>>>>>>>>
epoch: 0
loss: 1.0932, acc: 0.4437
loss: 1.0931, acc: 0.4500
loss: 1.0276, acc: 0.5062
loss: 0.9491, acc: 0.5547
loss: 0.9300, acc: 0.5725
loss: 0.8961, acc: 0.5906
loss: 0.8717, acc: 0.6089
loss: 0.8416, acc: 0.6266
loss: 0.8197, acc: 0.6431
loss: 0.8053, acc: 0.6506
loss: 0.7882, acc: 0.6614
loss: 0.7881, acc: 0.6651
loss: 0.7799, acc: 0.6702
loss: 0.7741, acc: 0.6714
> val_acc: 0.7759, val_f1: 0.7300
>> saved: /media/b115/Backup/NLP/roberta/lap14/acc_0.7759_f1_0.73_230827-0323.model
>>>>>>>>>>>>>>>>>>>>>>>>>>>>>>>>>>>>>>>>>>>>>>>>>>>>>>>>>>>>>>>>>>>>>>>>>>>>>>>>>>>>>>>>>>>>>>>>>>>>
epoch: 1
loss: 0.4400, acc: 0.8125
loss: 0.5286, acc: 0.7634
loss: 0.5274, acc: 0.7839
loss: 0.5198, acc: 0.7978
loss: 0.5189, acc: 0.7884
loss: 0.5146, acc: 0.7847
loss: 0.5096, acc: 0.7900
loss: 0.5136, acc: 0.7838
loss: 0.5062, acc: 0.7872
loss: 0.5060, acc: 0.7899
loss: 0.5063, acc: 0.7927
loss: 0.5042, acc: 0.7971
loss: 0.5031, acc: 0.7959
loss: 0.4948, acc: 0.7999
loss: 0.4902, acc: 0.8038
> val_acc: 0.7962, val_f1: 0.7533
>> saved: /media/b115/Backup/NLP/roberta/lap14/acc_0.7962_f1_0.7533_230827-0324.model
>>>>>>>>>>>>>>>>>>>>>>>>>>>>>>>>>>>>>>>>>>>>>>>>>>>>>>>>>>>>>>>>>>>>>>>>>>>>>>>>>>>>>>>>>>>>>>>>>>>>
epoch: 2
loss: 0.2572, acc: 0.8828
loss: 0.2563, acc: 0.9028
loss: 0.2711, acc: 0.8929
loss: 0.2873, acc: 0.8947
loss: 0.2859, acc: 0.8906
loss: 0.3065, acc: 0.8825
loss: 0.3214, acc: 0.8778
loss: 0.3270, acc: 0.8798
loss: 0.3238, acc: 0.8771
loss: 0.3236, acc: 0.8776
loss: 0.3199, acc: 0.8791
loss: 0.3254, acc: 0.8776
loss: 0.3280, acc: 0.8770
loss: 0.3310, acc: 0.8768
> val_acc: 0.7994, val_f1: 0.7655
>> saved: /media/b115/Backup/NLP/roberta/lap14/acc_0.7994_f1_0.7655_230827-0324.model
>>>>>>>>>>>>>>>>>>>>>>>>>>>>>>>>>>>>>>>>>>>>>>>>>>>>>>>>>>>>>>>>>>>>>>>>>>>>>>>>>>>>>>>>>>>>>>>>>>>>
epoch: 3
loss: 0.2276, acc: 0.8750
loss: 0.2369, acc: 0.9115
loss: 0.2463, acc: 0.9034
loss: 0.2363, acc: 0.9004
loss: 0.2323, acc: 0.9062
loss: 0.2381, acc: 0.9038
loss: 0.2396, acc: 0.9032
loss: 0.2474, acc: 0.9036
loss: 0.2461, acc: 0.9040
loss: 0.2393, acc: 0.9076
loss: 0.2327, acc: 0.9105
loss: 0.2360, acc: 0.9062
loss: 0.2343, acc: 0.9078
loss: 0.2386, acc: 0.9072
loss: 0.2373, acc: 0.9089
> val_acc: 0.7962, val_f1: 0.7526
>>>>>>>>>>>>>>>>>>>>>>>>>>>>>>>>>>>>>>>>>>>>>>>>>>>>>>>>>>>>>>>>>>>>>>>>>>>>>>>>>>>>>>>>>>>>>>>>>>>>
epoch: 4
loss: 0.2213, acc: 0.8958
loss: 0.1359, acc: 0.9414
loss: 0.1270, acc: 0.9423
loss: 0.1580, acc: 0.9375
loss: 0.1653, acc: 0.9375
loss: 0.1629, acc: 0.9408
loss: 0.1573, acc: 0.9432
loss: 0.1585, acc: 0.9416
loss: 0.1563, acc: 0.9404
loss: 0.1516, acc: 0.9427
loss: 0.1500, acc: 0.9434
loss: 0.1490, acc: 0.9445
loss: 0.1539, acc: 0.9439
loss: 0.1585, acc: 0.9407
loss: 0.1584, acc: 0.9399
> val_acc: 0.8041, val_f1: 0.7656
>> saved: /media/b115/Backup/NLP/roberta/lap14/acc_0.8041_f1_0.7656_230827-0325.model
>>>>>>>>>>>>>>>>>>>>>>>>>>>>>>>>>>>>>>>>>>>>>>>>>>>>>>>>>>>>>>>>>>>>>>>>>>>>>>>>>>>>>>>>>>>>>>>>>>>>
epoch: 5
loss: 0.0958, acc: 0.9625
loss: 0.0819, acc: 0.9750
loss: 0.0797, acc: 0.9750
loss: 0.0682, acc: 0.9781
loss: 0.0958, acc: 0.9700
loss: 0.1005, acc: 0.9677
loss: 0.0998, acc: 0.9670
loss: 0.1055, acc: 0.9641
loss: 0.1055, acc: 0.9632
loss: 0.1034, acc: 0.9631
loss: 0.1042, acc: 0.9619
loss: 0.1051, acc: 0.9625
loss: 0.1089, acc: 0.9620
loss: 0.1128, acc: 0.9603
> val_acc: 0.8041, val_f1: 0.7587
>>>>>>>>>>>>>>>>>>>>>>>>>>>>>>>>>>>>>>>>>>>>>>>>>>>>>>>>>>>>>>>>>>>>>>>>>>>>>>>>>>>>>>>>>>>>>>>>>>>>
epoch: 6
loss: 0.1035, acc: 0.9531
loss: 0.0449, acc: 0.9866
loss: 0.0666, acc: 0.9818
loss: 0.0609, acc: 0.9835
loss: 0.0588, acc: 0.9815
loss: 0.0655, acc: 0.9769
loss: 0.0731, acc: 0.9746
loss: 0.0791, acc: 0.9730
loss: 0.0882, acc: 0.9702
loss: 0.0972, acc: 0.9674
loss: 0.1024, acc: 0.9675
loss: 0.1022, acc: 0.9682
loss: 0.0997, acc: 0.9698
loss: 0.0968, acc: 0.9701
loss: 0.0972, acc: 0.9696
> val_acc: 0.7696, val_f1: 0.7141
>>>>>>>>>>>>>>>>>>>>>>>>>>>>>>>>>>>>>>>>>>>>>>>>>>>>>>>>>>>>>>>>>>>>>>>>>>>>>>>>>>>>>>>>>>>>>>>>>>>>
epoch: 7
loss: 0.1457, acc: 0.9453
loss: 0.0846, acc: 0.9722
loss: 0.0807, acc: 0.9732
loss: 0.0705, acc: 0.9753
loss: 0.0601, acc: 0.9792
loss: 0.0709, acc: 0.9763
loss: 0.0731, acc: 0.9733
loss: 0.0749, acc: 0.9736
loss: 0.0779, acc: 0.9716
loss: 0.0747, acc: 0.9726
loss: 0.0739, acc: 0.9728
loss: 0.0864, acc: 0.9698
loss: 0.0890, acc: 0.9702
loss: 0.0894, acc: 0.9706
> val_acc: 0.8088, val_f1: 0.7740
>> saved: /media/b115/Backup/NLP/roberta/lap14/acc_0.8088_f1_0.774_230827-0326.model
>>>>>>>>>>>>>>>>>>>>>>>>>>>>>>>>>>>>>>>>>>>>>>>>>>>>>>>>>>>>>>>>>>>>>>>>>>>>>>>>>>>>>>>>>>>>>>>>>>>>
epoch: 8
loss: 0.0194, acc: 1.0000
loss: 0.0471, acc: 0.9844
loss: 0.0385, acc: 0.9886
loss: 0.0428, acc: 0.9883
loss: 0.0438, acc: 0.9881
loss: 0.0418, acc: 0.9880
loss: 0.0396, acc: 0.9879
loss: 0.0411, acc: 0.9870
loss: 0.0396, acc: 0.9878
loss: 0.0435, acc: 0.9864
loss: 0.0545, acc: 0.9828
loss: 0.0573, acc: 0.9816
loss: 0.0647, acc: 0.9780
loss: 0.0627, acc: 0.9792
loss: 0.0623, acc: 0.9793
> val_acc: 0.7994, val_f1: 0.7650
>>>>>>>>>>>>>>>>>>>>>>>>>>>>>>>>>>>>>>>>>>>>>>>>>>>>>>>>>>>>>>>>>>>>>>>>>>>>>>>>>>>>>>>>>>>>>>>>>>>>
epoch: 9
loss: 0.2013, acc: 0.9271
loss: 0.1010, acc: 0.9648
loss: 0.0814, acc: 0.9760
loss: 0.0701, acc: 0.9774
loss: 0.0665, acc: 0.9796
loss: 0.0587, acc: 0.9821
loss: 0.0541, acc: 0.9830
loss: 0.0553, acc: 0.9836
loss: 0.0618, acc: 0.9833
loss: 0.0635, acc: 0.9831
loss: 0.0629, acc: 0.9823
loss: 0.0624, acc: 0.9817
loss: 0.0675, acc: 0.9797
loss: 0.0689, acc: 0.9793
loss: 0.0673, acc: 0.9802
> val_acc: 0.8025, val_f1: 0.7547
>>>>>>>>>>>>>>>>>>>>>>>>>>>>>>>>>>>>>>>>>>>>>>>>>>>>>>>>>>>>>>>>>>>>>>>>>>>>>>>>>>>>>>>>>>>>>>>>>>>>
epoch: 10
loss: 0.0228, acc: 0.9938
loss: 0.0212, acc: 0.9906
loss: 0.0540, acc: 0.9854
loss: 0.0499, acc: 0.9828
loss: 0.0422, acc: 0.9862
loss: 0.0513, acc: 0.9833
loss: 0.0530, acc: 0.9821
loss: 0.0508, acc: 0.9836
loss: 0.0481, acc: 0.9854
loss: 0.0549, acc: 0.9838
loss: 0.0531, acc: 0.9847
loss: 0.0537, acc: 0.9844
loss: 0.0539, acc: 0.9837
loss: 0.0516, acc: 0.9844
> val_acc: 0.8103, val_f1: 0.7717
>> saved: /media/b115/Backup/NLP/roberta/lap14/acc_0.8103_f1_0.7717_230827-0328.model
>>>>>>>>>>>>>>>>>>>>>>>>>>>>>>>>>>>>>>>>>>>>>>>>>>>>>>>>>>>>>>>>>>>>>>>>>>>>>>>>>>>>>>>>>>>>>>>>>>>>
epoch: 11
loss: 0.0049, acc: 1.0000
loss: 0.0296, acc: 0.9911
loss: 0.0407, acc: 0.9896
loss: 0.0461, acc: 0.9871
loss: 0.0473, acc: 0.9844
loss: 0.0478, acc: 0.9826
loss: 0.0441, acc: 0.9844
loss: 0.0391, acc: 0.9865
loss: 0.0409, acc: 0.9851
loss: 0.0382, acc: 0.9860
loss: 0.0397, acc: 0.9856
loss: 0.0399, acc: 0.9852
loss: 0.0425, acc: 0.9844
loss: 0.0449, acc: 0.9837
loss: 0.0443, acc: 0.9839
> val_acc: 0.7837, val_f1: 0.7269
>>>>>>>>>>>>>>>>>>>>>>>>>>>>>>>>>>>>>>>>>>>>>>>>>>>>>>>>>>>>>>>>>>>>>>>>>>>>>>>>>>>>>>>>>>>>>>>>>>>>
epoch: 12
loss: 0.0230, acc: 0.9922
loss: 0.0273, acc: 0.9931
loss: 0.0308, acc: 0.9911
loss: 0.0249, acc: 0.9934
loss: 0.0221, acc: 0.9935
loss: 0.0236, acc: 0.9935
loss: 0.0224, acc: 0.9926
loss: 0.0215, acc: 0.9928
loss: 0.0211, acc: 0.9922
loss: 0.0231, acc: 0.9917
loss: 0.0266, acc: 0.9907
loss: 0.0286, acc: 0.9889
loss: 0.0315, acc: 0.9878
loss: 0.0312, acc: 0.9882
> val_acc: 0.8182, val_f1: 0.7806
>> saved: /media/b115/Backup/NLP/roberta/lap14/acc_0.8182_f1_0.7806_230827-0329.model
>>>>>>>>>>>>>>>>>>>>>>>>>>>>>>>>>>>>>>>>>>>>>>>>>>>>>>>>>>>>>>>>>>>>>>>>>>>>>>>>>>>>>>>>>>>>>>>>>>>>
epoch: 13
loss: 0.0337, acc: 0.9688
loss: 0.0702, acc: 0.9792
loss: 0.0473, acc: 0.9858
loss: 0.0440, acc: 0.9824
loss: 0.0398, acc: 0.9836
loss: 0.0506, acc: 0.9808
loss: 0.0496, acc: 0.9798
loss: 0.0522, acc: 0.9783
loss: 0.0483, acc: 0.9809
loss: 0.0475, acc: 0.9810
loss: 0.0456, acc: 0.9822
loss: 0.0418, acc: 0.9838
loss: 0.0484, acc: 0.9816
loss: 0.0483, acc: 0.9815
loss: 0.0476, acc: 0.9824
> val_acc: 0.7821, val_f1: 0.7260
>>>>>>>>>>>>>>>>>>>>>>>>>>>>>>>>>>>>>>>>>>>>>>>>>>>>>>>>>>>>>>>>>>>>>>>>>>>>>>>>>>>>>>>>>>>>>>>>>>>>
epoch: 14
loss: 0.0628, acc: 0.9688
loss: 0.0682, acc: 0.9688
loss: 0.0460, acc: 0.9808
loss: 0.0425, acc: 0.9844
loss: 0.0466, acc: 0.9837
loss: 0.0542, acc: 0.9833
loss: 0.0517, acc: 0.9839
loss: 0.0545, acc: 0.9819
loss: 0.0518, acc: 0.9833
loss: 0.0480, acc: 0.9844
loss: 0.0472, acc: 0.9853
loss: 0.0434, acc: 0.9865
loss: 0.0410, acc: 0.9871
loss: 0.0407, acc: 0.9871
loss: 0.0395, acc: 0.9867
> val_acc: 0.8009, val_f1: 0.7620
>>>>>>>>>>>>>>>>>>>>>>>>>>>>>>>>>>>>>>>>>>>>>>>>>>>>>>>>>>>>>>>>>>>>>>>>>>>>>>>>>>>>>>>>>>>>>>>>>>>>
epoch: 15
loss: 0.0084, acc: 1.0000
loss: 0.0160, acc: 0.9969
loss: 0.0211, acc: 0.9938
loss: 0.0195, acc: 0.9922
loss: 0.0211, acc: 0.9912
loss: 0.0211, acc: 0.9917
loss: 0.0219, acc: 0.9902
loss: 0.0245, acc: 0.9906
loss: 0.0248, acc: 0.9896
loss: 0.0297, acc: 0.9888
loss: 0.0308, acc: 0.9881
loss: 0.0293, acc: 0.9891
loss: 0.0295, acc: 0.9885
loss: 0.0285, acc: 0.9888
> val_acc: 0.8088, val_f1: 0.7761
>>>>>>>>>>>>>>>>>>>>>>>>>>>>>>>>>>>>>>>>>>>>>>>>>>>>>>>>>>>>>>>>>>>>>>>>>>>>>>>>>>>>>>>>>>>>>>>>>>>>
epoch: 16
loss: 0.0316, acc: 0.9844
loss: 0.0639, acc: 0.9866
loss: 0.0497, acc: 0.9896
loss: 0.0365, acc: 0.9926
loss: 0.0292, acc: 0.9943
loss: 0.0249, acc: 0.9954
loss: 0.0227, acc: 0.9951
loss: 0.0220, acc: 0.9949
loss: 0.0201, acc: 0.9955
loss: 0.0186, acc: 0.9953
loss: 0.0250, acc: 0.9946
loss: 0.0294, acc: 0.9929
loss: 0.0286, acc: 0.9924
loss: 0.0320, acc: 0.9911
loss: 0.0343, acc: 0.9905
> val_acc: 0.8025, val_f1: 0.7651
>>>>>>>>>>>>>>>>>>>>>>>>>>>>>>>>>>>>>>>>>>>>>>>>>>>>>>>>>>>>>>>>>>>>>>>>>>>>>>>>>>>>>>>>>>>>>>>>>>>>
epoch: 17
loss: 0.0730, acc: 0.9531
loss: 0.0542, acc: 0.9688
loss: 0.0603, acc: 0.9732
loss: 0.0495, acc: 0.9786
loss: 0.0450, acc: 0.9805
loss: 0.0381, acc: 0.9838
loss: 0.0330, acc: 0.9862
loss: 0.0319, acc: 0.9864
loss: 0.0322, acc: 0.9858
loss: 0.0363, acc: 0.9841
loss: 0.0357, acc: 0.9850
loss: 0.0347, acc: 0.9852
loss: 0.0364, acc: 0.9849
loss: 0.0345, acc: 0.9860
> val_acc: 0.8056, val_f1: 0.7676
>> test_acc: 0.8182, test_f1: 0.7806
>>>>>>>>>>>>>>>>>>>>>>>>>>>>>>>>>>>>>>>>>>>>>>>>>>>>>>>>>>>>>>>>>>>>>>>>>>>>>>>>>>>>>>>>>>>>>>>>>>>>
epoch: 0
loss: 0.3849, acc: 0.8375
loss: 0.2214, acc: 0.9094
loss: 0.1486, acc: 0.9396
loss: 0.1123, acc: 0.9547
loss: 0.0997, acc: 0.9600
loss: 0.0905, acc: 0.9625
loss: 0.0826, acc: 0.9661
loss: 0.0795, acc: 0.9672
loss: 0.0741, acc: 0.9701
loss: 0.0700, acc: 0.9725
loss: 0.0687, acc: 0.9739
loss: 0.0697, acc: 0.9745
loss: 0.0690, acc: 0.9750
loss: 0.0657, acc: 0.9763
> val_acc: 0.8056, val_f1: 0.7659
>> saved: /media/b115/Backup/NLP/roberta/lap14/acc_0.8056_f1_0.7659_230827-0332.model
>>>>>>>>>>>>>>>>>>>>>>>>>>>>>>>>>>>>>>>>>>>>>>>>>>>>>>>>>>>>>>>>>>>>>>>>>>>>>>>>>>>>>>>>>>>>>>>>>>>>
epoch: 1
loss: 0.0351, acc: 0.9844
loss: 0.0332, acc: 0.9866
loss: 0.0319, acc: 0.9896
loss: 0.0243, acc: 0.9926
loss: 0.0317, acc: 0.9929
loss: 0.0384, acc: 0.9919
loss: 0.0483, acc: 0.9893
loss: 0.0442, acc: 0.9899
loss: 0.0529, acc: 0.9874
loss: 0.0538, acc: 0.9860
loss: 0.0532, acc: 0.9856
loss: 0.0556, acc: 0.9857
loss: 0.0529, acc: 0.9864
loss: 0.0541, acc: 0.9860
loss: 0.0532, acc: 0.9861
> val_acc: 0.8009, val_f1: 0.7562
>>>>>>>>>>>>>>>>>>>>>>>>>>>>>>>>>>>>>>>>>>>>>>>>>>>>>>>>>>>>>>>>>>>>>>>>>>>>>>>>>>>>>>>>>>>>>>>>>>>>
epoch: 2
loss: 0.0815, acc: 0.9766
loss: 0.0631, acc: 0.9826
loss: 0.0455, acc: 0.9888
loss: 0.0382, acc: 0.9918
loss: 0.0389, acc: 0.9909
loss: 0.0330, acc: 0.9925
loss: 0.0363, acc: 0.9917
loss: 0.0399, acc: 0.9888
loss: 0.0436, acc: 0.9879
loss: 0.0416, acc: 0.9885
loss: 0.0441, acc: 0.9878
loss: 0.0463, acc: 0.9868
loss: 0.0497, acc: 0.9849
loss: 0.0509, acc: 0.9846
> val_acc: 0.8182, val_f1: 0.7773
>> saved: /media/b115/Backup/NLP/roberta/lap14/acc_0.8182_f1_0.7773_230827-0333.model
>>>>>>>>>>>>>>>>>>>>>>>>>>>>>>>>>>>>>>>>>>>>>>>>>>>>>>>>>>>>>>>>>>>>>>>>>>>>>>>>>>>>>>>>>>>>>>>>>>>>
epoch: 3
loss: 0.0187, acc: 1.0000
loss: 0.0642, acc: 0.9792
loss: 0.0614, acc: 0.9801
loss: 0.0577, acc: 0.9766
loss: 0.0593, acc: 0.9762
loss: 0.0560, acc: 0.9760
loss: 0.0504, acc: 0.9778
loss: 0.0478, acc: 0.9783
loss: 0.0436, acc: 0.9809
loss: 0.0410, acc: 0.9823
loss: 0.0462, acc: 0.9804
loss: 0.0516, acc: 0.9794
loss: 0.0547, acc: 0.9795
loss: 0.0535, acc: 0.9806
loss: 0.0532, acc: 0.9798
> val_acc: 0.7962, val_f1: 0.7492
>>>>>>>>>>>>>>>>>>>>>>>>>>>>>>>>>>>>>>>>>>>>>>>>>>>>>>>>>>>>>>>>>>>>>>>>>>>>>>>>>>>>>>>>>>>>>>>>>>>>
epoch: 4
loss: 0.0046, acc: 1.0000
loss: 0.0048, acc: 1.0000
loss: 0.0051, acc: 1.0000
loss: 0.0057, acc: 1.0000
loss: 0.0118, acc: 0.9959
loss: 0.0159, acc: 0.9944
loss: 0.0192, acc: 0.9915
loss: 0.0202, acc: 0.9910
loss: 0.0186, acc: 0.9920
loss: 0.0179, acc: 0.9928
loss: 0.0173, acc: 0.9929
loss: 0.0182, acc: 0.9925
loss: 0.0197, acc: 0.9921
loss: 0.0216, acc: 0.9913
loss: 0.0278, acc: 0.9897
> val_acc: 0.7774, val_f1: 0.7279
>>>>>>>>>>>>>>>>>>>>>>>>>>>>>>>>>>>>>>>>>>>>>>>>>>>>>>>>>>>>>>>>>>>>>>>>>>>>>>>>>>>>>>>>>>>>>>>>>>>>
epoch: 5
loss: 0.0543, acc: 0.9875
loss: 0.0364, acc: 0.9906
loss: 0.0418, acc: 0.9875
loss: 0.0380, acc: 0.9891
loss: 0.0376, acc: 0.9888
loss: 0.0334, acc: 0.9906
loss: 0.0301, acc: 0.9911
loss: 0.0311, acc: 0.9906
loss: 0.0306, acc: 0.9896
loss: 0.0303, acc: 0.9894
loss: 0.0287, acc: 0.9903
loss: 0.0285, acc: 0.9906
loss: 0.0300, acc: 0.9899
loss: 0.0333, acc: 0.9893
> val_acc: 0.8150, val_f1: 0.7868
>>>>>>>>>>>>>>>>>>>>>>>>>>>>>>>>>>>>>>>>>>>>>>>>>>>>>>>>>>>>>>>>>>>>>>>>>>>>>>>>>>>>>>>>>>>>>>>>>>>>
epoch: 6
loss: 0.0162, acc: 1.0000
loss: 0.0239, acc: 0.9911
loss: 0.0274, acc: 0.9870
loss: 0.0250, acc: 0.9871
loss: 0.0251, acc: 0.9872
loss: 0.0231, acc: 0.9884
loss: 0.0202, acc: 0.9902
loss: 0.0201, acc: 0.9907
loss: 0.0248, acc: 0.9911
loss: 0.0241, acc: 0.9907
loss: 0.0227, acc: 0.9916
loss: 0.0279, acc: 0.9907
loss: 0.0292, acc: 0.9904
loss: 0.0273, acc: 0.9911
loss: 0.0264, acc: 0.9913
> val_acc: 0.7994, val_f1: 0.7595
>>>>>>>>>>>>>>>>>>>>>>>>>>>>>>>>>>>>>>>>>>>>>>>>>>>>>>>>>>>>>>>>>>>>>>>>>>>>>>>>>>>>>>>>>>>>>>>>>>>>
epoch: 7
loss: 0.0087, acc: 0.9922
loss: 0.0298, acc: 0.9896
loss: 0.0344, acc: 0.9866
loss: 0.0318, acc: 0.9868
loss: 0.0331, acc: 0.9870
loss: 0.0303, acc: 0.9871
loss: 0.0273, acc: 0.9881
loss: 0.0251, acc: 0.9880
loss: 0.0226, acc: 0.9893
loss: 0.0253, acc: 0.9892
loss: 0.0263, acc: 0.9884
loss: 0.0309, acc: 0.9873
loss: 0.0362, acc: 0.9863
loss: 0.0419, acc: 0.9860
> val_acc: 0.7837, val_f1: 0.7330
>> test_acc: 0.8182, test_f1: 0.7773
>>>>>>>>>>>>>>>>>>>>>>>>>>>>>>>>>>>>>>>>>>>>>>>>>>>>>>>>>>>>>>>>>>>>>>>>>>>>>>>>>>>>>>>>>>>>>>>>>>>>
epoch: 0
loss: 0.3024, acc: 0.8750
loss: 0.1617, acc: 0.9313
loss: 0.1093, acc: 0.9542
loss: 0.0904, acc: 0.9625
loss: 0.0789, acc: 0.9675
loss: 0.0816, acc: 0.9698
loss: 0.0786, acc: 0.9705
loss: 0.0748, acc: 0.9711
loss: 0.0705, acc: 0.9729
loss: 0.0716, acc: 0.9738
loss: 0.0730, acc: 0.9750
loss: 0.0704, acc: 0.9760
loss: 0.0674, acc: 0.9774
loss: 0.0665, acc: 0.9768
> val_acc: 0.8009, val_f1: 0.7676
>> saved: /media/b115/Backup/NLP/roberta/lap14/acc_0.8009_f1_0.7676_230827-0335.model
>>>>>>>>>>>>>>>>>>>>>>>>>>>>>>>>>>>>>>>>>>>>>>>>>>>>>>>>>>>>>>>>>>>>>>>>>>>>>>>>>>>>>>>>>>>>>>>>>>>>
epoch: 1
loss: 0.0032, acc: 1.0000
loss: 0.0537, acc: 0.9821
loss: 0.0568, acc: 0.9844
loss: 0.0477, acc: 0.9853
loss: 0.0557, acc: 0.9801
loss: 0.0497, acc: 0.9826
loss: 0.0539, acc: 0.9824
loss: 0.0543, acc: 0.9806
loss: 0.0511, acc: 0.9814
loss: 0.0469, acc: 0.9834
loss: 0.0431, acc: 0.9844
loss: 0.0405, acc: 0.9852
loss: 0.0377, acc: 0.9864
loss: 0.0351, acc: 0.9874
loss: 0.0381, acc: 0.9865
> val_acc: 0.8150, val_f1: 0.7861
>> saved: /media/b115/Backup/NLP/roberta/lap14/acc_0.815_f1_0.7861_230827-0336.model
>>>>>>>>>>>>>>>>>>>>>>>>>>>>>>>>>>>>>>>>>>>>>>>>>>>>>>>>>>>>>>>>>>>>>>>>>>>>>>>>>>>>>>>>>>>>>>>>>>>>
epoch: 2
loss: 0.0099, acc: 0.9922
loss: 0.0338, acc: 0.9896
loss: 0.0288, acc: 0.9888
loss: 0.0381, acc: 0.9868
loss: 0.0386, acc: 0.9883
loss: 0.0397, acc: 0.9860
loss: 0.0412, acc: 0.9853
loss: 0.0446, acc: 0.9840
loss: 0.0488, acc: 0.9822
loss: 0.0492, acc: 0.9834
loss: 0.0490, acc: 0.9832
loss: 0.0517, acc: 0.9820
loss: 0.0490, acc: 0.9829
loss: 0.0478, acc: 0.9828
> val_acc: 0.7727, val_f1: 0.7126
>>>>>>>>>>>>>>>>>>>>>>>>>>>>>>>>>>>>>>>>>>>>>>>>>>>>>>>>>>>>>>>>>>>>>>>>>>>>>>>>>>>>>>>>>>>>>>>>>>>>
epoch: 3
loss: 0.0027, acc: 1.0000
loss: 0.0105, acc: 0.9948
loss: 0.0389, acc: 0.9886
loss: 0.0391, acc: 0.9863
loss: 0.0320, acc: 0.9896
loss: 0.0307, acc: 0.9904
loss: 0.0281, acc: 0.9909
loss: 0.0259, acc: 0.9913
loss: 0.0257, acc: 0.9916
loss: 0.0265, acc: 0.9918
loss: 0.0287, acc: 0.9908
loss: 0.0327, acc: 0.9894
loss: 0.0344, acc: 0.9887
loss: 0.0375, acc: 0.9882
loss: 0.0379, acc: 0.9881
> val_acc: 0.7915, val_f1: 0.7520
>>>>>>>>>>>>>>>>>>>>>>>>>>>>>>>>>>>>>>>>>>>>>>>>>>>>>>>>>>>>>>>>>>>>>>>>>>>>>>>>>>>>>>>>>>>>>>>>>>>>
epoch: 4
loss: 0.0300, acc: 1.0000
loss: 0.0598, acc: 0.9805
loss: 0.0582, acc: 0.9832
loss: 0.0697, acc: 0.9809
loss: 0.0612, acc: 0.9823
loss: 0.0598, acc: 0.9821
loss: 0.0585, acc: 0.9830
loss: 0.0557, acc: 0.9844
loss: 0.0536, acc: 0.9847
loss: 0.0511, acc: 0.9857
loss: 0.0486, acc: 0.9864
loss: 0.0449, acc: 0.9876
loss: 0.0429, acc: 0.9876
loss: 0.0421, acc: 0.9871
loss: 0.0415, acc: 0.9867
> val_acc: 0.7837, val_f1: 0.7381
>>>>>>>>>>>>>>>>>>>>>>>>>>>>>>>>>>>>>>>>>>>>>>>>>>>>>>>>>>>>>>>>>>>>>>>>>>>>>>>>>>>>>>>>>>>>>>>>>>>>
epoch: 5
loss: 0.0140, acc: 0.9938
loss: 0.0141, acc: 0.9938
loss: 0.0153, acc: 0.9917
loss: 0.0185, acc: 0.9906
loss: 0.0302, acc: 0.9900
loss: 0.0298, acc: 0.9896
loss: 0.0367, acc: 0.9875
loss: 0.0357, acc: 0.9867
loss: 0.0336, acc: 0.9875
loss: 0.0318, acc: 0.9881
loss: 0.0293, acc: 0.9892
loss: 0.0271, acc: 0.9901
loss: 0.0262, acc: 0.9904
loss: 0.0247, acc: 0.9911
> val_acc: 0.8072, val_f1: 0.7705
>>>>>>>>>>>>>>>>>>>>>>>>>>>>>>>>>>>>>>>>>>>>>>>>>>>>>>>>>>>>>>>>>>>>>>>>>>>>>>>>>>>>>>>>>>>>>>>>>>>>
epoch: 6
loss: 0.0160, acc: 0.9844
loss: 0.0066, acc: 0.9955
loss: 0.0355, acc: 0.9922
loss: 0.0253, acc: 0.9945
loss: 0.0211, acc: 0.9957
loss: 0.0264, acc: 0.9919
loss: 0.0306, acc: 0.9912
loss: 0.0268, acc: 0.9924
loss: 0.0244, acc: 0.9926
loss: 0.0230, acc: 0.9927
loss: 0.0241, acc: 0.9928
loss: 0.0243, acc: 0.9923
loss: 0.0246, acc: 0.9919
loss: 0.0234, acc: 0.9925
loss: 0.0243, acc: 0.9926
> val_acc: 0.8103, val_f1: 0.7757
>> test_acc: 0.8150, test_f1: 0.7861
>> test_acc: 0.8182, test_f1: 0.7806
>> test_acc: 0.8182, test_f1: 0.7773
>> test_acc: 0.8150, test_f1: 0.7861

>> avg_test_acc: 0.8171, avg_test_f1: 0.7814
>> max_test_acc: 0.8182, max_test_f1: 0.7861
