cuda memory allocated: 499894784
> n_trainable_params: 124647939, n_nontrainable_params: 0
> training arguments:
>>> model_name: roberta
>>> dataset: mams
>>> optimizer: <class 'torch.optim.adam.Adam'>
>>> initializer: <function xavier_uniform_ at 0x7fc308560280>
>>> repeat: 3
>>> lr: 2e-05
>>> dropout: 0.3
>>> l2reg: 0.0001
>>> num_epoch: 100
>>> batch_size: 16
>>> log_step: 10
>>> bert_dim: 768
>>> plm_name: ./plm/roberta-base
>>> max_seq_len: 128
>>> polarities_dim: 3
>>> patience: 5
>>> device: cuda
>>> seed: 42
>>> save_model_dir: /media/b115/Backup/NLP
>>> model_class: <class 'model.roberta.RoBERTa'>
>>> dataset_file: {'train': './dataset/txt/mams_train.txt', 'dev': './dataset/txt/mams_dev.txt', 'test': './dataset/txt/mams_test.txt'}
>>> inputs_cols: ['input_ids', 'attention_mask']
>>>>>>>>>>>>>>>>>>>>>>>>>>>>>>>>>>>>>>>>>>>>>>>>>>>>>>>>>>>>>>>>>>>>>>>>>>>>>>>>>>>>>>>>>>>>>>>>>>>>
epoch: 0
loss: 1.1530, acc: 0.3563
loss: 1.1803, acc: 0.3750
loss: 1.1359, acc: 0.3937
loss: 1.1406, acc: 0.3766
loss: 1.1385, acc: 0.3638
loss: 1.1296, acc: 0.3698
loss: 1.1176, acc: 0.3857
loss: 1.1156, acc: 0.3859
loss: 1.1056, acc: 0.3896
loss: 1.0896, acc: 0.3987
loss: 1.0854, acc: 0.4006
loss: 1.0786, acc: 0.4047
loss: 1.0671, acc: 0.4139
loss: 1.0591, acc: 0.4214
loss: 1.0548, acc: 0.4267
loss: 1.0463, acc: 0.4352
loss: 1.0403, acc: 0.4415
loss: 1.0418, acc: 0.4389
loss: 1.0350, acc: 0.4470
loss: 1.0251, acc: 0.4531
loss: 1.0188, acc: 0.4562
loss: 1.0023, acc: 0.4690
loss: 0.9906, acc: 0.4788
loss: 0.9773, acc: 0.4888
loss: 0.9708, acc: 0.4950
loss: 0.9603, acc: 0.5022
loss: 0.9490, acc: 0.5095
loss: 0.9352, acc: 0.5190
loss: 0.9245, acc: 0.5269
loss: 0.9121, acc: 0.5352
loss: 0.9049, acc: 0.5423
loss: 0.8951, acc: 0.5498
loss: 0.8866, acc: 0.5559
loss: 0.8768, acc: 0.5627
loss: 0.8688, acc: 0.5696
loss: 0.8618, acc: 0.5748
loss: 0.8529, acc: 0.5811
loss: 0.8468, acc: 0.5855
loss: 0.8414, acc: 0.5897
loss: 0.8361, acc: 0.5938
loss: 0.8321, acc: 0.5973
loss: 0.8234, acc: 0.6024
loss: 0.8175, acc: 0.6065
loss: 0.8085, acc: 0.6118
loss: 0.8024, acc: 0.6158
loss: 0.7964, acc: 0.6198
loss: 0.7912, acc: 0.6234
loss: 0.7871, acc: 0.6267
loss: 0.7796, acc: 0.6305
loss: 0.7754, acc: 0.6336
loss: 0.7718, acc: 0.6360
loss: 0.7691, acc: 0.6394
loss: 0.7659, acc: 0.6414
loss: 0.7617, acc: 0.6448
loss: 0.7574, acc: 0.6476
loss: 0.7514, acc: 0.6504
loss: 0.7470, acc: 0.6532
loss: 0.7427, acc: 0.6555
loss: 0.7388, acc: 0.6581
loss: 0.7361, acc: 0.6598
loss: 0.7324, acc: 0.6624
loss: 0.7304, acc: 0.6636
loss: 0.7286, acc: 0.6653
loss: 0.7269, acc: 0.6664
loss: 0.7246, acc: 0.6684
loss: 0.7215, acc: 0.6703
loss: 0.7178, acc: 0.6718
loss: 0.7135, acc: 0.6743
loss: 0.7079, acc: 0.6770
loss: 0.7060, acc: 0.6786
> val_acc: 0.8221, val_f1: 0.8180
>> saved: /media/b115/Backup/NLP/roberta/mams/acc_0.8221_f1_0.818_230826-2108.model
>>>>>>>>>>>>>>>>>>>>>>>>>>>>>>>>>>>>>>>>>>>>>>>>>>>>>>>>>>>>>>>>>>>>>>>>>>>>>>>>>>>>>>>>>>>>>>>>>>>>
epoch: 1
loss: 0.3819, acc: 0.8250
loss: 0.4067, acc: 0.8500
loss: 0.4262, acc: 0.8354
loss: 0.4078, acc: 0.8438
loss: 0.4295, acc: 0.8375
loss: 0.4254, acc: 0.8448
loss: 0.4290, acc: 0.8446
loss: 0.4224, acc: 0.8477
loss: 0.4066, acc: 0.8549
loss: 0.4041, acc: 0.8569
loss: 0.4006, acc: 0.8602
loss: 0.4030, acc: 0.8568
loss: 0.4038, acc: 0.8543
loss: 0.4037, acc: 0.8536
loss: 0.4048, acc: 0.8529
loss: 0.4150, acc: 0.8484
loss: 0.4107, acc: 0.8493
loss: 0.4126, acc: 0.8507
loss: 0.4108, acc: 0.8510
loss: 0.4071, acc: 0.8519
loss: 0.4054, acc: 0.8518
loss: 0.4136, acc: 0.8489
loss: 0.4169, acc: 0.8476
loss: 0.4214, acc: 0.8451
loss: 0.4247, acc: 0.8427
loss: 0.4219, acc: 0.8438
loss: 0.4203, acc: 0.8451
loss: 0.4194, acc: 0.8453
loss: 0.4162, acc: 0.8470
loss: 0.4171, acc: 0.8450
loss: 0.4162, acc: 0.8456
loss: 0.4158, acc: 0.8455
loss: 0.4159, acc: 0.8453
loss: 0.4149, acc: 0.8454
loss: 0.4133, acc: 0.8459
loss: 0.4130, acc: 0.8464
loss: 0.4127, acc: 0.8468
loss: 0.4133, acc: 0.8459
loss: 0.4119, acc: 0.8465
loss: 0.4128, acc: 0.8462
loss: 0.4169, acc: 0.8441
loss: 0.4170, acc: 0.8443
loss: 0.4175, acc: 0.8440
loss: 0.4180, acc: 0.8443
loss: 0.4174, acc: 0.8443
loss: 0.4191, acc: 0.8431
loss: 0.4187, acc: 0.8431
loss: 0.4165, acc: 0.8440
loss: 0.4161, acc: 0.8443
loss: 0.4160, acc: 0.8444
loss: 0.4183, acc: 0.8438
loss: 0.4191, acc: 0.8438
loss: 0.4194, acc: 0.8433
loss: 0.4175, acc: 0.8441
loss: 0.4155, acc: 0.8442
loss: 0.4160, acc: 0.8439
loss: 0.4157, acc: 0.8436
loss: 0.4150, acc: 0.8438
loss: 0.4129, acc: 0.8450
loss: 0.4114, acc: 0.8456
loss: 0.4095, acc: 0.8464
loss: 0.4092, acc: 0.8467
loss: 0.4097, acc: 0.8465
loss: 0.4102, acc: 0.8460
loss: 0.4107, acc: 0.8460
loss: 0.4121, acc: 0.8453
loss: 0.4129, acc: 0.8450
loss: 0.4120, acc: 0.8450
loss: 0.4112, acc: 0.8452
loss: 0.4091, acc: 0.8459
> val_acc: 0.8176, val_f1: 0.8123
>>>>>>>>>>>>>>>>>>>>>>>>>>>>>>>>>>>>>>>>>>>>>>>>>>>>>>>>>>>>>>>>>>>>>>>>>>>>>>>>>>>>>>>>>>>>>>>>>>>>
epoch: 2
loss: 0.2659, acc: 0.8625
loss: 0.2723, acc: 0.8688
loss: 0.2501, acc: 0.8812
loss: 0.2515, acc: 0.8859
loss: 0.2526, acc: 0.8925
loss: 0.2496, acc: 0.8948
loss: 0.2540, acc: 0.8991
loss: 0.2501, acc: 0.9016
loss: 0.2533, acc: 0.9021
loss: 0.2708, acc: 0.8981
loss: 0.2732, acc: 0.8977
loss: 0.2699, acc: 0.8984
loss: 0.2686, acc: 0.9005
loss: 0.2736, acc: 0.8982
loss: 0.2698, acc: 0.8996
loss: 0.2734, acc: 0.8992
loss: 0.2712, acc: 0.8996
loss: 0.2699, acc: 0.9003
loss: 0.2659, acc: 0.9013
loss: 0.2646, acc: 0.9022
loss: 0.2665, acc: 0.9012
loss: 0.2707, acc: 0.9003
loss: 0.2669, acc: 0.9014
loss: 0.2693, acc: 0.9013
loss: 0.2732, acc: 0.9012
loss: 0.2731, acc: 0.9012
loss: 0.2738, acc: 0.9005
loss: 0.2813, acc: 0.8991
loss: 0.2807, acc: 0.9000
loss: 0.2834, acc: 0.8983
loss: 0.2838, acc: 0.8980
loss: 0.2853, acc: 0.8969
loss: 0.2846, acc: 0.8973
loss: 0.2808, acc: 0.8987
loss: 0.2797, acc: 0.8989
loss: 0.2836, acc: 0.8988
loss: 0.2841, acc: 0.8992
loss: 0.2847, acc: 0.8982
loss: 0.2854, acc: 0.8976
loss: 0.2853, acc: 0.8975
loss: 0.2846, acc: 0.8980
loss: 0.2846, acc: 0.8985
loss: 0.2876, acc: 0.8980
loss: 0.2860, acc: 0.8986
loss: 0.2876, acc: 0.8981
loss: 0.2863, acc: 0.8986
loss: 0.2878, acc: 0.8985
loss: 0.2877, acc: 0.8988
loss: 0.2868, acc: 0.8990
loss: 0.2879, acc: 0.8979
loss: 0.2856, acc: 0.8989
loss: 0.2855, acc: 0.8990
loss: 0.2846, acc: 0.8993
loss: 0.2860, acc: 0.8987
loss: 0.2854, acc: 0.8989
loss: 0.2853, acc: 0.8988
loss: 0.2857, acc: 0.8982
loss: 0.2887, acc: 0.8973
loss: 0.2896, acc: 0.8969
loss: 0.2902, acc: 0.8970
loss: 0.2897, acc: 0.8968
loss: 0.2910, acc: 0.8967
loss: 0.2917, acc: 0.8961
loss: 0.2923, acc: 0.8962
loss: 0.2924, acc: 0.8962
loss: 0.2930, acc: 0.8955
loss: 0.2938, acc: 0.8952
loss: 0.2934, acc: 0.8950
loss: 0.2932, acc: 0.8953
loss: 0.2920, acc: 0.8957
> val_acc: 0.8311, val_f1: 0.8277
>> saved: /media/b115/Backup/NLP/roberta/mams/acc_0.8311_f1_0.8277_230826-2112.model
>>>>>>>>>>>>>>>>>>>>>>>>>>>>>>>>>>>>>>>>>>>>>>>>>>>>>>>>>>>>>>>>>>>>>>>>>>>>>>>>>>>>>>>>>>>>>>>>>>>>
epoch: 3
loss: 0.2006, acc: 0.9313
loss: 0.1685, acc: 0.9437
loss: 0.1626, acc: 0.9437
loss: 0.1606, acc: 0.9453
loss: 0.1633, acc: 0.9437
loss: 0.1708, acc: 0.9417
loss: 0.1733, acc: 0.9402
loss: 0.1694, acc: 0.9414
loss: 0.1711, acc: 0.9403
loss: 0.1807, acc: 0.9369
loss: 0.1947, acc: 0.9324
loss: 0.2017, acc: 0.9297
loss: 0.2015, acc: 0.9317
loss: 0.2015, acc: 0.9313
loss: 0.2031, acc: 0.9308
loss: 0.2028, acc: 0.9301
loss: 0.2010, acc: 0.9309
loss: 0.2022, acc: 0.9295
loss: 0.2024, acc: 0.9303
loss: 0.2035, acc: 0.9300
loss: 0.2027, acc: 0.9307
loss: 0.2041, acc: 0.9304
loss: 0.2034, acc: 0.9310
loss: 0.1988, acc: 0.9320
loss: 0.2017, acc: 0.9297
loss: 0.2047, acc: 0.9286
loss: 0.2031, acc: 0.9292
loss: 0.2039, acc: 0.9295
loss: 0.2030, acc: 0.9300
loss: 0.1997, acc: 0.9310
loss: 0.1979, acc: 0.9317
loss: 0.1970, acc: 0.9322
loss: 0.1947, acc: 0.9333
loss: 0.1971, acc: 0.9322
loss: 0.1974, acc: 0.9316
loss: 0.1985, acc: 0.9313
loss: 0.1969, acc: 0.9316
loss: 0.1959, acc: 0.9319
loss: 0.1948, acc: 0.9321
loss: 0.1956, acc: 0.9319
loss: 0.1982, acc: 0.9313
loss: 0.1986, acc: 0.9308
loss: 0.1998, acc: 0.9301
loss: 0.2000, acc: 0.9301
loss: 0.1987, acc: 0.9306
loss: 0.2006, acc: 0.9300
loss: 0.1999, acc: 0.9303
loss: 0.1993, acc: 0.9302
loss: 0.1992, acc: 0.9300
loss: 0.1983, acc: 0.9301
loss: 0.1969, acc: 0.9305
loss: 0.1965, acc: 0.9306
loss: 0.1974, acc: 0.9302
loss: 0.1978, acc: 0.9303
loss: 0.1966, acc: 0.9310
loss: 0.1974, acc: 0.9304
loss: 0.1971, acc: 0.9302
loss: 0.1986, acc: 0.9297
loss: 0.1982, acc: 0.9301
loss: 0.1986, acc: 0.9301
loss: 0.1980, acc: 0.9301
loss: 0.1993, acc: 0.9294
loss: 0.2000, acc: 0.9293
loss: 0.2006, acc: 0.9291
loss: 0.2016, acc: 0.9283
loss: 0.2019, acc: 0.9282
loss: 0.2027, acc: 0.9281
loss: 0.2023, acc: 0.9285
loss: 0.2031, acc: 0.9283
loss: 0.2041, acc: 0.9279
> val_acc: 0.8333, val_f1: 0.8271
>> saved: /media/b115/Backup/NLP/roberta/mams/acc_0.8333_f1_0.8271_230826-2114.model
>>>>>>>>>>>>>>>>>>>>>>>>>>>>>>>>>>>>>>>>>>>>>>>>>>>>>>>>>>>>>>>>>>>>>>>>>>>>>>>>>>>>>>>>>>>>>>>>>>>>
epoch: 4
loss: 0.1195, acc: 0.9812
loss: 0.1262, acc: 0.9688
loss: 0.1201, acc: 0.9667
loss: 0.1195, acc: 0.9656
loss: 0.1206, acc: 0.9663
loss: 0.1220, acc: 0.9656
loss: 0.1184, acc: 0.9643
loss: 0.1304, acc: 0.9609
loss: 0.1261, acc: 0.9597
loss: 0.1201, acc: 0.9631
loss: 0.1177, acc: 0.9631
loss: 0.1182, acc: 0.9615
loss: 0.1139, acc: 0.9630
loss: 0.1141, acc: 0.9621
loss: 0.1208, acc: 0.9608
loss: 0.1204, acc: 0.9609
loss: 0.1192, acc: 0.9607
loss: 0.1200, acc: 0.9597
loss: 0.1250, acc: 0.9569
loss: 0.1284, acc: 0.9556
loss: 0.1299, acc: 0.9551
loss: 0.1281, acc: 0.9554
loss: 0.1281, acc: 0.9557
loss: 0.1287, acc: 0.9552
loss: 0.1278, acc: 0.9555
loss: 0.1307, acc: 0.9548
loss: 0.1319, acc: 0.9546
loss: 0.1304, acc: 0.9558
loss: 0.1302, acc: 0.9563
loss: 0.1309, acc: 0.9558
loss: 0.1309, acc: 0.9558
loss: 0.1312, acc: 0.9557
loss: 0.1301, acc: 0.9559
loss: 0.1317, acc: 0.9548
loss: 0.1342, acc: 0.9539
loss: 0.1350, acc: 0.9536
loss: 0.1345, acc: 0.9535
loss: 0.1370, acc: 0.9528
loss: 0.1359, acc: 0.9529
loss: 0.1358, acc: 0.9528
loss: 0.1383, acc: 0.9521
loss: 0.1401, acc: 0.9516
loss: 0.1393, acc: 0.9517
loss: 0.1396, acc: 0.9513
loss: 0.1388, acc: 0.9514
loss: 0.1399, acc: 0.9505
loss: 0.1396, acc: 0.9507
loss: 0.1392, acc: 0.9505
loss: 0.1379, acc: 0.9508
loss: 0.1384, acc: 0.9504
loss: 0.1387, acc: 0.9501
loss: 0.1406, acc: 0.9495
loss: 0.1433, acc: 0.9489
loss: 0.1442, acc: 0.9485
loss: 0.1437, acc: 0.9489
loss: 0.1440, acc: 0.9487
loss: 0.1434, acc: 0.9488
loss: 0.1420, acc: 0.9495
loss: 0.1414, acc: 0.9498
loss: 0.1415, acc: 0.9494
loss: 0.1423, acc: 0.9490
loss: 0.1437, acc: 0.9487
loss: 0.1446, acc: 0.9480
loss: 0.1442, acc: 0.9480
loss: 0.1454, acc: 0.9475
loss: 0.1460, acc: 0.9473
loss: 0.1462, acc: 0.9473
loss: 0.1454, acc: 0.9477
loss: 0.1464, acc: 0.9473
loss: 0.1465, acc: 0.9472
> val_acc: 0.8326, val_f1: 0.8257
>>>>>>>>>>>>>>>>>>>>>>>>>>>>>>>>>>>>>>>>>>>>>>>>>>>>>>>>>>>>>>>>>>>>>>>>>>>>>>>>>>>>>>>>>>>>>>>>>>>>
epoch: 5
loss: 0.1412, acc: 0.9500
loss: 0.1475, acc: 0.9531
loss: 0.1437, acc: 0.9604
loss: 0.1307, acc: 0.9641
loss: 0.1287, acc: 0.9663
loss: 0.1217, acc: 0.9677
loss: 0.1134, acc: 0.9705
loss: 0.1261, acc: 0.9680
loss: 0.1270, acc: 0.9667
loss: 0.1251, acc: 0.9650
loss: 0.1230, acc: 0.9648
loss: 0.1238, acc: 0.9641
loss: 0.1185, acc: 0.9659
loss: 0.1150, acc: 0.9670
loss: 0.1171, acc: 0.9667
loss: 0.1127, acc: 0.9676
loss: 0.1133, acc: 0.9669
loss: 0.1105, acc: 0.9674
loss: 0.1067, acc: 0.9684
loss: 0.1044, acc: 0.9688
loss: 0.1046, acc: 0.9688
loss: 0.1073, acc: 0.9682
loss: 0.1058, acc: 0.9679
loss: 0.1060, acc: 0.9677
loss: 0.1071, acc: 0.9675
loss: 0.1079, acc: 0.9671
loss: 0.1068, acc: 0.9674
loss: 0.1077, acc: 0.9670
loss: 0.1063, acc: 0.9672
loss: 0.1074, acc: 0.9667
loss: 0.1076, acc: 0.9663
loss: 0.1077, acc: 0.9662
loss: 0.1093, acc: 0.9655
loss: 0.1093, acc: 0.9654
loss: 0.1103, acc: 0.9652
loss: 0.1109, acc: 0.9649
loss: 0.1109, acc: 0.9645
loss: 0.1109, acc: 0.9640
loss: 0.1111, acc: 0.9639
loss: 0.1102, acc: 0.9642
loss: 0.1099, acc: 0.9643
loss: 0.1091, acc: 0.9644
loss: 0.1079, acc: 0.9648
loss: 0.1074, acc: 0.9651
loss: 0.1066, acc: 0.9650
loss: 0.1064, acc: 0.9652
loss: 0.1077, acc: 0.9648
loss: 0.1073, acc: 0.9650
loss: 0.1080, acc: 0.9644
loss: 0.1088, acc: 0.9640
loss: 0.1099, acc: 0.9636
loss: 0.1101, acc: 0.9635
loss: 0.1092, acc: 0.9639
loss: 0.1090, acc: 0.9642
loss: 0.1099, acc: 0.9642
loss: 0.1091, acc: 0.9643
loss: 0.1090, acc: 0.9639
loss: 0.1093, acc: 0.9637
loss: 0.1090, acc: 0.9640
loss: 0.1095, acc: 0.9640
loss: 0.1105, acc: 0.9635
loss: 0.1105, acc: 0.9633
loss: 0.1106, acc: 0.9632
loss: 0.1118, acc: 0.9630
loss: 0.1132, acc: 0.9624
loss: 0.1136, acc: 0.9622
loss: 0.1142, acc: 0.9619
loss: 0.1142, acc: 0.9619
loss: 0.1143, acc: 0.9618
loss: 0.1151, acc: 0.9614
> val_acc: 0.8416, val_f1: 0.8358
>> saved: /media/b115/Backup/NLP/roberta/mams/acc_0.8416_f1_0.8358_230826-2119.model
>>>>>>>>>>>>>>>>>>>>>>>>>>>>>>>>>>>>>>>>>>>>>>>>>>>>>>>>>>>>>>>>>>>>>>>>>>>>>>>>>>>>>>>>>>>>>>>>>>>>
epoch: 6
loss: 0.1568, acc: 0.9625
loss: 0.1271, acc: 0.9656
loss: 0.1190, acc: 0.9667
loss: 0.0979, acc: 0.9719
loss: 0.0965, acc: 0.9725
loss: 0.0942, acc: 0.9708
loss: 0.0887, acc: 0.9723
loss: 0.0870, acc: 0.9734
loss: 0.0811, acc: 0.9757
loss: 0.0790, acc: 0.9756
loss: 0.0785, acc: 0.9750
loss: 0.0750, acc: 0.9766
loss: 0.0745, acc: 0.9760
loss: 0.0732, acc: 0.9763
loss: 0.0792, acc: 0.9746
loss: 0.0797, acc: 0.9742
loss: 0.0820, acc: 0.9739
loss: 0.0804, acc: 0.9747
loss: 0.0811, acc: 0.9743
loss: 0.0823, acc: 0.9731
loss: 0.0834, acc: 0.9720
loss: 0.0813, acc: 0.9730
loss: 0.0811, acc: 0.9734
loss: 0.0819, acc: 0.9727
loss: 0.0849, acc: 0.9725
loss: 0.0854, acc: 0.9724
loss: 0.0857, acc: 0.9722
loss: 0.0846, acc: 0.9725
loss: 0.0833, acc: 0.9728
loss: 0.0822, acc: 0.9733
loss: 0.0812, acc: 0.9734
loss: 0.0808, acc: 0.9734
loss: 0.0798, acc: 0.9737
loss: 0.0788, acc: 0.9739
loss: 0.0784, acc: 0.9741
loss: 0.0801, acc: 0.9741
loss: 0.0818, acc: 0.9736
loss: 0.0814, acc: 0.9737
loss: 0.0821, acc: 0.9732
loss: 0.0819, acc: 0.9730
loss: 0.0817, acc: 0.9729
loss: 0.0813, acc: 0.9732
loss: 0.0820, acc: 0.9733
loss: 0.0838, acc: 0.9726
loss: 0.0854, acc: 0.9717
loss: 0.0872, acc: 0.9711
loss: 0.0879, acc: 0.9706
loss: 0.0876, acc: 0.9708
loss: 0.0879, acc: 0.9708
loss: 0.0873, acc: 0.9708
loss: 0.0882, acc: 0.9703
loss: 0.0883, acc: 0.9706
loss: 0.0901, acc: 0.9698
loss: 0.0910, acc: 0.9692
loss: 0.0914, acc: 0.9691
loss: 0.0905, acc: 0.9692
loss: 0.0906, acc: 0.9692
loss: 0.0898, acc: 0.9694
loss: 0.0894, acc: 0.9695
loss: 0.0901, acc: 0.9693
loss: 0.0904, acc: 0.9692
loss: 0.0902, acc: 0.9693
loss: 0.0898, acc: 0.9692
loss: 0.0893, acc: 0.9693
loss: 0.0905, acc: 0.9694
loss: 0.0906, acc: 0.9695
loss: 0.0900, acc: 0.9698
loss: 0.0894, acc: 0.9700
loss: 0.0889, acc: 0.9702
loss: 0.0895, acc: 0.9701
> val_acc: 0.8318, val_f1: 0.8298
>>>>>>>>>>>>>>>>>>>>>>>>>>>>>>>>>>>>>>>>>>>>>>>>>>>>>>>>>>>>>>>>>>>>>>>>>>>>>>>>>>>>>>>>>>>>>>>>>>>>
epoch: 7
loss: 0.0656, acc: 0.9812
loss: 0.0496, acc: 0.9781
loss: 0.0410, acc: 0.9833
loss: 0.0415, acc: 0.9828
loss: 0.0398, acc: 0.9850
loss: 0.0398, acc: 0.9854
loss: 0.0403, acc: 0.9848
loss: 0.0430, acc: 0.9844
loss: 0.0483, acc: 0.9826
loss: 0.0579, acc: 0.9800
loss: 0.0578, acc: 0.9801
loss: 0.0604, acc: 0.9776
loss: 0.0576, acc: 0.9788
loss: 0.0568, acc: 0.9790
loss: 0.0582, acc: 0.9779
loss: 0.0608, acc: 0.9777
loss: 0.0608, acc: 0.9779
loss: 0.0615, acc: 0.9781
loss: 0.0604, acc: 0.9786
loss: 0.0598, acc: 0.9788
loss: 0.0598, acc: 0.9786
loss: 0.0596, acc: 0.9784
loss: 0.0590, acc: 0.9785
loss: 0.0584, acc: 0.9784
loss: 0.0577, acc: 0.9785
loss: 0.0590, acc: 0.9784
loss: 0.0593, acc: 0.9780
loss: 0.0591, acc: 0.9781
loss: 0.0603, acc: 0.9776
loss: 0.0597, acc: 0.9777
loss: 0.0596, acc: 0.9778
loss: 0.0617, acc: 0.9777
loss: 0.0640, acc: 0.9769
loss: 0.0641, acc: 0.9772
loss: 0.0640, acc: 0.9771
loss: 0.0643, acc: 0.9771
loss: 0.0635, acc: 0.9774
loss: 0.0635, acc: 0.9773
loss: 0.0634, acc: 0.9771
loss: 0.0626, acc: 0.9773
loss: 0.0629, acc: 0.9774
loss: 0.0632, acc: 0.9774
loss: 0.0626, acc: 0.9776
loss: 0.0636, acc: 0.9771
loss: 0.0648, acc: 0.9765
loss: 0.0670, acc: 0.9755
loss: 0.0673, acc: 0.9753
loss: 0.0676, acc: 0.9750
loss: 0.0668, acc: 0.9754
loss: 0.0666, acc: 0.9755
loss: 0.0658, acc: 0.9757
loss: 0.0648, acc: 0.9761
loss: 0.0653, acc: 0.9758
loss: 0.0649, acc: 0.9759
loss: 0.0644, acc: 0.9762
loss: 0.0642, acc: 0.9766
loss: 0.0635, acc: 0.9769
loss: 0.0644, acc: 0.9767
loss: 0.0646, acc: 0.9766
loss: 0.0648, acc: 0.9766
loss: 0.0655, acc: 0.9765
loss: 0.0659, acc: 0.9763
loss: 0.0654, acc: 0.9765
loss: 0.0655, acc: 0.9765
loss: 0.0652, acc: 0.9767
loss: 0.0659, acc: 0.9763
loss: 0.0659, acc: 0.9763
loss: 0.0654, acc: 0.9766
loss: 0.0656, acc: 0.9764
loss: 0.0651, acc: 0.9766
> val_acc: 0.8266, val_f1: 0.8255
>>>>>>>>>>>>>>>>>>>>>>>>>>>>>>>>>>>>>>>>>>>>>>>>>>>>>>>>>>>>>>>>>>>>>>>>>>>>>>>>>>>>>>>>>>>>>>>>>>>>
epoch: 8
loss: 0.0292, acc: 0.9875
loss: 0.0281, acc: 0.9906
loss: 0.0245, acc: 0.9917
loss: 0.0293, acc: 0.9906
loss: 0.0261, acc: 0.9925
loss: 0.0243, acc: 0.9927
loss: 0.0241, acc: 0.9920
loss: 0.0225, acc: 0.9922
loss: 0.0268, acc: 0.9903
loss: 0.0243, acc: 0.9912
loss: 0.0276, acc: 0.9898
loss: 0.0310, acc: 0.9885
loss: 0.0439, acc: 0.9856
loss: 0.0432, acc: 0.9853
loss: 0.0438, acc: 0.9850
loss: 0.0432, acc: 0.9852
loss: 0.0429, acc: 0.9853
loss: 0.0436, acc: 0.9844
loss: 0.0434, acc: 0.9845
loss: 0.0442, acc: 0.9844
loss: 0.0460, acc: 0.9839
loss: 0.0477, acc: 0.9830
loss: 0.0533, acc: 0.9818
loss: 0.0559, acc: 0.9815
loss: 0.0567, acc: 0.9810
loss: 0.0558, acc: 0.9812
loss: 0.0561, acc: 0.9812
loss: 0.0579, acc: 0.9808
loss: 0.0578, acc: 0.9804
loss: 0.0578, acc: 0.9800
loss: 0.0577, acc: 0.9798
loss: 0.0566, acc: 0.9803
loss: 0.0573, acc: 0.9801
loss: 0.0577, acc: 0.9796
loss: 0.0592, acc: 0.9795
loss: 0.0589, acc: 0.9793
loss: 0.0582, acc: 0.9797
loss: 0.0576, acc: 0.9799
loss: 0.0577, acc: 0.9800
loss: 0.0589, acc: 0.9800
loss: 0.0591, acc: 0.9799
loss: 0.0582, acc: 0.9804
loss: 0.0578, acc: 0.9802
loss: 0.0574, acc: 0.9801
loss: 0.0585, acc: 0.9796
loss: 0.0581, acc: 0.9798
loss: 0.0576, acc: 0.9798
loss: 0.0573, acc: 0.9798
loss: 0.0568, acc: 0.9800
loss: 0.0562, acc: 0.9802
loss: 0.0569, acc: 0.9804
loss: 0.0561, acc: 0.9806
loss: 0.0562, acc: 0.9805
loss: 0.0557, acc: 0.9807
loss: 0.0564, acc: 0.9806
loss: 0.0563, acc: 0.9808
loss: 0.0562, acc: 0.9809
loss: 0.0555, acc: 0.9811
loss: 0.0547, acc: 0.9815
loss: 0.0546, acc: 0.9814
loss: 0.0545, acc: 0.9815
loss: 0.0546, acc: 0.9815
loss: 0.0541, acc: 0.9815
loss: 0.0552, acc: 0.9812
loss: 0.0551, acc: 0.9811
loss: 0.0554, acc: 0.9811
loss: 0.0554, acc: 0.9810
loss: 0.0555, acc: 0.9807
loss: 0.0562, acc: 0.9803
loss: 0.0564, acc: 0.9803
> val_acc: 0.8333, val_f1: 0.8280
>>>>>>>>>>>>>>>>>>>>>>>>>>>>>>>>>>>>>>>>>>>>>>>>>>>>>>>>>>>>>>>>>>>>>>>>>>>>>>>>>>>>>>>>>>>>>>>>>>>>
epoch: 9
loss: 0.0246, acc: 0.9938
loss: 0.0237, acc: 0.9938
loss: 0.0349, acc: 0.9917
loss: 0.0369, acc: 0.9891
loss: 0.0322, acc: 0.9912
loss: 0.0294, acc: 0.9906
loss: 0.0271, acc: 0.9911
loss: 0.0317, acc: 0.9891
loss: 0.0418, acc: 0.9875
loss: 0.0435, acc: 0.9875
loss: 0.0427, acc: 0.9875
loss: 0.0450, acc: 0.9865
loss: 0.0436, acc: 0.9865
loss: 0.0424, acc: 0.9871
loss: 0.0417, acc: 0.9871
loss: 0.0422, acc: 0.9867
loss: 0.0430, acc: 0.9871
loss: 0.0415, acc: 0.9875
loss: 0.0422, acc: 0.9878
loss: 0.0429, acc: 0.9881
loss: 0.0425, acc: 0.9875
loss: 0.0421, acc: 0.9872
loss: 0.0415, acc: 0.9872
loss: 0.0416, acc: 0.9872
loss: 0.0432, acc: 0.9868
loss: 0.0429, acc: 0.9868
loss: 0.0427, acc: 0.9870
loss: 0.0428, acc: 0.9868
loss: 0.0439, acc: 0.9864
loss: 0.0436, acc: 0.9865
loss: 0.0433, acc: 0.9867
loss: 0.0443, acc: 0.9861
loss: 0.0464, acc: 0.9854
loss: 0.0462, acc: 0.9853
loss: 0.0471, acc: 0.9850
loss: 0.0470, acc: 0.9851
loss: 0.0465, acc: 0.9853
loss: 0.0465, acc: 0.9855
loss: 0.0455, acc: 0.9859
loss: 0.0458, acc: 0.9856
loss: 0.0478, acc: 0.9852
loss: 0.0479, acc: 0.9851
loss: 0.0492, acc: 0.9846
loss: 0.0494, acc: 0.9847
loss: 0.0489, acc: 0.9849
loss: 0.0485, acc: 0.9849
loss: 0.0477, acc: 0.9851
loss: 0.0473, acc: 0.9852
loss: 0.0480, acc: 0.9849
loss: 0.0481, acc: 0.9850
loss: 0.0492, acc: 0.9846
loss: 0.0492, acc: 0.9845
loss: 0.0489, acc: 0.9846
loss: 0.0488, acc: 0.9845
loss: 0.0488, acc: 0.9845
loss: 0.0484, acc: 0.9847
loss: 0.0480, acc: 0.9848
loss: 0.0480, acc: 0.9847
loss: 0.0491, acc: 0.9842
loss: 0.0501, acc: 0.9838
loss: 0.0510, acc: 0.9835
loss: 0.0508, acc: 0.9836
loss: 0.0510, acc: 0.9835
loss: 0.0504, acc: 0.9838
loss: 0.0501, acc: 0.9838
loss: 0.0504, acc: 0.9838
loss: 0.0501, acc: 0.9839
loss: 0.0499, acc: 0.9840
loss: 0.0498, acc: 0.9840
loss: 0.0500, acc: 0.9838
> val_acc: 0.8348, val_f1: 0.8285
>>>>>>>>>>>>>>>>>>>>>>>>>>>>>>>>>>>>>>>>>>>>>>>>>>>>>>>>>>>>>>>>>>>>>>>>>>>>>>>>>>>>>>>>>>>>>>>>>>>>
epoch: 10
loss: 0.0383, acc: 0.9875
loss: 0.0276, acc: 0.9875
loss: 0.0337, acc: 0.9875
loss: 0.0363, acc: 0.9875
loss: 0.0389, acc: 0.9850
loss: 0.0381, acc: 0.9854
loss: 0.0357, acc: 0.9866
loss: 0.0347, acc: 0.9867
loss: 0.0342, acc: 0.9875
loss: 0.0327, acc: 0.9888
loss: 0.0338, acc: 0.9881
loss: 0.0373, acc: 0.9875
loss: 0.0391, acc: 0.9880
loss: 0.0378, acc: 0.9888
loss: 0.0368, acc: 0.9892
loss: 0.0372, acc: 0.9887
loss: 0.0387, acc: 0.9882
loss: 0.0378, acc: 0.9885
loss: 0.0391, acc: 0.9878
loss: 0.0407, acc: 0.9872
loss: 0.0415, acc: 0.9869
loss: 0.0415, acc: 0.9864
loss: 0.0417, acc: 0.9859
loss: 0.0424, acc: 0.9862
loss: 0.0412, acc: 0.9868
loss: 0.0404, acc: 0.9870
loss: 0.0427, acc: 0.9866
loss: 0.0423, acc: 0.9864
loss: 0.0428, acc: 0.9864
loss: 0.0459, acc: 0.9850
loss: 0.0462, acc: 0.9849
loss: 0.0461, acc: 0.9850
loss: 0.0463, acc: 0.9848
loss: 0.0462, acc: 0.9849
loss: 0.0455, acc: 0.9852
loss: 0.0456, acc: 0.9851
loss: 0.0458, acc: 0.9850
loss: 0.0463, acc: 0.9850
loss: 0.0468, acc: 0.9848
loss: 0.0471, acc: 0.9847
loss: 0.0478, acc: 0.9846
loss: 0.0485, acc: 0.9842
loss: 0.0489, acc: 0.9843
loss: 0.0487, acc: 0.9844
loss: 0.0493, acc: 0.9842
loss: 0.0498, acc: 0.9840
loss: 0.0494, acc: 0.9840
loss: 0.0503, acc: 0.9841
loss: 0.0507, acc: 0.9838
loss: 0.0505, acc: 0.9838
loss: 0.0499, acc: 0.9841
loss: 0.0498, acc: 0.9841
loss: 0.0491, acc: 0.9843
loss: 0.0485, acc: 0.9844
loss: 0.0478, acc: 0.9847
loss: 0.0472, acc: 0.9848
loss: 0.0474, acc: 0.9848
loss: 0.0476, acc: 0.9847
loss: 0.0472, acc: 0.9849
loss: 0.0482, acc: 0.9846
loss: 0.0476, acc: 0.9848
loss: 0.0474, acc: 0.9850
loss: 0.0479, acc: 0.9846
loss: 0.0479, acc: 0.9847
loss: 0.0488, acc: 0.9843
loss: 0.0485, acc: 0.9845
loss: 0.0487, acc: 0.9844
loss: 0.0492, acc: 0.9840
loss: 0.0492, acc: 0.9841
loss: 0.0493, acc: 0.9841
> val_acc: 0.8348, val_f1: 0.8300
>> test_acc: 0.8391, test_f1: 0.8312
>>>>>>>>>>>>>>>>>>>>>>>>>>>>>>>>>>>>>>>>>>>>>>>>>>>>>>>>>>>>>>>>>>>>>>>>>>>>>>>>>>>>>>>>>>>>>>>>>>>>
epoch: 0
loss: 0.4442, acc: 0.7875
loss: 0.2788, acc: 0.8750
loss: 0.1958, acc: 0.9146
loss: 0.1579, acc: 0.9297
loss: 0.1461, acc: 0.9375
loss: 0.1359, acc: 0.9406
loss: 0.1378, acc: 0.9437
loss: 0.1276, acc: 0.9477
loss: 0.1301, acc: 0.9479
loss: 0.1366, acc: 0.9463
loss: 0.1329, acc: 0.9472
loss: 0.1319, acc: 0.9490
loss: 0.1276, acc: 0.9510
loss: 0.1271, acc: 0.9513
loss: 0.1277, acc: 0.9521
loss: 0.1264, acc: 0.9527
loss: 0.1220, acc: 0.9551
loss: 0.1213, acc: 0.9552
loss: 0.1215, acc: 0.9543
loss: 0.1201, acc: 0.9550
loss: 0.1245, acc: 0.9542
loss: 0.1230, acc: 0.9551
loss: 0.1236, acc: 0.9557
loss: 0.1220, acc: 0.9563
loss: 0.1202, acc: 0.9570
loss: 0.1190, acc: 0.9575
loss: 0.1164, acc: 0.9583
loss: 0.1152, acc: 0.9587
loss: 0.1151, acc: 0.9584
loss: 0.1153, acc: 0.9583
loss: 0.1150, acc: 0.9591
loss: 0.1166, acc: 0.9586
loss: 0.1158, acc: 0.9587
loss: 0.1161, acc: 0.9588
loss: 0.1146, acc: 0.9595
loss: 0.1152, acc: 0.9597
loss: 0.1150, acc: 0.9600
loss: 0.1130, acc: 0.9607
loss: 0.1129, acc: 0.9611
loss: 0.1130, acc: 0.9608
loss: 0.1122, acc: 0.9610
loss: 0.1111, acc: 0.9613
loss: 0.1098, acc: 0.9619
loss: 0.1100, acc: 0.9618
loss: 0.1085, acc: 0.9621
loss: 0.1075, acc: 0.9624
loss: 0.1077, acc: 0.9626
loss: 0.1085, acc: 0.9626
loss: 0.1082, acc: 0.9630
loss: 0.1080, acc: 0.9631
loss: 0.1073, acc: 0.9634
loss: 0.1077, acc: 0.9633
loss: 0.1086, acc: 0.9630
loss: 0.1101, acc: 0.9624
loss: 0.1104, acc: 0.9624
loss: 0.1104, acc: 0.9622
loss: 0.1102, acc: 0.9623
loss: 0.1102, acc: 0.9625
loss: 0.1096, acc: 0.9626
loss: 0.1092, acc: 0.9627
loss: 0.1090, acc: 0.9628
loss: 0.1078, acc: 0.9633
loss: 0.1073, acc: 0.9634
loss: 0.1085, acc: 0.9630
loss: 0.1082, acc: 0.9629
loss: 0.1083, acc: 0.9630
loss: 0.1085, acc: 0.9628
loss: 0.1073, acc: 0.9633
loss: 0.1070, acc: 0.9634
loss: 0.1064, acc: 0.9637
> val_acc: 0.8393, val_f1: 0.8346
>> saved: /media/b115/Backup/NLP/roberta/mams/acc_0.8393_f1_0.8346_230826-2132.model
>>>>>>>>>>>>>>>>>>>>>>>>>>>>>>>>>>>>>>>>>>>>>>>>>>>>>>>>>>>>>>>>>>>>>>>>>>>>>>>>>>>>>>>>>>>>>>>>>>>>
epoch: 1
loss: 0.0719, acc: 0.9688
loss: 0.0837, acc: 0.9688
loss: 0.0785, acc: 0.9688
loss: 0.0728, acc: 0.9734
loss: 0.0680, acc: 0.9750
loss: 0.0645, acc: 0.9771
loss: 0.0590, acc: 0.9786
loss: 0.0564, acc: 0.9789
loss: 0.0585, acc: 0.9792
loss: 0.0570, acc: 0.9794
loss: 0.0562, acc: 0.9795
loss: 0.0604, acc: 0.9792
loss: 0.0597, acc: 0.9803
loss: 0.0610, acc: 0.9808
loss: 0.0595, acc: 0.9808
loss: 0.0575, acc: 0.9816
loss: 0.0629, acc: 0.9794
loss: 0.0614, acc: 0.9799
loss: 0.0632, acc: 0.9796
loss: 0.0644, acc: 0.9791
loss: 0.0627, acc: 0.9798
loss: 0.0638, acc: 0.9793
loss: 0.0632, acc: 0.9796
loss: 0.0633, acc: 0.9792
loss: 0.0635, acc: 0.9792
loss: 0.0660, acc: 0.9788
loss: 0.0661, acc: 0.9787
loss: 0.0667, acc: 0.9781
loss: 0.0658, acc: 0.9787
loss: 0.0661, acc: 0.9783
loss: 0.0660, acc: 0.9786
loss: 0.0669, acc: 0.9787
loss: 0.0660, acc: 0.9788
loss: 0.0669, acc: 0.9787
loss: 0.0665, acc: 0.9784
loss: 0.0658, acc: 0.9786
loss: 0.0665, acc: 0.9782
loss: 0.0664, acc: 0.9781
loss: 0.0655, acc: 0.9784
loss: 0.0657, acc: 0.9784
loss: 0.0671, acc: 0.9779
loss: 0.0670, acc: 0.9780
loss: 0.0671, acc: 0.9776
loss: 0.0676, acc: 0.9777
loss: 0.0680, acc: 0.9775
loss: 0.0677, acc: 0.9776
loss: 0.0675, acc: 0.9777
loss: 0.0674, acc: 0.9780
loss: 0.0669, acc: 0.9782
loss: 0.0671, acc: 0.9784
loss: 0.0673, acc: 0.9783
loss: 0.0677, acc: 0.9784
loss: 0.0688, acc: 0.9784
loss: 0.0687, acc: 0.9785
loss: 0.0680, acc: 0.9786
loss: 0.0682, acc: 0.9788
loss: 0.0685, acc: 0.9788
loss: 0.0683, acc: 0.9787
loss: 0.0675, acc: 0.9788
loss: 0.0686, acc: 0.9782
loss: 0.0690, acc: 0.9780
loss: 0.0694, acc: 0.9777
loss: 0.0697, acc: 0.9776
loss: 0.0708, acc: 0.9771
loss: 0.0716, acc: 0.9771
loss: 0.0718, acc: 0.9772
loss: 0.0726, acc: 0.9770
loss: 0.0731, acc: 0.9767
loss: 0.0730, acc: 0.9767
loss: 0.0738, acc: 0.9766
> val_acc: 0.8341, val_f1: 0.8265
>>>>>>>>>>>>>>>>>>>>>>>>>>>>>>>>>>>>>>>>>>>>>>>>>>>>>>>>>>>>>>>>>>>>>>>>>>>>>>>>>>>>>>>>>>>>>>>>>>>>
epoch: 2
loss: 0.0971, acc: 0.9750
loss: 0.0939, acc: 0.9656
loss: 0.0742, acc: 0.9750
loss: 0.0670, acc: 0.9750
loss: 0.0567, acc: 0.9788
loss: 0.0523, acc: 0.9802
loss: 0.0491, acc: 0.9812
loss: 0.0552, acc: 0.9805
loss: 0.0546, acc: 0.9806
loss: 0.0550, acc: 0.9812
loss: 0.0555, acc: 0.9818
loss: 0.0607, acc: 0.9818
loss: 0.0608, acc: 0.9822
loss: 0.0591, acc: 0.9821
loss: 0.0591, acc: 0.9821
loss: 0.0623, acc: 0.9809
loss: 0.0625, acc: 0.9809
loss: 0.0629, acc: 0.9806
loss: 0.0611, acc: 0.9812
loss: 0.0610, acc: 0.9809
loss: 0.0614, acc: 0.9812
loss: 0.0605, acc: 0.9818
loss: 0.0612, acc: 0.9815
loss: 0.0605, acc: 0.9815
loss: 0.0601, acc: 0.9818
loss: 0.0585, acc: 0.9822
loss: 0.0590, acc: 0.9817
loss: 0.0581, acc: 0.9819
loss: 0.0579, acc: 0.9819
loss: 0.0569, acc: 0.9819
loss: 0.0559, acc: 0.9823
loss: 0.0547, acc: 0.9826
loss: 0.0542, acc: 0.9826
loss: 0.0544, acc: 0.9825
loss: 0.0540, acc: 0.9825
loss: 0.0534, acc: 0.9825
loss: 0.0557, acc: 0.9821
loss: 0.0564, acc: 0.9817
loss: 0.0562, acc: 0.9817
loss: 0.0571, acc: 0.9816
loss: 0.0567, acc: 0.9816
loss: 0.0566, acc: 0.9817
loss: 0.0561, acc: 0.9820
loss: 0.0572, acc: 0.9815
loss: 0.0569, acc: 0.9817
loss: 0.0571, acc: 0.9818
loss: 0.0568, acc: 0.9816
loss: 0.0569, acc: 0.9815
loss: 0.0574, acc: 0.9812
loss: 0.0570, acc: 0.9814
loss: 0.0569, acc: 0.9814
loss: 0.0572, acc: 0.9814
loss: 0.0584, acc: 0.9808
loss: 0.0592, acc: 0.9807
loss: 0.0589, acc: 0.9807
loss: 0.0586, acc: 0.9808
loss: 0.0584, acc: 0.9808
loss: 0.0584, acc: 0.9808
loss: 0.0581, acc: 0.9809
loss: 0.0577, acc: 0.9810
loss: 0.0575, acc: 0.9810
loss: 0.0569, acc: 0.9814
loss: 0.0564, acc: 0.9815
loss: 0.0565, acc: 0.9815
loss: 0.0566, acc: 0.9816
loss: 0.0569, acc: 0.9814
loss: 0.0573, acc: 0.9813
loss: 0.0577, acc: 0.9812
loss: 0.0575, acc: 0.9812
loss: 0.0584, acc: 0.9808
> val_acc: 0.8311, val_f1: 0.8252
>>>>>>>>>>>>>>>>>>>>>>>>>>>>>>>>>>>>>>>>>>>>>>>>>>>>>>>>>>>>>>>>>>>>>>>>>>>>>>>>>>>>>>>>>>>>>>>>>>>>
epoch: 3
loss: 0.0736, acc: 0.9750
loss: 0.0648, acc: 0.9812
loss: 0.0641, acc: 0.9833
loss: 0.0671, acc: 0.9828
loss: 0.0562, acc: 0.9862
loss: 0.0523, acc: 0.9875
loss: 0.0598, acc: 0.9857
loss: 0.0558, acc: 0.9859
loss: 0.0555, acc: 0.9868
loss: 0.0610, acc: 0.9856
loss: 0.0637, acc: 0.9841
loss: 0.0621, acc: 0.9844
loss: 0.0617, acc: 0.9851
loss: 0.0601, acc: 0.9853
loss: 0.0572, acc: 0.9858
loss: 0.0545, acc: 0.9867
loss: 0.0598, acc: 0.9857
loss: 0.0590, acc: 0.9858
loss: 0.0573, acc: 0.9859
loss: 0.0564, acc: 0.9862
loss: 0.0577, acc: 0.9854
loss: 0.0580, acc: 0.9849
loss: 0.0575, acc: 0.9848
loss: 0.0561, acc: 0.9852
loss: 0.0544, acc: 0.9858
loss: 0.0537, acc: 0.9856
loss: 0.0521, acc: 0.9861
loss: 0.0522, acc: 0.9859
loss: 0.0508, acc: 0.9864
loss: 0.0501, acc: 0.9867
loss: 0.0491, acc: 0.9867
loss: 0.0477, acc: 0.9871
loss: 0.0474, acc: 0.9873
loss: 0.0468, acc: 0.9871
loss: 0.0467, acc: 0.9871
loss: 0.0463, acc: 0.9868
loss: 0.0472, acc: 0.9867
loss: 0.0469, acc: 0.9867
loss: 0.0463, acc: 0.9869
loss: 0.0460, acc: 0.9869
loss: 0.0458, acc: 0.9870
loss: 0.0463, acc: 0.9872
loss: 0.0469, acc: 0.9871
loss: 0.0470, acc: 0.9872
loss: 0.0467, acc: 0.9872
loss: 0.0461, acc: 0.9874
loss: 0.0454, acc: 0.9875
loss: 0.0447, acc: 0.9876
loss: 0.0443, acc: 0.9878
loss: 0.0439, acc: 0.9878
loss: 0.0439, acc: 0.9879
loss: 0.0437, acc: 0.9877
loss: 0.0452, acc: 0.9876
loss: 0.0450, acc: 0.9876
loss: 0.0449, acc: 0.9877
loss: 0.0450, acc: 0.9876
loss: 0.0461, acc: 0.9871
loss: 0.0470, acc: 0.9869
loss: 0.0470, acc: 0.9867
loss: 0.0471, acc: 0.9865
loss: 0.0475, acc: 0.9864
loss: 0.0480, acc: 0.9862
loss: 0.0474, acc: 0.9864
loss: 0.0474, acc: 0.9865
loss: 0.0471, acc: 0.9864
loss: 0.0474, acc: 0.9864
loss: 0.0471, acc: 0.9864
loss: 0.0467, acc: 0.9864
loss: 0.0465, acc: 0.9862
loss: 0.0461, acc: 0.9863
> val_acc: 0.8326, val_f1: 0.8275
>>>>>>>>>>>>>>>>>>>>>>>>>>>>>>>>>>>>>>>>>>>>>>>>>>>>>>>>>>>>>>>>>>>>>>>>>>>>>>>>>>>>>>>>>>>>>>>>>>>>
epoch: 4
loss: 0.0759, acc: 0.9812
loss: 0.0439, acc: 0.9875
loss: 0.0415, acc: 0.9854
loss: 0.0542, acc: 0.9844
loss: 0.0589, acc: 0.9812
loss: 0.0554, acc: 0.9823
loss: 0.0538, acc: 0.9830
loss: 0.0483, acc: 0.9852
loss: 0.0462, acc: 0.9854
loss: 0.0470, acc: 0.9856
loss: 0.0464, acc: 0.9858
loss: 0.0433, acc: 0.9870
loss: 0.0403, acc: 0.9880
loss: 0.0390, acc: 0.9875
loss: 0.0369, acc: 0.9883
loss: 0.0362, acc: 0.9883
loss: 0.0358, acc: 0.9882
loss: 0.0365, acc: 0.9882
loss: 0.0365, acc: 0.9882
loss: 0.0372, acc: 0.9881
loss: 0.0377, acc: 0.9878
loss: 0.0398, acc: 0.9869
loss: 0.0395, acc: 0.9867
loss: 0.0426, acc: 0.9865
loss: 0.0429, acc: 0.9858
loss: 0.0436, acc: 0.9853
loss: 0.0436, acc: 0.9852
loss: 0.0432, acc: 0.9853
loss: 0.0438, acc: 0.9847
loss: 0.0445, acc: 0.9844
loss: 0.0437, acc: 0.9847
loss: 0.0444, acc: 0.9842
loss: 0.0444, acc: 0.9839
loss: 0.0450, acc: 0.9833
loss: 0.0444, acc: 0.9834
loss: 0.0435, acc: 0.9837
loss: 0.0436, acc: 0.9836
loss: 0.0431, acc: 0.9837
loss: 0.0442, acc: 0.9832
loss: 0.0447, acc: 0.9828
loss: 0.0445, acc: 0.9829
loss: 0.0449, acc: 0.9829
loss: 0.0450, acc: 0.9830
loss: 0.0452, acc: 0.9830
loss: 0.0445, acc: 0.9833
loss: 0.0445, acc: 0.9833
loss: 0.0443, acc: 0.9834
loss: 0.0439, acc: 0.9833
loss: 0.0445, acc: 0.9834
loss: 0.0452, acc: 0.9830
loss: 0.0451, acc: 0.9830
loss: 0.0450, acc: 0.9828
loss: 0.0450, acc: 0.9828
loss: 0.0454, acc: 0.9828
loss: 0.0456, acc: 0.9826
loss: 0.0463, acc: 0.9827
loss: 0.0482, acc: 0.9825
loss: 0.0489, acc: 0.9823
loss: 0.0484, acc: 0.9826
loss: 0.0489, acc: 0.9824
loss: 0.0488, acc: 0.9825
loss: 0.0497, acc: 0.9823
loss: 0.0499, acc: 0.9823
loss: 0.0507, acc: 0.9820
loss: 0.0508, acc: 0.9819
loss: 0.0508, acc: 0.9817
loss: 0.0506, acc: 0.9819
loss: 0.0505, acc: 0.9819
loss: 0.0501, acc: 0.9820
loss: 0.0500, acc: 0.9819
> val_acc: 0.8318, val_f1: 0.8268
>>>>>>>>>>>>>>>>>>>>>>>>>>>>>>>>>>>>>>>>>>>>>>>>>>>>>>>>>>>>>>>>>>>>>>>>>>>>>>>>>>>>>>>>>>>>>>>>>>>>
epoch: 5
loss: 0.0302, acc: 0.9875
loss: 0.0327, acc: 0.9875
loss: 0.0358, acc: 0.9875
loss: 0.0405, acc: 0.9875
loss: 0.0524, acc: 0.9850
loss: 0.0452, acc: 0.9875
loss: 0.0395, acc: 0.9893
loss: 0.0368, acc: 0.9891
loss: 0.0390, acc: 0.9882
loss: 0.0393, acc: 0.9888
loss: 0.0396, acc: 0.9881
loss: 0.0391, acc: 0.9880
loss: 0.0421, acc: 0.9880
loss: 0.0398, acc: 0.9884
loss: 0.0401, acc: 0.9879
loss: 0.0379, acc: 0.9887
loss: 0.0376, acc: 0.9890
loss: 0.0380, acc: 0.9885
loss: 0.0395, acc: 0.9885
loss: 0.0403, acc: 0.9878
loss: 0.0391, acc: 0.9884
loss: 0.0388, acc: 0.9886
loss: 0.0417, acc: 0.9878
loss: 0.0413, acc: 0.9875
loss: 0.0409, acc: 0.9878
loss: 0.0409, acc: 0.9877
loss: 0.0413, acc: 0.9877
loss: 0.0404, acc: 0.9879
loss: 0.0397, acc: 0.9881
loss: 0.0386, acc: 0.9885
loss: 0.0384, acc: 0.9883
loss: 0.0376, acc: 0.9885
loss: 0.0368, acc: 0.9888
loss: 0.0363, acc: 0.9890
loss: 0.0367, acc: 0.9884
loss: 0.0373, acc: 0.9882
loss: 0.0365, acc: 0.9885
loss: 0.0361, acc: 0.9883
loss: 0.0371, acc: 0.9883
loss: 0.0365, acc: 0.9886
loss: 0.0378, acc: 0.9881
loss: 0.0375, acc: 0.9882
loss: 0.0372, acc: 0.9882
loss: 0.0374, acc: 0.9882
loss: 0.0372, acc: 0.9881
loss: 0.0368, acc: 0.9882
loss: 0.0361, acc: 0.9884
loss: 0.0356, acc: 0.9885
loss: 0.0354, acc: 0.9885
loss: 0.0353, acc: 0.9885
loss: 0.0358, acc: 0.9884
loss: 0.0368, acc: 0.9879
loss: 0.0370, acc: 0.9879
loss: 0.0389, acc: 0.9873
loss: 0.0396, acc: 0.9872
loss: 0.0394, acc: 0.9873
loss: 0.0397, acc: 0.9873
loss: 0.0398, acc: 0.9871
loss: 0.0404, acc: 0.9870
loss: 0.0403, acc: 0.9869
loss: 0.0410, acc: 0.9869
loss: 0.0410, acc: 0.9869
loss: 0.0416, acc: 0.9869
loss: 0.0412, acc: 0.9869
loss: 0.0412, acc: 0.9868
loss: 0.0417, acc: 0.9867
loss: 0.0417, acc: 0.9868
loss: 0.0422, acc: 0.9866
loss: 0.0420, acc: 0.9865
loss: 0.0418, acc: 0.9865
> val_acc: 0.8093, val_f1: 0.8035
>> test_acc: 0.8376, test_f1: 0.8310
>>>>>>>>>>>>>>>>>>>>>>>>>>>>>>>>>>>>>>>>>>>>>>>>>>>>>>>>>>>>>>>>>>>>>>>>>>>>>>>>>>>>>>>>>>>>>>>>>>>>
epoch: 0
loss: 0.3458, acc: 0.8688
loss: 0.1781, acc: 0.9344
loss: 0.1568, acc: 0.9458
loss: 0.1369, acc: 0.9547
loss: 0.1210, acc: 0.9587
loss: 0.1102, acc: 0.9604
loss: 0.1049, acc: 0.9634
loss: 0.0931, acc: 0.9680
loss: 0.0875, acc: 0.9701
loss: 0.0871, acc: 0.9712
loss: 0.0830, acc: 0.9722
loss: 0.0907, acc: 0.9693
loss: 0.0904, acc: 0.9692
loss: 0.0894, acc: 0.9688
loss: 0.0900, acc: 0.9696
loss: 0.0866, acc: 0.9707
loss: 0.0828, acc: 0.9721
loss: 0.0851, acc: 0.9715
loss: 0.0838, acc: 0.9724
loss: 0.0849, acc: 0.9719
loss: 0.0828, acc: 0.9720
loss: 0.0843, acc: 0.9716
loss: 0.0888, acc: 0.9709
loss: 0.0887, acc: 0.9711
loss: 0.0896, acc: 0.9708
loss: 0.0896, acc: 0.9704
loss: 0.0902, acc: 0.9708
loss: 0.0888, acc: 0.9712
loss: 0.0921, acc: 0.9709
loss: 0.0908, acc: 0.9712
loss: 0.0910, acc: 0.9712
loss: 0.0908, acc: 0.9709
loss: 0.0905, acc: 0.9708
loss: 0.0889, acc: 0.9711
loss: 0.0880, acc: 0.9716
loss: 0.0883, acc: 0.9712
loss: 0.0870, acc: 0.9716
loss: 0.0861, acc: 0.9720
loss: 0.0861, acc: 0.9723
loss: 0.0856, acc: 0.9722
loss: 0.0852, acc: 0.9723
loss: 0.0866, acc: 0.9722
loss: 0.0868, acc: 0.9721
loss: 0.0868, acc: 0.9714
loss: 0.0863, acc: 0.9715
loss: 0.0873, acc: 0.9715
loss: 0.0866, acc: 0.9717
loss: 0.0860, acc: 0.9719
loss: 0.0860, acc: 0.9717
loss: 0.0866, acc: 0.9715
loss: 0.0872, acc: 0.9716
loss: 0.0872, acc: 0.9718
loss: 0.0862, acc: 0.9721
loss: 0.0852, acc: 0.9725
loss: 0.0845, acc: 0.9726
loss: 0.0857, acc: 0.9722
loss: 0.0849, acc: 0.9725
loss: 0.0840, acc: 0.9726
loss: 0.0838, acc: 0.9728
loss: 0.0827, acc: 0.9732
loss: 0.0827, acc: 0.9733
loss: 0.0827, acc: 0.9732
loss: 0.0831, acc: 0.9730
loss: 0.0834, acc: 0.9727
loss: 0.0832, acc: 0.9726
loss: 0.0836, acc: 0.9724
loss: 0.0851, acc: 0.9719
loss: 0.0845, acc: 0.9721
loss: 0.0845, acc: 0.9720
loss: 0.0845, acc: 0.9720
> val_acc: 0.8326, val_f1: 0.8300
>> saved: /media/b115/Backup/NLP/roberta/mams/acc_0.8326_f1_0.83_230826-2145.model
>>>>>>>>>>>>>>>>>>>>>>>>>>>>>>>>>>>>>>>>>>>>>>>>>>>>>>>>>>>>>>>>>>>>>>>>>>>>>>>>>>>>>>>>>>>>>>>>>>>>
epoch: 1
loss: 0.0708, acc: 0.9688
loss: 0.0700, acc: 0.9688
loss: 0.0701, acc: 0.9729
loss: 0.0568, acc: 0.9797
loss: 0.0593, acc: 0.9800
loss: 0.0657, acc: 0.9781
loss: 0.0622, acc: 0.9786
loss: 0.0557, acc: 0.9812
loss: 0.0551, acc: 0.9806
loss: 0.0542, acc: 0.9806
loss: 0.0565, acc: 0.9801
loss: 0.0542, acc: 0.9807
loss: 0.0563, acc: 0.9793
loss: 0.0563, acc: 0.9799
loss: 0.0559, acc: 0.9800
loss: 0.0547, acc: 0.9805
loss: 0.0535, acc: 0.9805
loss: 0.0532, acc: 0.9806
loss: 0.0541, acc: 0.9803
loss: 0.0542, acc: 0.9806
loss: 0.0536, acc: 0.9804
loss: 0.0553, acc: 0.9801
loss: 0.0543, acc: 0.9804
loss: 0.0537, acc: 0.9807
loss: 0.0529, acc: 0.9810
loss: 0.0532, acc: 0.9808
loss: 0.0541, acc: 0.9806
loss: 0.0552, acc: 0.9797
loss: 0.0556, acc: 0.9797
loss: 0.0573, acc: 0.9792
loss: 0.0564, acc: 0.9794
loss: 0.0566, acc: 0.9797
loss: 0.0562, acc: 0.9801
loss: 0.0554, acc: 0.9803
loss: 0.0542, acc: 0.9809
loss: 0.0540, acc: 0.9809
loss: 0.0543, acc: 0.9809
loss: 0.0548, acc: 0.9804
loss: 0.0544, acc: 0.9808
loss: 0.0536, acc: 0.9809
loss: 0.0534, acc: 0.9811
loss: 0.0529, acc: 0.9812
loss: 0.0536, acc: 0.9812
loss: 0.0541, acc: 0.9811
loss: 0.0541, acc: 0.9810
loss: 0.0555, acc: 0.9803
loss: 0.0557, acc: 0.9803
loss: 0.0557, acc: 0.9802
loss: 0.0568, acc: 0.9798
loss: 0.0567, acc: 0.9798
loss: 0.0563, acc: 0.9799
loss: 0.0555, acc: 0.9803
loss: 0.0552, acc: 0.9803
loss: 0.0546, acc: 0.9806
loss: 0.0547, acc: 0.9806
loss: 0.0544, acc: 0.9807
loss: 0.0544, acc: 0.9808
loss: 0.0538, acc: 0.9810
loss: 0.0534, acc: 0.9812
loss: 0.0533, acc: 0.9810
loss: 0.0534, acc: 0.9809
loss: 0.0527, acc: 0.9811
loss: 0.0523, acc: 0.9812
loss: 0.0523, acc: 0.9813
loss: 0.0516, acc: 0.9816
loss: 0.0514, acc: 0.9817
loss: 0.0521, acc: 0.9816
loss: 0.0528, acc: 0.9812
loss: 0.0531, acc: 0.9811
loss: 0.0530, acc: 0.9810
> val_acc: 0.8401, val_f1: 0.8362
>> saved: /media/b115/Backup/NLP/roberta/mams/acc_0.8401_f1_0.8362_230826-2147.model
>>>>>>>>>>>>>>>>>>>>>>>>>>>>>>>>>>>>>>>>>>>>>>>>>>>>>>>>>>>>>>>>>>>>>>>>>>>>>>>>>>>>>>>>>>>>>>>>>>>>
epoch: 2
loss: 0.0373, acc: 0.9875
loss: 0.0365, acc: 0.9844
loss: 0.0434, acc: 0.9812
loss: 0.0347, acc: 0.9859
loss: 0.0314, acc: 0.9875
loss: 0.0283, acc: 0.9896
loss: 0.0265, acc: 0.9902
loss: 0.0284, acc: 0.9898
loss: 0.0280, acc: 0.9896
loss: 0.0305, acc: 0.9888
loss: 0.0323, acc: 0.9875
loss: 0.0341, acc: 0.9865
loss: 0.0347, acc: 0.9865
loss: 0.0345, acc: 0.9871
loss: 0.0368, acc: 0.9858
loss: 0.0371, acc: 0.9855
loss: 0.0372, acc: 0.9853
loss: 0.0364, acc: 0.9854
loss: 0.0369, acc: 0.9855
loss: 0.0379, acc: 0.9847
loss: 0.0382, acc: 0.9845
loss: 0.0386, acc: 0.9841
loss: 0.0392, acc: 0.9840
loss: 0.0380, acc: 0.9846
loss: 0.0372, acc: 0.9850
loss: 0.0360, acc: 0.9856
loss: 0.0362, acc: 0.9859
loss: 0.0357, acc: 0.9859
loss: 0.0367, acc: 0.9856
loss: 0.0368, acc: 0.9852
loss: 0.0374, acc: 0.9853
loss: 0.0391, acc: 0.9852
loss: 0.0389, acc: 0.9854
loss: 0.0418, acc: 0.9849
loss: 0.0420, acc: 0.9845
loss: 0.0417, acc: 0.9847
loss: 0.0421, acc: 0.9846
loss: 0.0413, acc: 0.9850
loss: 0.0407, acc: 0.9853
loss: 0.0403, acc: 0.9855
loss: 0.0408, acc: 0.9855
loss: 0.0407, acc: 0.9854
loss: 0.0427, acc: 0.9847
loss: 0.0430, acc: 0.9845
loss: 0.0437, acc: 0.9844
loss: 0.0436, acc: 0.9845
loss: 0.0429, acc: 0.9848
loss: 0.0432, acc: 0.9848
loss: 0.0432, acc: 0.9847
loss: 0.0434, acc: 0.9846
loss: 0.0442, acc: 0.9844
loss: 0.0449, acc: 0.9843
loss: 0.0460, acc: 0.9841
loss: 0.0467, acc: 0.9838
loss: 0.0474, acc: 0.9836
loss: 0.0476, acc: 0.9834
loss: 0.0470, acc: 0.9837
loss: 0.0471, acc: 0.9836
loss: 0.0473, acc: 0.9835
loss: 0.0481, acc: 0.9833
loss: 0.0487, acc: 0.9831
loss: 0.0488, acc: 0.9832
loss: 0.0502, acc: 0.9829
loss: 0.0506, acc: 0.9829
loss: 0.0510, acc: 0.9828
loss: 0.0518, acc: 0.9827
loss: 0.0520, acc: 0.9825
loss: 0.0519, acc: 0.9824
loss: 0.0521, acc: 0.9822
loss: 0.0532, acc: 0.9820
> val_acc: 0.8191, val_f1: 0.8160
>>>>>>>>>>>>>>>>>>>>>>>>>>>>>>>>>>>>>>>>>>>>>>>>>>>>>>>>>>>>>>>>>>>>>>>>>>>>>>>>>>>>>>>>>>>>>>>>>>>>
epoch: 3
loss: 0.0533, acc: 0.9875
loss: 0.0414, acc: 0.9906
loss: 0.0356, acc: 0.9917
loss: 0.0334, acc: 0.9906
loss: 0.0349, acc: 0.9888
loss: 0.0325, acc: 0.9885
loss: 0.0345, acc: 0.9884
loss: 0.0375, acc: 0.9883
loss: 0.0378, acc: 0.9868
loss: 0.0368, acc: 0.9869
loss: 0.0364, acc: 0.9864
loss: 0.0368, acc: 0.9865
loss: 0.0384, acc: 0.9861
loss: 0.0397, acc: 0.9862
loss: 0.0393, acc: 0.9858
loss: 0.0404, acc: 0.9852
loss: 0.0454, acc: 0.9835
loss: 0.0454, acc: 0.9830
loss: 0.0441, acc: 0.9836
loss: 0.0442, acc: 0.9831
loss: 0.0456, acc: 0.9824
loss: 0.0452, acc: 0.9821
loss: 0.0449, acc: 0.9821
loss: 0.0458, acc: 0.9823
loss: 0.0474, acc: 0.9825
loss: 0.0474, acc: 0.9825
loss: 0.0472, acc: 0.9826
loss: 0.0497, acc: 0.9821
loss: 0.0486, acc: 0.9825
loss: 0.0495, acc: 0.9825
loss: 0.0521, acc: 0.9819
loss: 0.0510, acc: 0.9822
loss: 0.0507, acc: 0.9826
loss: 0.0500, acc: 0.9827
loss: 0.0515, acc: 0.9829
loss: 0.0524, acc: 0.9830
loss: 0.0518, acc: 0.9833
loss: 0.0518, acc: 0.9834
loss: 0.0516, acc: 0.9835
loss: 0.0521, acc: 0.9831
loss: 0.0518, acc: 0.9834
loss: 0.0521, acc: 0.9833
loss: 0.0539, acc: 0.9828
loss: 0.0530, acc: 0.9832
loss: 0.0526, acc: 0.9832
loss: 0.0520, acc: 0.9834
loss: 0.0516, acc: 0.9836
loss: 0.0507, acc: 0.9840
loss: 0.0505, acc: 0.9841
loss: 0.0500, acc: 0.9841
loss: 0.0493, acc: 0.9843
loss: 0.0489, acc: 0.9845
loss: 0.0487, acc: 0.9844
loss: 0.0494, acc: 0.9844
loss: 0.0495, acc: 0.9842
loss: 0.0502, acc: 0.9839
loss: 0.0498, acc: 0.9840
loss: 0.0496, acc: 0.9841
loss: 0.0490, acc: 0.9843
loss: 0.0495, acc: 0.9844
loss: 0.0497, acc: 0.9843
loss: 0.0500, acc: 0.9842
loss: 0.0498, acc: 0.9842
loss: 0.0493, acc: 0.9844
loss: 0.0497, acc: 0.9843
loss: 0.0496, acc: 0.9843
loss: 0.0491, acc: 0.9843
loss: 0.0491, acc: 0.9844
loss: 0.0492, acc: 0.9843
loss: 0.0492, acc: 0.9844
> val_acc: 0.8281, val_f1: 0.8240
>>>>>>>>>>>>>>>>>>>>>>>>>>>>>>>>>>>>>>>>>>>>>>>>>>>>>>>>>>>>>>>>>>>>>>>>>>>>>>>>>>>>>>>>>>>>>>>>>>>>
epoch: 4
loss: 0.0287, acc: 0.9875
loss: 0.0392, acc: 0.9875
loss: 0.0354, acc: 0.9896
loss: 0.0312, acc: 0.9906
loss: 0.0279, acc: 0.9912
loss: 0.0275, acc: 0.9917
loss: 0.0301, acc: 0.9902
loss: 0.0289, acc: 0.9906
loss: 0.0287, acc: 0.9910
loss: 0.0291, acc: 0.9900
loss: 0.0307, acc: 0.9886
loss: 0.0304, acc: 0.9880
loss: 0.0288, acc: 0.9889
loss: 0.0295, acc: 0.9884
loss: 0.0348, acc: 0.9875
loss: 0.0337, acc: 0.9883
loss: 0.0355, acc: 0.9882
loss: 0.0363, acc: 0.9875
loss: 0.0358, acc: 0.9878
loss: 0.0348, acc: 0.9881
loss: 0.0357, acc: 0.9875
loss: 0.0355, acc: 0.9875
loss: 0.0359, acc: 0.9875
loss: 0.0356, acc: 0.9872
loss: 0.0351, acc: 0.9875
loss: 0.0356, acc: 0.9875
loss: 0.0354, acc: 0.9873
loss: 0.0343, acc: 0.9877
loss: 0.0360, acc: 0.9875
loss: 0.0358, acc: 0.9875
loss: 0.0354, acc: 0.9875
loss: 0.0347, acc: 0.9877
loss: 0.0340, acc: 0.9879
loss: 0.0337, acc: 0.9881
loss: 0.0336, acc: 0.9880
loss: 0.0351, acc: 0.9873
loss: 0.0348, acc: 0.9875
loss: 0.0342, acc: 0.9877
loss: 0.0338, acc: 0.9877
loss: 0.0337, acc: 0.9878
loss: 0.0345, acc: 0.9877
loss: 0.0365, acc: 0.9875
loss: 0.0389, acc: 0.9871
loss: 0.0394, acc: 0.9871
loss: 0.0397, acc: 0.9869
loss: 0.0423, acc: 0.9864
loss: 0.0423, acc: 0.9864
loss: 0.0419, acc: 0.9866
loss: 0.0417, acc: 0.9866
loss: 0.0419, acc: 0.9866
loss: 0.0415, acc: 0.9869
loss: 0.0427, acc: 0.9868
loss: 0.0422, acc: 0.9869
loss: 0.0420, acc: 0.9869
loss: 0.0420, acc: 0.9870
loss: 0.0425, acc: 0.9871
loss: 0.0419, acc: 0.9872
loss: 0.0427, acc: 0.9870
loss: 0.0425, acc: 0.9871
loss: 0.0419, acc: 0.9873
loss: 0.0416, acc: 0.9874
loss: 0.0413, acc: 0.9874
loss: 0.0409, acc: 0.9875
loss: 0.0405, acc: 0.9877
loss: 0.0400, acc: 0.9879
loss: 0.0395, acc: 0.9881
loss: 0.0391, acc: 0.9882
loss: 0.0403, acc: 0.9878
loss: 0.0416, acc: 0.9875
loss: 0.0420, acc: 0.9874
> val_acc: 0.8146, val_f1: 0.8110
>>>>>>>>>>>>>>>>>>>>>>>>>>>>>>>>>>>>>>>>>>>>>>>>>>>>>>>>>>>>>>>>>>>>>>>>>>>>>>>>>>>>>>>>>>>>>>>>>>>>
epoch: 5
loss: 0.0319, acc: 0.9812
loss: 0.0296, acc: 0.9875
loss: 0.0264, acc: 0.9896
loss: 0.0228, acc: 0.9906
loss: 0.0235, acc: 0.9888
loss: 0.0298, acc: 0.9875
loss: 0.0315, acc: 0.9866
loss: 0.0299, acc: 0.9875
loss: 0.0333, acc: 0.9868
loss: 0.0326, acc: 0.9869
loss: 0.0320, acc: 0.9875
loss: 0.0305, acc: 0.9885
loss: 0.0288, acc: 0.9894
loss: 0.0274, acc: 0.9897
loss: 0.0303, acc: 0.9896
loss: 0.0328, acc: 0.9895
loss: 0.0319, acc: 0.9897
loss: 0.0333, acc: 0.9896
loss: 0.0322, acc: 0.9901
loss: 0.0335, acc: 0.9891
loss: 0.0375, acc: 0.9887
loss: 0.0364, acc: 0.9892
loss: 0.0356, acc: 0.9894
loss: 0.0363, acc: 0.9893
loss: 0.0373, acc: 0.9890
loss: 0.0389, acc: 0.9885
loss: 0.0397, acc: 0.9884
loss: 0.0411, acc: 0.9882
loss: 0.0429, acc: 0.9877
loss: 0.0433, acc: 0.9875
loss: 0.0432, acc: 0.9873
loss: 0.0441, acc: 0.9871
loss: 0.0434, acc: 0.9875
loss: 0.0447, acc: 0.9871
loss: 0.0459, acc: 0.9864
loss: 0.0460, acc: 0.9866
loss: 0.0458, acc: 0.9867
loss: 0.0451, acc: 0.9870
loss: 0.0461, acc: 0.9870
loss: 0.0461, acc: 0.9869
loss: 0.0457, acc: 0.9870
loss: 0.0448, acc: 0.9874
loss: 0.0443, acc: 0.9875
loss: 0.0437, acc: 0.9875
loss: 0.0441, acc: 0.9874
loss: 0.0438, acc: 0.9875
loss: 0.0434, acc: 0.9875
loss: 0.0444, acc: 0.9875
loss: 0.0449, acc: 0.9876
loss: 0.0448, acc: 0.9878
loss: 0.0445, acc: 0.9879
loss: 0.0445, acc: 0.9879
loss: 0.0444, acc: 0.9879
loss: 0.0450, acc: 0.9877
loss: 0.0450, acc: 0.9877
loss: 0.0446, acc: 0.9878
loss: 0.0447, acc: 0.9879
loss: 0.0443, acc: 0.9880
loss: 0.0444, acc: 0.9880
loss: 0.0444, acc: 0.9880
loss: 0.0453, acc: 0.9876
loss: 0.0464, acc: 0.9874
loss: 0.0467, acc: 0.9873
loss: 0.0471, acc: 0.9871
loss: 0.0488, acc: 0.9866
loss: 0.0503, acc: 0.9861
loss: 0.0504, acc: 0.9858
loss: 0.0505, acc: 0.9856
loss: 0.0499, acc: 0.9858
loss: 0.0496, acc: 0.9859
> val_acc: 0.8318, val_f1: 0.8271
>>>>>>>>>>>>>>>>>>>>>>>>>>>>>>>>>>>>>>>>>>>>>>>>>>>>>>>>>>>>>>>>>>>>>>>>>>>>>>>>>>>>>>>>>>>>>>>>>>>>
epoch: 6
loss: 0.0028, acc: 1.0000
loss: 0.0071, acc: 1.0000
loss: 0.0053, acc: 1.0000
loss: 0.0065, acc: 1.0000
loss: 0.0133, acc: 0.9975
loss: 0.0154, acc: 0.9969
loss: 0.0196, acc: 0.9946
loss: 0.0243, acc: 0.9938
loss: 0.0230, acc: 0.9938
loss: 0.0296, acc: 0.9912
loss: 0.0351, acc: 0.9909
loss: 0.0334, acc: 0.9917
loss: 0.0315, acc: 0.9923
loss: 0.0326, acc: 0.9924
loss: 0.0312, acc: 0.9929
loss: 0.0303, acc: 0.9930
loss: 0.0292, acc: 0.9934
loss: 0.0306, acc: 0.9927
loss: 0.0300, acc: 0.9924
loss: 0.0297, acc: 0.9925
loss: 0.0286, acc: 0.9929
loss: 0.0307, acc: 0.9920
loss: 0.0300, acc: 0.9921
loss: 0.0314, acc: 0.9919
loss: 0.0309, acc: 0.9918
loss: 0.0329, acc: 0.9916
loss: 0.0323, acc: 0.9917
loss: 0.0329, acc: 0.9915
loss: 0.0334, acc: 0.9914
loss: 0.0334, acc: 0.9912
loss: 0.0347, acc: 0.9905
loss: 0.0359, acc: 0.9900
loss: 0.0352, acc: 0.9903
loss: 0.0352, acc: 0.9901
loss: 0.0348, acc: 0.9900
loss: 0.0342, acc: 0.9901
loss: 0.0337, acc: 0.9904
loss: 0.0349, acc: 0.9901
loss: 0.0353, acc: 0.9899
loss: 0.0349, acc: 0.9900
loss: 0.0345, acc: 0.9901
loss: 0.0354, acc: 0.9902
loss: 0.0355, acc: 0.9901
loss: 0.0354, acc: 0.9902
loss: 0.0354, acc: 0.9900
loss: 0.0350, acc: 0.9901
loss: 0.0346, acc: 0.9902
loss: 0.0348, acc: 0.9900
loss: 0.0344, acc: 0.9901
loss: 0.0340, acc: 0.9901
loss: 0.0337, acc: 0.9902
loss: 0.0334, acc: 0.9903
loss: 0.0329, acc: 0.9903
loss: 0.0348, acc: 0.9899
loss: 0.0346, acc: 0.9900
loss: 0.0342, acc: 0.9902
loss: 0.0337, acc: 0.9904
loss: 0.0338, acc: 0.9904
loss: 0.0333, acc: 0.9906
loss: 0.0335, acc: 0.9905
loss: 0.0334, acc: 0.9906
loss: 0.0337, acc: 0.9905
loss: 0.0338, acc: 0.9904
loss: 0.0335, acc: 0.9905
loss: 0.0338, acc: 0.9904
loss: 0.0351, acc: 0.9901
loss: 0.0348, acc: 0.9902
loss: 0.0352, acc: 0.9901
loss: 0.0351, acc: 0.9901
loss: 0.0349, acc: 0.9902
> val_acc: 0.8258, val_f1: 0.8216
>> test_acc: 0.8301, test_f1: 0.8250
>> test_acc: 0.8391, test_f1: 0.8312
>> test_acc: 0.8376, test_f1: 0.8310
>> test_acc: 0.8301, test_f1: 0.8250

>> avg_test_acc: 0.8356, avg_test_f1: 0.8290
>> max_test_acc: 0.8391, max_test_f1: 0.8312
