cuda memory allocated: 499894784
> n_trainable_params: 124647939, n_nontrainable_params: 0
> training arguments:
>>> model_name: roberta
>>> dataset: rest14
>>> optimizer: <class 'torch.optim.adam.Adam'>
>>> initializer: <function xavier_uniform_ at 0x7f35da150280>
>>> repeat: 3
>>> lr: 2e-05
>>> dropout: 0.3
>>> l2reg: 0.0001
>>> num_epoch: 100
>>> batch_size: 16
>>> log_step: 10
>>> bert_dim: 768
>>> plm_name: ./plm/roberta-base
>>> max_seq_len: 128
>>> polarities_dim: 3
>>> patience: 5
>>> device: cuda
>>> seed: 42
>>> save_model_dir: /media/b115/Backup/NLP
>>> model_class: <class 'model.roberta.RoBERTa'>
>>> dataset_file: {'train': './dataset/txt/rest14_train.txt', 'test': './dataset/txt/rest14_test.txt'}
>>> inputs_cols: ['input_ids', 'attention_mask']
>>>>>>>>>>>>>>>>>>>>>>>>>>>>>>>>>>>>>>>>>>>>>>>>>>>>>>>>>>>>>>>>>>>>>>>>>>>>>>>>>>>>>>>>>>>>>>>>>>>>
epoch: 0
loss: 1.0694, acc: 0.4250
loss: 1.0062, acc: 0.5062
loss: 0.9410, acc: 0.5458
loss: 0.8861, acc: 0.5828
loss: 0.8501, acc: 0.6112
loss: 0.8321, acc: 0.6302
loss: 0.8063, acc: 0.6482
loss: 0.8047, acc: 0.6523
loss: 0.7840, acc: 0.6694
loss: 0.7912, acc: 0.6706
loss: 0.7738, acc: 0.6830
loss: 0.7625, acc: 0.6865
loss: 0.7564, acc: 0.6913
loss: 0.7407, acc: 0.6955
loss: 0.7280, acc: 0.6987
loss: 0.7296, acc: 0.6961
loss: 0.7290, acc: 0.6952
loss: 0.7226, acc: 0.6993
loss: 0.7144, acc: 0.7036
loss: 0.7087, acc: 0.7066
loss: 0.7031, acc: 0.7089
loss: 0.6978, acc: 0.7128
> val_acc: 0.8268, val_f1: 0.7469
>> saved: /media/b115/Backup/NLP/roberta/rest14/acc_0.8268_f1_0.7469_230826-2039.model
>>>>>>>>>>>>>>>>>>>>>>>>>>>>>>>>>>>>>>>>>>>>>>>>>>>>>>>>>>>>>>>>>>>>>>>>>>>>>>>>>>>>>>>>>>>>>>>>>>>>
epoch: 1
loss: 0.7569, acc: 0.7344
loss: 0.5680, acc: 0.8080
loss: 0.5443, acc: 0.8151
loss: 0.4989, acc: 0.8235
loss: 0.4883, acc: 0.8267
loss: 0.4871, acc: 0.8218
loss: 0.4908, acc: 0.8203
loss: 0.4757, acc: 0.8235
loss: 0.4657, acc: 0.8259
loss: 0.4610, acc: 0.8225
loss: 0.4731, acc: 0.8143
loss: 0.4806, acc: 0.8120
loss: 0.4745, acc: 0.8135
loss: 0.4770, acc: 0.8139
loss: 0.4715, acc: 0.8164
loss: 0.4683, acc: 0.8190
loss: 0.4690, acc: 0.8194
loss: 0.4636, acc: 0.8218
loss: 0.4615, acc: 0.8213
loss: 0.4566, acc: 0.8218
loss: 0.4548, acc: 0.8232
loss: 0.4534, acc: 0.8227
loss: 0.4550, acc: 0.8217
> val_acc: 0.8491, val_f1: 0.7726
>> saved: /media/b115/Backup/NLP/roberta/rest14/acc_0.8491_f1_0.7726_230826-2040.model
>>>>>>>>>>>>>>>>>>>>>>>>>>>>>>>>>>>>>>>>>>>>>>>>>>>>>>>>>>>>>>>>>>>>>>>>>>>>>>>>>>>>>>>>>>>>>>>>>>>>
epoch: 2
loss: 0.3369, acc: 0.9141
loss: 0.2849, acc: 0.9201
loss: 0.2832, acc: 0.9085
loss: 0.2914, acc: 0.9030
loss: 0.2888, acc: 0.8997
loss: 0.2804, acc: 0.8987
loss: 0.2977, acc: 0.8915
loss: 0.2986, acc: 0.8902
loss: 0.3113, acc: 0.8842
loss: 0.3056, acc: 0.8852
loss: 0.3070, acc: 0.8848
loss: 0.3128, acc: 0.8824
loss: 0.3191, acc: 0.8813
loss: 0.3172, acc: 0.8809
loss: 0.3090, acc: 0.8826
loss: 0.3052, acc: 0.8825
loss: 0.3063, acc: 0.8824
loss: 0.3081, acc: 0.8806
loss: 0.3070, acc: 0.8813
loss: 0.3058, acc: 0.8813
loss: 0.3064, acc: 0.8813
loss: 0.3036, acc: 0.8830
> val_acc: 0.8500, val_f1: 0.7565
>> saved: /media/b115/Backup/NLP/roberta/rest14/acc_0.85_f1_0.7565_230826-2041.model
>>>>>>>>>>>>>>>>>>>>>>>>>>>>>>>>>>>>>>>>>>>>>>>>>>>>>>>>>>>>>>>>>>>>>>>>>>>>>>>>>>>>>>>>>>>>>>>>>>>>
epoch: 3
loss: 0.2222, acc: 0.9375
loss: 0.1691, acc: 0.9375
loss: 0.1692, acc: 0.9403
loss: 0.1796, acc: 0.9395
loss: 0.1713, acc: 0.9449
loss: 0.1767, acc: 0.9411
loss: 0.1794, acc: 0.9375
loss: 0.1804, acc: 0.9340
loss: 0.1820, acc: 0.9337
loss: 0.1833, acc: 0.9327
loss: 0.1847, acc: 0.9338
loss: 0.1866, acc: 0.9319
loss: 0.1854, acc: 0.9329
loss: 0.1906, acc: 0.9313
loss: 0.1908, acc: 0.9309
loss: 0.1912, acc: 0.9301
loss: 0.1908, acc: 0.9298
loss: 0.1866, acc: 0.9313
loss: 0.1868, acc: 0.9310
loss: 0.1880, acc: 0.9307
loss: 0.1880, acc: 0.9319
loss: 0.1882, acc: 0.9313
loss: 0.1871, acc: 0.9310
> val_acc: 0.8571, val_f1: 0.7752
>> saved: /media/b115/Backup/NLP/roberta/rest14/acc_0.8571_f1_0.7752_230826-2041.model
>>>>>>>>>>>>>>>>>>>>>>>>>>>>>>>>>>>>>>>>>>>>>>>>>>>>>>>>>>>>>>>>>>>>>>>>>>>>>>>>>>>>>>>>>>>>>>>>>>>>
epoch: 4
loss: 0.2097, acc: 0.9375
loss: 0.2167, acc: 0.9375
loss: 0.1950, acc: 0.9399
loss: 0.1610, acc: 0.9531
loss: 0.1503, acc: 0.9552
loss: 0.1455, acc: 0.9531
loss: 0.1497, acc: 0.9527
loss: 0.1574, acc: 0.9498
loss: 0.1543, acc: 0.9499
loss: 0.1594, acc: 0.9473
loss: 0.1588, acc: 0.9469
loss: 0.1542, acc: 0.9477
loss: 0.1497, acc: 0.9489
loss: 0.1539, acc: 0.9481
loss: 0.1561, acc: 0.9478
loss: 0.1595, acc: 0.9467
loss: 0.1571, acc: 0.9465
loss: 0.1602, acc: 0.9450
loss: 0.1600, acc: 0.9452
loss: 0.1591, acc: 0.9455
loss: 0.1568, acc: 0.9463
loss: 0.1575, acc: 0.9465
loss: 0.1578, acc: 0.9460
> val_acc: 0.8589, val_f1: 0.7886
>> saved: /media/b115/Backup/NLP/roberta/rest14/acc_0.8589_f1_0.7886_230826-2042.model
>>>>>>>>>>>>>>>>>>>>>>>>>>>>>>>>>>>>>>>>>>>>>>>>>>>>>>>>>>>>>>>>>>>>>>>>>>>>>>>>>>>>>>>>>>>>>>>>>>>>
epoch: 5
loss: 0.1497, acc: 0.9563
loss: 0.1563, acc: 0.9406
loss: 0.1328, acc: 0.9479
loss: 0.1124, acc: 0.9578
loss: 0.1129, acc: 0.9587
loss: 0.1048, acc: 0.9573
loss: 0.1149, acc: 0.9571
loss: 0.1104, acc: 0.9594
loss: 0.1114, acc: 0.9597
loss: 0.1092, acc: 0.9600
loss: 0.1049, acc: 0.9625
loss: 0.1040, acc: 0.9635
loss: 0.1048, acc: 0.9625
loss: 0.1036, acc: 0.9629
loss: 0.1039, acc: 0.9629
loss: 0.1061, acc: 0.9617
loss: 0.1133, acc: 0.9596
loss: 0.1145, acc: 0.9583
loss: 0.1137, acc: 0.9586
loss: 0.1133, acc: 0.9581
loss: 0.1155, acc: 0.9580
loss: 0.1181, acc: 0.9577
> val_acc: 0.8688, val_f1: 0.8119
>> saved: /media/b115/Backup/NLP/roberta/rest14/acc_0.8688_f1_0.8119_230826-2043.model
>>>>>>>>>>>>>>>>>>>>>>>>>>>>>>>>>>>>>>>>>>>>>>>>>>>>>>>>>>>>>>>>>>>>>>>>>>>>>>>>>>>>>>>>>>>>>>>>>>>>
epoch: 6
loss: 0.1337, acc: 0.9531
loss: 0.0783, acc: 0.9688
loss: 0.0617, acc: 0.9766
loss: 0.0617, acc: 0.9798
loss: 0.0627, acc: 0.9787
loss: 0.0587, acc: 0.9792
loss: 0.0633, acc: 0.9756
loss: 0.0732, acc: 0.9755
loss: 0.0786, acc: 0.9732
loss: 0.0811, acc: 0.9727
loss: 0.0810, acc: 0.9724
loss: 0.0777, acc: 0.9737
loss: 0.0786, acc: 0.9733
loss: 0.0804, acc: 0.9729
loss: 0.0793, acc: 0.9722
loss: 0.0801, acc: 0.9728
loss: 0.0811, acc: 0.9718
loss: 0.0803, acc: 0.9723
loss: 0.0796, acc: 0.9718
loss: 0.0796, acc: 0.9713
loss: 0.0772, acc: 0.9724
loss: 0.0797, acc: 0.9711
loss: 0.0852, acc: 0.9693
> val_acc: 0.8482, val_f1: 0.7474
>>>>>>>>>>>>>>>>>>>>>>>>>>>>>>>>>>>>>>>>>>>>>>>>>>>>>>>>>>>>>>>>>>>>>>>>>>>>>>>>>>>>>>>>>>>>>>>>>>>>
epoch: 7
loss: 0.0886, acc: 0.9766
loss: 0.0842, acc: 0.9757
loss: 0.1108, acc: 0.9688
loss: 0.1172, acc: 0.9638
loss: 0.1046, acc: 0.9661
loss: 0.0914, acc: 0.9720
loss: 0.0870, acc: 0.9715
loss: 0.0917, acc: 0.9696
loss: 0.0904, acc: 0.9702
loss: 0.0852, acc: 0.9719
loss: 0.0810, acc: 0.9728
loss: 0.0749, acc: 0.9751
loss: 0.0782, acc: 0.9746
loss: 0.0818, acc: 0.9737
loss: 0.0815, acc: 0.9738
loss: 0.0819, acc: 0.9735
loss: 0.0805, acc: 0.9732
loss: 0.0804, acc: 0.9730
loss: 0.0859, acc: 0.9704
loss: 0.0887, acc: 0.9700
loss: 0.0862, acc: 0.9715
loss: 0.0863, acc: 0.9710
> val_acc: 0.8750, val_f1: 0.8105
>> saved: /media/b115/Backup/NLP/roberta/rest14/acc_0.875_f1_0.8105_230826-2044.model
>>>>>>>>>>>>>>>>>>>>>>>>>>>>>>>>>>>>>>>>>>>>>>>>>>>>>>>>>>>>>>>>>>>>>>>>>>>>>>>>>>>>>>>>>>>>>>>>>>>>
epoch: 8
loss: 0.1756, acc: 0.9375
loss: 0.0650, acc: 0.9792
loss: 0.0441, acc: 0.9858
loss: 0.0404, acc: 0.9844
loss: 0.0364, acc: 0.9866
loss: 0.0356, acc: 0.9856
loss: 0.0384, acc: 0.9849
loss: 0.0413, acc: 0.9852
loss: 0.0381, acc: 0.9863
loss: 0.0359, acc: 0.9871
loss: 0.0354, acc: 0.9871
loss: 0.0381, acc: 0.9860
loss: 0.0413, acc: 0.9851
loss: 0.0395, acc: 0.9858
loss: 0.0401, acc: 0.9846
loss: 0.0418, acc: 0.9836
loss: 0.0437, acc: 0.9834
loss: 0.0433, acc: 0.9840
loss: 0.0465, acc: 0.9825
loss: 0.0474, acc: 0.9824
loss: 0.0487, acc: 0.9821
loss: 0.0501, acc: 0.9814
loss: 0.0490, acc: 0.9823
> val_acc: 0.8625, val_f1: 0.7935
>>>>>>>>>>>>>>>>>>>>>>>>>>>>>>>>>>>>>>>>>>>>>>>>>>>>>>>>>>>>>>>>>>>>>>>>>>>>>>>>>>>>>>>>>>>>>>>>>>>>
epoch: 9
loss: 0.0218, acc: 0.9896
loss: 0.0223, acc: 0.9883
loss: 0.0298, acc: 0.9880
loss: 0.0271, acc: 0.9878
loss: 0.0228, acc: 0.9905
loss: 0.0253, acc: 0.9911
loss: 0.0261, acc: 0.9915
loss: 0.0287, acc: 0.9910
loss: 0.0335, acc: 0.9906
loss: 0.0305, acc: 0.9915
loss: 0.0337, acc: 0.9900
loss: 0.0343, acc: 0.9892
loss: 0.0349, acc: 0.9891
loss: 0.0348, acc: 0.9885
loss: 0.0348, acc: 0.9889
loss: 0.0358, acc: 0.9884
loss: 0.0388, acc: 0.9880
loss: 0.0389, acc: 0.9872
loss: 0.0384, acc: 0.9876
loss: 0.0383, acc: 0.9879
loss: 0.0390, acc: 0.9873
loss: 0.0410, acc: 0.9867
loss: 0.0409, acc: 0.9864
> val_acc: 0.8705, val_f1: 0.8140
>>>>>>>>>>>>>>>>>>>>>>>>>>>>>>>>>>>>>>>>>>>>>>>>>>>>>>>>>>>>>>>>>>>>>>>>>>>>>>>>>>>>>>>>>>>>>>>>>>>>
epoch: 10
loss: 0.0667, acc: 0.9812
loss: 0.0474, acc: 0.9844
loss: 0.0372, acc: 0.9875
loss: 0.0333, acc: 0.9891
loss: 0.0322, acc: 0.9900
loss: 0.0322, acc: 0.9896
loss: 0.0296, acc: 0.9902
loss: 0.0328, acc: 0.9898
loss: 0.0336, acc: 0.9882
loss: 0.0340, acc: 0.9875
loss: 0.0374, acc: 0.9858
loss: 0.0394, acc: 0.9839
loss: 0.0487, acc: 0.9827
loss: 0.0511, acc: 0.9826
loss: 0.0496, acc: 0.9833
loss: 0.0515, acc: 0.9828
loss: 0.0534, acc: 0.9816
loss: 0.0518, acc: 0.9823
loss: 0.0507, acc: 0.9826
loss: 0.0497, acc: 0.9828
loss: 0.0500, acc: 0.9824
loss: 0.0510, acc: 0.9830
> val_acc: 0.8545, val_f1: 0.7846
>>>>>>>>>>>>>>>>>>>>>>>>>>>>>>>>>>>>>>>>>>>>>>>>>>>>>>>>>>>>>>>>>>>>>>>>>>>>>>>>>>>>>>>>>>>>>>>>>>>>
epoch: 11
loss: 0.0308, acc: 0.9844
loss: 0.0630, acc: 0.9821
loss: 0.0720, acc: 0.9818
loss: 0.0570, acc: 0.9853
loss: 0.0581, acc: 0.9858
loss: 0.0654, acc: 0.9815
loss: 0.0705, acc: 0.9805
loss: 0.0739, acc: 0.9797
loss: 0.0709, acc: 0.9792
loss: 0.0686, acc: 0.9801
loss: 0.0629, acc: 0.9820
loss: 0.0630, acc: 0.9808
loss: 0.0616, acc: 0.9808
loss: 0.0581, acc: 0.9823
loss: 0.0556, acc: 0.9835
loss: 0.0536, acc: 0.9842
loss: 0.0509, acc: 0.9851
loss: 0.0493, acc: 0.9853
loss: 0.0484, acc: 0.9851
loss: 0.0470, acc: 0.9855
loss: 0.0470, acc: 0.9853
loss: 0.0458, acc: 0.9857
loss: 0.0447, acc: 0.9858
> val_acc: 0.8652, val_f1: 0.7956
>>>>>>>>>>>>>>>>>>>>>>>>>>>>>>>>>>>>>>>>>>>>>>>>>>>>>>>>>>>>>>>>>>>>>>>>>>>>>>>>>>>>>>>>>>>>>>>>>>>>
epoch: 12
loss: 0.0872, acc: 0.9766
loss: 0.0438, acc: 0.9896
loss: 0.0392, acc: 0.9911
loss: 0.0423, acc: 0.9868
loss: 0.0549, acc: 0.9805
loss: 0.0510, acc: 0.9806
loss: 0.0557, acc: 0.9789
loss: 0.0564, acc: 0.9784
loss: 0.0542, acc: 0.9787
loss: 0.0571, acc: 0.9783
loss: 0.0571, acc: 0.9780
loss: 0.0557, acc: 0.9793
loss: 0.0559, acc: 0.9795
loss: 0.0589, acc: 0.9792
loss: 0.0561, acc: 0.9806
loss: 0.0541, acc: 0.9810
loss: 0.0563, acc: 0.9799
loss: 0.0544, acc: 0.9807
loss: 0.0527, acc: 0.9814
loss: 0.0523, acc: 0.9817
loss: 0.0538, acc: 0.9811
loss: 0.0537, acc: 0.9811
> val_acc: 0.8688, val_f1: 0.7981
>> test_acc: 0.8750, test_f1: 0.8105
>>>>>>>>>>>>>>>>>>>>>>>>>>>>>>>>>>>>>>>>>>>>>>>>>>>>>>>>>>>>>>>>>>>>>>>>>>>>>>>>>>>>>>>>>>>>>>>>>>>>
epoch: 0
loss: 0.4297, acc: 0.8375
loss: 0.2534, acc: 0.9031
loss: 0.1832, acc: 0.9292
loss: 0.1637, acc: 0.9391
loss: 0.1673, acc: 0.9425
loss: 0.1541, acc: 0.9458
loss: 0.1407, acc: 0.9500
loss: 0.1345, acc: 0.9531
loss: 0.1302, acc: 0.9528
loss: 0.1247, acc: 0.9550
loss: 0.1187, acc: 0.9580
loss: 0.1139, acc: 0.9599
loss: 0.1088, acc: 0.9620
loss: 0.1037, acc: 0.9634
loss: 0.0983, acc: 0.9650
loss: 0.1026, acc: 0.9645
loss: 0.1001, acc: 0.9643
loss: 0.0968, acc: 0.9656
loss: 0.0984, acc: 0.9658
loss: 0.0951, acc: 0.9672
loss: 0.0925, acc: 0.9679
loss: 0.0903, acc: 0.9688
> val_acc: 0.8571, val_f1: 0.7760
>> saved: /media/b115/Backup/NLP/roberta/rest14/acc_0.8571_f1_0.776_230826-2049.model
>>>>>>>>>>>>>>>>>>>>>>>>>>>>>>>>>>>>>>>>>>>>>>>>>>>>>>>>>>>>>>>>>>>>>>>>>>>>>>>>>>>>>>>>>>>>>>>>>>>>
epoch: 1
loss: 0.0400, acc: 0.9844
loss: 0.0174, acc: 0.9955
loss: 0.0121, acc: 0.9974
loss: 0.0089, acc: 0.9982
loss: 0.0135, acc: 0.9972
loss: 0.0122, acc: 0.9977
loss: 0.0280, acc: 0.9941
loss: 0.0343, acc: 0.9907
loss: 0.0403, acc: 0.9888
loss: 0.0438, acc: 0.9874
loss: 0.0454, acc: 0.9874
loss: 0.0471, acc: 0.9863
loss: 0.0458, acc: 0.9869
loss: 0.0468, acc: 0.9860
loss: 0.0478, acc: 0.9857
loss: 0.0504, acc: 0.9850
loss: 0.0495, acc: 0.9851
loss: 0.0518, acc: 0.9846
loss: 0.0513, acc: 0.9851
loss: 0.0528, acc: 0.9842
loss: 0.0519, acc: 0.9847
loss: 0.0504, acc: 0.9851
loss: 0.0499, acc: 0.9852
> val_acc: 0.8545, val_f1: 0.7753
>>>>>>>>>>>>>>>>>>>>>>>>>>>>>>>>>>>>>>>>>>>>>>>>>>>>>>>>>>>>>>>>>>>>>>>>>>>>>>>>>>>>>>>>>>>>>>>>>>>>
epoch: 2
loss: 0.0344, acc: 0.9922
loss: 0.0439, acc: 0.9861
loss: 0.0356, acc: 0.9911
loss: 0.0269, acc: 0.9934
loss: 0.0239, acc: 0.9935
loss: 0.0296, acc: 0.9903
loss: 0.0337, acc: 0.9890
loss: 0.0376, acc: 0.9880
loss: 0.0460, acc: 0.9844
loss: 0.0494, acc: 0.9841
loss: 0.0529, acc: 0.9838
loss: 0.0593, acc: 0.9799
loss: 0.0572, acc: 0.9805
loss: 0.0552, acc: 0.9810
loss: 0.0572, acc: 0.9806
loss: 0.0592, acc: 0.9802
loss: 0.0603, acc: 0.9803
loss: 0.0607, acc: 0.9796
loss: 0.0636, acc: 0.9777
loss: 0.0648, acc: 0.9773
loss: 0.0656, acc: 0.9775
loss: 0.0649, acc: 0.9779
> val_acc: 0.8598, val_f1: 0.7892
>> saved: /media/b115/Backup/NLP/roberta/rest14/acc_0.8598_f1_0.7892_230826-2050.model
>>>>>>>>>>>>>>>>>>>>>>>>>>>>>>>>>>>>>>>>>>>>>>>>>>>>>>>>>>>>>>>>>>>>>>>>>>>>>>>>>>>>>>>>>>>>>>>>>>>>
epoch: 3
loss: 0.0243, acc: 1.0000
loss: 0.0277, acc: 0.9948
loss: 0.0362, acc: 0.9858
loss: 0.0302, acc: 0.9883
loss: 0.0246, acc: 0.9911
loss: 0.0246, acc: 0.9904
loss: 0.0279, acc: 0.9889
loss: 0.0272, acc: 0.9878
loss: 0.0345, acc: 0.9863
loss: 0.0329, acc: 0.9871
loss: 0.0328, acc: 0.9871
loss: 0.0322, acc: 0.9883
loss: 0.0344, acc: 0.9882
loss: 0.0357, acc: 0.9872
loss: 0.0346, acc: 0.9877
loss: 0.0357, acc: 0.9877
loss: 0.0357, acc: 0.9873
loss: 0.0364, acc: 0.9873
loss: 0.0383, acc: 0.9873
loss: 0.0457, acc: 0.9857
loss: 0.0462, acc: 0.9851
loss: 0.0484, acc: 0.9850
loss: 0.0506, acc: 0.9842
> val_acc: 0.8348, val_f1: 0.7468
>>>>>>>>>>>>>>>>>>>>>>>>>>>>>>>>>>>>>>>>>>>>>>>>>>>>>>>>>>>>>>>>>>>>>>>>>>>>>>>>>>>>>>>>>>>>>>>>>>>>
epoch: 4
loss: 0.0598, acc: 0.9792
loss: 0.0604, acc: 0.9766
loss: 0.0528, acc: 0.9832
loss: 0.0472, acc: 0.9844
loss: 0.0423, acc: 0.9864
loss: 0.0376, acc: 0.9877
loss: 0.0355, acc: 0.9877
loss: 0.0336, acc: 0.9885
loss: 0.0348, acc: 0.9869
loss: 0.0325, acc: 0.9876
loss: 0.0361, acc: 0.9858
loss: 0.0400, acc: 0.9844
loss: 0.0576, acc: 0.9797
loss: 0.0579, acc: 0.9793
loss: 0.0650, acc: 0.9773
loss: 0.0707, acc: 0.9744
loss: 0.0731, acc: 0.9733
loss: 0.0723, acc: 0.9741
loss: 0.0710, acc: 0.9745
loss: 0.0698, acc: 0.9748
loss: 0.0704, acc: 0.9748
loss: 0.0709, acc: 0.9740
loss: 0.0703, acc: 0.9739
> val_acc: 0.8661, val_f1: 0.7871
>> saved: /media/b115/Backup/NLP/roberta/rest14/acc_0.8661_f1_0.7871_230826-2052.model
>>>>>>>>>>>>>>>>>>>>>>>>>>>>>>>>>>>>>>>>>>>>>>>>>>>>>>>>>>>>>>>>>>>>>>>>>>>>>>>>>>>>>>>>>>>>>>>>>>>>
epoch: 5
loss: 0.0565, acc: 0.9875
loss: 0.0589, acc: 0.9844
loss: 0.0593, acc: 0.9854
loss: 0.0543, acc: 0.9859
loss: 0.0513, acc: 0.9862
loss: 0.0477, acc: 0.9865
loss: 0.0416, acc: 0.9884
loss: 0.0375, acc: 0.9898
loss: 0.0434, acc: 0.9882
loss: 0.0416, acc: 0.9888
loss: 0.0436, acc: 0.9875
loss: 0.0472, acc: 0.9865
loss: 0.0460, acc: 0.9865
loss: 0.0504, acc: 0.9853
loss: 0.0507, acc: 0.9846
loss: 0.0503, acc: 0.9852
loss: 0.0529, acc: 0.9846
loss: 0.0528, acc: 0.9844
loss: 0.0537, acc: 0.9839
loss: 0.0516, acc: 0.9847
loss: 0.0516, acc: 0.9845
loss: 0.0526, acc: 0.9844
> val_acc: 0.8527, val_f1: 0.7710
>>>>>>>>>>>>>>>>>>>>>>>>>>>>>>>>>>>>>>>>>>>>>>>>>>>>>>>>>>>>>>>>>>>>>>>>>>>>>>>>>>>>>>>>>>>>>>>>>>>>
epoch: 6
loss: 0.1532, acc: 0.9375
loss: 0.0655, acc: 0.9732
loss: 0.0582, acc: 0.9714
loss: 0.0527, acc: 0.9779
loss: 0.0553, acc: 0.9787
loss: 0.0530, acc: 0.9792
loss: 0.0554, acc: 0.9805
loss: 0.0518, acc: 0.9814
loss: 0.0497, acc: 0.9821
loss: 0.0516, acc: 0.9814
loss: 0.0493, acc: 0.9826
loss: 0.0475, acc: 0.9830
loss: 0.0452, acc: 0.9834
loss: 0.0425, acc: 0.9846
loss: 0.0428, acc: 0.9844
loss: 0.0404, acc: 0.9854
loss: 0.0387, acc: 0.9859
loss: 0.0377, acc: 0.9860
loss: 0.0362, acc: 0.9864
loss: 0.0345, acc: 0.9871
loss: 0.0335, acc: 0.9874
loss: 0.0329, acc: 0.9877
loss: 0.0347, acc: 0.9877
> val_acc: 0.8589, val_f1: 0.7754
>>>>>>>>>>>>>>>>>>>>>>>>>>>>>>>>>>>>>>>>>>>>>>>>>>>>>>>>>>>>>>>>>>>>>>>>>>>>>>>>>>>>>>>>>>>>>>>>>>>>
epoch: 7
loss: 0.0039, acc: 1.0000
loss: 0.0036, acc: 1.0000
loss: 0.0058, acc: 0.9978
loss: 0.0097, acc: 0.9967
loss: 0.0164, acc: 0.9948
loss: 0.0148, acc: 0.9957
loss: 0.0154, acc: 0.9945
loss: 0.0138, acc: 0.9952
loss: 0.0177, acc: 0.9943
loss: 0.0167, acc: 0.9949
loss: 0.0172, acc: 0.9942
loss: 0.0215, acc: 0.9921
loss: 0.0216, acc: 0.9917
loss: 0.0201, acc: 0.9923
loss: 0.0222, acc: 0.9920
loss: 0.0216, acc: 0.9921
loss: 0.0217, acc: 0.9922
loss: 0.0206, acc: 0.9926
loss: 0.0198, acc: 0.9930
loss: 0.0197, acc: 0.9931
loss: 0.0218, acc: 0.9931
loss: 0.0230, acc: 0.9925
> val_acc: 0.8679, val_f1: 0.7924
>> saved: /media/b115/Backup/NLP/roberta/rest14/acc_0.8679_f1_0.7924_230826-2054.model
>>>>>>>>>>>>>>>>>>>>>>>>>>>>>>>>>>>>>>>>>>>>>>>>>>>>>>>>>>>>>>>>>>>>>>>>>>>>>>>>>>>>>>>>>>>>>>>>>>>>
epoch: 8
loss: 0.0421, acc: 0.9688
loss: 0.0085, acc: 0.9948
loss: 0.0058, acc: 0.9972
loss: 0.0061, acc: 0.9980
loss: 0.0065, acc: 0.9970
loss: 0.0120, acc: 0.9952
loss: 0.0107, acc: 0.9960
loss: 0.0098, acc: 0.9965
loss: 0.0102, acc: 0.9962
loss: 0.0149, acc: 0.9946
loss: 0.0147, acc: 0.9945
loss: 0.0181, acc: 0.9939
loss: 0.0274, acc: 0.9918
loss: 0.0289, acc: 0.9915
loss: 0.0291, acc: 0.9912
loss: 0.0291, acc: 0.9910
loss: 0.0306, acc: 0.9907
loss: 0.0404, acc: 0.9884
loss: 0.0468, acc: 0.9870
loss: 0.0479, acc: 0.9860
loss: 0.0510, acc: 0.9845
loss: 0.0504, acc: 0.9850
loss: 0.0501, acc: 0.9848
> val_acc: 0.8536, val_f1: 0.7669
>>>>>>>>>>>>>>>>>>>>>>>>>>>>>>>>>>>>>>>>>>>>>>>>>>>>>>>>>>>>>>>>>>>>>>>>>>>>>>>>>>>>>>>>>>>>>>>>>>>>
epoch: 9
loss: 0.0022, acc: 1.0000
loss: 0.0126, acc: 0.9961
loss: 0.0383, acc: 0.9904
loss: 0.0354, acc: 0.9878
loss: 0.0418, acc: 0.9864
loss: 0.0373, acc: 0.9877
loss: 0.0368, acc: 0.9886
loss: 0.0360, acc: 0.9893
loss: 0.0329, acc: 0.9898
loss: 0.0332, acc: 0.9896
loss: 0.0321, acc: 0.9894
loss: 0.0349, acc: 0.9871
loss: 0.0384, acc: 0.9866
loss: 0.0363, acc: 0.9876
loss: 0.0361, acc: 0.9876
loss: 0.0341, acc: 0.9884
loss: 0.0348, acc: 0.9880
loss: 0.0342, acc: 0.9883
loss: 0.0343, acc: 0.9882
loss: 0.0336, acc: 0.9885
loss: 0.0352, acc: 0.9879
loss: 0.0365, acc: 0.9870
loss: 0.0371, acc: 0.9867
> val_acc: 0.8509, val_f1: 0.7767
>>>>>>>>>>>>>>>>>>>>>>>>>>>>>>>>>>>>>>>>>>>>>>>>>>>>>>>>>>>>>>>>>>>>>>>>>>>>>>>>>>>>>>>>>>>>>>>>>>>>
epoch: 10
loss: 0.0277, acc: 0.9938
loss: 0.0228, acc: 0.9938
loss: 0.0226, acc: 0.9938
loss: 0.0181, acc: 0.9953
loss: 0.0157, acc: 0.9962
loss: 0.0158, acc: 0.9948
loss: 0.0146, acc: 0.9955
loss: 0.0178, acc: 0.9945
loss: 0.0164, acc: 0.9944
loss: 0.0196, acc: 0.9925
loss: 0.0246, acc: 0.9915
loss: 0.0254, acc: 0.9911
loss: 0.0273, acc: 0.9909
loss: 0.0276, acc: 0.9902
loss: 0.0274, acc: 0.9900
loss: 0.0279, acc: 0.9895
loss: 0.0272, acc: 0.9897
loss: 0.0261, acc: 0.9903
loss: 0.0248, acc: 0.9908
loss: 0.0280, acc: 0.9900
loss: 0.0287, acc: 0.9902
loss: 0.0300, acc: 0.9892
> val_acc: 0.8607, val_f1: 0.7770
>>>>>>>>>>>>>>>>>>>>>>>>>>>>>>>>>>>>>>>>>>>>>>>>>>>>>>>>>>>>>>>>>>>>>>>>>>>>>>>>>>>>>>>>>>>>>>>>>>>>
epoch: 11
loss: 0.0334, acc: 0.9844
loss: 0.0456, acc: 0.9866
loss: 0.0376, acc: 0.9896
loss: 0.0532, acc: 0.9871
loss: 0.0468, acc: 0.9886
loss: 0.0442, acc: 0.9896
loss: 0.0397, acc: 0.9902
loss: 0.0363, acc: 0.9907
loss: 0.0360, acc: 0.9896
loss: 0.0378, acc: 0.9887
loss: 0.0429, acc: 0.9874
loss: 0.0407, acc: 0.9879
loss: 0.0382, acc: 0.9889
loss: 0.0364, acc: 0.9888
loss: 0.0362, acc: 0.9878
loss: 0.0365, acc: 0.9874
loss: 0.0389, acc: 0.9870
loss: 0.0412, acc: 0.9864
loss: 0.0409, acc: 0.9864
loss: 0.0403, acc: 0.9865
loss: 0.0399, acc: 0.9868
loss: 0.0398, acc: 0.9869
loss: 0.0406, acc: 0.9866
> val_acc: 0.8688, val_f1: 0.8023
>> saved: /media/b115/Backup/NLP/roberta/rest14/acc_0.8688_f1_0.8023_230826-2057.model
>>>>>>>>>>>>>>>>>>>>>>>>>>>>>>>>>>>>>>>>>>>>>>>>>>>>>>>>>>>>>>>>>>>>>>>>>>>>>>>>>>>>>>>>>>>>>>>>>>>>
epoch: 12
loss: 0.0160, acc: 0.9922
loss: 0.0140, acc: 0.9965
loss: 0.0211, acc: 0.9933
loss: 0.0241, acc: 0.9918
loss: 0.0219, acc: 0.9922
loss: 0.0203, acc: 0.9935
loss: 0.0206, acc: 0.9926
loss: 0.0222, acc: 0.9912
loss: 0.0207, acc: 0.9922
loss: 0.0202, acc: 0.9923
loss: 0.0188, acc: 0.9931
loss: 0.0195, acc: 0.9926
loss: 0.0183, acc: 0.9932
loss: 0.0175, acc: 0.9932
loss: 0.0172, acc: 0.9932
loss: 0.0163, acc: 0.9937
loss: 0.0173, acc: 0.9933
loss: 0.0169, acc: 0.9933
loss: 0.0168, acc: 0.9934
loss: 0.0163, acc: 0.9934
loss: 0.0179, acc: 0.9931
loss: 0.0180, acc: 0.9931
> val_acc: 0.8625, val_f1: 0.7766
>>>>>>>>>>>>>>>>>>>>>>>>>>>>>>>>>>>>>>>>>>>>>>>>>>>>>>>>>>>>>>>>>>>>>>>>>>>>>>>>>>>>>>>>>>>>>>>>>>>>
epoch: 13
loss: 0.0175, acc: 1.0000
loss: 0.0083, acc: 1.0000
loss: 0.0050, acc: 1.0000
loss: 0.0044, acc: 1.0000
loss: 0.0121, acc: 0.9970
loss: 0.0121, acc: 0.9964
loss: 0.0140, acc: 0.9940
loss: 0.0136, acc: 0.9939
loss: 0.0161, acc: 0.9931
loss: 0.0264, acc: 0.9918
loss: 0.0314, acc: 0.9908
loss: 0.0294, acc: 0.9916
loss: 0.0301, acc: 0.9918
loss: 0.0292, acc: 0.9915
loss: 0.0354, acc: 0.9894
loss: 0.0433, acc: 0.9868
loss: 0.0465, acc: 0.9861
loss: 0.0472, acc: 0.9851
loss: 0.0483, acc: 0.9845
loss: 0.0480, acc: 0.9847
loss: 0.0470, acc: 0.9848
loss: 0.0457, acc: 0.9853
loss: 0.0440, acc: 0.9859
> val_acc: 0.8652, val_f1: 0.7820
>>>>>>>>>>>>>>>>>>>>>>>>>>>>>>>>>>>>>>>>>>>>>>>>>>>>>>>>>>>>>>>>>>>>>>>>>>>>>>>>>>>>>>>>>>>>>>>>>>>>
epoch: 14
loss: 0.0191, acc: 0.9896
loss: 0.0120, acc: 0.9961
loss: 0.0247, acc: 0.9928
loss: 0.0388, acc: 0.9896
loss: 0.0373, acc: 0.9891
loss: 0.0362, acc: 0.9877
loss: 0.0329, acc: 0.9877
loss: 0.0330, acc: 0.9868
loss: 0.0315, acc: 0.9876
loss: 0.0364, acc: 0.9876
loss: 0.0361, acc: 0.9870
loss: 0.0337, acc: 0.9881
loss: 0.0355, acc: 0.9881
loss: 0.0348, acc: 0.9881
loss: 0.0349, acc: 0.9876
loss: 0.0348, acc: 0.9880
loss: 0.0332, acc: 0.9887
loss: 0.0338, acc: 0.9886
loss: 0.0329, acc: 0.9886
loss: 0.0341, acc: 0.9888
loss: 0.0335, acc: 0.9891
loss: 0.0343, acc: 0.9887
loss: 0.0368, acc: 0.9878
> val_acc: 0.8652, val_f1: 0.7911
>>>>>>>>>>>>>>>>>>>>>>>>>>>>>>>>>>>>>>>>>>>>>>>>>>>>>>>>>>>>>>>>>>>>>>>>>>>>>>>>>>>>>>>>>>>>>>>>>>>>
epoch: 15
loss: 0.0981, acc: 0.9750
loss: 0.0895, acc: 0.9719
loss: 0.0709, acc: 0.9792
loss: 0.0554, acc: 0.9844
loss: 0.0468, acc: 0.9875
loss: 0.0444, acc: 0.9875
loss: 0.0411, acc: 0.9884
loss: 0.0387, acc: 0.9883
loss: 0.0383, acc: 0.9875
loss: 0.0360, acc: 0.9881
loss: 0.0329, acc: 0.9892
loss: 0.0320, acc: 0.9891
loss: 0.0315, acc: 0.9889
loss: 0.0294, acc: 0.9897
loss: 0.0278, acc: 0.9904
loss: 0.0293, acc: 0.9902
loss: 0.0280, acc: 0.9908
loss: 0.0284, acc: 0.9906
loss: 0.0288, acc: 0.9905
loss: 0.0286, acc: 0.9903
loss: 0.0287, acc: 0.9902
loss: 0.0278, acc: 0.9906
> val_acc: 0.8589, val_f1: 0.7760
>>>>>>>>>>>>>>>>>>>>>>>>>>>>>>>>>>>>>>>>>>>>>>>>>>>>>>>>>>>>>>>>>>>>>>>>>>>>>>>>>>>>>>>>>>>>>>>>>>>>
epoch: 16
loss: 0.0706, acc: 0.9844
loss: 0.0264, acc: 0.9955
loss: 0.0197, acc: 0.9948
loss: 0.0152, acc: 0.9963
loss: 0.0185, acc: 0.9943
loss: 0.0179, acc: 0.9942
loss: 0.0157, acc: 0.9951
loss: 0.0153, acc: 0.9949
loss: 0.0172, acc: 0.9940
loss: 0.0170, acc: 0.9940
loss: 0.0158, acc: 0.9946
loss: 0.0174, acc: 0.9945
loss: 0.0181, acc: 0.9940
loss: 0.0178, acc: 0.9939
loss: 0.0177, acc: 0.9939
loss: 0.0226, acc: 0.9927
loss: 0.0240, acc: 0.9924
loss: 0.0245, acc: 0.9917
loss: 0.0257, acc: 0.9908
loss: 0.0259, acc: 0.9910
loss: 0.0251, acc: 0.9914
loss: 0.0253, acc: 0.9912
loss: 0.0250, acc: 0.9914
> val_acc: 0.8616, val_f1: 0.7888
>> test_acc: 0.8688, test_f1: 0.8023
>>>>>>>>>>>>>>>>>>>>>>>>>>>>>>>>>>>>>>>>>>>>>>>>>>>>>>>>>>>>>>>>>>>>>>>>>>>>>>>>>>>>>>>>>>>>>>>>>>>>
epoch: 0
loss: 0.3830, acc: 0.8438
loss: 0.1994, acc: 0.9219
loss: 0.1377, acc: 0.9437
loss: 0.1300, acc: 0.9516
loss: 0.1069, acc: 0.9600
loss: 0.0940, acc: 0.9635
loss: 0.0859, acc: 0.9670
loss: 0.0787, acc: 0.9703
loss: 0.0743, acc: 0.9708
loss: 0.0681, acc: 0.9731
loss: 0.0622, acc: 0.9756
loss: 0.0587, acc: 0.9766
loss: 0.0546, acc: 0.9784
loss: 0.0524, acc: 0.9790
loss: 0.0514, acc: 0.9800
loss: 0.0493, acc: 0.9812
loss: 0.0470, acc: 0.9820
loss: 0.0458, acc: 0.9826
loss: 0.0435, acc: 0.9836
loss: 0.0416, acc: 0.9844
loss: 0.0398, acc: 0.9851
loss: 0.0386, acc: 0.9855
> val_acc: 0.8625, val_f1: 0.7730
>> saved: /media/b115/Backup/NLP/roberta/rest14/acc_0.8625_f1_0.773_230826-2102.model
>>>>>>>>>>>>>>>>>>>>>>>>>>>>>>>>>>>>>>>>>>>>>>>>>>>>>>>>>>>>>>>>>>>>>>>>>>>>>>>>>>>>>>>>>>>>>>>>>>>>
epoch: 1
loss: 0.0523, acc: 0.9844
loss: 0.0292, acc: 0.9866
loss: 0.0174, acc: 0.9922
loss: 0.0363, acc: 0.9871
loss: 0.0424, acc: 0.9844
loss: 0.0426, acc: 0.9850
loss: 0.0373, acc: 0.9873
loss: 0.0355, acc: 0.9882
loss: 0.0326, acc: 0.9888
loss: 0.0328, acc: 0.9887
loss: 0.0362, acc: 0.9880
loss: 0.0336, acc: 0.9890
loss: 0.0385, acc: 0.9884
loss: 0.0357, acc: 0.9893
loss: 0.0338, acc: 0.9900
loss: 0.0333, acc: 0.9903
loss: 0.0314, acc: 0.9909
loss: 0.0315, acc: 0.9903
loss: 0.0323, acc: 0.9901
loss: 0.0320, acc: 0.9897
loss: 0.0361, acc: 0.9884
loss: 0.0354, acc: 0.9886
loss: 0.0363, acc: 0.9888
> val_acc: 0.8554, val_f1: 0.7749
>>>>>>>>>>>>>>>>>>>>>>>>>>>>>>>>>>>>>>>>>>>>>>>>>>>>>>>>>>>>>>>>>>>>>>>>>>>>>>>>>>>>>>>>>>>>>>>>>>>>
epoch: 2
loss: 0.0132, acc: 0.9922
loss: 0.0362, acc: 0.9826
loss: 0.0330, acc: 0.9844
loss: 0.0328, acc: 0.9852
loss: 0.0370, acc: 0.9831
loss: 0.0325, acc: 0.9849
loss: 0.0296, acc: 0.9871
loss: 0.0282, acc: 0.9872
loss: 0.0259, acc: 0.9886
loss: 0.0268, acc: 0.9885
loss: 0.0250, acc: 0.9896
loss: 0.0234, acc: 0.9899
loss: 0.0248, acc: 0.9893
loss: 0.0232, acc: 0.9900
loss: 0.0310, acc: 0.9878
loss: 0.0330, acc: 0.9869
loss: 0.0337, acc: 0.9870
loss: 0.0342, acc: 0.9863
loss: 0.0340, acc: 0.9867
loss: 0.0353, acc: 0.9858
loss: 0.0374, acc: 0.9853
loss: 0.0380, acc: 0.9848
> val_acc: 0.8429, val_f1: 0.7603
>>>>>>>>>>>>>>>>>>>>>>>>>>>>>>>>>>>>>>>>>>>>>>>>>>>>>>>>>>>>>>>>>>>>>>>>>>>>>>>>>>>>>>>>>>>>>>>>>>>>
epoch: 3
loss: 0.0518, acc: 0.9688
loss: 0.0331, acc: 0.9844
loss: 0.0252, acc: 0.9886
loss: 0.0218, acc: 0.9902
loss: 0.0346, acc: 0.9851
loss: 0.0322, acc: 0.9856
loss: 0.0274, acc: 0.9879
loss: 0.0248, acc: 0.9896
loss: 0.0234, acc: 0.9901
loss: 0.0226, acc: 0.9905
loss: 0.0218, acc: 0.9908
loss: 0.0203, acc: 0.9916
loss: 0.0206, acc: 0.9918
loss: 0.0192, acc: 0.9924
loss: 0.0182, acc: 0.9930
loss: 0.0196, acc: 0.9926
loss: 0.0209, acc: 0.9923
loss: 0.0204, acc: 0.9927
loss: 0.0217, acc: 0.9921
loss: 0.0212, acc: 0.9925
loss: 0.0211, acc: 0.9926
loss: 0.0245, acc: 0.9917
loss: 0.0268, acc: 0.9916
> val_acc: 0.8402, val_f1: 0.7378
>>>>>>>>>>>>>>>>>>>>>>>>>>>>>>>>>>>>>>>>>>>>>>>>>>>>>>>>>>>>>>>>>>>>>>>>>>>>>>>>>>>>>>>>>>>>>>>>>>>>
epoch: 4
loss: 0.0129, acc: 0.9896
loss: 0.0153, acc: 0.9922
loss: 0.0185, acc: 0.9904
loss: 0.0136, acc: 0.9931
loss: 0.0111, acc: 0.9946
loss: 0.0093, acc: 0.9955
loss: 0.0102, acc: 0.9943
loss: 0.0104, acc: 0.9942
loss: 0.0117, acc: 0.9942
loss: 0.0106, acc: 0.9948
loss: 0.0110, acc: 0.9947
loss: 0.0143, acc: 0.9941
loss: 0.0156, acc: 0.9940
loss: 0.0150, acc: 0.9940
loss: 0.0148, acc: 0.9940
loss: 0.0147, acc: 0.9940
loss: 0.0141, acc: 0.9944
loss: 0.0140, acc: 0.9940
loss: 0.0177, acc: 0.9936
loss: 0.0169, acc: 0.9939
loss: 0.0175, acc: 0.9933
loss: 0.0172, acc: 0.9936
loss: 0.0191, acc: 0.9933
> val_acc: 0.8607, val_f1: 0.7834
>>>>>>>>>>>>>>>>>>>>>>>>>>>>>>>>>>>>>>>>>>>>>>>>>>>>>>>>>>>>>>>>>>>>>>>>>>>>>>>>>>>>>>>>>>>>>>>>>>>>
epoch: 5
loss: 0.0036, acc: 1.0000
loss: 0.0045, acc: 1.0000
loss: 0.0038, acc: 1.0000
loss: 0.0061, acc: 0.9984
loss: 0.0080, acc: 0.9975
loss: 0.0104, acc: 0.9969
loss: 0.0182, acc: 0.9955
loss: 0.0185, acc: 0.9953
loss: 0.0212, acc: 0.9944
loss: 0.0283, acc: 0.9925
loss: 0.0281, acc: 0.9926
loss: 0.0305, acc: 0.9917
loss: 0.0310, acc: 0.9918
loss: 0.0306, acc: 0.9920
loss: 0.0297, acc: 0.9917
loss: 0.0282, acc: 0.9922
loss: 0.0319, acc: 0.9915
loss: 0.0308, acc: 0.9917
loss: 0.0307, acc: 0.9914
loss: 0.0315, acc: 0.9909
loss: 0.0326, acc: 0.9905
loss: 0.0325, acc: 0.9903
> val_acc: 0.8554, val_f1: 0.7736
>> test_acc: 0.8625, test_f1: 0.7730
>> test_acc: 0.8750, test_f1: 0.8105
>> test_acc: 0.8688, test_f1: 0.8023
>> test_acc: 0.8625, test_f1: 0.7730

>> avg_test_acc: 0.8688, avg_test_f1: 0.7953
>> max_test_acc: 0.8750, max_test_f1: 0.8105
