cuda memory allocated: 499894784
> n_trainable_params: 124647939, n_nontrainable_params: 0
> training arguments:
>>> model_name: roberta
>>> dataset: rest14
>>> optimizer: adam
>>> repeat: 3
>>> lr: 2e-05
>>> l2reg: 0.0001
>>> num_epoch: 100
>>> batch_size: 16
>>> log_step: 10
>>> bert_dim: 768
>>> max_seq_len: 128
>>> polarities_dim: 3
>>> patience: 5
>>> device: cuda
>>> seed: 42
>>> save_model_dir: /media/b115/Backup/NLP
>>>>>>>>>>>>>>>>>>>>>>>>>>>>>>>>>>>>>>>>>>>>>>>>>>>>>>>>>>>>>>>>>>>>>>>>>>>>>>>>>>>>>>>>>>>>>>>>>>>>
epoch: 0
loss: 1.0269, acc: 0.5813
loss: 1.0012, acc: 0.5844
loss: 0.9932, acc: 0.5833
loss: 0.9668, acc: 0.5922
loss: 0.9218, acc: 0.6050
loss: 0.8813, acc: 0.6115
loss: 0.8553, acc: 0.6268
loss: 0.8484, acc: 0.6383
loss: 0.8299, acc: 0.6507
loss: 0.8073, acc: 0.6544
loss: 0.8038, acc: 0.6517
loss: 0.7986, acc: 0.6526
loss: 0.7963, acc: 0.6534
loss: 0.7889, acc: 0.6527
loss: 0.7735, acc: 0.6617
loss: 0.7688, acc: 0.6633
loss: 0.7635, acc: 0.6680
loss: 0.7528, acc: 0.6722
loss: 0.7476, acc: 0.6743
loss: 0.7357, acc: 0.6794
loss: 0.7238, acc: 0.6863
loss: 0.7213, acc: 0.6875
> val_acc: 0.8187, val_f1: 0.7201
>> saved: /media/b115/Backup/NLP/roberta/rest14/acc_0.8187_f1_0.7201_230828-0457.model
>>>>>>>>>>>>>>>>>>>>>>>>>>>>>>>>>>>>>>>>>>>>>>>>>>>>>>>>>>>>>>>>>>>>>>>>>>>>>>>>>>>>>>>>>>>>>>>>>>>>
epoch: 1
loss: 0.5562, acc: 0.8438
loss: 0.4549, acc: 0.8616
loss: 0.4692, acc: 0.8333
loss: 0.4638, acc: 0.8327
loss: 0.4823, acc: 0.8210
loss: 0.4931, acc: 0.8125
loss: 0.4940, acc: 0.8096
loss: 0.5006, acc: 0.8057
loss: 0.4917, acc: 0.8095
loss: 0.4854, acc: 0.8132
loss: 0.4790, acc: 0.8137
loss: 0.4740, acc: 0.8185
loss: 0.4724, acc: 0.8191
loss: 0.4680, acc: 0.8190
loss: 0.4719, acc: 0.8168
loss: 0.4694, acc: 0.8194
loss: 0.4691, acc: 0.8190
loss: 0.4648, acc: 0.8204
loss: 0.4601, acc: 0.8217
loss: 0.4571, acc: 0.8231
loss: 0.4480, acc: 0.8269
loss: 0.4488, acc: 0.8259
loss: 0.4457, acc: 0.8265
> val_acc: 0.8232, val_f1: 0.6663
>> saved: /media/b115/Backup/NLP/roberta/rest14/acc_0.8232_f1_0.6663_230828-0457.model
>>>>>>>>>>>>>>>>>>>>>>>>>>>>>>>>>>>>>>>>>>>>>>>>>>>>>>>>>>>>>>>>>>>>>>>>>>>>>>>>>>>>>>>>>>>>>>>>>>>>
epoch: 2
loss: 0.3810, acc: 0.8359
loss: 0.3139, acc: 0.8681
loss: 0.2881, acc: 0.8884
loss: 0.3072, acc: 0.8832
loss: 0.3092, acc: 0.8815
loss: 0.3151, acc: 0.8772
loss: 0.3085, acc: 0.8833
loss: 0.3037, acc: 0.8822
loss: 0.3034, acc: 0.8842
loss: 0.3034, acc: 0.8846
loss: 0.2991, acc: 0.8866
loss: 0.3032, acc: 0.8840
loss: 0.3058, acc: 0.8804
loss: 0.3082, acc: 0.8809
loss: 0.3064, acc: 0.8826
loss: 0.3035, acc: 0.8833
loss: 0.3041, acc: 0.8836
loss: 0.3065, acc: 0.8838
loss: 0.3008, acc: 0.8853
loss: 0.3010, acc: 0.8851
loss: 0.2973, acc: 0.8873
loss: 0.2977, acc: 0.8879
> val_acc: 0.8625, val_f1: 0.7821
>> saved: /media/b115/Backup/NLP/roberta/rest14/acc_0.8625_f1_0.7821_230828-0458.model
>>>>>>>>>>>>>>>>>>>>>>>>>>>>>>>>>>>>>>>>>>>>>>>>>>>>>>>>>>>>>>>>>>>>>>>>>>>>>>>>>>>>>>>>>>>>>>>>>>>>
epoch: 3
loss: 0.1434, acc: 0.9062
loss: 0.1114, acc: 0.9583
loss: 0.1237, acc: 0.9545
loss: 0.1690, acc: 0.9355
loss: 0.1678, acc: 0.9330
loss: 0.1676, acc: 0.9387
loss: 0.1779, acc: 0.9365
loss: 0.2014, acc: 0.9280
loss: 0.2012, acc: 0.9291
loss: 0.2001, acc: 0.9287
loss: 0.2001, acc: 0.9265
loss: 0.2002, acc: 0.9269
loss: 0.1927, acc: 0.9303
loss: 0.1917, acc: 0.9304
loss: 0.1908, acc: 0.9305
loss: 0.1961, acc: 0.9285
loss: 0.2059, acc: 0.9240
loss: 0.2064, acc: 0.9241
loss: 0.2034, acc: 0.9251
loss: 0.2021, acc: 0.9255
loss: 0.2025, acc: 0.9251
loss: 0.2074, acc: 0.9231
loss: 0.2097, acc: 0.9223
> val_acc: 0.8554, val_f1: 0.7730
>>>>>>>>>>>>>>>>>>>>>>>>>>>>>>>>>>>>>>>>>>>>>>>>>>>>>>>>>>>>>>>>>>>>>>>>>>>>>>>>>>>>>>>>>>>>>>>>>>>>
epoch: 4
loss: 0.1611, acc: 0.9271
loss: 0.1289, acc: 0.9531
loss: 0.1078, acc: 0.9615
loss: 0.1096, acc: 0.9601
loss: 0.1125, acc: 0.9592
loss: 0.1105, acc: 0.9587
loss: 0.1082, acc: 0.9564
loss: 0.1104, acc: 0.9581
loss: 0.1208, acc: 0.9528
loss: 0.1192, acc: 0.9538
loss: 0.1176, acc: 0.9552
loss: 0.1144, acc: 0.9574
loss: 0.1165, acc: 0.9573
loss: 0.1286, acc: 0.9550
loss: 0.1277, acc: 0.9546
loss: 0.1262, acc: 0.9559
loss: 0.1333, acc: 0.9537
loss: 0.1344, acc: 0.9538
loss: 0.1341, acc: 0.9540
loss: 0.1355, acc: 0.9531
loss: 0.1360, acc: 0.9527
loss: 0.1379, acc: 0.9525
loss: 0.1366, acc: 0.9523
> val_acc: 0.8661, val_f1: 0.7972
>> saved: /media/b115/Backup/NLP/roberta/rest14/acc_0.8661_f1_0.7972_230828-0500.model
>>>>>>>>>>>>>>>>>>>>>>>>>>>>>>>>>>>>>>>>>>>>>>>>>>>>>>>>>>>>>>>>>>>>>>>>>>>>>>>>>>>>>>>>>>>>>>>>>>>>
epoch: 5
loss: 0.0724, acc: 0.9750
loss: 0.0614, acc: 0.9812
loss: 0.0910, acc: 0.9750
loss: 0.0814, acc: 0.9781
loss: 0.0816, acc: 0.9788
loss: 0.0941, acc: 0.9740
loss: 0.1046, acc: 0.9696
loss: 0.1000, acc: 0.9688
loss: 0.0980, acc: 0.9694
loss: 0.0994, acc: 0.9688
loss: 0.0951, acc: 0.9693
loss: 0.0925, acc: 0.9698
loss: 0.0941, acc: 0.9702
loss: 0.0962, acc: 0.9688
loss: 0.0920, acc: 0.9700
loss: 0.0923, acc: 0.9703
loss: 0.0895, acc: 0.9710
loss: 0.0911, acc: 0.9701
loss: 0.0917, acc: 0.9701
loss: 0.0994, acc: 0.9678
loss: 0.0971, acc: 0.9690
loss: 0.0990, acc: 0.9688
> val_acc: 0.8598, val_f1: 0.7702
>>>>>>>>>>>>>>>>>>>>>>>>>>>>>>>>>>>>>>>>>>>>>>>>>>>>>>>>>>>>>>>>>>>>>>>>>>>>>>>>>>>>>>>>>>>>>>>>>>>>
epoch: 6
loss: 0.0498, acc: 1.0000
loss: 0.0871, acc: 0.9732
loss: 0.0828, acc: 0.9766
loss: 0.0736, acc: 0.9779
loss: 0.0696, acc: 0.9773
loss: 0.0659, acc: 0.9780
loss: 0.0666, acc: 0.9795
loss: 0.0612, acc: 0.9814
loss: 0.0566, acc: 0.9829
loss: 0.0546, acc: 0.9840
loss: 0.0522, acc: 0.9838
loss: 0.0542, acc: 0.9836
loss: 0.0585, acc: 0.9819
loss: 0.0557, acc: 0.9827
loss: 0.0589, acc: 0.9813
loss: 0.0595, acc: 0.9813
loss: 0.0633, acc: 0.9790
loss: 0.0626, acc: 0.9788
loss: 0.0638, acc: 0.9783
loss: 0.0692, acc: 0.9774
loss: 0.0715, acc: 0.9770
loss: 0.0743, acc: 0.9755
loss: 0.0761, acc: 0.9746
> val_acc: 0.8571, val_f1: 0.7670
>>>>>>>>>>>>>>>>>>>>>>>>>>>>>>>>>>>>>>>>>>>>>>>>>>>>>>>>>>>>>>>>>>>>>>>>>>>>>>>>>>>>>>>>>>>>>>>>>>>>
epoch: 7
loss: 0.0978, acc: 0.9609
loss: 0.0659, acc: 0.9757
loss: 0.0484, acc: 0.9844
loss: 0.0492, acc: 0.9819
loss: 0.0510, acc: 0.9792
loss: 0.0497, acc: 0.9806
loss: 0.0473, acc: 0.9816
loss: 0.0474, acc: 0.9816
loss: 0.0493, acc: 0.9830
loss: 0.0475, acc: 0.9834
loss: 0.0487, acc: 0.9826
loss: 0.0530, acc: 0.9820
loss: 0.0540, acc: 0.9810
loss: 0.0568, acc: 0.9796
loss: 0.0571, acc: 0.9789
loss: 0.0599, acc: 0.9778
loss: 0.0607, acc: 0.9784
loss: 0.0641, acc: 0.9772
loss: 0.0660, acc: 0.9767
loss: 0.0692, acc: 0.9754
loss: 0.0711, acc: 0.9742
loss: 0.0754, acc: 0.9725
> val_acc: 0.8554, val_f1: 0.7856
>>>>>>>>>>>>>>>>>>>>>>>>>>>>>>>>>>>>>>>>>>>>>>>>>>>>>>>>>>>>>>>>>>>>>>>>>>>>>>>>>>>>>>>>>>>>>>>>>>>>
epoch: 8
loss: 0.0916, acc: 0.9688
loss: 0.0506, acc: 0.9740
loss: 0.0682, acc: 0.9716
loss: 0.0802, acc: 0.9668
loss: 0.0708, acc: 0.9717
loss: 0.0708, acc: 0.9736
loss: 0.0846, acc: 0.9708
loss: 0.0910, acc: 0.9688
loss: 0.0905, acc: 0.9710
loss: 0.0873, acc: 0.9721
loss: 0.0866, acc: 0.9724
loss: 0.0829, acc: 0.9732
loss: 0.0787, acc: 0.9744
loss: 0.0777, acc: 0.9744
loss: 0.0746, acc: 0.9749
loss: 0.0724, acc: 0.9757
loss: 0.0724, acc: 0.9761
loss: 0.0724, acc: 0.9760
loss: 0.0713, acc: 0.9760
loss: 0.0696, acc: 0.9766
loss: 0.0688, acc: 0.9768
loss: 0.0668, acc: 0.9776
loss: 0.0653, acc: 0.9780
> val_acc: 0.8670, val_f1: 0.7944
>> saved: /media/b115/Backup/NLP/roberta/rest14/acc_0.867_f1_0.7944_230828-0502.model
>>>>>>>>>>>>>>>>>>>>>>>>>>>>>>>>>>>>>>>>>>>>>>>>>>>>>>>>>>>>>>>>>>>>>>>>>>>>>>>>>>>>>>>>>>>>>>>>>>>>
epoch: 9
loss: 0.0203, acc: 1.0000
loss: 0.0429, acc: 0.9883
loss: 0.0402, acc: 0.9880
loss: 0.0429, acc: 0.9861
loss: 0.0430, acc: 0.9851
loss: 0.0611, acc: 0.9810
loss: 0.0642, acc: 0.9792
loss: 0.0639, acc: 0.9794
loss: 0.0627, acc: 0.9797
loss: 0.0696, acc: 0.9766
loss: 0.0695, acc: 0.9758
loss: 0.0681, acc: 0.9763
loss: 0.0711, acc: 0.9747
loss: 0.0730, acc: 0.9743
loss: 0.0724, acc: 0.9747
loss: 0.0730, acc: 0.9744
loss: 0.0705, acc: 0.9752
loss: 0.0677, acc: 0.9766
loss: 0.0668, acc: 0.9775
loss: 0.0681, acc: 0.9774
loss: 0.0674, acc: 0.9775
loss: 0.0659, acc: 0.9780
loss: 0.0659, acc: 0.9784
> val_acc: 0.8607, val_f1: 0.7830
>>>>>>>>>>>>>>>>>>>>>>>>>>>>>>>>>>>>>>>>>>>>>>>>>>>>>>>>>>>>>>>>>>>>>>>>>>>>>>>>>>>>>>>>>>>>>>>>>>>>
epoch: 10
loss: 0.0585, acc: 0.9938
loss: 0.0486, acc: 0.9938
loss: 0.0352, acc: 0.9958
loss: 0.0308, acc: 0.9953
loss: 0.0293, acc: 0.9938
loss: 0.0282, acc: 0.9948
loss: 0.0321, acc: 0.9929
loss: 0.0313, acc: 0.9930
loss: 0.0286, acc: 0.9938
loss: 0.0305, acc: 0.9925
loss: 0.0403, acc: 0.9892
loss: 0.0545, acc: 0.9865
loss: 0.0556, acc: 0.9851
loss: 0.0582, acc: 0.9835
loss: 0.0571, acc: 0.9833
loss: 0.0621, acc: 0.9824
loss: 0.0644, acc: 0.9809
loss: 0.0625, acc: 0.9816
loss: 0.0612, acc: 0.9819
loss: 0.0589, acc: 0.9825
loss: 0.0581, acc: 0.9824
loss: 0.0578, acc: 0.9824
> val_acc: 0.8634, val_f1: 0.7801
>>>>>>>>>>>>>>>>>>>>>>>>>>>>>>>>>>>>>>>>>>>>>>>>>>>>>>>>>>>>>>>>>>>>>>>>>>>>>>>>>>>>>>>>>>>>>>>>>>>>
epoch: 11
loss: 0.0550, acc: 0.9844
loss: 0.0259, acc: 0.9911
loss: 0.0173, acc: 0.9948
loss: 0.0145, acc: 0.9963
loss: 0.0139, acc: 0.9972
loss: 0.0143, acc: 0.9965
loss: 0.0128, acc: 0.9971
loss: 0.0138, acc: 0.9966
loss: 0.0175, acc: 0.9963
loss: 0.0189, acc: 0.9953
loss: 0.0192, acc: 0.9952
loss: 0.0181, acc: 0.9956
loss: 0.0173, acc: 0.9960
loss: 0.0218, acc: 0.9949
loss: 0.0247, acc: 0.9939
loss: 0.0261, acc: 0.9935
loss: 0.0265, acc: 0.9931
loss: 0.0262, acc: 0.9932
loss: 0.0269, acc: 0.9929
loss: 0.0266, acc: 0.9926
loss: 0.0283, acc: 0.9923
loss: 0.0278, acc: 0.9924
loss: 0.0292, acc: 0.9916
> val_acc: 0.8705, val_f1: 0.8042
>> saved: /media/b115/Backup/NLP/roberta/rest14/acc_0.8705_f1_0.8042_230828-0505.model
>>>>>>>>>>>>>>>>>>>>>>>>>>>>>>>>>>>>>>>>>>>>>>>>>>>>>>>>>>>>>>>>>>>>>>>>>>>>>>>>>>>>>>>>>>>>>>>>>>>>
epoch: 12
loss: 0.0106, acc: 1.0000
loss: 0.0290, acc: 0.9931
loss: 0.0252, acc: 0.9933
loss: 0.0211, acc: 0.9951
loss: 0.0297, acc: 0.9922
loss: 0.0256, acc: 0.9935
loss: 0.0229, acc: 0.9945
loss: 0.0238, acc: 0.9936
loss: 0.0222, acc: 0.9936
loss: 0.0218, acc: 0.9936
loss: 0.0226, acc: 0.9936
loss: 0.0255, acc: 0.9931
loss: 0.0244, acc: 0.9937
loss: 0.0256, acc: 0.9923
loss: 0.0266, acc: 0.9920
loss: 0.0295, acc: 0.9909
loss: 0.0283, acc: 0.9911
loss: 0.0291, acc: 0.9909
loss: 0.0278, acc: 0.9914
loss: 0.0267, acc: 0.9918
loss: 0.0268, acc: 0.9916
loss: 0.0270, acc: 0.9914
> val_acc: 0.8768, val_f1: 0.8163
>> saved: /media/b115/Backup/NLP/roberta/rest14/acc_0.8768_f1_0.8163_230828-0505.model
>>>>>>>>>>>>>>>>>>>>>>>>>>>>>>>>>>>>>>>>>>>>>>>>>>>>>>>>>>>>>>>>>>>>>>>>>>>>>>>>>>>>>>>>>>>>>>>>>>>>
epoch: 13
loss: 0.0166, acc: 1.0000
loss: 0.0103, acc: 1.0000
loss: 0.0095, acc: 1.0000
loss: 0.0169, acc: 0.9941
loss: 0.0170, acc: 0.9926
loss: 0.0172, acc: 0.9916
loss: 0.0226, acc: 0.9909
loss: 0.0279, acc: 0.9878
loss: 0.0267, acc: 0.9886
loss: 0.0296, acc: 0.9878
loss: 0.0330, acc: 0.9877
loss: 0.0325, acc: 0.9883
loss: 0.0368, acc: 0.9872
loss: 0.0369, acc: 0.9872
loss: 0.0361, acc: 0.9877
loss: 0.0353, acc: 0.9881
loss: 0.0357, acc: 0.9880
loss: 0.0362, acc: 0.9873
loss: 0.0373, acc: 0.9870
loss: 0.0387, acc: 0.9867
loss: 0.0387, acc: 0.9867
loss: 0.0391, acc: 0.9867
loss: 0.0384, acc: 0.9868
> val_acc: 0.8625, val_f1: 0.7872
>>>>>>>>>>>>>>>>>>>>>>>>>>>>>>>>>>>>>>>>>>>>>>>>>>>>>>>>>>>>>>>>>>>>>>>>>>>>>>>>>>>>>>>>>>>>>>>>>>>>
epoch: 14
loss: 0.0071, acc: 1.0000
loss: 0.0296, acc: 0.9961
loss: 0.0299, acc: 0.9928
loss: 0.0292, acc: 0.9913
loss: 0.0283, acc: 0.9891
loss: 0.0351, acc: 0.9855
loss: 0.0358, acc: 0.9867
loss: 0.0333, acc: 0.9877
loss: 0.0319, acc: 0.9884
loss: 0.0314, acc: 0.9883
loss: 0.0353, acc: 0.9870
loss: 0.0362, acc: 0.9876
loss: 0.0355, acc: 0.9876
loss: 0.0353, acc: 0.9876
loss: 0.0356, acc: 0.9867
loss: 0.0343, acc: 0.9872
loss: 0.0331, acc: 0.9876
loss: 0.0333, acc: 0.9872
loss: 0.0339, acc: 0.9876
loss: 0.0343, acc: 0.9876
loss: 0.0353, acc: 0.9863
loss: 0.0347, acc: 0.9867
loss: 0.0360, acc: 0.9859
> val_acc: 0.8536, val_f1: 0.7756
>>>>>>>>>>>>>>>>>>>>>>>>>>>>>>>>>>>>>>>>>>>>>>>>>>>>>>>>>>>>>>>>>>>>>>>>>>>>>>>>>>>>>>>>>>>>>>>>>>>>
epoch: 15
loss: 0.0531, acc: 0.9688
loss: 0.0599, acc: 0.9750
loss: 0.0705, acc: 0.9771
loss: 0.0688, acc: 0.9766
loss: 0.0660, acc: 0.9762
loss: 0.0577, acc: 0.9802
loss: 0.0559, acc: 0.9786
loss: 0.0527, acc: 0.9797
loss: 0.0473, acc: 0.9819
loss: 0.0451, acc: 0.9819
loss: 0.0464, acc: 0.9824
loss: 0.0479, acc: 0.9807
loss: 0.0452, acc: 0.9822
loss: 0.0468, acc: 0.9808
loss: 0.0453, acc: 0.9817
loss: 0.0449, acc: 0.9816
loss: 0.0433, acc: 0.9824
loss: 0.0436, acc: 0.9816
loss: 0.0465, acc: 0.9812
loss: 0.0447, acc: 0.9819
loss: 0.0463, acc: 0.9815
loss: 0.0455, acc: 0.9815
> val_acc: 0.8679, val_f1: 0.7911
>>>>>>>>>>>>>>>>>>>>>>>>>>>>>>>>>>>>>>>>>>>>>>>>>>>>>>>>>>>>>>>>>>>>>>>>>>>>>>>>>>>>>>>>>>>>>>>>>>>>
epoch: 16
loss: 0.0060, acc: 1.0000
loss: 0.0360, acc: 0.9911
loss: 0.0291, acc: 0.9896
loss: 0.0275, acc: 0.9908
loss: 0.0251, acc: 0.9915
loss: 0.0256, acc: 0.9907
loss: 0.0277, acc: 0.9902
loss: 0.0354, acc: 0.9890
loss: 0.0353, acc: 0.9881
loss: 0.0334, acc: 0.9887
loss: 0.0339, acc: 0.9880
loss: 0.0313, acc: 0.9890
loss: 0.0318, acc: 0.9889
loss: 0.0299, acc: 0.9897
loss: 0.0295, acc: 0.9896
loss: 0.0295, acc: 0.9894
loss: 0.0285, acc: 0.9897
loss: 0.0279, acc: 0.9896
loss: 0.0273, acc: 0.9898
loss: 0.0271, acc: 0.9900
loss: 0.0265, acc: 0.9902
loss: 0.0261, acc: 0.9901
loss: 0.0260, acc: 0.9902
> val_acc: 0.8750, val_f1: 0.8114
>>>>>>>>>>>>>>>>>>>>>>>>>>>>>>>>>>>>>>>>>>>>>>>>>>>>>>>>>>>>>>>>>>>>>>>>>>>>>>>>>>>>>>>>>>>>>>>>>>>>
epoch: 17
loss: 0.0106, acc: 1.0000
loss: 0.0092, acc: 1.0000
loss: 0.0111, acc: 0.9978
loss: 0.0089, acc: 0.9984
loss: 0.0074, acc: 0.9987
loss: 0.0078, acc: 0.9978
loss: 0.0105, acc: 0.9954
loss: 0.0097, acc: 0.9960
loss: 0.0116, acc: 0.9957
loss: 0.0154, acc: 0.9936
loss: 0.0173, acc: 0.9931
loss: 0.0192, acc: 0.9926
loss: 0.0201, acc: 0.9922
loss: 0.0230, acc: 0.9923
loss: 0.0230, acc: 0.9924
loss: 0.0237, acc: 0.9917
loss: 0.0240, acc: 0.9918
loss: 0.0231, acc: 0.9923
loss: 0.0240, acc: 0.9924
loss: 0.0251, acc: 0.9915
loss: 0.0242, acc: 0.9919
loss: 0.0276, acc: 0.9911
> val_acc: 0.8634, val_f1: 0.7797
>> test_acc: 0.8768, test_f1: 0.8163
cuda memory allocated: 2558812672
> n_trainable_params: 124647939, n_nontrainable_params: 0
> training arguments:
>>> model_name: roberta
>>> dataset: rest14
>>> optimizer: adam
>>> repeat: 3
>>> lr: 2e-05
>>> l2reg: 0.0001
>>> num_epoch: 100
>>> batch_size: 16
>>> log_step: 10
>>> bert_dim: 768
>>> max_seq_len: 128
>>> polarities_dim: 3
>>> patience: 5
>>> device: cuda
>>> seed: 42
>>> save_model_dir: /media/b115/Backup/NLP
>>>>>>>>>>>>>>>>>>>>>>>>>>>>>>>>>>>>>>>>>>>>>>>>>>>>>>>>>>>>>>>>>>>>>>>>>>>>>>>>>>>>>>>>>>>>>>>>>>>>
epoch: 0
loss: 1.0119, acc: 0.6062
loss: 1.0069, acc: 0.5875
loss: 0.9646, acc: 0.5958
loss: 0.9141, acc: 0.6109
loss: 0.8853, acc: 0.6288
loss: 0.8727, acc: 0.6375
loss: 0.8681, acc: 0.6455
loss: 0.8551, acc: 0.6539
loss: 0.8334, acc: 0.6632
loss: 0.8182, acc: 0.6687
loss: 0.7967, acc: 0.6784
loss: 0.7855, acc: 0.6828
loss: 0.7762, acc: 0.6851
loss: 0.7714, acc: 0.6875
loss: 0.7656, acc: 0.6879
loss: 0.7535, acc: 0.6945
loss: 0.7438, acc: 0.6982
loss: 0.7307, acc: 0.7042
loss: 0.7229, acc: 0.7066
loss: 0.7112, acc: 0.7100
loss: 0.7000, acc: 0.7152
loss: 0.6962, acc: 0.7165
> val_acc: 0.8482, val_f1: 0.7590
>> saved: /media/b115/Backup/NLP/roberta/rest14/acc_0.8482_f1_0.759_230828-0510.model
>>>>>>>>>>>>>>>>>>>>>>>>>>>>>>>>>>>>>>>>>>>>>>>>>>>>>>>>>>>>>>>>>>>>>>>>>>>>>>>>>>>>>>>>>>>>>>>>>>>>
epoch: 1
loss: 0.3434, acc: 0.9062
loss: 0.4413, acc: 0.8036
loss: 0.4365, acc: 0.8255
loss: 0.4658, acc: 0.8199
loss: 0.4789, acc: 0.8125
loss: 0.4747, acc: 0.8160
loss: 0.4795, acc: 0.8154
loss: 0.4719, acc: 0.8201
loss: 0.4828, acc: 0.8185
loss: 0.4719, acc: 0.8218
loss: 0.4611, acc: 0.8251
loss: 0.4520, acc: 0.8257
loss: 0.4513, acc: 0.8256
loss: 0.4562, acc: 0.8237
loss: 0.4539, acc: 0.8242
loss: 0.4513, acc: 0.8239
loss: 0.4451, acc: 0.8262
loss: 0.4420, acc: 0.8272
loss: 0.4391, acc: 0.8285
loss: 0.4322, acc: 0.8318
loss: 0.4289, acc: 0.8339
loss: 0.4304, acc: 0.8318
loss: 0.4268, acc: 0.8340
> val_acc: 0.8455, val_f1: 0.7438
>>>>>>>>>>>>>>>>>>>>>>>>>>>>>>>>>>>>>>>>>>>>>>>>>>>>>>>>>>>>>>>>>>>>>>>>>>>>>>>>>>>>>>>>>>>>>>>>>>>>
epoch: 2
loss: 0.2806, acc: 0.8984
loss: 0.3113, acc: 0.8750
loss: 0.2935, acc: 0.8884
loss: 0.2986, acc: 0.8849
loss: 0.2915, acc: 0.8893
loss: 0.2870, acc: 0.8933
loss: 0.2955, acc: 0.8934
loss: 0.2841, acc: 0.8974
loss: 0.2816, acc: 0.8977
loss: 0.2774, acc: 0.8992
loss: 0.2757, acc: 0.9016
loss: 0.2688, acc: 0.9052
loss: 0.2649, acc: 0.9077
loss: 0.2685, acc: 0.9058
loss: 0.2647, acc: 0.9071
loss: 0.2634, acc: 0.9082
loss: 0.2573, acc: 0.9092
loss: 0.2606, acc: 0.9077
loss: 0.2579, acc: 0.9076
loss: 0.2633, acc: 0.9040
loss: 0.2700, acc: 0.9014
loss: 0.2680, acc: 0.9019
> val_acc: 0.8411, val_f1: 0.7327
>>>>>>>>>>>>>>>>>>>>>>>>>>>>>>>>>>>>>>>>>>>>>>>>>>>>>>>>>>>>>>>>>>>>>>>>>>>>>>>>>>>>>>>>>>>>>>>>>>>>
epoch: 3
loss: 0.1882, acc: 0.9062
loss: 0.2675, acc: 0.8958
loss: 0.2096, acc: 0.9261
loss: 0.2287, acc: 0.9180
loss: 0.2146, acc: 0.9196
loss: 0.2198, acc: 0.9123
loss: 0.2128, acc: 0.9133
loss: 0.2043, acc: 0.9193
loss: 0.2015, acc: 0.9215
loss: 0.1969, acc: 0.9219
loss: 0.1967, acc: 0.9228
loss: 0.1926, acc: 0.9247
loss: 0.1954, acc: 0.9232
loss: 0.1958, acc: 0.9233
loss: 0.1942, acc: 0.9234
loss: 0.1953, acc: 0.9235
loss: 0.1952, acc: 0.9240
loss: 0.1967, acc: 0.9230
loss: 0.1994, acc: 0.9220
loss: 0.1979, acc: 0.9219
loss: 0.1956, acc: 0.9220
loss: 0.1939, acc: 0.9233
loss: 0.1947, acc: 0.9231
> val_acc: 0.8438, val_f1: 0.7508
>>>>>>>>>>>>>>>>>>>>>>>>>>>>>>>>>>>>>>>>>>>>>>>>>>>>>>>>>>>>>>>>>>>>>>>>>>>>>>>>>>>>>>>>>>>>>>>>>>>>
epoch: 4
loss: 0.1517, acc: 0.9688
loss: 0.1689, acc: 0.9570
loss: 0.1756, acc: 0.9447
loss: 0.1621, acc: 0.9531
loss: 0.1551, acc: 0.9538
loss: 0.1524, acc: 0.9520
loss: 0.1477, acc: 0.9517
loss: 0.1420, acc: 0.9539
loss: 0.1443, acc: 0.9542
loss: 0.1505, acc: 0.9531
loss: 0.1461, acc: 0.9546
loss: 0.1443, acc: 0.9542
loss: 0.1408, acc: 0.9534
loss: 0.1413, acc: 0.9531
loss: 0.1425, acc: 0.9538
loss: 0.1418, acc: 0.9543
loss: 0.1388, acc: 0.9556
loss: 0.1392, acc: 0.9556
loss: 0.1366, acc: 0.9567
loss: 0.1383, acc: 0.9563
loss: 0.1398, acc: 0.9551
loss: 0.1397, acc: 0.9546
loss: 0.1392, acc: 0.9545
> val_acc: 0.8580, val_f1: 0.7800
>> saved: /media/b115/Backup/NLP/roberta/rest14/acc_0.858_f1_0.78_230828-0513.model
>>>>>>>>>>>>>>>>>>>>>>>>>>>>>>>>>>>>>>>>>>>>>>>>>>>>>>>>>>>>>>>>>>>>>>>>>>>>>>>>>>>>>>>>>>>>>>>>>>>>
epoch: 5
loss: 0.0797, acc: 0.9688
loss: 0.0933, acc: 0.9688
loss: 0.0878, acc: 0.9688
loss: 0.0773, acc: 0.9719
loss: 0.0740, acc: 0.9738
loss: 0.0673, acc: 0.9760
loss: 0.0681, acc: 0.9759
loss: 0.0757, acc: 0.9742
loss: 0.0737, acc: 0.9757
loss: 0.0770, acc: 0.9731
loss: 0.0763, acc: 0.9739
loss: 0.0783, acc: 0.9745
loss: 0.0777, acc: 0.9745
loss: 0.0836, acc: 0.9732
loss: 0.0824, acc: 0.9733
loss: 0.0862, acc: 0.9715
loss: 0.0879, acc: 0.9713
loss: 0.0892, acc: 0.9705
loss: 0.0933, acc: 0.9697
loss: 0.0967, acc: 0.9678
loss: 0.0960, acc: 0.9679
loss: 0.0973, acc: 0.9673
> val_acc: 0.8688, val_f1: 0.8016
>> saved: /media/b115/Backup/NLP/roberta/rest14/acc_0.8688_f1_0.8016_230828-0513.model
>>>>>>>>>>>>>>>>>>>>>>>>>>>>>>>>>>>>>>>>>>>>>>>>>>>>>>>>>>>>>>>>>>>>>>>>>>>>>>>>>>>>>>>>>>>>>>>>>>>>
epoch: 6
loss: 0.0561, acc: 0.9844
loss: 0.1212, acc: 0.9643
loss: 0.0931, acc: 0.9740
loss: 0.0917, acc: 0.9743
loss: 0.0833, acc: 0.9773
loss: 0.0828, acc: 0.9769
loss: 0.0869, acc: 0.9736
loss: 0.0988, acc: 0.9671
loss: 0.1062, acc: 0.9643
loss: 0.1165, acc: 0.9614
loss: 0.1183, acc: 0.9603
loss: 0.1159, acc: 0.9611
loss: 0.1159, acc: 0.9607
loss: 0.1141, acc: 0.9613
loss: 0.1118, acc: 0.9627
loss: 0.1129, acc: 0.9631
loss: 0.1117, acc: 0.9634
loss: 0.1071, acc: 0.9652
loss: 0.1021, acc: 0.9667
loss: 0.1031, acc: 0.9662
loss: 0.1044, acc: 0.9660
loss: 0.1074, acc: 0.9641
loss: 0.1059, acc: 0.9648
> val_acc: 0.8688, val_f1: 0.8004
>>>>>>>>>>>>>>>>>>>>>>>>>>>>>>>>>>>>>>>>>>>>>>>>>>>>>>>>>>>>>>>>>>>>>>>>>>>>>>>>>>>>>>>>>>>>>>>>>>>>
epoch: 7
loss: 0.0337, acc: 1.0000
loss: 0.0298, acc: 0.9931
loss: 0.0402, acc: 0.9911
loss: 0.0445, acc: 0.9901
loss: 0.0481, acc: 0.9896
loss: 0.0473, acc: 0.9892
loss: 0.0518, acc: 0.9862
loss: 0.0520, acc: 0.9864
loss: 0.0501, acc: 0.9865
loss: 0.0562, acc: 0.9853
loss: 0.0572, acc: 0.9855
loss: 0.0598, acc: 0.9846
loss: 0.0687, acc: 0.9810
loss: 0.0693, acc: 0.9810
loss: 0.0694, acc: 0.9806
loss: 0.0717, acc: 0.9794
loss: 0.0726, acc: 0.9788
loss: 0.0701, acc: 0.9796
loss: 0.0685, acc: 0.9797
loss: 0.0692, acc: 0.9795
loss: 0.0676, acc: 0.9799
loss: 0.0704, acc: 0.9791
> val_acc: 0.8714, val_f1: 0.8077
>> saved: /media/b115/Backup/NLP/roberta/rest14/acc_0.8714_f1_0.8077_230828-0515.model
>>>>>>>>>>>>>>>>>>>>>>>>>>>>>>>>>>>>>>>>>>>>>>>>>>>>>>>>>>>>>>>>>>>>>>>>>>>>>>>>>>>>>>>>>>>>>>>>>>>>
epoch: 8
loss: 0.0325, acc: 1.0000
loss: 0.0328, acc: 0.9948
loss: 0.0271, acc: 0.9943
loss: 0.0250, acc: 0.9922
loss: 0.0297, acc: 0.9881
loss: 0.0366, acc: 0.9856
loss: 0.0341, acc: 0.9869
loss: 0.0390, acc: 0.9852
loss: 0.0354, acc: 0.9870
loss: 0.0337, acc: 0.9878
loss: 0.0377, acc: 0.9859
loss: 0.0390, acc: 0.9860
loss: 0.0423, acc: 0.9846
loss: 0.0516, acc: 0.9830
loss: 0.0555, acc: 0.9811
loss: 0.0580, acc: 0.9803
loss: 0.0628, acc: 0.9792
loss: 0.0620, acc: 0.9793
loss: 0.0609, acc: 0.9791
loss: 0.0601, acc: 0.9795
loss: 0.0601, acc: 0.9796
loss: 0.0592, acc: 0.9802
loss: 0.0591, acc: 0.9806
> val_acc: 0.8661, val_f1: 0.7989
>>>>>>>>>>>>>>>>>>>>>>>>>>>>>>>>>>>>>>>>>>>>>>>>>>>>>>>>>>>>>>>>>>>>>>>>>>>>>>>>>>>>>>>>>>>>>>>>>>>>
epoch: 9
loss: 0.0334, acc: 0.9896
loss: 0.0437, acc: 0.9883
loss: 0.0438, acc: 0.9904
loss: 0.0479, acc: 0.9896
loss: 0.0522, acc: 0.9864
loss: 0.0488, acc: 0.9877
loss: 0.0440, acc: 0.9886
loss: 0.0392, acc: 0.9901
loss: 0.0370, acc: 0.9906
loss: 0.0352, acc: 0.9909
loss: 0.0444, acc: 0.9894
loss: 0.0451, acc: 0.9881
loss: 0.0467, acc: 0.9871
loss: 0.0460, acc: 0.9871
loss: 0.0479, acc: 0.9859
loss: 0.0511, acc: 0.9852
loss: 0.0516, acc: 0.9849
loss: 0.0510, acc: 0.9854
loss: 0.0499, acc: 0.9852
loss: 0.0486, acc: 0.9857
loss: 0.0469, acc: 0.9863
loss: 0.0467, acc: 0.9864
loss: 0.0483, acc: 0.9856
> val_acc: 0.8670, val_f1: 0.7942
>>>>>>>>>>>>>>>>>>>>>>>>>>>>>>>>>>>>>>>>>>>>>>>>>>>>>>>>>>>>>>>>>>>>>>>>>>>>>>>>>>>>>>>>>>>>>>>>>>>>
epoch: 10
loss: 0.0354, acc: 0.9938
loss: 0.0374, acc: 0.9906
loss: 0.0392, acc: 0.9875
loss: 0.0439, acc: 0.9891
loss: 0.0377, acc: 0.9912
loss: 0.0397, acc: 0.9896
loss: 0.0399, acc: 0.9884
loss: 0.0440, acc: 0.9867
loss: 0.0428, acc: 0.9875
loss: 0.0439, acc: 0.9869
loss: 0.0491, acc: 0.9852
loss: 0.0504, acc: 0.9849
loss: 0.0508, acc: 0.9851
loss: 0.0507, acc: 0.9844
loss: 0.0554, acc: 0.9833
loss: 0.0527, acc: 0.9844
loss: 0.0542, acc: 0.9846
loss: 0.0558, acc: 0.9833
loss: 0.0560, acc: 0.9829
loss: 0.0547, acc: 0.9834
loss: 0.0601, acc: 0.9818
loss: 0.0592, acc: 0.9818
> val_acc: 0.8554, val_f1: 0.7926
>>>>>>>>>>>>>>>>>>>>>>>>>>>>>>>>>>>>>>>>>>>>>>>>>>>>>>>>>>>>>>>>>>>>>>>>>>>>>>>>>>>>>>>>>>>>>>>>>>>>
epoch: 11
loss: 0.1320, acc: 0.9688
loss: 0.1029, acc: 0.9732
loss: 0.0675, acc: 0.9818
loss: 0.0629, acc: 0.9816
loss: 0.0544, acc: 0.9830
loss: 0.0528, acc: 0.9826
loss: 0.0486, acc: 0.9844
loss: 0.0471, acc: 0.9848
loss: 0.0430, acc: 0.9859
loss: 0.0559, acc: 0.9807
loss: 0.0523, acc: 0.9820
loss: 0.0502, acc: 0.9825
loss: 0.0468, acc: 0.9839
loss: 0.0557, acc: 0.9823
loss: 0.0546, acc: 0.9822
loss: 0.0525, acc: 0.9830
loss: 0.0511, acc: 0.9832
loss: 0.0520, acc: 0.9828
loss: 0.0550, acc: 0.9823
loss: 0.0575, acc: 0.9813
loss: 0.0593, acc: 0.9804
loss: 0.0586, acc: 0.9804
loss: 0.0568, acc: 0.9810
> val_acc: 0.8536, val_f1: 0.7786
>>>>>>>>>>>>>>>>>>>>>>>>>>>>>>>>>>>>>>>>>>>>>>>>>>>>>>>>>>>>>>>>>>>>>>>>>>>>>>>>>>>>>>>>>>>>>>>>>>>>
epoch: 12
loss: 0.0575, acc: 0.9844
loss: 0.0603, acc: 0.9757
loss: 0.0445, acc: 0.9821
loss: 0.0396, acc: 0.9852
loss: 0.0357, acc: 0.9870
loss: 0.0326, acc: 0.9892
loss: 0.0406, acc: 0.9881
loss: 0.0434, acc: 0.9872
loss: 0.0427, acc: 0.9865
loss: 0.0462, acc: 0.9853
loss: 0.0533, acc: 0.9821
loss: 0.0501, acc: 0.9836
loss: 0.0505, acc: 0.9834
loss: 0.0487, acc: 0.9841
loss: 0.0489, acc: 0.9840
loss: 0.0471, acc: 0.9846
loss: 0.0461, acc: 0.9847
loss: 0.0480, acc: 0.9838
loss: 0.0465, acc: 0.9844
loss: 0.0472, acc: 0.9848
loss: 0.0464, acc: 0.9853
loss: 0.0469, acc: 0.9848
> val_acc: 0.8652, val_f1: 0.7915
>> test_acc: 0.8714, test_f1: 0.8077
cuda memory allocated: 2569167360
> n_trainable_params: 124647939, n_nontrainable_params: 0
> training arguments:
>>> model_name: roberta
>>> dataset: rest14
>>> optimizer: adam
>>> repeat: 3
>>> lr: 2e-05
>>> l2reg: 0.0001
>>> num_epoch: 100
>>> batch_size: 16
>>> log_step: 10
>>> bert_dim: 768
>>> max_seq_len: 128
>>> polarities_dim: 3
>>> patience: 5
>>> device: cuda
>>> seed: 42
>>> save_model_dir: /media/b115/Backup/NLP
>>>>>>>>>>>>>>>>>>>>>>>>>>>>>>>>>>>>>>>>>>>>>>>>>>>>>>>>>>>>>>>>>>>>>>>>>>>>>>>>>>>>>>>>>>>>>>>>>>>>
epoch: 0
loss: 1.0283, acc: 0.5375
loss: 0.9638, acc: 0.6031
loss: 0.9793, acc: 0.5854
loss: 0.9779, acc: 0.5828
loss: 0.9672, acc: 0.5787
loss: 0.9348, acc: 0.5802
loss: 0.9177, acc: 0.5982
loss: 0.8916, acc: 0.6109
loss: 0.8751, acc: 0.6222
loss: 0.8559, acc: 0.6325
loss: 0.8298, acc: 0.6460
loss: 0.8140, acc: 0.6562
loss: 0.8049, acc: 0.6615
loss: 0.7990, acc: 0.6656
loss: 0.7904, acc: 0.6679
loss: 0.7859, acc: 0.6711
loss: 0.7792, acc: 0.6743
loss: 0.7703, acc: 0.6774
loss: 0.7593, acc: 0.6849
loss: 0.7473, acc: 0.6903
loss: 0.7419, acc: 0.6923
loss: 0.7325, acc: 0.6974
> val_acc: 0.8045, val_f1: 0.6804
>> saved: /media/b115/Backup/NLP/roberta/rest14/acc_0.8045_f1_0.6804_230828-0519.model
>>>>>>>>>>>>>>>>>>>>>>>>>>>>>>>>>>>>>>>>>>>>>>>>>>>>>>>>>>>>>>>>>>>>>>>>>>>>>>>>>>>>>>>>>>>>>>>>>>>>
epoch: 1
loss: 0.4820, acc: 0.8281
loss: 0.4241, acc: 0.8348
loss: 0.4858, acc: 0.8151
loss: 0.5013, acc: 0.8070
loss: 0.5062, acc: 0.8082
loss: 0.4967, acc: 0.8079
loss: 0.4971, acc: 0.8086
loss: 0.4957, acc: 0.8074
loss: 0.4868, acc: 0.8103
loss: 0.4848, acc: 0.8105
loss: 0.4758, acc: 0.8137
loss: 0.4734, acc: 0.8158
loss: 0.4725, acc: 0.8175
loss: 0.4742, acc: 0.8162
loss: 0.4735, acc: 0.8164
loss: 0.4709, acc: 0.8166
loss: 0.4649, acc: 0.8201
loss: 0.4585, acc: 0.8244
loss: 0.4542, acc: 0.8251
loss: 0.4500, acc: 0.8254
loss: 0.4543, acc: 0.8223
loss: 0.4526, acc: 0.8218
loss: 0.4489, acc: 0.8239
> val_acc: 0.8375, val_f1: 0.7248
>> saved: /media/b115/Backup/NLP/roberta/rest14/acc_0.8375_f1_0.7248_230828-0520.model
>>>>>>>>>>>>>>>>>>>>>>>>>>>>>>>>>>>>>>>>>>>>>>>>>>>>>>>>>>>>>>>>>>>>>>>>>>>>>>>>>>>>>>>>>>>>>>>>>>>>
epoch: 2
loss: 0.2434, acc: 0.8984
loss: 0.2758, acc: 0.8958
loss: 0.2767, acc: 0.8951
loss: 0.2872, acc: 0.8947
loss: 0.2807, acc: 0.8958
loss: 0.2940, acc: 0.8912
loss: 0.2881, acc: 0.8943
loss: 0.2959, acc: 0.8918
loss: 0.2980, acc: 0.8892
loss: 0.3016, acc: 0.8865
loss: 0.2922, acc: 0.8900
loss: 0.2924, acc: 0.8904
loss: 0.2900, acc: 0.8911
loss: 0.2890, acc: 0.8895
loss: 0.2945, acc: 0.8868
loss: 0.2931, acc: 0.8877
loss: 0.2939, acc: 0.8876
loss: 0.2904, acc: 0.8894
loss: 0.2912, acc: 0.8886
loss: 0.2936, acc: 0.8879
loss: 0.2992, acc: 0.8852
loss: 0.2984, acc: 0.8862
> val_acc: 0.8830, val_f1: 0.8253
>> saved: /media/b115/Backup/NLP/roberta/rest14/acc_0.883_f1_0.8253_230828-0521.model
>>>>>>>>>>>>>>>>>>>>>>>>>>>>>>>>>>>>>>>>>>>>>>>>>>>>>>>>>>>>>>>>>>>>>>>>>>>>>>>>>>>>>>>>>>>>>>>>>>>>
epoch: 3
loss: 0.2607, acc: 0.9062
loss: 0.2199, acc: 0.9323
loss: 0.2096, acc: 0.9261
loss: 0.2163, acc: 0.9238
loss: 0.2012, acc: 0.9301
loss: 0.2062, acc: 0.9303
loss: 0.2100, acc: 0.9274
loss: 0.1986, acc: 0.9306
loss: 0.1982, acc: 0.9291
loss: 0.2140, acc: 0.9239
loss: 0.2140, acc: 0.9234
loss: 0.2092, acc: 0.9263
loss: 0.2040, acc: 0.9283
loss: 0.1981, acc: 0.9304
loss: 0.1983, acc: 0.9309
loss: 0.1993, acc: 0.9289
loss: 0.2035, acc: 0.9267
loss: 0.2034, acc: 0.9262
loss: 0.2058, acc: 0.9248
loss: 0.2044, acc: 0.9245
loss: 0.2026, acc: 0.9248
loss: 0.2051, acc: 0.9236
loss: 0.2042, acc: 0.9245
> val_acc: 0.8759, val_f1: 0.8093
>>>>>>>>>>>>>>>>>>>>>>>>>>>>>>>>>>>>>>>>>>>>>>>>>>>>>>>>>>>>>>>>>>>>>>>>>>>>>>>>>>>>>>>>>>>>>>>>>>>>
epoch: 4
loss: 0.0986, acc: 0.9688
loss: 0.1681, acc: 0.9414
loss: 0.1551, acc: 0.9447
loss: 0.1422, acc: 0.9514
loss: 0.1361, acc: 0.9552
loss: 0.1277, acc: 0.9554
loss: 0.1291, acc: 0.9517
loss: 0.1404, acc: 0.9515
loss: 0.1490, acc: 0.9506
loss: 0.1479, acc: 0.9499
loss: 0.1465, acc: 0.9499
loss: 0.1486, acc: 0.9504
loss: 0.1456, acc: 0.9514
loss: 0.1427, acc: 0.9517
loss: 0.1480, acc: 0.9491
loss: 0.1480, acc: 0.9487
loss: 0.1519, acc: 0.9469
loss: 0.1489, acc: 0.9485
loss: 0.1505, acc: 0.9489
loss: 0.1499, acc: 0.9487
loss: 0.1532, acc: 0.9478
loss: 0.1514, acc: 0.9485
loss: 0.1513, acc: 0.9484
> val_acc: 0.8598, val_f1: 0.7873
>>>>>>>>>>>>>>>>>>>>>>>>>>>>>>>>>>>>>>>>>>>>>>>>>>>>>>>>>>>>>>>>>>>>>>>>>>>>>>>>>>>>>>>>>>>>>>>>>>>>
epoch: 5
loss: 0.1034, acc: 0.9750
loss: 0.0955, acc: 0.9750
loss: 0.0860, acc: 0.9729
loss: 0.0816, acc: 0.9719
loss: 0.0888, acc: 0.9650
loss: 0.0828, acc: 0.9667
loss: 0.0837, acc: 0.9679
loss: 0.0892, acc: 0.9664
loss: 0.0871, acc: 0.9688
loss: 0.0859, acc: 0.9688
loss: 0.0881, acc: 0.9688
loss: 0.0866, acc: 0.9693
loss: 0.0823, acc: 0.9712
loss: 0.0882, acc: 0.9692
loss: 0.0856, acc: 0.9700
loss: 0.0847, acc: 0.9703
loss: 0.0842, acc: 0.9702
loss: 0.0880, acc: 0.9684
loss: 0.0930, acc: 0.9664
loss: 0.0971, acc: 0.9647
loss: 0.0977, acc: 0.9646
loss: 0.1005, acc: 0.9634
> val_acc: 0.8670, val_f1: 0.7964
>>>>>>>>>>>>>>>>>>>>>>>>>>>>>>>>>>>>>>>>>>>>>>>>>>>>>>>>>>>>>>>>>>>>>>>>>>>>>>>>>>>>>>>>>>>>>>>>>>>>
epoch: 6
loss: 0.0397, acc: 1.0000
loss: 0.1193, acc: 0.9688
loss: 0.1017, acc: 0.9740
loss: 0.0957, acc: 0.9761
loss: 0.0830, acc: 0.9773
loss: 0.0900, acc: 0.9745
loss: 0.0848, acc: 0.9736
loss: 0.0834, acc: 0.9755
loss: 0.0866, acc: 0.9740
loss: 0.0836, acc: 0.9747
loss: 0.0866, acc: 0.9724
loss: 0.0832, acc: 0.9731
loss: 0.0816, acc: 0.9733
loss: 0.0902, acc: 0.9711
loss: 0.0917, acc: 0.9701
loss: 0.0919, acc: 0.9704
loss: 0.0921, acc: 0.9707
loss: 0.0908, acc: 0.9716
loss: 0.0882, acc: 0.9721
loss: 0.0888, acc: 0.9716
loss: 0.0885, acc: 0.9712
loss: 0.0868, acc: 0.9723
loss: 0.0887, acc: 0.9718
> val_acc: 0.8634, val_f1: 0.7969
>>>>>>>>>>>>>>>>>>>>>>>>>>>>>>>>>>>>>>>>>>>>>>>>>>>>>>>>>>>>>>>>>>>>>>>>>>>>>>>>>>>>>>>>>>>>>>>>>>>>
epoch: 7
loss: 0.0415, acc: 0.9844
loss: 0.0339, acc: 0.9896
loss: 0.0493, acc: 0.9844
loss: 0.0560, acc: 0.9819
loss: 0.0602, acc: 0.9818
loss: 0.0542, acc: 0.9838
loss: 0.0804, acc: 0.9779
loss: 0.0772, acc: 0.9784
loss: 0.0802, acc: 0.9773
loss: 0.0838, acc: 0.9770
loss: 0.0792, acc: 0.9774
loss: 0.0737, acc: 0.9793
loss: 0.0749, acc: 0.9790
loss: 0.0743, acc: 0.9787
loss: 0.0732, acc: 0.9785
loss: 0.0772, acc: 0.9755
loss: 0.0790, acc: 0.9751
loss: 0.0800, acc: 0.9751
loss: 0.0790, acc: 0.9754
loss: 0.0805, acc: 0.9751
loss: 0.0806, acc: 0.9739
loss: 0.0806, acc: 0.9736
> val_acc: 0.8580, val_f1: 0.7762
>> test_acc: 0.8830, test_f1: 0.8253
>> test_acc: 0.8768, test_f1: 0.8163
>> test_acc: 0.8714, test_f1: 0.8077
>> test_acc: 0.8830, test_f1: 0.8253

>> avg_test_acc: 0.8771, avg_test_f1: 0.8164
>> max_test_acc: 0.8830, max_test_f1: 0.8253
