cuda memory allocated: 439079424
> n_trainable_params: 109484547, n_nontrainable_params: 0
> training arguments:
>>> model_name: bert
>>> dataset: lap14
>>> optimizer: adam
>>> repeat: 3
>>> lr: 2e-05
>>> l2reg: 0.0001
>>> num_epoch: 100
>>> batch_size: 16
>>> log_step: 10
>>> bert_dim: 768
>>> max_seq_len: 128
>>> polarities_dim: 3
>>> patience: 5
>>> device: cuda
>>> seed: 42
>>> save_model_dir: /media/b115/Backup/NLP
>>>>>>>>>>>>>>>>>>>>>>>>>>>>>>>>>>>>>>>>>>>>>>>>>>>>>>>>>>>>>>>>>>>>>>>>>>>>>>>>>>>>>>>>>>>>>>>>>>>>
epoch: 0
loss: 1.1254, acc: 0.3750
loss: 1.1031, acc: 0.4094
loss: 1.0837, acc: 0.4333
loss: 1.0601, acc: 0.4547
loss: 1.0377, acc: 0.4775
loss: 1.0129, acc: 0.4990
loss: 0.9810, acc: 0.5295
loss: 0.9425, acc: 0.5570
loss: 0.9065, acc: 0.5785
loss: 0.8845, acc: 0.5919
loss: 0.8711, acc: 0.6023
loss: 0.8526, acc: 0.6161
loss: 0.8410, acc: 0.6245
loss: 0.8259, acc: 0.6339
> val_acc: 0.7116, val_f1: 0.6220
>> saved: /media/b115/Backup/NLP/bert/lap14/acc_0.7116_f1_0.622_230828-0341.model
>>>>>>>>>>>>>>>>>>>>>>>>>>>>>>>>>>>>>>>>>>>>>>>>>>>>>>>>>>>>>>>>>>>>>>>>>>>>>>>>>>>>>>>>>>>>>>>>>>>>
epoch: 1
loss: 0.3706, acc: 0.8906
loss: 0.4587, acc: 0.8304
loss: 0.5223, acc: 0.7917
loss: 0.5355, acc: 0.7831
loss: 0.5240, acc: 0.7898
loss: 0.5277, acc: 0.7905
loss: 0.5202, acc: 0.7959
loss: 0.5125, acc: 0.7981
loss: 0.5215, acc: 0.7939
loss: 0.5139, acc: 0.7999
loss: 0.5222, acc: 0.7981
loss: 0.5229, acc: 0.7993
loss: 0.5195, acc: 0.8014
loss: 0.5187, acc: 0.8013
loss: 0.5163, acc: 0.8021
> val_acc: 0.7884, val_f1: 0.7501
>> saved: /media/b115/Backup/NLP/bert/lap14/acc_0.7884_f1_0.7501_230828-0342.model
>>>>>>>>>>>>>>>>>>>>>>>>>>>>>>>>>>>>>>>>>>>>>>>>>>>>>>>>>>>>>>>>>>>>>>>>>>>>>>>>>>>>>>>>>>>>>>>>>>>>
epoch: 2
loss: 0.4198, acc: 0.8516
loss: 0.3434, acc: 0.8819
loss: 0.3413, acc: 0.8817
loss: 0.3609, acc: 0.8750
loss: 0.3390, acc: 0.8815
loss: 0.3367, acc: 0.8836
loss: 0.3260, acc: 0.8888
loss: 0.3264, acc: 0.8878
loss: 0.3242, acc: 0.8871
loss: 0.3236, acc: 0.8871
loss: 0.3315, acc: 0.8837
loss: 0.3366, acc: 0.8803
loss: 0.3433, acc: 0.8770
loss: 0.3424, acc: 0.8786
> val_acc: 0.7398, val_f1: 0.6619
>>>>>>>>>>>>>>>>>>>>>>>>>>>>>>>>>>>>>>>>>>>>>>>>>>>>>>>>>>>>>>>>>>>>>>>>>>>>>>>>>>>>>>>>>>>>>>>>>>>>
epoch: 3
loss: 0.1303, acc: 0.9688
loss: 0.2181, acc: 0.9375
loss: 0.2523, acc: 0.9261
loss: 0.2317, acc: 0.9316
loss: 0.2326, acc: 0.9256
loss: 0.2242, acc: 0.9267
loss: 0.2280, acc: 0.9234
loss: 0.2200, acc: 0.9288
loss: 0.2208, acc: 0.9268
loss: 0.2174, acc: 0.9293
loss: 0.2171, acc: 0.9283
loss: 0.2190, acc: 0.9258
loss: 0.2176, acc: 0.9242
loss: 0.2197, acc: 0.9252
loss: 0.2144, acc: 0.9256
> val_acc: 0.7774, val_f1: 0.7273
>>>>>>>>>>>>>>>>>>>>>>>>>>>>>>>>>>>>>>>>>>>>>>>>>>>>>>>>>>>>>>>>>>>>>>>>>>>>>>>>>>>>>>>>>>>>>>>>>>>>
epoch: 4
loss: 0.0753, acc: 0.9792
loss: 0.1017, acc: 0.9688
loss: 0.1272, acc: 0.9591
loss: 0.1268, acc: 0.9583
loss: 0.1450, acc: 0.9552
loss: 0.1338, acc: 0.9598
loss: 0.1222, acc: 0.9631
loss: 0.1250, acc: 0.9605
loss: 0.1212, acc: 0.9615
loss: 0.1167, acc: 0.9635
loss: 0.1231, acc: 0.9587
loss: 0.1233, acc: 0.9574
loss: 0.1282, acc: 0.9559
loss: 0.1284, acc: 0.9559
loss: 0.1293, acc: 0.9558
> val_acc: 0.7524, val_f1: 0.7219
>>>>>>>>>>>>>>>>>>>>>>>>>>>>>>>>>>>>>>>>>>>>>>>>>>>>>>>>>>>>>>>>>>>>>>>>>>>>>>>>>>>>>>>>>>>>>>>>>>>>
epoch: 5
loss: 0.0776, acc: 0.9750
loss: 0.0866, acc: 0.9719
loss: 0.0767, acc: 0.9771
loss: 0.0773, acc: 0.9781
loss: 0.0783, acc: 0.9750
loss: 0.0807, acc: 0.9760
loss: 0.0883, acc: 0.9750
loss: 0.0894, acc: 0.9727
loss: 0.0856, acc: 0.9736
loss: 0.0907, acc: 0.9719
loss: 0.0887, acc: 0.9727
loss: 0.0883, acc: 0.9734
loss: 0.0925, acc: 0.9716
loss: 0.0961, acc: 0.9696
> val_acc: 0.7602, val_f1: 0.6949
>>>>>>>>>>>>>>>>>>>>>>>>>>>>>>>>>>>>>>>>>>>>>>>>>>>>>>>>>>>>>>>>>>>>>>>>>>>>>>>>>>>>>>>>>>>>>>>>>>>>
epoch: 6
loss: 0.1432, acc: 0.9219
loss: 0.0925, acc: 0.9598
loss: 0.0794, acc: 0.9714
loss: 0.0744, acc: 0.9724
loss: 0.0659, acc: 0.9759
loss: 0.0666, acc: 0.9745
loss: 0.0645, acc: 0.9756
loss: 0.0636, acc: 0.9738
loss: 0.0615, acc: 0.9754
loss: 0.0573, acc: 0.9774
loss: 0.0561, acc: 0.9772
loss: 0.0572, acc: 0.9786
loss: 0.0631, acc: 0.9773
loss: 0.0638, acc: 0.9762
loss: 0.0673, acc: 0.9757
> val_acc: 0.7602, val_f1: 0.7021
>> test_acc: 0.7884, test_f1: 0.7501
cuda memory allocated: 2253822464
> n_trainable_params: 109484547, n_nontrainable_params: 0
> training arguments:
>>> model_name: bert
>>> dataset: lap14
>>> optimizer: adam
>>> repeat: 3
>>> lr: 2e-05
>>> l2reg: 0.0001
>>> num_epoch: 100
>>> batch_size: 16
>>> log_step: 10
>>> bert_dim: 768
>>> max_seq_len: 128
>>> polarities_dim: 3
>>> patience: 5
>>> device: cuda
>>> seed: 42
>>> save_model_dir: /media/b115/Backup/NLP
>>>>>>>>>>>>>>>>>>>>>>>>>>>>>>>>>>>>>>>>>>>>>>>>>>>>>>>>>>>>>>>>>>>>>>>>>>>>>>>>>>>>>>>>>>>>>>>>>>>>
epoch: 0
loss: 1.0840, acc: 0.3438
loss: 1.0481, acc: 0.4125
loss: 1.0369, acc: 0.4417
loss: 1.0316, acc: 0.4609
loss: 1.0114, acc: 0.4875
loss: 0.9933, acc: 0.5104
loss: 0.9500, acc: 0.5429
loss: 0.9222, acc: 0.5609
loss: 0.9032, acc: 0.5764
loss: 0.8753, acc: 0.5925
loss: 0.8581, acc: 0.6057
loss: 0.8447, acc: 0.6161
loss: 0.8298, acc: 0.6260
loss: 0.8109, acc: 0.6375
> val_acc: 0.7445, val_f1: 0.6678
>> saved: /media/b115/Backup/NLP/bert/lap14/acc_0.7445_f1_0.6678_230828-0345.model
>>>>>>>>>>>>>>>>>>>>>>>>>>>>>>>>>>>>>>>>>>>>>>>>>>>>>>>>>>>>>>>>>>>>>>>>>>>>>>>>>>>>>>>>>>>>>>>>>>>>
epoch: 1
loss: 0.4271, acc: 0.8438
loss: 0.4733, acc: 0.8259
loss: 0.4890, acc: 0.8281
loss: 0.4916, acc: 0.8217
loss: 0.4893, acc: 0.8210
loss: 0.4990, acc: 0.8148
loss: 0.4914, acc: 0.8223
loss: 0.4792, acc: 0.8277
loss: 0.4843, acc: 0.8192
loss: 0.4892, acc: 0.8165
loss: 0.4907, acc: 0.8155
loss: 0.4951, acc: 0.8125
loss: 0.4956, acc: 0.8115
loss: 0.4930, acc: 0.8130
loss: 0.4850, acc: 0.8151
> val_acc: 0.7555, val_f1: 0.6975
>> saved: /media/b115/Backup/NLP/bert/lap14/acc_0.7555_f1_0.6975_230828-0345.model
>>>>>>>>>>>>>>>>>>>>>>>>>>>>>>>>>>>>>>>>>>>>>>>>>>>>>>>>>>>>>>>>>>>>>>>>>>>>>>>>>>>>>>>>>>>>>>>>>>>>
epoch: 2
loss: 0.2232, acc: 0.9375
loss: 0.3256, acc: 0.8854
loss: 0.3359, acc: 0.8772
loss: 0.3386, acc: 0.8766
loss: 0.3327, acc: 0.8802
loss: 0.3269, acc: 0.8825
loss: 0.3239, acc: 0.8842
loss: 0.3074, acc: 0.8886
loss: 0.3141, acc: 0.8878
loss: 0.3194, acc: 0.8846
loss: 0.3251, acc: 0.8796
loss: 0.3197, acc: 0.8803
loss: 0.3198, acc: 0.8799
loss: 0.3145, acc: 0.8827
> val_acc: 0.7806, val_f1: 0.7265
>> saved: /media/b115/Backup/NLP/bert/lap14/acc_0.7806_f1_0.7265_230828-0346.model
>>>>>>>>>>>>>>>>>>>>>>>>>>>>>>>>>>>>>>>>>>>>>>>>>>>>>>>>>>>>>>>>>>>>>>>>>>>>>>>>>>>>>>>>>>>>>>>>>>>>
epoch: 3
loss: 0.2317, acc: 0.9062
loss: 0.2406, acc: 0.9167
loss: 0.2077, acc: 0.9290
loss: 0.2030, acc: 0.9258
loss: 0.2013, acc: 0.9241
loss: 0.2016, acc: 0.9243
loss: 0.1892, acc: 0.9304
loss: 0.1863, acc: 0.9340
loss: 0.1770, acc: 0.9390
loss: 0.1880, acc: 0.9348
loss: 0.1916, acc: 0.9332
loss: 0.2016, acc: 0.9314
loss: 0.2063, acc: 0.9298
loss: 0.2023, acc: 0.9318
loss: 0.2034, acc: 0.9309
> val_acc: 0.7821, val_f1: 0.7422
>> saved: /media/b115/Backup/NLP/bert/lap14/acc_0.7821_f1_0.7422_230828-0346.model
>>>>>>>>>>>>>>>>>>>>>>>>>>>>>>>>>>>>>>>>>>>>>>>>>>>>>>>>>>>>>>>>>>>>>>>>>>>>>>>>>>>>>>>>>>>>>>>>>>>>
epoch: 4
loss: 0.0710, acc: 0.9896
loss: 0.0628, acc: 0.9922
loss: 0.0799, acc: 0.9784
loss: 0.0921, acc: 0.9705
loss: 0.0940, acc: 0.9660
loss: 0.1066, acc: 0.9643
loss: 0.1016, acc: 0.9669
loss: 0.1065, acc: 0.9638
loss: 0.1041, acc: 0.9658
loss: 0.1139, acc: 0.9622
loss: 0.1125, acc: 0.9640
loss: 0.1093, acc: 0.9655
loss: 0.1096, acc: 0.9648
loss: 0.1102, acc: 0.9642
loss: 0.1090, acc: 0.9643
> val_acc: 0.7476, val_f1: 0.6960
>>>>>>>>>>>>>>>>>>>>>>>>>>>>>>>>>>>>>>>>>>>>>>>>>>>>>>>>>>>>>>>>>>>>>>>>>>>>>>>>>>>>>>>>>>>>>>>>>>>>
epoch: 5
loss: 0.0434, acc: 0.9875
loss: 0.0790, acc: 0.9812
loss: 0.0897, acc: 0.9729
loss: 0.0857, acc: 0.9734
loss: 0.0766, acc: 0.9762
loss: 0.0828, acc: 0.9740
loss: 0.0942, acc: 0.9696
loss: 0.0903, acc: 0.9711
loss: 0.0959, acc: 0.9681
loss: 0.0953, acc: 0.9669
loss: 0.0927, acc: 0.9682
loss: 0.0965, acc: 0.9661
loss: 0.0936, acc: 0.9673
loss: 0.0938, acc: 0.9674
> val_acc: 0.7743, val_f1: 0.7258
>>>>>>>>>>>>>>>>>>>>>>>>>>>>>>>>>>>>>>>>>>>>>>>>>>>>>>>>>>>>>>>>>>>>>>>>>>>>>>>>>>>>>>>>>>>>>>>>>>>>
epoch: 6
loss: 0.0480, acc: 0.9844
loss: 0.0742, acc: 0.9777
loss: 0.0620, acc: 0.9792
loss: 0.0478, acc: 0.9853
loss: 0.0414, acc: 0.9872
loss: 0.0446, acc: 0.9873
loss: 0.0581, acc: 0.9834
loss: 0.0622, acc: 0.9814
loss: 0.0583, acc: 0.9829
loss: 0.0582, acc: 0.9827
loss: 0.0566, acc: 0.9826
loss: 0.0566, acc: 0.9836
loss: 0.0546, acc: 0.9834
loss: 0.0625, acc: 0.9804
loss: 0.0663, acc: 0.9792
> val_acc: 0.7524, val_f1: 0.6957
>>>>>>>>>>>>>>>>>>>>>>>>>>>>>>>>>>>>>>>>>>>>>>>>>>>>>>>>>>>>>>>>>>>>>>>>>>>>>>>>>>>>>>>>>>>>>>>>>>>>
epoch: 7
loss: 0.0345, acc: 0.9922
loss: 0.0258, acc: 0.9965
loss: 0.0220, acc: 0.9955
loss: 0.0216, acc: 0.9951
loss: 0.0322, acc: 0.9896
loss: 0.0320, acc: 0.9881
loss: 0.0435, acc: 0.9835
loss: 0.0462, acc: 0.9840
loss: 0.0508, acc: 0.9830
loss: 0.0512, acc: 0.9834
loss: 0.0521, acc: 0.9832
loss: 0.0522, acc: 0.9831
loss: 0.0546, acc: 0.9829
loss: 0.0551, acc: 0.9823
> val_acc: 0.7618, val_f1: 0.6970
>>>>>>>>>>>>>>>>>>>>>>>>>>>>>>>>>>>>>>>>>>>>>>>>>>>>>>>>>>>>>>>>>>>>>>>>>>>>>>>>>>>>>>>>>>>>>>>>>>>>
epoch: 8
loss: 0.0320, acc: 0.9688
loss: 0.0280, acc: 0.9896
loss: 0.0274, acc: 0.9886
loss: 0.0221, acc: 0.9922
loss: 0.0240, acc: 0.9911
loss: 0.0278, acc: 0.9880
loss: 0.0321, acc: 0.9879
loss: 0.0357, acc: 0.9878
loss: 0.0402, acc: 0.9855
loss: 0.0404, acc: 0.9851
loss: 0.0432, acc: 0.9835
loss: 0.0447, acc: 0.9827
loss: 0.0448, acc: 0.9831
loss: 0.0458, acc: 0.9830
loss: 0.0434, acc: 0.9842
> val_acc: 0.7727, val_f1: 0.7214
>> test_acc: 0.7821, test_f1: 0.7422
cuda memory allocated: 2261162496
> n_trainable_params: 109484547, n_nontrainable_params: 0
> training arguments:
>>> model_name: bert
>>> dataset: lap14
>>> optimizer: adam
>>> repeat: 3
>>> lr: 2e-05
>>> l2reg: 0.0001
>>> num_epoch: 100
>>> batch_size: 16
>>> log_step: 10
>>> bert_dim: 768
>>> max_seq_len: 128
>>> polarities_dim: 3
>>> patience: 5
>>> device: cuda
>>> seed: 42
>>> save_model_dir: /media/b115/Backup/NLP
>>>>>>>>>>>>>>>>>>>>>>>>>>>>>>>>>>>>>>>>>>>>>>>>>>>>>>>>>>>>>>>>>>>>>>>>>>>>>>>>>>>>>>>>>>>>>>>>>>>>
epoch: 0
loss: 1.1495, acc: 0.4750
loss: 1.1288, acc: 0.4562
loss: 1.0979, acc: 0.4625
loss: 1.0677, acc: 0.4781
loss: 1.0485, acc: 0.4925
loss: 1.0128, acc: 0.5219
loss: 0.9816, acc: 0.5464
loss: 0.9629, acc: 0.5602
loss: 0.9338, acc: 0.5799
loss: 0.9102, acc: 0.5975
loss: 0.8997, acc: 0.6028
loss: 0.8943, acc: 0.6052
loss: 0.8771, acc: 0.6154
loss: 0.8616, acc: 0.6246
> val_acc: 0.6959, val_f1: 0.5616
>> saved: /media/b115/Backup/NLP/bert/lap14/acc_0.6959_f1_0.5616_230828-0349.model
>>>>>>>>>>>>>>>>>>>>>>>>>>>>>>>>>>>>>>>>>>>>>>>>>>>>>>>>>>>>>>>>>>>>>>>>>>>>>>>>>>>>>>>>>>>>>>>>>>>>
epoch: 1
loss: 0.5341, acc: 0.7969
loss: 0.6055, acc: 0.7723
loss: 0.6021, acc: 0.7656
loss: 0.5952, acc: 0.7794
loss: 0.5910, acc: 0.7827
loss: 0.5580, acc: 0.7940
loss: 0.5635, acc: 0.7900
loss: 0.5631, acc: 0.7880
loss: 0.5554, acc: 0.7872
loss: 0.5501, acc: 0.7872
loss: 0.5436, acc: 0.7915
loss: 0.5417, acc: 0.7917
loss: 0.5441, acc: 0.7903
loss: 0.5452, acc: 0.7896
loss: 0.5416, acc: 0.7912
> val_acc: 0.7508, val_f1: 0.6841
>> saved: /media/b115/Backup/NLP/bert/lap14/acc_0.7508_f1_0.6841_230828-0349.model
>>>>>>>>>>>>>>>>>>>>>>>>>>>>>>>>>>>>>>>>>>>>>>>>>>>>>>>>>>>>>>>>>>>>>>>>>>>>>>>>>>>>>>>>>>>>>>>>>>>>
epoch: 2
loss: 0.4260, acc: 0.8359
loss: 0.3742, acc: 0.8750
loss: 0.3625, acc: 0.8728
loss: 0.3572, acc: 0.8799
loss: 0.3700, acc: 0.8724
loss: 0.3840, acc: 0.8631
loss: 0.3786, acc: 0.8649
loss: 0.3665, acc: 0.8734
loss: 0.3631, acc: 0.8736
loss: 0.3694, acc: 0.8693
loss: 0.3753, acc: 0.8657
loss: 0.3744, acc: 0.8671
loss: 0.3775, acc: 0.8647
loss: 0.3751, acc: 0.8637
> val_acc: 0.7351, val_f1: 0.6754
>>>>>>>>>>>>>>>>>>>>>>>>>>>>>>>>>>>>>>>>>>>>>>>>>>>>>>>>>>>>>>>>>>>>>>>>>>>>>>>>>>>>>>>>>>>>>>>>>>>>
epoch: 3
loss: 0.1559, acc: 1.0000
loss: 0.2111, acc: 0.9479
loss: 0.1861, acc: 0.9489
loss: 0.1962, acc: 0.9395
loss: 0.2018, acc: 0.9390
loss: 0.2202, acc: 0.9315
loss: 0.2320, acc: 0.9234
loss: 0.2288, acc: 0.9201
loss: 0.2306, acc: 0.9169
loss: 0.2285, acc: 0.9158
loss: 0.2330, acc: 0.9148
loss: 0.2381, acc: 0.9124
loss: 0.2377, acc: 0.9124
loss: 0.2388, acc: 0.9105
loss: 0.2387, acc: 0.9111
> val_acc: 0.7602, val_f1: 0.7167
>> saved: /media/b115/Backup/NLP/bert/lap14/acc_0.7602_f1_0.7167_230828-0350.model
>>>>>>>>>>>>>>>>>>>>>>>>>>>>>>>>>>>>>>>>>>>>>>>>>>>>>>>>>>>>>>>>>>>>>>>>>>>>>>>>>>>>>>>>>>>>>>>>>>>>
epoch: 4
loss: 0.1088, acc: 0.9688
loss: 0.1375, acc: 0.9453
loss: 0.1472, acc: 0.9543
loss: 0.1565, acc: 0.9497
loss: 0.1641, acc: 0.9429
loss: 0.1622, acc: 0.9442
loss: 0.1641, acc: 0.9460
loss: 0.1628, acc: 0.9457
loss: 0.1544, acc: 0.9491
loss: 0.1548, acc: 0.9479
loss: 0.1511, acc: 0.9475
loss: 0.1499, acc: 0.9483
loss: 0.1488, acc: 0.9484
loss: 0.1501, acc: 0.9476
loss: 0.1536, acc: 0.9450
> val_acc: 0.7539, val_f1: 0.7031
>>>>>>>>>>>>>>>>>>>>>>>>>>>>>>>>>>>>>>>>>>>>>>>>>>>>>>>>>>>>>>>>>>>>>>>>>>>>>>>>>>>>>>>>>>>>>>>>>>>>
epoch: 5
loss: 0.1296, acc: 0.9563
loss: 0.1300, acc: 0.9563
loss: 0.1077, acc: 0.9646
loss: 0.0938, acc: 0.9719
loss: 0.0849, acc: 0.9750
loss: 0.0938, acc: 0.9750
loss: 0.1020, acc: 0.9723
loss: 0.0998, acc: 0.9727
loss: 0.1008, acc: 0.9729
loss: 0.1015, acc: 0.9725
loss: 0.1044, acc: 0.9705
loss: 0.1052, acc: 0.9688
loss: 0.1053, acc: 0.9697
loss: 0.1080, acc: 0.9692
> val_acc: 0.7618, val_f1: 0.7098
>> saved: /media/b115/Backup/NLP/bert/lap14/acc_0.7618_f1_0.7098_230828-0351.model
>>>>>>>>>>>>>>>>>>>>>>>>>>>>>>>>>>>>>>>>>>>>>>>>>>>>>>>>>>>>>>>>>>>>>>>>>>>>>>>>>>>>>>>>>>>>>>>>>>>>
epoch: 6
loss: 0.0314, acc: 0.9844
loss: 0.0461, acc: 0.9911
loss: 0.0648, acc: 0.9844
loss: 0.0597, acc: 0.9835
loss: 0.0676, acc: 0.9830
loss: 0.0722, acc: 0.9815
loss: 0.0717, acc: 0.9824
loss: 0.0726, acc: 0.9823
loss: 0.0678, acc: 0.9836
loss: 0.0663, acc: 0.9827
loss: 0.0660, acc: 0.9820
loss: 0.0660, acc: 0.9808
loss: 0.0663, acc: 0.9803
loss: 0.0691, acc: 0.9781
loss: 0.0680, acc: 0.9787
> val_acc: 0.7696, val_f1: 0.7285
>> saved: /media/b115/Backup/NLP/bert/lap14/acc_0.7696_f1_0.7285_230828-0352.model
>>>>>>>>>>>>>>>>>>>>>>>>>>>>>>>>>>>>>>>>>>>>>>>>>>>>>>>>>>>>>>>>>>>>>>>>>>>>>>>>>>>>>>>>>>>>>>>>>>>>
epoch: 7
loss: 0.0492, acc: 0.9688
loss: 0.0382, acc: 0.9757
loss: 0.0489, acc: 0.9777
loss: 0.0483, acc: 0.9803
loss: 0.0503, acc: 0.9805
loss: 0.0453, acc: 0.9828
loss: 0.0462, acc: 0.9816
loss: 0.0424, acc: 0.9840
loss: 0.0435, acc: 0.9844
loss: 0.0544, acc: 0.9821
loss: 0.0567, acc: 0.9821
loss: 0.0538, acc: 0.9831
loss: 0.0580, acc: 0.9824
loss: 0.0592, acc: 0.9819
> val_acc: 0.7884, val_f1: 0.7492
>> saved: /media/b115/Backup/NLP/bert/lap14/acc_0.7884_f1_0.7492_230828-0352.model
>>>>>>>>>>>>>>>>>>>>>>>>>>>>>>>>>>>>>>>>>>>>>>>>>>>>>>>>>>>>>>>>>>>>>>>>>>>>>>>>>>>>>>>>>>>>>>>>>>>>
epoch: 8
loss: 0.0381, acc: 1.0000
loss: 0.0461, acc: 0.9896
loss: 0.0660, acc: 0.9716
loss: 0.0775, acc: 0.9688
loss: 0.0829, acc: 0.9702
loss: 0.0770, acc: 0.9724
loss: 0.0714, acc: 0.9748
loss: 0.0650, acc: 0.9766
loss: 0.0618, acc: 0.9787
loss: 0.0579, acc: 0.9796
loss: 0.0585, acc: 0.9792
loss: 0.0583, acc: 0.9794
loss: 0.0543, acc: 0.9810
loss: 0.0546, acc: 0.9801
loss: 0.0586, acc: 0.9793
> val_acc: 0.7790, val_f1: 0.7283
>>>>>>>>>>>>>>>>>>>>>>>>>>>>>>>>>>>>>>>>>>>>>>>>>>>>>>>>>>>>>>>>>>>>>>>>>>>>>>>>>>>>>>>>>>>>>>>>>>>>
epoch: 9
loss: 0.0258, acc: 0.9896
loss: 0.0254, acc: 0.9922
loss: 0.0184, acc: 0.9952
loss: 0.0181, acc: 0.9965
loss: 0.0342, acc: 0.9905
loss: 0.0396, acc: 0.9888
loss: 0.0411, acc: 0.9886
loss: 0.0402, acc: 0.9885
loss: 0.0456, acc: 0.9862
loss: 0.0448, acc: 0.9857
loss: 0.0444, acc: 0.9858
loss: 0.0449, acc: 0.9865
loss: 0.0473, acc: 0.9856
loss: 0.0458, acc: 0.9858
loss: 0.0470, acc: 0.9845
> val_acc: 0.7680, val_f1: 0.7119
>>>>>>>>>>>>>>>>>>>>>>>>>>>>>>>>>>>>>>>>>>>>>>>>>>>>>>>>>>>>>>>>>>>>>>>>>>>>>>>>>>>>>>>>>>>>>>>>>>>>
epoch: 10
loss: 0.0275, acc: 0.9938
loss: 0.0416, acc: 0.9875
loss: 0.0354, acc: 0.9896
loss: 0.0318, acc: 0.9906
loss: 0.0384, acc: 0.9888
loss: 0.0489, acc: 0.9865
loss: 0.0548, acc: 0.9848
loss: 0.0505, acc: 0.9867
loss: 0.0469, acc: 0.9875
loss: 0.0469, acc: 0.9869
loss: 0.0451, acc: 0.9869
loss: 0.0434, acc: 0.9870
loss: 0.0429, acc: 0.9865
loss: 0.0406, acc: 0.9875
> val_acc: 0.7524, val_f1: 0.7076
>>>>>>>>>>>>>>>>>>>>>>>>>>>>>>>>>>>>>>>>>>>>>>>>>>>>>>>>>>>>>>>>>>>>>>>>>>>>>>>>>>>>>>>>>>>>>>>>>>>>
epoch: 11
loss: 0.0036, acc: 1.0000
loss: 0.0095, acc: 1.0000
loss: 0.0108, acc: 1.0000
loss: 0.0109, acc: 0.9982
loss: 0.0159, acc: 0.9957
loss: 0.0234, acc: 0.9919
loss: 0.0273, acc: 0.9893
loss: 0.0260, acc: 0.9899
loss: 0.0251, acc: 0.9903
loss: 0.0276, acc: 0.9894
loss: 0.0365, acc: 0.9862
loss: 0.0362, acc: 0.9868
loss: 0.0361, acc: 0.9864
loss: 0.0361, acc: 0.9865
loss: 0.0344, acc: 0.9870
> val_acc: 0.7727, val_f1: 0.7264
>>>>>>>>>>>>>>>>>>>>>>>>>>>>>>>>>>>>>>>>>>>>>>>>>>>>>>>>>>>>>>>>>>>>>>>>>>>>>>>>>>>>>>>>>>>>>>>>>>>>
epoch: 12
loss: 0.0346, acc: 0.9844
loss: 0.0308, acc: 0.9896
loss: 0.0323, acc: 0.9866
loss: 0.0317, acc: 0.9868
loss: 0.0296, acc: 0.9883
loss: 0.0278, acc: 0.9892
loss: 0.0295, acc: 0.9871
loss: 0.0284, acc: 0.9872
loss: 0.0295, acc: 0.9865
loss: 0.0282, acc: 0.9872
loss: 0.0281, acc: 0.9873
loss: 0.0292, acc: 0.9868
loss: 0.0302, acc: 0.9868
loss: 0.0292, acc: 0.9869
> val_acc: 0.7524, val_f1: 0.6839
>> test_acc: 0.7884, test_f1: 0.7492
>> test_acc: 0.7884, test_f1: 0.7501
>> test_acc: 0.7821, test_f1: 0.7422
>> test_acc: 0.7884, test_f1: 0.7492

>> avg_test_acc: 0.7863, avg_test_f1: 0.7472
>> max_test_acc: 0.7884, max_test_f1: 0.7501
