cuda memory allocated: 439079424
> n_trainable_params: 109484547, n_nontrainable_params: 0
> training arguments:
>>> model_name: bert
>>> dataset: lap14
>>> optimizer: <class 'torch.optim.adam.Adam'>
>>> initializer: <function xavier_uniform_ at 0x7f3518533640>
>>> repeat: 3
>>> lr: 2e-05
>>> dropout: 0.3
>>> l2reg: 0.0001
>>> num_epoch: 100
>>> batch_size: 16
>>> log_step: 10
>>> bert_dim: 768
>>> plm_name: ./plm/bert-base-uncased
>>> max_seq_len: 128
>>> polarities_dim: 3
>>> patience: 5
>>> device: cuda
>>> seed: 42
>>> save_model_dir: /media/b115/Backup/NLP
>>> model_class: <class 'model.bert.BERT'>
>>> dataset_file: {'train': './dataset/txt/lap14_train.txt', 'test': './dataset/txt/lap14_test.txt'}
>>> inputs_cols: ['input_ids', 'token_type_ids', 'attention_mask']
>>>>>>>>>>>>>>>>>>>>>>>>>>>>>>>>>>>>>>>>>>>>>>>>>>>>>>>>>>>>>>>>>>>>>>>>>>>>>>>>>>>>>>>>>>>>>>>>>>>>
epoch: 0
loss: 1.3265, acc: 0.4062
loss: 1.2166, acc: 0.4437
loss: 1.1733, acc: 0.4458
loss: 1.1538, acc: 0.4375
loss: 1.1085, acc: 0.4600
loss: 1.0764, acc: 0.4844
loss: 1.0422, acc: 0.5045
loss: 1.0070, acc: 0.5234
loss: 0.9714, acc: 0.5458
loss: 0.9353, acc: 0.5675
loss: 0.9089, acc: 0.5813
loss: 0.8970, acc: 0.5927
loss: 0.8787, acc: 0.6048
loss: 0.8696, acc: 0.6112
> val_acc: 0.7586, val_f1: 0.6903
>> saved: /media/b115/Backup/NLP/bert/lap14/acc_0.7586_f1_0.6903_230826-1624.model
>>>>>>>>>>>>>>>>>>>>>>>>>>>>>>>>>>>>>>>>>>>>>>>>>>>>>>>>>>>>>>>>>>>>>>>>>>>>>>>>>>>>>>>>>>>>>>>>>>>>
epoch: 1
loss: 0.4493, acc: 0.8906
loss: 0.5419, acc: 0.8080
loss: 0.4859, acc: 0.8359
loss: 0.4853, acc: 0.8290
loss: 0.4797, acc: 0.8224
loss: 0.5004, acc: 0.8171
loss: 0.5059, acc: 0.8154
loss: 0.4904, acc: 0.8184
loss: 0.4987, acc: 0.8177
loss: 0.5127, acc: 0.8125
loss: 0.5048, acc: 0.8155
loss: 0.5001, acc: 0.8147
loss: 0.4965, acc: 0.8170
loss: 0.4931, acc: 0.8181
loss: 0.4953, acc: 0.8177
> val_acc: 0.7821, val_f1: 0.7481
>> saved: /media/b115/Backup/NLP/bert/lap14/acc_0.7821_f1_0.7481_230826-1625.model
>>>>>>>>>>>>>>>>>>>>>>>>>>>>>>>>>>>>>>>>>>>>>>>>>>>>>>>>>>>>>>>>>>>>>>>>>>>>>>>>>>>>>>>>>>>>>>>>>>>>
epoch: 2
loss: 0.2623, acc: 0.9219
loss: 0.2653, acc: 0.9097
loss: 0.2923, acc: 0.8973
loss: 0.3050, acc: 0.8964
loss: 0.3018, acc: 0.8984
loss: 0.3222, acc: 0.8879
loss: 0.3302, acc: 0.8869
loss: 0.3228, acc: 0.8878
loss: 0.3199, acc: 0.8906
loss: 0.3149, acc: 0.8929
loss: 0.3138, acc: 0.8929
loss: 0.3274, acc: 0.8877
loss: 0.3266, acc: 0.8896
loss: 0.3297, acc: 0.8877
> val_acc: 0.7555, val_f1: 0.6948
>>>>>>>>>>>>>>>>>>>>>>>>>>>>>>>>>>>>>>>>>>>>>>>>>>>>>>>>>>>>>>>>>>>>>>>>>>>>>>>>>>>>>>>>>>>>>>>>>>>>
epoch: 3
loss: 0.1149, acc: 1.0000
loss: 0.2686, acc: 0.9219
loss: 0.2264, acc: 0.9261
loss: 0.2182, acc: 0.9277
loss: 0.2208, acc: 0.9286
loss: 0.2082, acc: 0.9291
loss: 0.2177, acc: 0.9244
loss: 0.2313, acc: 0.9158
loss: 0.2312, acc: 0.9139
loss: 0.2314, acc: 0.9110
loss: 0.2242, acc: 0.9142
loss: 0.2306, acc: 0.9113
loss: 0.2286, acc: 0.9129
loss: 0.2322, acc: 0.9110
loss: 0.2311, acc: 0.9129
> val_acc: 0.7633, val_f1: 0.7109
>>>>>>>>>>>>>>>>>>>>>>>>>>>>>>>>>>>>>>>>>>>>>>>>>>>>>>>>>>>>>>>>>>>>>>>>>>>>>>>>>>>>>>>>>>>>>>>>>>>>
epoch: 4
loss: 0.1773, acc: 0.9375
loss: 0.1526, acc: 0.9492
loss: 0.1336, acc: 0.9543
loss: 0.1289, acc: 0.9531
loss: 0.1268, acc: 0.9538
loss: 0.1238, acc: 0.9531
loss: 0.1242, acc: 0.9517
loss: 0.1403, acc: 0.9457
loss: 0.1441, acc: 0.9433
loss: 0.1489, acc: 0.9427
loss: 0.1450, acc: 0.9452
loss: 0.1436, acc: 0.9450
loss: 0.1506, acc: 0.9430
loss: 0.1477, acc: 0.9449
loss: 0.1444, acc: 0.9472
> val_acc: 0.7492, val_f1: 0.6858
>>>>>>>>>>>>>>>>>>>>>>>>>>>>>>>>>>>>>>>>>>>>>>>>>>>>>>>>>>>>>>>>>>>>>>>>>>>>>>>>>>>>>>>>>>>>>>>>>>>>
epoch: 5
loss: 0.1021, acc: 0.9688
loss: 0.0733, acc: 0.9781
loss: 0.0740, acc: 0.9792
loss: 0.0693, acc: 0.9781
loss: 0.0841, acc: 0.9725
loss: 0.0917, acc: 0.9708
loss: 0.0948, acc: 0.9714
loss: 0.0948, acc: 0.9703
loss: 0.0964, acc: 0.9701
loss: 0.0958, acc: 0.9688
loss: 0.0919, acc: 0.9688
loss: 0.0928, acc: 0.9688
loss: 0.0894, acc: 0.9697
loss: 0.0914, acc: 0.9696
> val_acc: 0.7555, val_f1: 0.7097
>>>>>>>>>>>>>>>>>>>>>>>>>>>>>>>>>>>>>>>>>>>>>>>>>>>>>>>>>>>>>>>>>>>>>>>>>>>>>>>>>>>>>>>>>>>>>>>>>>>>
epoch: 6
loss: 0.0165, acc: 1.0000
loss: 0.0386, acc: 0.9866
loss: 0.0478, acc: 0.9818
loss: 0.0427, acc: 0.9853
loss: 0.0470, acc: 0.9830
loss: 0.0477, acc: 0.9850
loss: 0.0448, acc: 0.9854
loss: 0.0550, acc: 0.9823
loss: 0.0566, acc: 0.9799
loss: 0.0534, acc: 0.9814
loss: 0.0537, acc: 0.9814
loss: 0.0548, acc: 0.9814
loss: 0.0571, acc: 0.9808
loss: 0.0610, acc: 0.9790
loss: 0.0612, acc: 0.9787
> val_acc: 0.7680, val_f1: 0.7155
>> test_acc: 0.7821, test_f1: 0.7481
>>>>>>>>>>>>>>>>>>>>>>>>>>>>>>>>>>>>>>>>>>>>>>>>>>>>>>>>>>>>>>>>>>>>>>>>>>>>>>>>>>>>>>>>>>>>>>>>>>>>
epoch: 0
loss: 0.9291, acc: 0.5813
loss: 0.6722, acc: 0.7156
loss: 0.6082, acc: 0.7562
loss: 0.5339, acc: 0.7906
loss: 0.5111, acc: 0.8075
loss: 0.4815, acc: 0.8208
loss: 0.4562, acc: 0.8313
loss: 0.4429, acc: 0.8344
loss: 0.4461, acc: 0.8326
loss: 0.4336, acc: 0.8363
loss: 0.4312, acc: 0.8375
loss: 0.4278, acc: 0.8385
loss: 0.4229, acc: 0.8413
loss: 0.4211, acc: 0.8406
> val_acc: 0.7602, val_f1: 0.7032
>> saved: /media/b115/Backup/NLP/bert/lap14/acc_0.7602_f1_0.7032_230826-1627.model
>>>>>>>>>>>>>>>>>>>>>>>>>>>>>>>>>>>>>>>>>>>>>>>>>>>>>>>>>>>>>>>>>>>>>>>>>>>>>>>>>>>>>>>>>>>>>>>>>>>>
epoch: 1
loss: 0.3412, acc: 0.8906
loss: 0.2497, acc: 0.9062
loss: 0.2363, acc: 0.9062
loss: 0.2576, acc: 0.9026
loss: 0.2760, acc: 0.8977
loss: 0.2654, acc: 0.9016
loss: 0.2607, acc: 0.9053
loss: 0.2584, acc: 0.9054
loss: 0.2685, acc: 0.9010
loss: 0.2703, acc: 0.9016
loss: 0.2688, acc: 0.9026
loss: 0.2630, acc: 0.9052
loss: 0.2653, acc: 0.9042
loss: 0.2625, acc: 0.9053
loss: 0.2611, acc: 0.9076
> val_acc: 0.7429, val_f1: 0.6838
>>>>>>>>>>>>>>>>>>>>>>>>>>>>>>>>>>>>>>>>>>>>>>>>>>>>>>>>>>>>>>>>>>>>>>>>>>>>>>>>>>>>>>>>>>>>>>>>>>>>
epoch: 2
loss: 0.1235, acc: 0.9531
loss: 0.1730, acc: 0.9375
loss: 0.1455, acc: 0.9487
loss: 0.1511, acc: 0.9523
loss: 0.1518, acc: 0.9505
loss: 0.1546, acc: 0.9494
loss: 0.1456, acc: 0.9513
loss: 0.1613, acc: 0.9471
loss: 0.1598, acc: 0.9460
loss: 0.1666, acc: 0.9420
loss: 0.1706, acc: 0.9387
loss: 0.1664, acc: 0.9396
loss: 0.1651, acc: 0.9404
loss: 0.1645, acc: 0.9407
> val_acc: 0.7320, val_f1: 0.6960
>>>>>>>>>>>>>>>>>>>>>>>>>>>>>>>>>>>>>>>>>>>>>>>>>>>>>>>>>>>>>>>>>>>>>>>>>>>>>>>>>>>>>>>>>>>>>>>>>>>>
epoch: 3
loss: 0.1587, acc: 0.9375
loss: 0.1661, acc: 0.9375
loss: 0.1455, acc: 0.9432
loss: 0.1591, acc: 0.9395
loss: 0.1426, acc: 0.9464
loss: 0.1459, acc: 0.9471
loss: 0.1579, acc: 0.9466
loss: 0.1543, acc: 0.9470
loss: 0.1593, acc: 0.9466
loss: 0.1535, acc: 0.9477
loss: 0.1536, acc: 0.9473
loss: 0.1478, acc: 0.9498
loss: 0.1427, acc: 0.9513
loss: 0.1411, acc: 0.9508
loss: 0.1354, acc: 0.9529
> val_acc: 0.7555, val_f1: 0.7052
>>>>>>>>>>>>>>>>>>>>>>>>>>>>>>>>>>>>>>>>>>>>>>>>>>>>>>>>>>>>>>>>>>>>>>>>>>>>>>>>>>>>>>>>>>>>>>>>>>>>
epoch: 4
loss: 0.0963, acc: 0.9688
loss: 0.0930, acc: 0.9727
loss: 0.0943, acc: 0.9760
loss: 0.0818, acc: 0.9792
loss: 0.0706, acc: 0.9823
loss: 0.0731, acc: 0.9810
loss: 0.0847, acc: 0.9782
loss: 0.0897, acc: 0.9770
loss: 0.0890, acc: 0.9782
loss: 0.0839, acc: 0.9792
loss: 0.0846, acc: 0.9776
loss: 0.0861, acc: 0.9768
loss: 0.0856, acc: 0.9757
loss: 0.0896, acc: 0.9747
loss: 0.0902, acc: 0.9738
> val_acc: 0.7586, val_f1: 0.7008
>>>>>>>>>>>>>>>>>>>>>>>>>>>>>>>>>>>>>>>>>>>>>>>>>>>>>>>>>>>>>>>>>>>>>>>>>>>>>>>>>>>>>>>>>>>>>>>>>>>>
epoch: 5
loss: 0.0346, acc: 0.9875
loss: 0.0343, acc: 0.9906
loss: 0.0569, acc: 0.9854
loss: 0.0622, acc: 0.9828
loss: 0.0588, acc: 0.9850
loss: 0.0578, acc: 0.9844
loss: 0.0567, acc: 0.9848
loss: 0.0552, acc: 0.9844
loss: 0.0590, acc: 0.9819
loss: 0.0674, acc: 0.9794
loss: 0.0691, acc: 0.9790
loss: 0.0661, acc: 0.9802
loss: 0.0671, acc: 0.9803
loss: 0.0702, acc: 0.9790
> val_acc: 0.7461, val_f1: 0.6832
>> test_acc: 0.7602, test_f1: 0.7032
>>>>>>>>>>>>>>>>>>>>>>>>>>>>>>>>>>>>>>>>>>>>>>>>>>>>>>>>>>>>>>>>>>>>>>>>>>>>>>>>>>>>>>>>>>>>>>>>>>>>
epoch: 0
loss: 0.6470, acc: 0.7312
loss: 0.4863, acc: 0.8094
loss: 0.4167, acc: 0.8417
loss: 0.3649, acc: 0.8625
loss: 0.3527, acc: 0.8688
loss: 0.3301, acc: 0.8792
loss: 0.3308, acc: 0.8821
loss: 0.3281, acc: 0.8812
loss: 0.3210, acc: 0.8812
loss: 0.3219, acc: 0.8825
loss: 0.3180, acc: 0.8858
loss: 0.3116, acc: 0.8870
loss: 0.3191, acc: 0.8851
loss: 0.3134, acc: 0.8866
> val_acc: 0.7461, val_f1: 0.6889
>> saved: /media/b115/Backup/NLP/bert/lap14/acc_0.7461_f1_0.6889_230826-1630.model
>>>>>>>>>>>>>>>>>>>>>>>>>>>>>>>>>>>>>>>>>>>>>>>>>>>>>>>>>>>>>>>>>>>>>>>>>>>>>>>>>>>>>>>>>>>>>>>>>>>>
epoch: 1
loss: 0.2348, acc: 0.9062
loss: 0.2072, acc: 0.9152
loss: 0.1700, acc: 0.9427
loss: 0.1537, acc: 0.9485
loss: 0.1469, acc: 0.9503
loss: 0.1604, acc: 0.9491
loss: 0.1529, acc: 0.9512
loss: 0.1675, acc: 0.9451
loss: 0.1674, acc: 0.9442
loss: 0.1698, acc: 0.9435
loss: 0.1712, acc: 0.9411
loss: 0.1765, acc: 0.9386
loss: 0.1724, acc: 0.9400
loss: 0.1754, acc: 0.9370
loss: 0.1735, acc: 0.9379
> val_acc: 0.7398, val_f1: 0.6641
>>>>>>>>>>>>>>>>>>>>>>>>>>>>>>>>>>>>>>>>>>>>>>>>>>>>>>>>>>>>>>>>>>>>>>>>>>>>>>>>>>>>>>>>>>>>>>>>>>>>
epoch: 2
loss: 0.1164, acc: 0.9531
loss: 0.1121, acc: 0.9653
loss: 0.1175, acc: 0.9688
loss: 0.1099, acc: 0.9655
loss: 0.1061, acc: 0.9674
loss: 0.1101, acc: 0.9634
loss: 0.1093, acc: 0.9632
loss: 0.1022, acc: 0.9663
loss: 0.1082, acc: 0.9645
loss: 0.1098, acc: 0.9630
loss: 0.1085, acc: 0.9630
loss: 0.1110, acc: 0.9613
loss: 0.1161, acc: 0.9585
loss: 0.1141, acc: 0.9597
> val_acc: 0.7226, val_f1: 0.6515
>>>>>>>>>>>>>>>>>>>>>>>>>>>>>>>>>>>>>>>>>>>>>>>>>>>>>>>>>>>>>>>>>>>>>>>>>>>>>>>>>>>>>>>>>>>>>>>>>>>>
epoch: 3
loss: 0.0435, acc: 0.9688
loss: 0.0795, acc: 0.9688
loss: 0.1018, acc: 0.9688
loss: 0.1089, acc: 0.9648
loss: 0.0988, acc: 0.9702
loss: 0.1040, acc: 0.9663
loss: 0.0970, acc: 0.9688
loss: 0.0954, acc: 0.9696
loss: 0.0940, acc: 0.9695
loss: 0.0940, acc: 0.9694
loss: 0.0900, acc: 0.9700
loss: 0.0913, acc: 0.9699
loss: 0.0944, acc: 0.9693
loss: 0.1002, acc: 0.9673
loss: 0.1010, acc: 0.9661
> val_acc: 0.7382, val_f1: 0.6845
>>>>>>>>>>>>>>>>>>>>>>>>>>>>>>>>>>>>>>>>>>>>>>>>>>>>>>>>>>>>>>>>>>>>>>>>>>>>>>>>>>>>>>>>>>>>>>>>>>>>
epoch: 4
loss: 0.0742, acc: 0.9583
loss: 0.0489, acc: 0.9805
loss: 0.0487, acc: 0.9808
loss: 0.0699, acc: 0.9705
loss: 0.0648, acc: 0.9742
loss: 0.0636, acc: 0.9743
loss: 0.0567, acc: 0.9782
loss: 0.0634, acc: 0.9770
loss: 0.0716, acc: 0.9746
loss: 0.0698, acc: 0.9746
loss: 0.0717, acc: 0.9741
loss: 0.0715, acc: 0.9736
loss: 0.0742, acc: 0.9732
loss: 0.0762, acc: 0.9729
loss: 0.0786, acc: 0.9721
> val_acc: 0.7351, val_f1: 0.6707
>>>>>>>>>>>>>>>>>>>>>>>>>>>>>>>>>>>>>>>>>>>>>>>>>>>>>>>>>>>>>>>>>>>>>>>>>>>>>>>>>>>>>>>>>>>>>>>>>>>>
epoch: 5
loss: 0.0365, acc: 0.9938
loss: 0.0619, acc: 0.9844
loss: 0.0630, acc: 0.9833
loss: 0.0659, acc: 0.9781
loss: 0.0614, acc: 0.9812
loss: 0.0580, acc: 0.9823
loss: 0.0617, acc: 0.9812
loss: 0.0696, acc: 0.9797
loss: 0.0694, acc: 0.9792
loss: 0.0674, acc: 0.9794
loss: 0.0658, acc: 0.9801
loss: 0.0674, acc: 0.9797
loss: 0.0638, acc: 0.9808
loss: 0.0638, acc: 0.9808
> val_acc: 0.7571, val_f1: 0.7009
>> saved: /media/b115/Backup/NLP/bert/lap14/acc_0.7571_f1_0.7009_230826-1633.model
>>>>>>>>>>>>>>>>>>>>>>>>>>>>>>>>>>>>>>>>>>>>>>>>>>>>>>>>>>>>>>>>>>>>>>>>>>>>>>>>>>>>>>>>>>>>>>>>>>>>
epoch: 6
loss: 0.0240, acc: 1.0000
loss: 0.0227, acc: 1.0000
loss: 0.0298, acc: 0.9948
loss: 0.0414, acc: 0.9908
loss: 0.0429, acc: 0.9886
loss: 0.0526, acc: 0.9861
loss: 0.0510, acc: 0.9863
loss: 0.0465, acc: 0.9873
loss: 0.0497, acc: 0.9859
loss: 0.0486, acc: 0.9854
loss: 0.0483, acc: 0.9838
loss: 0.0476, acc: 0.9841
loss: 0.0459, acc: 0.9849
loss: 0.0505, acc: 0.9823
loss: 0.0485, acc: 0.9831
> val_acc: 0.7367, val_f1: 0.6703
>>>>>>>>>>>>>>>>>>>>>>>>>>>>>>>>>>>>>>>>>>>>>>>>>>>>>>>>>>>>>>>>>>>>>>>>>>>>>>>>>>>>>>>>>>>>>>>>>>>>
epoch: 7
loss: 0.0626, acc: 0.9688
loss: 0.0428, acc: 0.9861
loss: 0.0404, acc: 0.9866
loss: 0.0373, acc: 0.9868
loss: 0.0416, acc: 0.9844
loss: 0.0462, acc: 0.9838
loss: 0.0413, acc: 0.9862
loss: 0.0457, acc: 0.9832
loss: 0.0425, acc: 0.9844
loss: 0.0448, acc: 0.9841
loss: 0.0463, acc: 0.9844
loss: 0.0438, acc: 0.9852
loss: 0.0430, acc: 0.9854
loss: 0.0435, acc: 0.9846
> val_acc: 0.7461, val_f1: 0.6830
>>>>>>>>>>>>>>>>>>>>>>>>>>>>>>>>>>>>>>>>>>>>>>>>>>>>>>>>>>>>>>>>>>>>>>>>>>>>>>>>>>>>>>>>>>>>>>>>>>>>
epoch: 8
loss: 0.0669, acc: 0.9688
loss: 0.0413, acc: 0.9792
loss: 0.0295, acc: 0.9858
loss: 0.0296, acc: 0.9863
loss: 0.0395, acc: 0.9851
loss: 0.0484, acc: 0.9784
loss: 0.0444, acc: 0.9798
loss: 0.0454, acc: 0.9809
loss: 0.0464, acc: 0.9802
loss: 0.0462, acc: 0.9810
loss: 0.0425, acc: 0.9828
loss: 0.0421, acc: 0.9827
loss: 0.0409, acc: 0.9836
loss: 0.0432, acc: 0.9834
loss: 0.0432, acc: 0.9837
> val_acc: 0.7429, val_f1: 0.6701
>>>>>>>>>>>>>>>>>>>>>>>>>>>>>>>>>>>>>>>>>>>>>>>>>>>>>>>>>>>>>>>>>>>>>>>>>>>>>>>>>>>>>>>>>>>>>>>>>>>>
epoch: 9
loss: 0.0160, acc: 0.9896
loss: 0.0688, acc: 0.9766
loss: 0.0593, acc: 0.9808
loss: 0.0482, acc: 0.9844
loss: 0.0429, acc: 0.9864
loss: 0.0392, acc: 0.9877
loss: 0.0342, acc: 0.9896
loss: 0.0372, acc: 0.9885
loss: 0.0429, acc: 0.9862
loss: 0.0460, acc: 0.9857
loss: 0.0450, acc: 0.9858
loss: 0.0418, acc: 0.9871
loss: 0.0421, acc: 0.9871
loss: 0.0441, acc: 0.9858
loss: 0.0431, acc: 0.9858
> val_acc: 0.7539, val_f1: 0.6925
>>>>>>>>>>>>>>>>>>>>>>>>>>>>>>>>>>>>>>>>>>>>>>>>>>>>>>>>>>>>>>>>>>>>>>>>>>>>>>>>>>>>>>>>>>>>>>>>>>>>
epoch: 10
loss: 0.0130, acc: 0.9938
loss: 0.0209, acc: 0.9875
loss: 0.0179, acc: 0.9896
loss: 0.0163, acc: 0.9906
loss: 0.0195, acc: 0.9888
loss: 0.0168, acc: 0.9906
loss: 0.0225, acc: 0.9893
loss: 0.0225, acc: 0.9891
loss: 0.0239, acc: 0.9882
loss: 0.0272, acc: 0.9862
loss: 0.0279, acc: 0.9858
loss: 0.0288, acc: 0.9854
loss: 0.0349, acc: 0.9841
loss: 0.0345, acc: 0.9844
> val_acc: 0.7571, val_f1: 0.6925
>> test_acc: 0.7571, test_f1: 0.7009
>> test_acc: 0.7821, test_f1: 0.7481
>> test_acc: 0.7602, test_f1: 0.7032
>> test_acc: 0.7571, test_f1: 0.7009

>> avg_test_acc: 0.7665, avg_test_f1: 0.7174
>> max_test_acc: 0.7821, max_test_f1: 0.7481
