cuda memory allocated: 439079424
> n_trainable_params: 109484547, n_nontrainable_params: 0
> training arguments:
>>> model_name: bert
>>> dataset: mams
>>> optimizer: <class 'torch.optim.adam.Adam'>
>>> initializer: <function xavier_uniform_ at 0x7fc344b58b80>
>>> repeat: 3
>>> lr: 2e-05
>>> dropout: 0.3
>>> l2reg: 0.0001
>>> num_epoch: 100
>>> batch_size: 16
>>> log_step: 10
>>> bert_dim: 768
>>> plm_name: ./plm/bert-base-uncased
>>> max_seq_len: 128
>>> polarities_dim: 3
>>> patience: 5
>>> device: cuda
>>> seed: 42
>>> save_model_dir: /media/b115/Backup/NLP
>>> model_class: <class 'model.bert.BERT'>
>>> dataset_file: {'train': './dataset/txt/mams_train.txt', 'dev': './dataset/txt/mams_dev.txt', 'test': './dataset/txt/mams_test.txt'}
>>> inputs_cols: ['input_ids', 'token_type_ids', 'attention_mask']
>>>>>>>>>>>>>>>>>>>>>>>>>>>>>>>>>>>>>>>>>>>>>>>>>>>>>>>>>>>>>>>>>>>>>>>>>>>>>>>>>>>>>>>>>>>>>>>>>>>>
epoch: 0
loss: 1.5183, acc: 0.2938
loss: 1.4021, acc: 0.3312
loss: 1.3556, acc: 0.3458
loss: 1.3326, acc: 0.3422
loss: 1.3176, acc: 0.3438
loss: 1.2970, acc: 0.3594
loss: 1.2803, acc: 0.3723
loss: 1.2595, acc: 0.3805
loss: 1.2426, acc: 0.3896
loss: 1.2276, acc: 0.3956
loss: 1.2056, acc: 0.4085
loss: 1.1833, acc: 0.4188
loss: 1.1660, acc: 0.4288
loss: 1.1546, acc: 0.4353
loss: 1.1361, acc: 0.4458
loss: 1.1229, acc: 0.4527
loss: 1.1080, acc: 0.4614
loss: 1.0938, acc: 0.4688
loss: 1.0802, acc: 0.4763
loss: 1.0706, acc: 0.4806
loss: 1.0585, acc: 0.4866
loss: 1.0498, acc: 0.4935
loss: 1.0428, acc: 0.4967
loss: 1.0336, acc: 0.5013
loss: 1.0244, acc: 0.5072
loss: 1.0138, acc: 0.5132
loss: 1.0067, acc: 0.5169
loss: 1.0012, acc: 0.5199
loss: 0.9906, acc: 0.5254
loss: 0.9845, acc: 0.5285
loss: 0.9747, acc: 0.5339
loss: 0.9676, acc: 0.5377
loss: 0.9649, acc: 0.5386
loss: 0.9613, acc: 0.5425
loss: 0.9523, acc: 0.5487
loss: 0.9442, acc: 0.5535
loss: 0.9372, acc: 0.5584
loss: 0.9331, acc: 0.5617
loss: 0.9222, acc: 0.5673
loss: 0.9152, acc: 0.5717
loss: 0.9071, acc: 0.5759
loss: 0.9008, acc: 0.5795
loss: 0.8922, acc: 0.5849
loss: 0.8854, acc: 0.5881
loss: 0.8786, acc: 0.5926
loss: 0.8715, acc: 0.5962
loss: 0.8654, acc: 0.6001
loss: 0.8612, acc: 0.6027
loss: 0.8567, acc: 0.6054
loss: 0.8527, acc: 0.6079
loss: 0.8465, acc: 0.6115
loss: 0.8408, acc: 0.6153
loss: 0.8339, acc: 0.6184
loss: 0.8292, acc: 0.6213
loss: 0.8249, acc: 0.6238
loss: 0.8186, acc: 0.6266
loss: 0.8148, acc: 0.6292
loss: 0.8100, acc: 0.6319
loss: 0.8058, acc: 0.6345
loss: 0.7996, acc: 0.6377
loss: 0.7960, acc: 0.6398
loss: 0.7913, acc: 0.6425
loss: 0.7891, acc: 0.6438
loss: 0.7872, acc: 0.6445
loss: 0.7828, acc: 0.6467
loss: 0.7780, acc: 0.6492
loss: 0.7747, acc: 0.6512
loss: 0.7702, acc: 0.6535
loss: 0.7671, acc: 0.6559
loss: 0.7644, acc: 0.6568
> val_acc: 0.8101, val_f1: 0.8013
>> saved: /media/b115/Backup/NLP/bert/mams/acc_0.8101_f1_0.8013_230826-1944.model
>>>>>>>>>>>>>>>>>>>>>>>>>>>>>>>>>>>>>>>>>>>>>>>>>>>>>>>>>>>>>>>>>>>>>>>>>>>>>>>>>>>>>>>>>>>>>>>>>>>>
epoch: 1
loss: 0.3477, acc: 0.8875
loss: 0.4014, acc: 0.8469
loss: 0.3896, acc: 0.8417
loss: 0.4028, acc: 0.8406
loss: 0.3946, acc: 0.8400
loss: 0.4192, acc: 0.8344
loss: 0.4211, acc: 0.8313
loss: 0.4204, acc: 0.8328
loss: 0.4094, acc: 0.8389
loss: 0.4028, acc: 0.8444
loss: 0.4003, acc: 0.8472
loss: 0.3942, acc: 0.8484
loss: 0.3994, acc: 0.8447
loss: 0.3949, acc: 0.8455
loss: 0.3968, acc: 0.8454
loss: 0.3970, acc: 0.8441
loss: 0.3976, acc: 0.8430
loss: 0.4003, acc: 0.8413
loss: 0.4012, acc: 0.8421
loss: 0.3980, acc: 0.8431
loss: 0.4003, acc: 0.8435
loss: 0.4015, acc: 0.8435
loss: 0.4036, acc: 0.8440
loss: 0.4031, acc: 0.8445
loss: 0.4029, acc: 0.8442
loss: 0.4013, acc: 0.8452
loss: 0.3996, acc: 0.8458
loss: 0.3979, acc: 0.8469
loss: 0.3986, acc: 0.8466
loss: 0.4003, acc: 0.8458
loss: 0.3998, acc: 0.8456
loss: 0.3995, acc: 0.8461
loss: 0.3993, acc: 0.8462
loss: 0.4003, acc: 0.8458
loss: 0.4026, acc: 0.8445
loss: 0.4036, acc: 0.8439
loss: 0.4042, acc: 0.8432
loss: 0.4041, acc: 0.8428
loss: 0.4070, acc: 0.8412
loss: 0.4052, acc: 0.8413
loss: 0.4062, acc: 0.8415
loss: 0.4059, acc: 0.8420
loss: 0.4053, acc: 0.8424
loss: 0.4056, acc: 0.8418
loss: 0.4048, acc: 0.8421
loss: 0.4075, acc: 0.8414
loss: 0.4080, acc: 0.8408
loss: 0.4078, acc: 0.8410
loss: 0.4064, acc: 0.8418
loss: 0.4085, acc: 0.8417
loss: 0.4083, acc: 0.8419
loss: 0.4086, acc: 0.8417
loss: 0.4078, acc: 0.8422
loss: 0.4068, acc: 0.8426
loss: 0.4066, acc: 0.8431
loss: 0.4057, acc: 0.8432
loss: 0.4066, acc: 0.8433
loss: 0.4062, acc: 0.8433
loss: 0.4059, acc: 0.8439
loss: 0.4058, acc: 0.8435
loss: 0.4040, acc: 0.8440
loss: 0.4049, acc: 0.8438
loss: 0.4043, acc: 0.8443
loss: 0.4029, acc: 0.8455
loss: 0.4037, acc: 0.8446
loss: 0.4025, acc: 0.8451
loss: 0.4026, acc: 0.8450
loss: 0.4023, acc: 0.8451
loss: 0.4031, acc: 0.8447
loss: 0.4037, acc: 0.8443
> val_acc: 0.8288, val_f1: 0.8239
>> saved: /media/b115/Backup/NLP/bert/mams/acc_0.8288_f1_0.8239_230826-1947.model
>>>>>>>>>>>>>>>>>>>>>>>>>>>>>>>>>>>>>>>>>>>>>>>>>>>>>>>>>>>>>>>>>>>>>>>>>>>>>>>>>>>>>>>>>>>>>>>>>>>>
epoch: 2
loss: 0.3000, acc: 0.8938
loss: 0.2552, acc: 0.9125
loss: 0.2648, acc: 0.9125
loss: 0.2529, acc: 0.9094
loss: 0.2440, acc: 0.9163
loss: 0.2383, acc: 0.9156
loss: 0.2272, acc: 0.9187
loss: 0.2294, acc: 0.9164
loss: 0.2283, acc: 0.9194
loss: 0.2275, acc: 0.9187
loss: 0.2264, acc: 0.9176
loss: 0.2289, acc: 0.9177
loss: 0.2287, acc: 0.9178
loss: 0.2341, acc: 0.9165
loss: 0.2305, acc: 0.9175
loss: 0.2361, acc: 0.9148
loss: 0.2362, acc: 0.9140
loss: 0.2375, acc: 0.9132
loss: 0.2377, acc: 0.9141
loss: 0.2408, acc: 0.9134
loss: 0.2394, acc: 0.9149
loss: 0.2384, acc: 0.9145
loss: 0.2395, acc: 0.9141
loss: 0.2405, acc: 0.9141
loss: 0.2407, acc: 0.9137
loss: 0.2467, acc: 0.9123
loss: 0.2483, acc: 0.9116
loss: 0.2494, acc: 0.9105
loss: 0.2509, acc: 0.9097
loss: 0.2526, acc: 0.9092
loss: 0.2506, acc: 0.9097
loss: 0.2505, acc: 0.9090
loss: 0.2484, acc: 0.9100
loss: 0.2457, acc: 0.9112
loss: 0.2449, acc: 0.9114
loss: 0.2478, acc: 0.9106
loss: 0.2482, acc: 0.9105
loss: 0.2481, acc: 0.9110
loss: 0.2463, acc: 0.9119
loss: 0.2474, acc: 0.9113
loss: 0.2489, acc: 0.9110
loss: 0.2491, acc: 0.9106
loss: 0.2485, acc: 0.9106
loss: 0.2485, acc: 0.9107
loss: 0.2512, acc: 0.9103
loss: 0.2535, acc: 0.9092
loss: 0.2533, acc: 0.9092
loss: 0.2524, acc: 0.9100
loss: 0.2515, acc: 0.9099
loss: 0.2524, acc: 0.9096
loss: 0.2503, acc: 0.9104
loss: 0.2497, acc: 0.9105
loss: 0.2496, acc: 0.9105
loss: 0.2490, acc: 0.9110
loss: 0.2490, acc: 0.9109
loss: 0.2483, acc: 0.9110
loss: 0.2484, acc: 0.9110
loss: 0.2472, acc: 0.9111
loss: 0.2476, acc: 0.9111
loss: 0.2478, acc: 0.9113
loss: 0.2472, acc: 0.9116
loss: 0.2461, acc: 0.9117
loss: 0.2467, acc: 0.9112
loss: 0.2466, acc: 0.9110
loss: 0.2453, acc: 0.9117
loss: 0.2460, acc: 0.9116
loss: 0.2460, acc: 0.9116
loss: 0.2477, acc: 0.9110
loss: 0.2480, acc: 0.9107
loss: 0.2479, acc: 0.9106
> val_acc: 0.8221, val_f1: 0.8166
>>>>>>>>>>>>>>>>>>>>>>>>>>>>>>>>>>>>>>>>>>>>>>>>>>>>>>>>>>>>>>>>>>>>>>>>>>>>>>>>>>>>>>>>>>>>>>>>>>>>
epoch: 3
loss: 0.1636, acc: 0.9437
loss: 0.1241, acc: 0.9625
loss: 0.1582, acc: 0.9521
loss: 0.1419, acc: 0.9531
loss: 0.1277, acc: 0.9563
loss: 0.1215, acc: 0.9604
loss: 0.1273, acc: 0.9589
loss: 0.1334, acc: 0.9570
loss: 0.1270, acc: 0.9583
loss: 0.1316, acc: 0.9581
loss: 0.1364, acc: 0.9568
loss: 0.1340, acc: 0.9578
loss: 0.1318, acc: 0.9567
loss: 0.1308, acc: 0.9576
loss: 0.1299, acc: 0.9571
loss: 0.1286, acc: 0.9578
loss: 0.1282, acc: 0.9581
loss: 0.1324, acc: 0.9566
loss: 0.1331, acc: 0.9563
loss: 0.1321, acc: 0.9566
loss: 0.1346, acc: 0.9560
loss: 0.1343, acc: 0.9565
loss: 0.1323, acc: 0.9579
loss: 0.1293, acc: 0.9586
loss: 0.1286, acc: 0.9593
loss: 0.1312, acc: 0.9582
loss: 0.1314, acc: 0.9576
loss: 0.1311, acc: 0.9576
loss: 0.1312, acc: 0.9573
loss: 0.1335, acc: 0.9563
loss: 0.1345, acc: 0.9556
loss: 0.1347, acc: 0.9557
loss: 0.1363, acc: 0.9549
loss: 0.1385, acc: 0.9540
loss: 0.1384, acc: 0.9536
loss: 0.1371, acc: 0.9540
loss: 0.1368, acc: 0.9542
loss: 0.1365, acc: 0.9544
loss: 0.1368, acc: 0.9542
loss: 0.1390, acc: 0.9531
loss: 0.1376, acc: 0.9534
loss: 0.1364, acc: 0.9540
loss: 0.1373, acc: 0.9539
loss: 0.1369, acc: 0.9540
loss: 0.1390, acc: 0.9539
loss: 0.1381, acc: 0.9543
loss: 0.1373, acc: 0.9544
loss: 0.1369, acc: 0.9543
loss: 0.1363, acc: 0.9546
loss: 0.1356, acc: 0.9547
loss: 0.1366, acc: 0.9542
loss: 0.1368, acc: 0.9542
loss: 0.1369, acc: 0.9541
loss: 0.1364, acc: 0.9544
loss: 0.1370, acc: 0.9543
loss: 0.1380, acc: 0.9540
loss: 0.1372, acc: 0.9542
loss: 0.1370, acc: 0.9541
loss: 0.1378, acc: 0.9538
loss: 0.1375, acc: 0.9535
loss: 0.1377, acc: 0.9530
loss: 0.1369, acc: 0.9531
loss: 0.1376, acc: 0.9532
loss: 0.1393, acc: 0.9526
loss: 0.1387, acc: 0.9529
loss: 0.1384, acc: 0.9530
loss: 0.1384, acc: 0.9534
loss: 0.1379, acc: 0.9538
loss: 0.1380, acc: 0.9539
loss: 0.1386, acc: 0.9538
> val_acc: 0.8266, val_f1: 0.8214
>>>>>>>>>>>>>>>>>>>>>>>>>>>>>>>>>>>>>>>>>>>>>>>>>>>>>>>>>>>>>>>>>>>>>>>>>>>>>>>>>>>>>>>>>>>>>>>>>>>>
epoch: 4
loss: 0.1260, acc: 0.9563
loss: 0.1477, acc: 0.9531
loss: 0.1209, acc: 0.9625
loss: 0.1040, acc: 0.9688
loss: 0.1104, acc: 0.9675
loss: 0.1082, acc: 0.9688
loss: 0.0991, acc: 0.9723
loss: 0.0984, acc: 0.9711
loss: 0.0931, acc: 0.9722
loss: 0.0863, acc: 0.9750
loss: 0.0882, acc: 0.9739
loss: 0.0897, acc: 0.9740
loss: 0.0910, acc: 0.9736
loss: 0.0924, acc: 0.9723
loss: 0.0930, acc: 0.9717
loss: 0.0937, acc: 0.9703
loss: 0.0931, acc: 0.9710
loss: 0.0968, acc: 0.9701
loss: 0.0963, acc: 0.9704
loss: 0.0951, acc: 0.9706
loss: 0.0959, acc: 0.9705
loss: 0.0974, acc: 0.9705
loss: 0.0972, acc: 0.9704
loss: 0.0969, acc: 0.9706
loss: 0.0992, acc: 0.9695
loss: 0.0989, acc: 0.9690
loss: 0.0972, acc: 0.9699
loss: 0.0968, acc: 0.9699
loss: 0.0964, acc: 0.9700
loss: 0.0958, acc: 0.9700
loss: 0.0949, acc: 0.9700
loss: 0.0961, acc: 0.9695
loss: 0.0949, acc: 0.9697
loss: 0.0935, acc: 0.9700
loss: 0.0921, acc: 0.9705
loss: 0.0906, acc: 0.9710
loss: 0.0899, acc: 0.9715
loss: 0.0908, acc: 0.9712
loss: 0.0902, acc: 0.9713
loss: 0.0908, acc: 0.9711
loss: 0.0921, acc: 0.9707
loss: 0.0917, acc: 0.9707
loss: 0.0928, acc: 0.9702
loss: 0.0920, acc: 0.9705
loss: 0.0915, acc: 0.9708
loss: 0.0921, acc: 0.9702
loss: 0.0913, acc: 0.9706
loss: 0.0910, acc: 0.9706
loss: 0.0907, acc: 0.9708
loss: 0.0910, acc: 0.9706
loss: 0.0911, acc: 0.9706
loss: 0.0908, acc: 0.9708
loss: 0.0901, acc: 0.9710
loss: 0.0905, acc: 0.9705
loss: 0.0902, acc: 0.9706
loss: 0.0904, acc: 0.9704
loss: 0.0896, acc: 0.9707
loss: 0.0901, acc: 0.9707
loss: 0.0894, acc: 0.9709
loss: 0.0899, acc: 0.9706
loss: 0.0896, acc: 0.9707
loss: 0.0900, acc: 0.9709
loss: 0.0902, acc: 0.9707
loss: 0.0906, acc: 0.9707
loss: 0.0910, acc: 0.9705
loss: 0.0907, acc: 0.9705
loss: 0.0898, acc: 0.9709
loss: 0.0895, acc: 0.9707
loss: 0.0892, acc: 0.9707
loss: 0.0894, acc: 0.9707
> val_acc: 0.8311, val_f1: 0.8278
>> saved: /media/b115/Backup/NLP/bert/mams/acc_0.8311_f1_0.8278_230826-1953.model
>>>>>>>>>>>>>>>>>>>>>>>>>>>>>>>>>>>>>>>>>>>>>>>>>>>>>>>>>>>>>>>>>>>>>>>>>>>>>>>>>>>>>>>>>>>>>>>>>>>>
epoch: 5
loss: 0.0220, acc: 0.9938
loss: 0.0321, acc: 0.9938
loss: 0.0320, acc: 0.9938
loss: 0.0381, acc: 0.9891
loss: 0.0354, acc: 0.9900
loss: 0.0362, acc: 0.9896
loss: 0.0375, acc: 0.9893
loss: 0.0375, acc: 0.9891
loss: 0.0408, acc: 0.9861
loss: 0.0389, acc: 0.9869
loss: 0.0420, acc: 0.9864
loss: 0.0426, acc: 0.9859
loss: 0.0425, acc: 0.9865
loss: 0.0415, acc: 0.9871
loss: 0.0401, acc: 0.9875
loss: 0.0427, acc: 0.9859
loss: 0.0478, acc: 0.9849
loss: 0.0476, acc: 0.9847
loss: 0.0479, acc: 0.9849
loss: 0.0467, acc: 0.9853
loss: 0.0474, acc: 0.9851
loss: 0.0483, acc: 0.9849
loss: 0.0493, acc: 0.9842
loss: 0.0487, acc: 0.9844
loss: 0.0490, acc: 0.9845
loss: 0.0479, acc: 0.9849
loss: 0.0477, acc: 0.9850
loss: 0.0464, acc: 0.9853
loss: 0.0474, acc: 0.9843
loss: 0.0487, acc: 0.9835
loss: 0.0490, acc: 0.9829
loss: 0.0502, acc: 0.9826
loss: 0.0503, acc: 0.9824
loss: 0.0505, acc: 0.9824
loss: 0.0498, acc: 0.9825
loss: 0.0492, acc: 0.9826
loss: 0.0514, acc: 0.9824
loss: 0.0509, acc: 0.9827
loss: 0.0507, acc: 0.9829
loss: 0.0506, acc: 0.9831
loss: 0.0506, acc: 0.9832
loss: 0.0503, acc: 0.9833
loss: 0.0512, acc: 0.9833
loss: 0.0507, acc: 0.9832
loss: 0.0515, acc: 0.9832
loss: 0.0519, acc: 0.9833
loss: 0.0514, acc: 0.9832
loss: 0.0517, acc: 0.9833
loss: 0.0517, acc: 0.9833
loss: 0.0515, acc: 0.9832
loss: 0.0520, acc: 0.9831
loss: 0.0529, acc: 0.9828
loss: 0.0536, acc: 0.9827
loss: 0.0548, acc: 0.9825
loss: 0.0554, acc: 0.9824
loss: 0.0552, acc: 0.9821
loss: 0.0552, acc: 0.9821
loss: 0.0549, acc: 0.9823
loss: 0.0550, acc: 0.9824
loss: 0.0552, acc: 0.9824
loss: 0.0552, acc: 0.9824
loss: 0.0554, acc: 0.9823
loss: 0.0559, acc: 0.9821
loss: 0.0561, acc: 0.9822
loss: 0.0565, acc: 0.9819
loss: 0.0569, acc: 0.9818
loss: 0.0566, acc: 0.9820
loss: 0.0568, acc: 0.9818
loss: 0.0568, acc: 0.9817
loss: 0.0571, acc: 0.9815
> val_acc: 0.8243, val_f1: 0.8189
>>>>>>>>>>>>>>>>>>>>>>>>>>>>>>>>>>>>>>>>>>>>>>>>>>>>>>>>>>>>>>>>>>>>>>>>>>>>>>>>>>>>>>>>>>>>>>>>>>>>
epoch: 6
loss: 0.0903, acc: 0.9750
loss: 0.0760, acc: 0.9781
loss: 0.0566, acc: 0.9833
loss: 0.0502, acc: 0.9844
loss: 0.0436, acc: 0.9862
loss: 0.0468, acc: 0.9844
loss: 0.0498, acc: 0.9830
loss: 0.0480, acc: 0.9844
loss: 0.0492, acc: 0.9847
loss: 0.0474, acc: 0.9850
loss: 0.0475, acc: 0.9847
loss: 0.0466, acc: 0.9849
loss: 0.0453, acc: 0.9856
loss: 0.0446, acc: 0.9857
loss: 0.0455, acc: 0.9854
loss: 0.0436, acc: 0.9859
loss: 0.0432, acc: 0.9864
loss: 0.0422, acc: 0.9865
loss: 0.0405, acc: 0.9872
loss: 0.0396, acc: 0.9872
loss: 0.0391, acc: 0.9872
loss: 0.0406, acc: 0.9869
loss: 0.0392, acc: 0.9875
loss: 0.0417, acc: 0.9865
loss: 0.0411, acc: 0.9862
loss: 0.0426, acc: 0.9858
loss: 0.0486, acc: 0.9847
loss: 0.0483, acc: 0.9848
loss: 0.0474, acc: 0.9851
loss: 0.0474, acc: 0.9850
loss: 0.0462, acc: 0.9855
loss: 0.0472, acc: 0.9854
loss: 0.0483, acc: 0.9850
loss: 0.0485, acc: 0.9849
loss: 0.0488, acc: 0.9850
loss: 0.0485, acc: 0.9851
loss: 0.0481, acc: 0.9851
loss: 0.0476, acc: 0.9852
loss: 0.0479, acc: 0.9854
loss: 0.0476, acc: 0.9855
loss: 0.0473, acc: 0.9857
loss: 0.0471, acc: 0.9859
loss: 0.0462, acc: 0.9862
loss: 0.0456, acc: 0.9862
loss: 0.0447, acc: 0.9865
loss: 0.0441, acc: 0.9867
loss: 0.0442, acc: 0.9864
loss: 0.0440, acc: 0.9865
loss: 0.0434, acc: 0.9867
loss: 0.0445, acc: 0.9864
loss: 0.0460, acc: 0.9859
loss: 0.0465, acc: 0.9858
loss: 0.0459, acc: 0.9861
loss: 0.0458, acc: 0.9862
loss: 0.0459, acc: 0.9861
loss: 0.0459, acc: 0.9862
loss: 0.0453, acc: 0.9864
loss: 0.0452, acc: 0.9864
loss: 0.0448, acc: 0.9865
loss: 0.0452, acc: 0.9866
loss: 0.0451, acc: 0.9866
loss: 0.0455, acc: 0.9865
loss: 0.0458, acc: 0.9863
loss: 0.0462, acc: 0.9862
loss: 0.0466, acc: 0.9862
loss: 0.0471, acc: 0.9859
loss: 0.0466, acc: 0.9861
loss: 0.0473, acc: 0.9859
loss: 0.0473, acc: 0.9858
loss: 0.0468, acc: 0.9860
> val_acc: 0.8176, val_f1: 0.8129
>>>>>>>>>>>>>>>>>>>>>>>>>>>>>>>>>>>>>>>>>>>>>>>>>>>>>>>>>>>>>>>>>>>>>>>>>>>>>>>>>>>>>>>>>>>>>>>>>>>>
epoch: 7
loss: 0.0782, acc: 0.9688
loss: 0.0792, acc: 0.9656
loss: 0.0757, acc: 0.9708
loss: 0.0645, acc: 0.9750
loss: 0.0559, acc: 0.9788
loss: 0.0529, acc: 0.9802
loss: 0.0481, acc: 0.9821
loss: 0.0509, acc: 0.9828
loss: 0.0485, acc: 0.9833
loss: 0.0537, acc: 0.9819
loss: 0.0526, acc: 0.9824
loss: 0.0514, acc: 0.9828
loss: 0.0497, acc: 0.9827
loss: 0.0509, acc: 0.9835
loss: 0.0494, acc: 0.9833
loss: 0.0483, acc: 0.9840
loss: 0.0474, acc: 0.9842
loss: 0.0469, acc: 0.9840
loss: 0.0462, acc: 0.9839
loss: 0.0477, acc: 0.9834
loss: 0.0488, acc: 0.9833
loss: 0.0537, acc: 0.9821
loss: 0.0557, acc: 0.9815
loss: 0.0571, acc: 0.9815
loss: 0.0566, acc: 0.9818
loss: 0.0550, acc: 0.9822
loss: 0.0541, acc: 0.9826
loss: 0.0526, acc: 0.9833
loss: 0.0515, acc: 0.9838
loss: 0.0526, acc: 0.9838
loss: 0.0527, acc: 0.9839
loss: 0.0518, acc: 0.9840
loss: 0.0516, acc: 0.9841
loss: 0.0506, acc: 0.9844
loss: 0.0496, acc: 0.9848
loss: 0.0494, acc: 0.9849
loss: 0.0497, acc: 0.9850
loss: 0.0487, acc: 0.9852
loss: 0.0497, acc: 0.9848
loss: 0.0489, acc: 0.9850
loss: 0.0485, acc: 0.9851
loss: 0.0477, acc: 0.9851
loss: 0.0470, acc: 0.9853
loss: 0.0470, acc: 0.9852
loss: 0.0464, acc: 0.9854
loss: 0.0458, acc: 0.9856
loss: 0.0453, acc: 0.9858
loss: 0.0467, acc: 0.9853
loss: 0.0461, acc: 0.9856
loss: 0.0455, acc: 0.9858
loss: 0.0452, acc: 0.9858
loss: 0.0450, acc: 0.9858
loss: 0.0452, acc: 0.9857
loss: 0.0458, acc: 0.9855
loss: 0.0452, acc: 0.9858
loss: 0.0455, acc: 0.9855
loss: 0.0456, acc: 0.9853
loss: 0.0464, acc: 0.9851
loss: 0.0462, acc: 0.9852
loss: 0.0461, acc: 0.9852
loss: 0.0456, acc: 0.9855
loss: 0.0459, acc: 0.9853
loss: 0.0465, acc: 0.9850
loss: 0.0468, acc: 0.9848
loss: 0.0472, acc: 0.9845
loss: 0.0474, acc: 0.9845
loss: 0.0472, acc: 0.9843
loss: 0.0483, acc: 0.9840
loss: 0.0484, acc: 0.9839
loss: 0.0489, acc: 0.9836
> val_acc: 0.8168, val_f1: 0.8136
>>>>>>>>>>>>>>>>>>>>>>>>>>>>>>>>>>>>>>>>>>>>>>>>>>>>>>>>>>>>>>>>>>>>>>>>>>>>>>>>>>>>>>>>>>>>>>>>>>>>
epoch: 8
loss: 0.0367, acc: 0.9875
loss: 0.0629, acc: 0.9781
loss: 0.0558, acc: 0.9812
loss: 0.0446, acc: 0.9859
loss: 0.0375, acc: 0.9888
loss: 0.0359, acc: 0.9885
loss: 0.0373, acc: 0.9893
loss: 0.0343, acc: 0.9906
loss: 0.0330, acc: 0.9910
loss: 0.0315, acc: 0.9912
loss: 0.0307, acc: 0.9915
loss: 0.0287, acc: 0.9922
loss: 0.0274, acc: 0.9923
loss: 0.0268, acc: 0.9924
loss: 0.0261, acc: 0.9921
loss: 0.0252, acc: 0.9926
loss: 0.0245, acc: 0.9926
loss: 0.0234, acc: 0.9931
loss: 0.0238, acc: 0.9931
loss: 0.0228, acc: 0.9934
loss: 0.0218, acc: 0.9938
loss: 0.0211, acc: 0.9940
loss: 0.0203, acc: 0.9943
loss: 0.0198, acc: 0.9945
loss: 0.0214, acc: 0.9945
loss: 0.0207, acc: 0.9947
loss: 0.0207, acc: 0.9947
loss: 0.0202, acc: 0.9949
loss: 0.0205, acc: 0.9948
loss: 0.0217, acc: 0.9948
loss: 0.0220, acc: 0.9946
loss: 0.0218, acc: 0.9945
loss: 0.0213, acc: 0.9947
loss: 0.0234, acc: 0.9939
loss: 0.0232, acc: 0.9939
loss: 0.0230, acc: 0.9939
loss: 0.0233, acc: 0.9938
loss: 0.0237, acc: 0.9934
loss: 0.0247, acc: 0.9929
loss: 0.0252, acc: 0.9923
loss: 0.0259, acc: 0.9922
loss: 0.0254, acc: 0.9924
loss: 0.0256, acc: 0.9923
loss: 0.0253, acc: 0.9923
loss: 0.0251, acc: 0.9924
loss: 0.0247, acc: 0.9925
loss: 0.0250, acc: 0.9922
loss: 0.0248, acc: 0.9922
loss: 0.0256, acc: 0.9918
loss: 0.0268, acc: 0.9914
loss: 0.0272, acc: 0.9913
loss: 0.0269, acc: 0.9915
loss: 0.0267, acc: 0.9915
loss: 0.0275, acc: 0.9912
loss: 0.0280, acc: 0.9910
loss: 0.0280, acc: 0.9911
loss: 0.0283, acc: 0.9911
loss: 0.0282, acc: 0.9912
loss: 0.0289, acc: 0.9911
loss: 0.0288, acc: 0.9909
loss: 0.0291, acc: 0.9908
loss: 0.0298, acc: 0.9904
loss: 0.0297, acc: 0.9905
loss: 0.0295, acc: 0.9905
loss: 0.0297, acc: 0.9905
loss: 0.0306, acc: 0.9903
loss: 0.0306, acc: 0.9904
loss: 0.0311, acc: 0.9903
loss: 0.0310, acc: 0.9901
loss: 0.0313, acc: 0.9899
> val_acc: 0.7973, val_f1: 0.7979
>>>>>>>>>>>>>>>>>>>>>>>>>>>>>>>>>>>>>>>>>>>>>>>>>>>>>>>>>>>>>>>>>>>>>>>>>>>>>>>>>>>>>>>>>>>>>>>>>>>>
epoch: 9
loss: 0.0239, acc: 0.9875
loss: 0.0166, acc: 0.9906
loss: 0.0191, acc: 0.9917
loss: 0.0202, acc: 0.9922
loss: 0.0175, acc: 0.9938
loss: 0.0160, acc: 0.9938
loss: 0.0195, acc: 0.9938
loss: 0.0176, acc: 0.9945
loss: 0.0166, acc: 0.9951
loss: 0.0180, acc: 0.9938
loss: 0.0175, acc: 0.9938
loss: 0.0185, acc: 0.9938
loss: 0.0234, acc: 0.9923
loss: 0.0258, acc: 0.9920
loss: 0.0250, acc: 0.9921
loss: 0.0255, acc: 0.9918
loss: 0.0244, acc: 0.9923
loss: 0.0264, acc: 0.9920
loss: 0.0261, acc: 0.9921
loss: 0.0264, acc: 0.9922
loss: 0.0263, acc: 0.9920
loss: 0.0263, acc: 0.9920
loss: 0.0254, acc: 0.9924
loss: 0.0256, acc: 0.9919
loss: 0.0252, acc: 0.9918
loss: 0.0244, acc: 0.9921
loss: 0.0242, acc: 0.9921
loss: 0.0253, acc: 0.9917
loss: 0.0256, acc: 0.9914
loss: 0.0252, acc: 0.9915
loss: 0.0245, acc: 0.9917
loss: 0.0265, acc: 0.9918
loss: 0.0259, acc: 0.9920
loss: 0.0254, acc: 0.9923
loss: 0.0278, acc: 0.9916
loss: 0.0281, acc: 0.9915
loss: 0.0280, acc: 0.9914
loss: 0.0286, acc: 0.9911
loss: 0.0284, acc: 0.9910
loss: 0.0279, acc: 0.9912
loss: 0.0282, acc: 0.9907
loss: 0.0281, acc: 0.9906
loss: 0.0290, acc: 0.9903
loss: 0.0292, acc: 0.9901
loss: 0.0296, acc: 0.9899
loss: 0.0302, acc: 0.9898
loss: 0.0311, acc: 0.9896
loss: 0.0306, acc: 0.9898
loss: 0.0302, acc: 0.9901
loss: 0.0298, acc: 0.9901
loss: 0.0294, acc: 0.9903
loss: 0.0294, acc: 0.9903
loss: 0.0303, acc: 0.9901
loss: 0.0305, acc: 0.9900
loss: 0.0307, acc: 0.9900
loss: 0.0311, acc: 0.9900
loss: 0.0319, acc: 0.9897
loss: 0.0316, acc: 0.9898
loss: 0.0322, acc: 0.9894
loss: 0.0326, acc: 0.9893
loss: 0.0332, acc: 0.9891
loss: 0.0337, acc: 0.9890
loss: 0.0332, acc: 0.9892
loss: 0.0346, acc: 0.9890
loss: 0.0345, acc: 0.9889
loss: 0.0350, acc: 0.9887
loss: 0.0348, acc: 0.9888
loss: 0.0357, acc: 0.9887
loss: 0.0360, acc: 0.9886
loss: 0.0360, acc: 0.9886
> val_acc: 0.8123, val_f1: 0.8073
>> test_acc: 0.8361, test_f1: 0.8293
>>>>>>>>>>>>>>>>>>>>>>>>>>>>>>>>>>>>>>>>>>>>>>>>>>>>>>>>>>>>>>>>>>>>>>>>>>>>>>>>>>>>>>>>>>>>>>>>>>>>
epoch: 0
loss: 1.1227, acc: 0.4625
loss: 0.6217, acc: 0.7219
loss: 0.4350, acc: 0.8083
loss: 0.3359, acc: 0.8516
loss: 0.2816, acc: 0.8762
loss: 0.2512, acc: 0.8938
loss: 0.2224, acc: 0.9054
loss: 0.2120, acc: 0.9117
loss: 0.2050, acc: 0.9153
loss: 0.2037, acc: 0.9181
loss: 0.1884, acc: 0.9244
loss: 0.1787, acc: 0.9281
loss: 0.1716, acc: 0.9313
loss: 0.1664, acc: 0.9326
loss: 0.1595, acc: 0.9358
loss: 0.1535, acc: 0.9387
loss: 0.1498, acc: 0.9404
loss: 0.1473, acc: 0.9420
loss: 0.1425, acc: 0.9444
loss: 0.1362, acc: 0.9469
loss: 0.1314, acc: 0.9488
loss: 0.1270, acc: 0.9506
loss: 0.1252, acc: 0.9522
loss: 0.1234, acc: 0.9526
loss: 0.1207, acc: 0.9540
loss: 0.1184, acc: 0.9550
loss: 0.1151, acc: 0.9565
loss: 0.1131, acc: 0.9574
loss: 0.1110, acc: 0.9582
loss: 0.1084, acc: 0.9592
loss: 0.1076, acc: 0.9595
loss: 0.1064, acc: 0.9602
loss: 0.1066, acc: 0.9602
loss: 0.1059, acc: 0.9605
loss: 0.1050, acc: 0.9609
loss: 0.1035, acc: 0.9611
loss: 0.1023, acc: 0.9617
loss: 0.1022, acc: 0.9618
loss: 0.1019, acc: 0.9619
loss: 0.0999, acc: 0.9627
loss: 0.0983, acc: 0.9634
loss: 0.0968, acc: 0.9641
loss: 0.0962, acc: 0.9645
loss: 0.0954, acc: 0.9648
loss: 0.0960, acc: 0.9647
loss: 0.0950, acc: 0.9652
loss: 0.0948, acc: 0.9653
loss: 0.0938, acc: 0.9652
loss: 0.0951, acc: 0.9651
loss: 0.0954, acc: 0.9651
loss: 0.0946, acc: 0.9654
loss: 0.0939, acc: 0.9659
loss: 0.0936, acc: 0.9660
loss: 0.0942, acc: 0.9659
loss: 0.0931, acc: 0.9663
loss: 0.0922, acc: 0.9666
loss: 0.0914, acc: 0.9670
loss: 0.0918, acc: 0.9669
loss: 0.0910, acc: 0.9671
loss: 0.0914, acc: 0.9670
loss: 0.0911, acc: 0.9672
loss: 0.0908, acc: 0.9673
loss: 0.0902, acc: 0.9676
loss: 0.0899, acc: 0.9678
loss: 0.0903, acc: 0.9677
loss: 0.0900, acc: 0.9678
loss: 0.0893, acc: 0.9681
loss: 0.0908, acc: 0.9680
loss: 0.0909, acc: 0.9679
loss: 0.0911, acc: 0.9682
> val_acc: 0.7995, val_f1: 0.7958
>> saved: /media/b115/Backup/NLP/bert/mams/acc_0.7995_f1_0.7958_230826-2006.model
>>>>>>>>>>>>>>>>>>>>>>>>>>>>>>>>>>>>>>>>>>>>>>>>>>>>>>>>>>>>>>>>>>>>>>>>>>>>>>>>>>>>>>>>>>>>>>>>>>>>
epoch: 1
loss: 0.0725, acc: 0.9812
loss: 0.0510, acc: 0.9875
loss: 0.0403, acc: 0.9917
loss: 0.0375, acc: 0.9922
loss: 0.0348, acc: 0.9925
loss: 0.0495, acc: 0.9906
loss: 0.0570, acc: 0.9866
loss: 0.0575, acc: 0.9844
loss: 0.0621, acc: 0.9826
loss: 0.0604, acc: 0.9831
loss: 0.0567, acc: 0.9841
loss: 0.0590, acc: 0.9839
loss: 0.0632, acc: 0.9832
loss: 0.0599, acc: 0.9839
loss: 0.0567, acc: 0.9850
loss: 0.0550, acc: 0.9855
loss: 0.0556, acc: 0.9853
loss: 0.0568, acc: 0.9847
loss: 0.0574, acc: 0.9845
loss: 0.0579, acc: 0.9844
loss: 0.0571, acc: 0.9842
loss: 0.0587, acc: 0.9841
loss: 0.0571, acc: 0.9845
loss: 0.0557, acc: 0.9844
loss: 0.0554, acc: 0.9842
loss: 0.0554, acc: 0.9844
loss: 0.0550, acc: 0.9840
loss: 0.0539, acc: 0.9844
loss: 0.0560, acc: 0.9838
loss: 0.0560, acc: 0.9838
loss: 0.0594, acc: 0.9831
loss: 0.0581, acc: 0.9834
loss: 0.0584, acc: 0.9831
loss: 0.0576, acc: 0.9831
loss: 0.0567, acc: 0.9836
loss: 0.0560, acc: 0.9837
loss: 0.0547, acc: 0.9841
loss: 0.0543, acc: 0.9842
loss: 0.0546, acc: 0.9841
loss: 0.0544, acc: 0.9841
loss: 0.0536, acc: 0.9843
loss: 0.0565, acc: 0.9835
loss: 0.0559, acc: 0.9836
loss: 0.0573, acc: 0.9831
loss: 0.0582, acc: 0.9829
loss: 0.0578, acc: 0.9830
loss: 0.0576, acc: 0.9831
loss: 0.0577, acc: 0.9829
loss: 0.0593, acc: 0.9820
loss: 0.0596, acc: 0.9820
loss: 0.0598, acc: 0.9821
loss: 0.0604, acc: 0.9819
loss: 0.0598, acc: 0.9821
loss: 0.0597, acc: 0.9821
loss: 0.0602, acc: 0.9822
loss: 0.0607, acc: 0.9819
loss: 0.0603, acc: 0.9819
loss: 0.0609, acc: 0.9818
loss: 0.0619, acc: 0.9816
loss: 0.0613, acc: 0.9818
loss: 0.0608, acc: 0.9820
loss: 0.0604, acc: 0.9820
loss: 0.0600, acc: 0.9819
loss: 0.0600, acc: 0.9819
loss: 0.0597, acc: 0.9820
loss: 0.0596, acc: 0.9818
loss: 0.0591, acc: 0.9818
loss: 0.0604, acc: 0.9816
loss: 0.0603, acc: 0.9817
loss: 0.0602, acc: 0.9819
> val_acc: 0.8146, val_f1: 0.8079
>> saved: /media/b115/Backup/NLP/bert/mams/acc_0.8146_f1_0.8079_230826-2008.model
>>>>>>>>>>>>>>>>>>>>>>>>>>>>>>>>>>>>>>>>>>>>>>>>>>>>>>>>>>>>>>>>>>>>>>>>>>>>>>>>>>>>>>>>>>>>>>>>>>>>
epoch: 2
loss: 0.0324, acc: 0.9875
loss: 0.0235, acc: 0.9906
loss: 0.0228, acc: 0.9938
loss: 0.0241, acc: 0.9922
loss: 0.0234, acc: 0.9925
loss: 0.0267, acc: 0.9896
loss: 0.0305, acc: 0.9884
loss: 0.0302, acc: 0.9891
loss: 0.0307, acc: 0.9882
loss: 0.0312, acc: 0.9881
loss: 0.0326, acc: 0.9881
loss: 0.0331, acc: 0.9875
loss: 0.0361, acc: 0.9865
loss: 0.0405, acc: 0.9857
loss: 0.0421, acc: 0.9850
loss: 0.0428, acc: 0.9852
loss: 0.0423, acc: 0.9849
loss: 0.0423, acc: 0.9851
loss: 0.0414, acc: 0.9855
loss: 0.0398, acc: 0.9862
loss: 0.0409, acc: 0.9860
loss: 0.0404, acc: 0.9864
loss: 0.0391, acc: 0.9867
loss: 0.0397, acc: 0.9867
loss: 0.0420, acc: 0.9860
loss: 0.0421, acc: 0.9861
loss: 0.0415, acc: 0.9863
loss: 0.0431, acc: 0.9862
loss: 0.0428, acc: 0.9862
loss: 0.0424, acc: 0.9862
loss: 0.0420, acc: 0.9863
loss: 0.0422, acc: 0.9861
loss: 0.0432, acc: 0.9860
loss: 0.0454, acc: 0.9849
loss: 0.0452, acc: 0.9850
loss: 0.0456, acc: 0.9851
loss: 0.0449, acc: 0.9855
loss: 0.0446, acc: 0.9854
loss: 0.0440, acc: 0.9856
loss: 0.0432, acc: 0.9858
loss: 0.0426, acc: 0.9860
loss: 0.0422, acc: 0.9859
loss: 0.0423, acc: 0.9858
loss: 0.0431, acc: 0.9854
loss: 0.0428, acc: 0.9854
loss: 0.0449, acc: 0.9848
loss: 0.0455, acc: 0.9846
loss: 0.0460, acc: 0.9840
loss: 0.0454, acc: 0.9842
loss: 0.0454, acc: 0.9844
loss: 0.0446, acc: 0.9847
loss: 0.0440, acc: 0.9850
loss: 0.0435, acc: 0.9851
loss: 0.0440, acc: 0.9852
loss: 0.0437, acc: 0.9853
loss: 0.0436, acc: 0.9853
loss: 0.0432, acc: 0.9854
loss: 0.0432, acc: 0.9856
loss: 0.0431, acc: 0.9856
loss: 0.0429, acc: 0.9856
loss: 0.0435, acc: 0.9853
loss: 0.0441, acc: 0.9850
loss: 0.0442, acc: 0.9850
loss: 0.0440, acc: 0.9852
loss: 0.0438, acc: 0.9851
loss: 0.0435, acc: 0.9852
loss: 0.0436, acc: 0.9852
loss: 0.0436, acc: 0.9850
loss: 0.0435, acc: 0.9851
loss: 0.0436, acc: 0.9850
> val_acc: 0.8251, val_f1: 0.8182
>> saved: /media/b115/Backup/NLP/bert/mams/acc_0.8251_f1_0.8182_230826-2010.model
>>>>>>>>>>>>>>>>>>>>>>>>>>>>>>>>>>>>>>>>>>>>>>>>>>>>>>>>>>>>>>>>>>>>>>>>>>>>>>>>>>>>>>>>>>>>>>>>>>>>
epoch: 3
loss: 0.0128, acc: 0.9938
loss: 0.0112, acc: 0.9969
loss: 0.0132, acc: 0.9958
loss: 0.0159, acc: 0.9953
loss: 0.0153, acc: 0.9962
loss: 0.0195, acc: 0.9948
loss: 0.0309, acc: 0.9920
loss: 0.0277, acc: 0.9930
loss: 0.0305, acc: 0.9910
loss: 0.0330, acc: 0.9894
loss: 0.0308, acc: 0.9903
loss: 0.0323, acc: 0.9896
loss: 0.0324, acc: 0.9894
loss: 0.0319, acc: 0.9893
loss: 0.0331, acc: 0.9883
loss: 0.0314, acc: 0.9891
loss: 0.0308, acc: 0.9893
loss: 0.0307, acc: 0.9892
loss: 0.0303, acc: 0.9891
loss: 0.0317, acc: 0.9888
loss: 0.0309, acc: 0.9893
loss: 0.0314, acc: 0.9889
loss: 0.0312, acc: 0.9891
loss: 0.0312, acc: 0.9891
loss: 0.0337, acc: 0.9888
loss: 0.0342, acc: 0.9885
loss: 0.0335, acc: 0.9887
loss: 0.0350, acc: 0.9884
loss: 0.0342, acc: 0.9886
loss: 0.0339, acc: 0.9888
loss: 0.0335, acc: 0.9889
loss: 0.0329, acc: 0.9891
loss: 0.0324, acc: 0.9892
loss: 0.0325, acc: 0.9892
loss: 0.0332, acc: 0.9891
loss: 0.0329, acc: 0.9892
loss: 0.0353, acc: 0.9890
loss: 0.0362, acc: 0.9890
loss: 0.0365, acc: 0.9889
loss: 0.0362, acc: 0.9891
loss: 0.0371, acc: 0.9889
loss: 0.0370, acc: 0.9890
loss: 0.0370, acc: 0.9890
loss: 0.0378, acc: 0.9888
loss: 0.0377, acc: 0.9888
loss: 0.0371, acc: 0.9890
loss: 0.0372, acc: 0.9888
loss: 0.0370, acc: 0.9888
loss: 0.0378, acc: 0.9886
loss: 0.0374, acc: 0.9888
loss: 0.0374, acc: 0.9888
loss: 0.0382, acc: 0.9883
loss: 0.0386, acc: 0.9883
loss: 0.0397, acc: 0.9880
loss: 0.0400, acc: 0.9877
loss: 0.0405, acc: 0.9875
loss: 0.0408, acc: 0.9874
loss: 0.0415, acc: 0.9873
loss: 0.0418, acc: 0.9871
loss: 0.0420, acc: 0.9869
loss: 0.0421, acc: 0.9867
loss: 0.0418, acc: 0.9867
loss: 0.0415, acc: 0.9867
loss: 0.0421, acc: 0.9865
loss: 0.0425, acc: 0.9864
loss: 0.0426, acc: 0.9863
loss: 0.0436, acc: 0.9860
loss: 0.0437, acc: 0.9861
loss: 0.0433, acc: 0.9862
loss: 0.0436, acc: 0.9862
> val_acc: 0.8266, val_f1: 0.8206
>> saved: /media/b115/Backup/NLP/bert/mams/acc_0.8266_f1_0.8206_230826-2013.model
>>>>>>>>>>>>>>>>>>>>>>>>>>>>>>>>>>>>>>>>>>>>>>>>>>>>>>>>>>>>>>>>>>>>>>>>>>>>>>>>>>>>>>>>>>>>>>>>>>>>
epoch: 4
loss: 0.0155, acc: 0.9938
loss: 0.0109, acc: 0.9969
loss: 0.0116, acc: 0.9958
loss: 0.0115, acc: 0.9953
loss: 0.0138, acc: 0.9938
loss: 0.0128, acc: 0.9948
loss: 0.0171, acc: 0.9929
loss: 0.0152, acc: 0.9938
loss: 0.0143, acc: 0.9944
loss: 0.0151, acc: 0.9938
loss: 0.0146, acc: 0.9938
loss: 0.0140, acc: 0.9943
loss: 0.0134, acc: 0.9947
loss: 0.0130, acc: 0.9946
loss: 0.0148, acc: 0.9946
loss: 0.0140, acc: 0.9949
loss: 0.0151, acc: 0.9945
loss: 0.0170, acc: 0.9938
loss: 0.0164, acc: 0.9941
loss: 0.0158, acc: 0.9944
loss: 0.0155, acc: 0.9943
loss: 0.0155, acc: 0.9943
loss: 0.0153, acc: 0.9943
loss: 0.0151, acc: 0.9943
loss: 0.0146, acc: 0.9945
loss: 0.0141, acc: 0.9947
loss: 0.0137, acc: 0.9949
loss: 0.0136, acc: 0.9949
loss: 0.0134, acc: 0.9950
loss: 0.0133, acc: 0.9952
loss: 0.0146, acc: 0.9952
loss: 0.0156, acc: 0.9947
loss: 0.0163, acc: 0.9947
loss: 0.0171, acc: 0.9947
loss: 0.0171, acc: 0.9946
loss: 0.0169, acc: 0.9948
loss: 0.0166, acc: 0.9949
loss: 0.0167, acc: 0.9947
loss: 0.0167, acc: 0.9947
loss: 0.0164, acc: 0.9948
loss: 0.0167, acc: 0.9947
loss: 0.0173, acc: 0.9946
loss: 0.0173, acc: 0.9946
loss: 0.0172, acc: 0.9946
loss: 0.0169, acc: 0.9947
loss: 0.0166, acc: 0.9948
loss: 0.0168, acc: 0.9948
loss: 0.0170, acc: 0.9947
loss: 0.0178, acc: 0.9944
loss: 0.0178, acc: 0.9942
loss: 0.0180, acc: 0.9941
loss: 0.0181, acc: 0.9941
loss: 0.0190, acc: 0.9940
loss: 0.0193, acc: 0.9939
loss: 0.0191, acc: 0.9940
loss: 0.0195, acc: 0.9939
loss: 0.0195, acc: 0.9938
loss: 0.0197, acc: 0.9936
loss: 0.0206, acc: 0.9934
loss: 0.0204, acc: 0.9935
loss: 0.0204, acc: 0.9935
loss: 0.0202, acc: 0.9936
loss: 0.0202, acc: 0.9937
loss: 0.0205, acc: 0.9937
loss: 0.0203, acc: 0.9938
loss: 0.0203, acc: 0.9938
loss: 0.0203, acc: 0.9938
loss: 0.0208, acc: 0.9938
loss: 0.0213, acc: 0.9938
loss: 0.0211, acc: 0.9938
> val_acc: 0.8078, val_f1: 0.8014
>>>>>>>>>>>>>>>>>>>>>>>>>>>>>>>>>>>>>>>>>>>>>>>>>>>>>>>>>>>>>>>>>>>>>>>>>>>>>>>>>>>>>>>>>>>>>>>>>>>>
epoch: 5
loss: 0.0449, acc: 0.9938
loss: 0.0439, acc: 0.9906
loss: 0.0333, acc: 0.9938
loss: 0.0260, acc: 0.9953
loss: 0.0244, acc: 0.9950
loss: 0.0238, acc: 0.9938
loss: 0.0212, acc: 0.9946
loss: 0.0193, acc: 0.9953
loss: 0.0189, acc: 0.9951
loss: 0.0184, acc: 0.9950
loss: 0.0177, acc: 0.9949
loss: 0.0187, acc: 0.9943
loss: 0.0180, acc: 0.9942
loss: 0.0184, acc: 0.9942
loss: 0.0193, acc: 0.9938
loss: 0.0182, acc: 0.9941
loss: 0.0194, acc: 0.9930
loss: 0.0214, acc: 0.9931
loss: 0.0224, acc: 0.9928
loss: 0.0214, acc: 0.9931
loss: 0.0209, acc: 0.9935
loss: 0.0201, acc: 0.9938
loss: 0.0193, acc: 0.9940
loss: 0.0187, acc: 0.9943
loss: 0.0182, acc: 0.9945
loss: 0.0198, acc: 0.9945
loss: 0.0192, acc: 0.9947
loss: 0.0188, acc: 0.9949
loss: 0.0182, acc: 0.9950
loss: 0.0188, acc: 0.9948
loss: 0.0183, acc: 0.9950
loss: 0.0178, acc: 0.9951
loss: 0.0181, acc: 0.9951
loss: 0.0176, acc: 0.9952
loss: 0.0192, acc: 0.9946
loss: 0.0197, acc: 0.9946
loss: 0.0194, acc: 0.9948
loss: 0.0192, acc: 0.9949
loss: 0.0189, acc: 0.9950
loss: 0.0194, acc: 0.9948
loss: 0.0219, acc: 0.9942
loss: 0.0225, acc: 0.9939
loss: 0.0229, acc: 0.9936
loss: 0.0226, acc: 0.9936
loss: 0.0232, acc: 0.9933
loss: 0.0255, acc: 0.9927
loss: 0.0253, acc: 0.9928
loss: 0.0262, acc: 0.9924
loss: 0.0259, acc: 0.9926
loss: 0.0257, acc: 0.9928
loss: 0.0263, acc: 0.9925
loss: 0.0259, acc: 0.9927
loss: 0.0256, acc: 0.9927
loss: 0.0254, acc: 0.9928
loss: 0.0253, acc: 0.9928
loss: 0.0250, acc: 0.9930
loss: 0.0250, acc: 0.9930
loss: 0.0261, acc: 0.9927
loss: 0.0260, acc: 0.9927
loss: 0.0258, acc: 0.9927
loss: 0.0259, acc: 0.9926
loss: 0.0256, acc: 0.9927
loss: 0.0252, acc: 0.9929
loss: 0.0256, acc: 0.9927
loss: 0.0258, acc: 0.9924
loss: 0.0261, acc: 0.9922
loss: 0.0262, acc: 0.9921
loss: 0.0264, acc: 0.9920
loss: 0.0270, acc: 0.9918
loss: 0.0269, acc: 0.9917
> val_acc: 0.8131, val_f1: 0.8100
>>>>>>>>>>>>>>>>>>>>>>>>>>>>>>>>>>>>>>>>>>>>>>>>>>>>>>>>>>>>>>>>>>>>>>>>>>>>>>>>>>>>>>>>>>>>>>>>>>>>
epoch: 6
loss: 0.0139, acc: 0.9938
loss: 0.0281, acc: 0.9875
loss: 0.0210, acc: 0.9917
loss: 0.0222, acc: 0.9922
loss: 0.0296, acc: 0.9925
loss: 0.0363, acc: 0.9896
loss: 0.0323, acc: 0.9911
loss: 0.0295, acc: 0.9922
loss: 0.0279, acc: 0.9924
loss: 0.0260, acc: 0.9931
loss: 0.0237, acc: 0.9938
loss: 0.0224, acc: 0.9943
loss: 0.0235, acc: 0.9942
loss: 0.0238, acc: 0.9942
loss: 0.0227, acc: 0.9946
loss: 0.0214, acc: 0.9949
loss: 0.0232, acc: 0.9945
loss: 0.0230, acc: 0.9941
loss: 0.0235, acc: 0.9938
loss: 0.0238, acc: 0.9938
loss: 0.0237, acc: 0.9935
loss: 0.0227, acc: 0.9938
loss: 0.0239, acc: 0.9935
loss: 0.0245, acc: 0.9932
loss: 0.0257, acc: 0.9928
loss: 0.0253, acc: 0.9928
loss: 0.0248, acc: 0.9931
loss: 0.0250, acc: 0.9929
loss: 0.0263, acc: 0.9922
loss: 0.0255, acc: 0.9925
loss: 0.0251, acc: 0.9925
loss: 0.0252, acc: 0.9926
loss: 0.0251, acc: 0.9924
loss: 0.0246, acc: 0.9926
loss: 0.0248, acc: 0.9927
loss: 0.0251, acc: 0.9927
loss: 0.0247, acc: 0.9927
loss: 0.0250, acc: 0.9926
loss: 0.0249, acc: 0.9925
loss: 0.0248, acc: 0.9925
loss: 0.0243, acc: 0.9927
loss: 0.0240, acc: 0.9927
loss: 0.0238, acc: 0.9927
loss: 0.0239, acc: 0.9928
loss: 0.0243, acc: 0.9926
loss: 0.0243, acc: 0.9925
loss: 0.0242, acc: 0.9924
loss: 0.0240, acc: 0.9923
loss: 0.0241, acc: 0.9922
loss: 0.0239, acc: 0.9922
loss: 0.0235, acc: 0.9924
loss: 0.0231, acc: 0.9925
loss: 0.0228, acc: 0.9926
loss: 0.0224, acc: 0.9927
loss: 0.0224, acc: 0.9926
loss: 0.0224, acc: 0.9926
loss: 0.0232, acc: 0.9925
loss: 0.0236, acc: 0.9926
loss: 0.0239, acc: 0.9926
loss: 0.0236, acc: 0.9927
loss: 0.0247, acc: 0.9925
loss: 0.0249, acc: 0.9923
loss: 0.0249, acc: 0.9924
loss: 0.0254, acc: 0.9922
loss: 0.0260, acc: 0.9921
loss: 0.0261, acc: 0.9921
loss: 0.0272, acc: 0.9920
loss: 0.0281, acc: 0.9917
loss: 0.0287, acc: 0.9914
loss: 0.0291, acc: 0.9911
> val_acc: 0.8198, val_f1: 0.8116
>>>>>>>>>>>>>>>>>>>>>>>>>>>>>>>>>>>>>>>>>>>>>>>>>>>>>>>>>>>>>>>>>>>>>>>>>>>>>>>>>>>>>>>>>>>>>>>>>>>>
epoch: 7
loss: 0.0105, acc: 0.9938
loss: 0.0101, acc: 0.9938
loss: 0.0089, acc: 0.9958
loss: 0.0199, acc: 0.9953
loss: 0.0172, acc: 0.9962
loss: 0.0204, acc: 0.9948
loss: 0.0178, acc: 0.9955
loss: 0.0219, acc: 0.9953
loss: 0.0215, acc: 0.9944
loss: 0.0209, acc: 0.9944
loss: 0.0223, acc: 0.9943
loss: 0.0209, acc: 0.9948
loss: 0.0212, acc: 0.9947
loss: 0.0270, acc: 0.9938
loss: 0.0259, acc: 0.9942
loss: 0.0289, acc: 0.9930
loss: 0.0275, acc: 0.9934
loss: 0.0290, acc: 0.9931
loss: 0.0279, acc: 0.9934
loss: 0.0277, acc: 0.9934
loss: 0.0266, acc: 0.9938
loss: 0.0269, acc: 0.9938
loss: 0.0263, acc: 0.9938
loss: 0.0270, acc: 0.9935
loss: 0.0263, acc: 0.9938
loss: 0.0257, acc: 0.9940
loss: 0.0262, acc: 0.9938
loss: 0.0272, acc: 0.9938
loss: 0.0290, acc: 0.9933
loss: 0.0289, acc: 0.9931
loss: 0.0281, acc: 0.9933
loss: 0.0283, acc: 0.9930
loss: 0.0278, acc: 0.9932
loss: 0.0274, acc: 0.9932
loss: 0.0269, acc: 0.9932
loss: 0.0270, acc: 0.9932
loss: 0.0266, acc: 0.9932
loss: 0.0266, acc: 0.9933
loss: 0.0260, acc: 0.9934
loss: 0.0261, acc: 0.9931
loss: 0.0259, acc: 0.9931
loss: 0.0274, acc: 0.9930
loss: 0.0290, acc: 0.9926
loss: 0.0306, acc: 0.9923
loss: 0.0302, acc: 0.9924
loss: 0.0298, acc: 0.9925
loss: 0.0297, acc: 0.9924
loss: 0.0299, acc: 0.9921
loss: 0.0293, acc: 0.9922
loss: 0.0293, acc: 0.9922
loss: 0.0289, acc: 0.9924
loss: 0.0289, acc: 0.9923
loss: 0.0286, acc: 0.9923
loss: 0.0284, acc: 0.9924
loss: 0.0285, acc: 0.9920
loss: 0.0288, acc: 0.9920
loss: 0.0284, acc: 0.9921
loss: 0.0298, acc: 0.9918
loss: 0.0293, acc: 0.9919
loss: 0.0293, acc: 0.9919
loss: 0.0289, acc: 0.9920
loss: 0.0285, acc: 0.9921
loss: 0.0282, acc: 0.9923
loss: 0.0279, acc: 0.9923
loss: 0.0275, acc: 0.9924
loss: 0.0274, acc: 0.9924
loss: 0.0271, acc: 0.9924
loss: 0.0269, acc: 0.9925
loss: 0.0265, acc: 0.9926
loss: 0.0266, acc: 0.9926
> val_acc: 0.8108, val_f1: 0.8072
>>>>>>>>>>>>>>>>>>>>>>>>>>>>>>>>>>>>>>>>>>>>>>>>>>>>>>>>>>>>>>>>>>>>>>>>>>>>>>>>>>>>>>>>>>>>>>>>>>>>
epoch: 8
loss: 0.0182, acc: 0.9875
loss: 0.0111, acc: 0.9938
loss: 0.0077, acc: 0.9958
loss: 0.0094, acc: 0.9953
loss: 0.0081, acc: 0.9962
loss: 0.0072, acc: 0.9969
loss: 0.0089, acc: 0.9955
loss: 0.0142, acc: 0.9938
loss: 0.0235, acc: 0.9924
loss: 0.0228, acc: 0.9925
loss: 0.0272, acc: 0.9909
loss: 0.0381, acc: 0.9896
loss: 0.0380, acc: 0.9894
loss: 0.0364, acc: 0.9893
loss: 0.0346, acc: 0.9900
loss: 0.0332, acc: 0.9902
loss: 0.0316, acc: 0.9908
loss: 0.0300, acc: 0.9913
loss: 0.0287, acc: 0.9918
loss: 0.0291, acc: 0.9916
loss: 0.0306, acc: 0.9917
loss: 0.0297, acc: 0.9920
loss: 0.0293, acc: 0.9921
loss: 0.0282, acc: 0.9924
loss: 0.0277, acc: 0.9925
loss: 0.0274, acc: 0.9925
loss: 0.0266, acc: 0.9928
loss: 0.0257, acc: 0.9931
loss: 0.0249, acc: 0.9933
loss: 0.0242, acc: 0.9935
loss: 0.0239, acc: 0.9935
loss: 0.0232, acc: 0.9938
loss: 0.0226, acc: 0.9939
loss: 0.0231, acc: 0.9939
loss: 0.0227, acc: 0.9939
loss: 0.0223, acc: 0.9939
loss: 0.0235, acc: 0.9939
loss: 0.0233, acc: 0.9939
loss: 0.0238, acc: 0.9939
loss: 0.0233, acc: 0.9941
loss: 0.0232, acc: 0.9939
loss: 0.0235, acc: 0.9939
loss: 0.0236, acc: 0.9939
loss: 0.0242, acc: 0.9938
loss: 0.0243, acc: 0.9936
loss: 0.0251, acc: 0.9936
loss: 0.0265, acc: 0.9932
loss: 0.0270, acc: 0.9932
loss: 0.0279, acc: 0.9929
loss: 0.0284, acc: 0.9928
loss: 0.0281, acc: 0.9929
loss: 0.0281, acc: 0.9927
loss: 0.0277, acc: 0.9928
loss: 0.0277, acc: 0.9927
loss: 0.0275, acc: 0.9927
loss: 0.0275, acc: 0.9925
loss: 0.0272, acc: 0.9925
loss: 0.0268, acc: 0.9927
loss: 0.0266, acc: 0.9927
loss: 0.0264, acc: 0.9926
loss: 0.0261, acc: 0.9926
loss: 0.0260, acc: 0.9925
loss: 0.0262, acc: 0.9925
loss: 0.0267, acc: 0.9924
loss: 0.0267, acc: 0.9923
loss: 0.0268, acc: 0.9922
loss: 0.0273, acc: 0.9921
loss: 0.0271, acc: 0.9921
loss: 0.0270, acc: 0.9920
loss: 0.0268, acc: 0.9921
> val_acc: 0.8093, val_f1: 0.8026
>> test_acc: 0.8219, test_f1: 0.8133
>>>>>>>>>>>>>>>>>>>>>>>>>>>>>>>>>>>>>>>>>>>>>>>>>>>>>>>>>>>>>>>>>>>>>>>>>>>>>>>>>>>>>>>>>>>>>>>>>>>>
epoch: 0
loss: 0.5969, acc: 0.7688
loss: 0.3149, acc: 0.8844
loss: 0.2174, acc: 0.9208
loss: 0.1645, acc: 0.9406
loss: 0.1343, acc: 0.9513
loss: 0.1136, acc: 0.9594
loss: 0.0989, acc: 0.9643
loss: 0.0895, acc: 0.9680
loss: 0.0858, acc: 0.9694
loss: 0.0796, acc: 0.9719
loss: 0.0727, acc: 0.9744
loss: 0.0706, acc: 0.9755
loss: 0.0670, acc: 0.9769
loss: 0.0646, acc: 0.9781
loss: 0.0614, acc: 0.9792
loss: 0.0600, acc: 0.9801
loss: 0.0566, acc: 0.9812
loss: 0.0542, acc: 0.9823
loss: 0.0535, acc: 0.9822
loss: 0.0533, acc: 0.9816
loss: 0.0515, acc: 0.9821
loss: 0.0511, acc: 0.9824
loss: 0.0518, acc: 0.9826
loss: 0.0532, acc: 0.9823
loss: 0.0520, acc: 0.9825
loss: 0.0541, acc: 0.9817
loss: 0.0537, acc: 0.9819
loss: 0.0538, acc: 0.9819
loss: 0.0551, acc: 0.9817
loss: 0.0547, acc: 0.9821
loss: 0.0546, acc: 0.9821
loss: 0.0557, acc: 0.9818
loss: 0.0553, acc: 0.9818
loss: 0.0552, acc: 0.9820
loss: 0.0552, acc: 0.9820
loss: 0.0551, acc: 0.9819
loss: 0.0547, acc: 0.9823
loss: 0.0539, acc: 0.9824
loss: 0.0541, acc: 0.9825
loss: 0.0548, acc: 0.9823
loss: 0.0541, acc: 0.9826
loss: 0.0551, acc: 0.9823
loss: 0.0551, acc: 0.9823
loss: 0.0550, acc: 0.9824
loss: 0.0545, acc: 0.9825
loss: 0.0541, acc: 0.9827
loss: 0.0536, acc: 0.9828
loss: 0.0547, acc: 0.9827
loss: 0.0544, acc: 0.9829
loss: 0.0540, acc: 0.9830
loss: 0.0532, acc: 0.9831
loss: 0.0524, acc: 0.9833
loss: 0.0517, acc: 0.9834
loss: 0.0509, acc: 0.9837
loss: 0.0502, acc: 0.9838
loss: 0.0495, acc: 0.9840
loss: 0.0508, acc: 0.9840
loss: 0.0501, acc: 0.9843
loss: 0.0496, acc: 0.9844
loss: 0.0492, acc: 0.9846
loss: 0.0486, acc: 0.9847
loss: 0.0491, acc: 0.9848
loss: 0.0488, acc: 0.9848
loss: 0.0501, acc: 0.9845
loss: 0.0502, acc: 0.9845
loss: 0.0495, acc: 0.9848
loss: 0.0489, acc: 0.9850
loss: 0.0484, acc: 0.9851
loss: 0.0480, acc: 0.9851
loss: 0.0476, acc: 0.9852
> val_acc: 0.8183, val_f1: 0.8120
>> saved: /media/b115/Backup/NLP/bert/mams/acc_0.8183_f1_0.812_230826-2025.model
>>>>>>>>>>>>>>>>>>>>>>>>>>>>>>>>>>>>>>>>>>>>>>>>>>>>>>>>>>>>>>>>>>>>>>>>>>>>>>>>>>>>>>>>>>>>>>>>>>>>
epoch: 1
loss: 0.0021, acc: 1.0000
loss: 0.0150, acc: 0.9906
loss: 0.0263, acc: 0.9875
loss: 0.0232, acc: 0.9891
loss: 0.0224, acc: 0.9900
loss: 0.0229, acc: 0.9906
loss: 0.0220, acc: 0.9902
loss: 0.0315, acc: 0.9883
loss: 0.0333, acc: 0.9875
loss: 0.0354, acc: 0.9862
loss: 0.0387, acc: 0.9864
loss: 0.0373, acc: 0.9865
loss: 0.0412, acc: 0.9861
loss: 0.0389, acc: 0.9871
loss: 0.0370, acc: 0.9879
loss: 0.0350, acc: 0.9887
loss: 0.0384, acc: 0.9875
loss: 0.0384, acc: 0.9875
loss: 0.0367, acc: 0.9882
loss: 0.0360, acc: 0.9881
loss: 0.0349, acc: 0.9884
loss: 0.0361, acc: 0.9884
loss: 0.0349, acc: 0.9889
loss: 0.0338, acc: 0.9893
loss: 0.0333, acc: 0.9895
loss: 0.0335, acc: 0.9894
loss: 0.0330, acc: 0.9896
loss: 0.0342, acc: 0.9888
loss: 0.0366, acc: 0.9881
loss: 0.0362, acc: 0.9883
loss: 0.0358, acc: 0.9883
loss: 0.0351, acc: 0.9887
loss: 0.0344, acc: 0.9888
loss: 0.0336, acc: 0.9890
loss: 0.0343, acc: 0.9891
loss: 0.0335, acc: 0.9894
loss: 0.0339, acc: 0.9895
loss: 0.0331, acc: 0.9898
loss: 0.0333, acc: 0.9897
loss: 0.0337, acc: 0.9895
loss: 0.0334, acc: 0.9896
loss: 0.0342, acc: 0.9894
loss: 0.0339, acc: 0.9894
loss: 0.0336, acc: 0.9895
loss: 0.0329, acc: 0.9897
loss: 0.0323, acc: 0.9899
loss: 0.0322, acc: 0.9899
loss: 0.0317, acc: 0.9901
loss: 0.0322, acc: 0.9902
loss: 0.0319, acc: 0.9902
loss: 0.0325, acc: 0.9901
loss: 0.0320, acc: 0.9903
loss: 0.0317, acc: 0.9902
loss: 0.0315, acc: 0.9903
loss: 0.0315, acc: 0.9901
loss: 0.0321, acc: 0.9901
loss: 0.0326, acc: 0.9900
loss: 0.0335, acc: 0.9900
loss: 0.0331, acc: 0.9901
loss: 0.0327, acc: 0.9903
loss: 0.0323, acc: 0.9904
loss: 0.0322, acc: 0.9904
loss: 0.0317, acc: 0.9906
loss: 0.0317, acc: 0.9905
loss: 0.0314, acc: 0.9906
loss: 0.0311, acc: 0.9906
loss: 0.0313, acc: 0.9905
loss: 0.0311, acc: 0.9905
loss: 0.0307, acc: 0.9907
loss: 0.0310, acc: 0.9906
> val_acc: 0.8221, val_f1: 0.8160
>> saved: /media/b115/Backup/NLP/bert/mams/acc_0.8221_f1_0.816_230826-2028.model
>>>>>>>>>>>>>>>>>>>>>>>>>>>>>>>>>>>>>>>>>>>>>>>>>>>>>>>>>>>>>>>>>>>>>>>>>>>>>>>>>>>>>>>>>>>>>>>>>>>>
epoch: 2
loss: 0.0487, acc: 0.9875
loss: 0.0291, acc: 0.9938
loss: 0.0333, acc: 0.9917
loss: 0.0265, acc: 0.9938
loss: 0.0253, acc: 0.9925
loss: 0.0249, acc: 0.9927
loss: 0.0274, acc: 0.9920
loss: 0.0244, acc: 0.9930
loss: 0.0298, acc: 0.9910
loss: 0.0282, acc: 0.9912
loss: 0.0286, acc: 0.9909
loss: 0.0286, acc: 0.9906
loss: 0.0266, acc: 0.9913
loss: 0.0250, acc: 0.9920
loss: 0.0287, acc: 0.9912
loss: 0.0272, acc: 0.9918
loss: 0.0280, acc: 0.9919
loss: 0.0274, acc: 0.9920
loss: 0.0275, acc: 0.9921
loss: 0.0282, acc: 0.9922
loss: 0.0271, acc: 0.9926
loss: 0.0270, acc: 0.9923
loss: 0.0270, acc: 0.9924
loss: 0.0265, acc: 0.9924
loss: 0.0278, acc: 0.9925
loss: 0.0277, acc: 0.9923
loss: 0.0275, acc: 0.9921
loss: 0.0273, acc: 0.9920
loss: 0.0267, acc: 0.9922
loss: 0.0261, acc: 0.9925
loss: 0.0260, acc: 0.9925
loss: 0.0265, acc: 0.9922
loss: 0.0263, acc: 0.9920
loss: 0.0261, acc: 0.9921
loss: 0.0259, acc: 0.9921
loss: 0.0254, acc: 0.9924
loss: 0.0248, acc: 0.9926
loss: 0.0251, acc: 0.9924
loss: 0.0247, acc: 0.9926
loss: 0.0264, acc: 0.9923
loss: 0.0261, acc: 0.9924
loss: 0.0277, acc: 0.9918
loss: 0.0272, acc: 0.9920
loss: 0.0287, acc: 0.9915
loss: 0.0283, acc: 0.9917
loss: 0.0287, acc: 0.9916
loss: 0.0283, acc: 0.9916
loss: 0.0282, acc: 0.9915
loss: 0.0281, acc: 0.9915
loss: 0.0290, acc: 0.9914
loss: 0.0295, acc: 0.9912
loss: 0.0296, acc: 0.9911
loss: 0.0292, acc: 0.9913
loss: 0.0296, acc: 0.9913
loss: 0.0300, acc: 0.9912
loss: 0.0296, acc: 0.9914
loss: 0.0296, acc: 0.9914
loss: 0.0300, acc: 0.9913
loss: 0.0301, acc: 0.9913
loss: 0.0303, acc: 0.9912
loss: 0.0299, acc: 0.9913
loss: 0.0296, acc: 0.9913
loss: 0.0300, acc: 0.9913
loss: 0.0297, acc: 0.9914
loss: 0.0294, acc: 0.9915
loss: 0.0291, acc: 0.9917
loss: 0.0293, acc: 0.9916
loss: 0.0293, acc: 0.9915
loss: 0.0294, acc: 0.9916
loss: 0.0296, acc: 0.9915
> val_acc: 0.8206, val_f1: 0.8146
>>>>>>>>>>>>>>>>>>>>>>>>>>>>>>>>>>>>>>>>>>>>>>>>>>>>>>>>>>>>>>>>>>>>>>>>>>>>>>>>>>>>>>>>>>>>>>>>>>>>
epoch: 3
loss: 0.0421, acc: 0.9938
loss: 0.0286, acc: 0.9938
loss: 0.0254, acc: 0.9938
loss: 0.0210, acc: 0.9953
loss: 0.0180, acc: 0.9962
loss: 0.0195, acc: 0.9958
loss: 0.0189, acc: 0.9955
loss: 0.0184, acc: 0.9953
loss: 0.0227, acc: 0.9938
loss: 0.0246, acc: 0.9931
loss: 0.0232, acc: 0.9932
loss: 0.0219, acc: 0.9938
loss: 0.0205, acc: 0.9942
loss: 0.0193, acc: 0.9946
loss: 0.0182, acc: 0.9950
loss: 0.0186, acc: 0.9945
loss: 0.0179, acc: 0.9949
loss: 0.0170, acc: 0.9951
loss: 0.0188, acc: 0.9947
loss: 0.0220, acc: 0.9941
loss: 0.0235, acc: 0.9938
loss: 0.0231, acc: 0.9938
loss: 0.0264, acc: 0.9929
loss: 0.0265, acc: 0.9930
loss: 0.0259, acc: 0.9932
loss: 0.0250, acc: 0.9935
loss: 0.0251, acc: 0.9935
loss: 0.0245, acc: 0.9938
loss: 0.0237, acc: 0.9940
loss: 0.0231, acc: 0.9942
loss: 0.0235, acc: 0.9940
loss: 0.0229, acc: 0.9941
loss: 0.0224, acc: 0.9943
loss: 0.0226, acc: 0.9941
loss: 0.0228, acc: 0.9941
loss: 0.0224, acc: 0.9943
loss: 0.0258, acc: 0.9936
loss: 0.0256, acc: 0.9936
loss: 0.0262, acc: 0.9933
loss: 0.0261, acc: 0.9933
loss: 0.0264, acc: 0.9930
loss: 0.0263, acc: 0.9929
loss: 0.0262, acc: 0.9929
loss: 0.0257, acc: 0.9930
loss: 0.0253, acc: 0.9932
loss: 0.0251, acc: 0.9932
loss: 0.0254, acc: 0.9931
loss: 0.0271, acc: 0.9928
loss: 0.0277, acc: 0.9927
loss: 0.0288, acc: 0.9924
loss: 0.0292, acc: 0.9923
loss: 0.0295, acc: 0.9923
loss: 0.0299, acc: 0.9921
loss: 0.0303, acc: 0.9919
loss: 0.0300, acc: 0.9919
loss: 0.0297, acc: 0.9921
loss: 0.0296, acc: 0.9920
loss: 0.0302, acc: 0.9918
loss: 0.0305, acc: 0.9916
loss: 0.0303, acc: 0.9917
loss: 0.0301, acc: 0.9917
loss: 0.0310, acc: 0.9914
loss: 0.0309, acc: 0.9914
loss: 0.0325, acc: 0.9911
loss: 0.0324, acc: 0.9911
loss: 0.0335, acc: 0.9909
loss: 0.0341, acc: 0.9908
loss: 0.0344, acc: 0.9905
loss: 0.0342, acc: 0.9906
loss: 0.0340, acc: 0.9904
> val_acc: 0.8206, val_f1: 0.8176
>>>>>>>>>>>>>>>>>>>>>>>>>>>>>>>>>>>>>>>>>>>>>>>>>>>>>>>>>>>>>>>>>>>>>>>>>>>>>>>>>>>>>>>>>>>>>>>>>>>>
epoch: 4
loss: 0.0103, acc: 1.0000
loss: 0.0194, acc: 0.9969
loss: 0.0165, acc: 0.9958
loss: 0.0192, acc: 0.9922
loss: 0.0307, acc: 0.9888
loss: 0.0282, acc: 0.9896
loss: 0.0264, acc: 0.9902
loss: 0.0300, acc: 0.9891
loss: 0.0271, acc: 0.9903
loss: 0.0262, acc: 0.9906
loss: 0.0247, acc: 0.9909
loss: 0.0236, acc: 0.9917
loss: 0.0246, acc: 0.9918
loss: 0.0235, acc: 0.9924
loss: 0.0225, acc: 0.9925
loss: 0.0216, acc: 0.9930
loss: 0.0204, acc: 0.9934
loss: 0.0201, acc: 0.9934
loss: 0.0192, acc: 0.9938
loss: 0.0213, acc: 0.9938
loss: 0.0207, acc: 0.9938
loss: 0.0199, acc: 0.9940
loss: 0.0210, acc: 0.9938
loss: 0.0216, acc: 0.9935
loss: 0.0229, acc: 0.9935
loss: 0.0226, acc: 0.9935
loss: 0.0219, acc: 0.9938
loss: 0.0222, acc: 0.9935
loss: 0.0218, acc: 0.9935
loss: 0.0225, acc: 0.9933
loss: 0.0222, acc: 0.9933
loss: 0.0229, acc: 0.9932
loss: 0.0237, acc: 0.9930
loss: 0.0241, acc: 0.9928
loss: 0.0238, acc: 0.9929
loss: 0.0249, acc: 0.9924
loss: 0.0248, acc: 0.9924
loss: 0.0250, acc: 0.9923
loss: 0.0266, acc: 0.9920
loss: 0.0261, acc: 0.9922
loss: 0.0259, acc: 0.9922
loss: 0.0262, acc: 0.9923
loss: 0.0258, acc: 0.9924
loss: 0.0264, acc: 0.9923
loss: 0.0271, acc: 0.9921
loss: 0.0270, acc: 0.9921
loss: 0.0271, acc: 0.9920
loss: 0.0269, acc: 0.9921
loss: 0.0268, acc: 0.9920
loss: 0.0265, acc: 0.9921
loss: 0.0262, acc: 0.9922
loss: 0.0258, acc: 0.9922
loss: 0.0262, acc: 0.9920
loss: 0.0259, acc: 0.9920
loss: 0.0255, acc: 0.9922
loss: 0.0256, acc: 0.9921
loss: 0.0255, acc: 0.9920
loss: 0.0252, acc: 0.9921
loss: 0.0255, acc: 0.9921
loss: 0.0259, acc: 0.9919
loss: 0.0262, acc: 0.9918
loss: 0.0265, acc: 0.9917
loss: 0.0267, acc: 0.9917
loss: 0.0265, acc: 0.9917
loss: 0.0264, acc: 0.9917
loss: 0.0267, acc: 0.9917
loss: 0.0263, acc: 0.9918
loss: 0.0264, acc: 0.9917
loss: 0.0267, acc: 0.9918
loss: 0.0273, acc: 0.9914
> val_acc: 0.8213, val_f1: 0.8178
>>>>>>>>>>>>>>>>>>>>>>>>>>>>>>>>>>>>>>>>>>>>>>>>>>>>>>>>>>>>>>>>>>>>>>>>>>>>>>>>>>>>>>>>>>>>>>>>>>>>
epoch: 5
loss: 0.0079, acc: 1.0000
loss: 0.0152, acc: 0.9938
loss: 0.0301, acc: 0.9917
loss: 0.0396, acc: 0.9891
loss: 0.0332, acc: 0.9912
loss: 0.0291, acc: 0.9927
loss: 0.0256, acc: 0.9938
loss: 0.0272, acc: 0.9922
loss: 0.0270, acc: 0.9917
loss: 0.0342, acc: 0.9906
loss: 0.0315, acc: 0.9915
loss: 0.0311, acc: 0.9917
loss: 0.0292, acc: 0.9923
loss: 0.0321, acc: 0.9920
loss: 0.0311, acc: 0.9921
loss: 0.0309, acc: 0.9922
loss: 0.0306, acc: 0.9923
loss: 0.0295, acc: 0.9927
loss: 0.0285, acc: 0.9928
loss: 0.0286, acc: 0.9928
loss: 0.0289, acc: 0.9926
loss: 0.0284, acc: 0.9926
loss: 0.0274, acc: 0.9929
loss: 0.0285, acc: 0.9927
loss: 0.0279, acc: 0.9928
loss: 0.0270, acc: 0.9930
loss: 0.0263, acc: 0.9933
loss: 0.0259, acc: 0.9933
loss: 0.0251, acc: 0.9935
loss: 0.0250, acc: 0.9935
loss: 0.0247, acc: 0.9935
loss: 0.0241, acc: 0.9938
loss: 0.0239, acc: 0.9936
loss: 0.0233, acc: 0.9938
loss: 0.0241, acc: 0.9938
loss: 0.0248, acc: 0.9934
loss: 0.0243, acc: 0.9936
loss: 0.0242, acc: 0.9936
loss: 0.0238, acc: 0.9936
loss: 0.0234, acc: 0.9938
loss: 0.0233, acc: 0.9936
loss: 0.0235, acc: 0.9935
loss: 0.0232, acc: 0.9936
loss: 0.0232, acc: 0.9936
loss: 0.0238, acc: 0.9935
loss: 0.0234, acc: 0.9936
loss: 0.0232, acc: 0.9936
loss: 0.0234, acc: 0.9936
loss: 0.0231, acc: 0.9936
loss: 0.0227, acc: 0.9938
loss: 0.0224, acc: 0.9939
loss: 0.0224, acc: 0.9938
loss: 0.0221, acc: 0.9939
loss: 0.0221, acc: 0.9938
loss: 0.0217, acc: 0.9939
loss: 0.0214, acc: 0.9940
loss: 0.0211, acc: 0.9941
loss: 0.0208, acc: 0.9942
loss: 0.0205, acc: 0.9943
loss: 0.0204, acc: 0.9943
loss: 0.0202, acc: 0.9944
loss: 0.0208, acc: 0.9943
loss: 0.0210, acc: 0.9942
loss: 0.0214, acc: 0.9941
loss: 0.0216, acc: 0.9940
loss: 0.0231, acc: 0.9938
loss: 0.0243, acc: 0.9932
loss: 0.0248, acc: 0.9929
loss: 0.0251, acc: 0.9928
loss: 0.0250, acc: 0.9928
> val_acc: 0.8063, val_f1: 0.8022
>>>>>>>>>>>>>>>>>>>>>>>>>>>>>>>>>>>>>>>>>>>>>>>>>>>>>>>>>>>>>>>>>>>>>>>>>>>>>>>>>>>>>>>>>>>>>>>>>>>>
epoch: 6
loss: 0.0140, acc: 1.0000
loss: 0.0167, acc: 0.9969
loss: 0.0164, acc: 0.9958
loss: 0.0212, acc: 0.9938
loss: 0.0238, acc: 0.9938
loss: 0.0249, acc: 0.9927
loss: 0.0224, acc: 0.9938
loss: 0.0245, acc: 0.9930
loss: 0.0235, acc: 0.9931
loss: 0.0216, acc: 0.9938
loss: 0.0210, acc: 0.9938
loss: 0.0245, acc: 0.9922
loss: 0.0243, acc: 0.9923
loss: 0.0234, acc: 0.9924
loss: 0.0233, acc: 0.9921
loss: 0.0229, acc: 0.9922
loss: 0.0216, acc: 0.9926
loss: 0.0205, acc: 0.9931
loss: 0.0195, acc: 0.9934
loss: 0.0189, acc: 0.9938
loss: 0.0209, acc: 0.9935
loss: 0.0227, acc: 0.9932
loss: 0.0235, acc: 0.9924
loss: 0.0229, acc: 0.9924
loss: 0.0232, acc: 0.9920
loss: 0.0224, acc: 0.9923
loss: 0.0218, acc: 0.9926
loss: 0.0217, acc: 0.9926
loss: 0.0215, acc: 0.9927
loss: 0.0211, acc: 0.9927
loss: 0.0206, acc: 0.9929
loss: 0.0209, acc: 0.9930
loss: 0.0209, acc: 0.9928
loss: 0.0219, acc: 0.9926
loss: 0.0219, acc: 0.9925
loss: 0.0215, acc: 0.9925
loss: 0.0219, acc: 0.9924
loss: 0.0223, acc: 0.9924
loss: 0.0220, acc: 0.9925
loss: 0.0216, acc: 0.9925
loss: 0.0220, acc: 0.9922
loss: 0.0224, acc: 0.9921
loss: 0.0232, acc: 0.9920
loss: 0.0230, acc: 0.9920
loss: 0.0226, acc: 0.9922
loss: 0.0234, acc: 0.9918
loss: 0.0244, acc: 0.9918
loss: 0.0241, acc: 0.9918
loss: 0.0237, acc: 0.9920
loss: 0.0234, acc: 0.9921
loss: 0.0234, acc: 0.9922
loss: 0.0233, acc: 0.9922
loss: 0.0234, acc: 0.9920
loss: 0.0231, acc: 0.9921
loss: 0.0238, acc: 0.9919
loss: 0.0239, acc: 0.9919
loss: 0.0239, acc: 0.9919
loss: 0.0240, acc: 0.9919
loss: 0.0237, acc: 0.9921
loss: 0.0234, acc: 0.9922
loss: 0.0237, acc: 0.9921
loss: 0.0246, acc: 0.9918
loss: 0.0245, acc: 0.9919
loss: 0.0245, acc: 0.9919
loss: 0.0247, acc: 0.9918
loss: 0.0246, acc: 0.9919
loss: 0.0246, acc: 0.9919
loss: 0.0246, acc: 0.9919
loss: 0.0247, acc: 0.9918
loss: 0.0247, acc: 0.9918
> val_acc: 0.8183, val_f1: 0.8126
>> test_acc: 0.8061, test_f1: 0.8003
>> test_acc: 0.8361, test_f1: 0.8293
>> test_acc: 0.8219, test_f1: 0.8133
>> test_acc: 0.8061, test_f1: 0.8003

>> avg_test_acc: 0.8214, avg_test_f1: 0.8143
>> max_test_acc: 0.8361, max_test_f1: 0.8293
