cuda memory allocated: 439079424
> n_trainable_params: 109484547, n_nontrainable_params: 0
> training arguments:
>>> model_name: bert
>>> dataset: mams
>>> optimizer: adam
>>> repeat: 3
>>> lr: 2e-05
>>> l2reg: 0.0001
>>> num_epoch: 100
>>> batch_size: 16
>>> log_step: 10
>>> bert_dim: 768
>>> max_seq_len: 128
>>> polarities_dim: 3
>>> patience: 5
>>> device: cuda
>>> seed: 42
>>> save_model_dir: /media/b115/Backup/NLP
>>>>>>>>>>>>>>>>>>>>>>>>>>>>>>>>>>>>>>>>>>>>>>>>>>>>>>>>>>>>>>>>>>>>>>>>>>>>>>>>>>>>>>>>>>>>>>>>>>>>
epoch: 0
loss: 1.1272, acc: 0.2812
loss: 1.0799, acc: 0.3937
loss: 1.0779, acc: 0.4021
loss: 1.0747, acc: 0.4094
loss: 1.0718, acc: 0.4150
loss: 1.0629, acc: 0.4229
loss: 1.0548, acc: 0.4339
loss: 1.0525, acc: 0.4367
loss: 1.0467, acc: 0.4389
loss: 1.0391, acc: 0.4487
loss: 1.0308, acc: 0.4608
loss: 1.0190, acc: 0.4688
loss: 1.0061, acc: 0.4769
loss: 0.9937, acc: 0.4857
loss: 0.9857, acc: 0.4954
loss: 0.9786, acc: 0.5000
loss: 0.9755, acc: 0.5040
loss: 0.9700, acc: 0.5083
loss: 0.9667, acc: 0.5102
loss: 0.9634, acc: 0.5144
loss: 0.9590, acc: 0.5182
loss: 0.9523, acc: 0.5230
loss: 0.9468, acc: 0.5269
loss: 0.9412, acc: 0.5320
loss: 0.9359, acc: 0.5340
loss: 0.9293, acc: 0.5387
loss: 0.9230, acc: 0.5435
loss: 0.9192, acc: 0.5464
loss: 0.9135, acc: 0.5491
loss: 0.9101, acc: 0.5506
loss: 0.9056, acc: 0.5544
loss: 0.8998, acc: 0.5584
loss: 0.8959, acc: 0.5610
loss: 0.8923, acc: 0.5634
loss: 0.8874, acc: 0.5666
loss: 0.8838, acc: 0.5698
loss: 0.8809, acc: 0.5716
loss: 0.8772, acc: 0.5745
loss: 0.8714, acc: 0.5779
loss: 0.8696, acc: 0.5791
loss: 0.8623, acc: 0.5831
loss: 0.8562, acc: 0.5868
loss: 0.8505, acc: 0.5903
loss: 0.8446, acc: 0.5943
loss: 0.8393, acc: 0.5974
loss: 0.8335, acc: 0.6014
loss: 0.8276, acc: 0.6045
loss: 0.8207, acc: 0.6082
loss: 0.8161, acc: 0.6107
loss: 0.8106, acc: 0.6141
loss: 0.8057, acc: 0.6174
loss: 0.8014, acc: 0.6206
loss: 0.7944, acc: 0.6243
loss: 0.7895, acc: 0.6274
loss: 0.7853, acc: 0.6295
loss: 0.7837, acc: 0.6304
loss: 0.7803, acc: 0.6332
loss: 0.7761, acc: 0.6360
loss: 0.7724, acc: 0.6387
loss: 0.7669, acc: 0.6418
loss: 0.7646, acc: 0.6431
loss: 0.7596, acc: 0.6463
loss: 0.7550, acc: 0.6489
loss: 0.7518, acc: 0.6512
loss: 0.7494, acc: 0.6530
loss: 0.7458, acc: 0.6553
loss: 0.7411, acc: 0.6585
loss: 0.7384, acc: 0.6603
loss: 0.7364, acc: 0.6614
loss: 0.7337, acc: 0.6627
> val_acc: 0.7815, val_f1: 0.7789
>> saved: /media/b115/Backup/NLP/bert/mams/acc_0.7815_f1_0.7789_230828-0605.model
>>>>>>>>>>>>>>>>>>>>>>>>>>>>>>>>>>>>>>>>>>>>>>>>>>>>>>>>>>>>>>>>>>>>>>>>>>>>>>>>>>>>>>>>>>>>>>>>>>>>
epoch: 1
loss: 0.4985, acc: 0.7937
loss: 0.4308, acc: 0.8344
loss: 0.3948, acc: 0.8542
loss: 0.3924, acc: 0.8562
loss: 0.4006, acc: 0.8575
loss: 0.3877, acc: 0.8583
loss: 0.4045, acc: 0.8527
loss: 0.4097, acc: 0.8484
loss: 0.4024, acc: 0.8507
loss: 0.4071, acc: 0.8494
loss: 0.4000, acc: 0.8517
loss: 0.4048, acc: 0.8495
loss: 0.3966, acc: 0.8529
loss: 0.3930, acc: 0.8549
loss: 0.3916, acc: 0.8542
loss: 0.3938, acc: 0.8543
loss: 0.4031, acc: 0.8507
loss: 0.4005, acc: 0.8524
loss: 0.3991, acc: 0.8536
loss: 0.3952, acc: 0.8559
loss: 0.3911, acc: 0.8589
loss: 0.3913, acc: 0.8597
loss: 0.3916, acc: 0.8598
loss: 0.3892, acc: 0.8591
loss: 0.3924, acc: 0.8570
loss: 0.3914, acc: 0.8577
loss: 0.3881, acc: 0.8595
loss: 0.3870, acc: 0.8600
loss: 0.3872, acc: 0.8597
loss: 0.3877, acc: 0.8598
loss: 0.3850, acc: 0.8597
loss: 0.3855, acc: 0.8594
loss: 0.3849, acc: 0.8593
loss: 0.3879, acc: 0.8588
loss: 0.3903, acc: 0.8568
loss: 0.3903, acc: 0.8571
loss: 0.3908, acc: 0.8561
loss: 0.3908, acc: 0.8554
loss: 0.3923, acc: 0.8550
loss: 0.3903, acc: 0.8559
loss: 0.3902, acc: 0.8558
loss: 0.3899, acc: 0.8558
loss: 0.3919, acc: 0.8548
loss: 0.3901, acc: 0.8554
loss: 0.3885, acc: 0.8560
loss: 0.3895, acc: 0.8558
loss: 0.3907, acc: 0.8553
loss: 0.3904, acc: 0.8551
loss: 0.3897, acc: 0.8548
loss: 0.3895, acc: 0.8549
loss: 0.3900, acc: 0.8549
loss: 0.3913, acc: 0.8540
loss: 0.3910, acc: 0.8540
loss: 0.3921, acc: 0.8531
loss: 0.3919, acc: 0.8538
loss: 0.3910, acc: 0.8546
loss: 0.3901, acc: 0.8553
loss: 0.3892, acc: 0.8558
loss: 0.3896, acc: 0.8552
loss: 0.3901, acc: 0.8547
loss: 0.3882, acc: 0.8555
loss: 0.3861, acc: 0.8559
loss: 0.3861, acc: 0.8557
loss: 0.3856, acc: 0.8561
loss: 0.3866, acc: 0.8556
loss: 0.3858, acc: 0.8561
loss: 0.3856, acc: 0.8561
loss: 0.3847, acc: 0.8564
loss: 0.3851, acc: 0.8565
loss: 0.3864, acc: 0.8561
> val_acc: 0.8146, val_f1: 0.8111
>> saved: /media/b115/Backup/NLP/bert/mams/acc_0.8146_f1_0.8111_230828-0607.model
>>>>>>>>>>>>>>>>>>>>>>>>>>>>>>>>>>>>>>>>>>>>>>>>>>>>>>>>>>>>>>>>>>>>>>>>>>>>>>>>>>>>>>>>>>>>>>>>>>>>
epoch: 2
loss: 0.2655, acc: 0.9125
loss: 0.2299, acc: 0.9219
loss: 0.2633, acc: 0.9062
loss: 0.2443, acc: 0.9094
loss: 0.2335, acc: 0.9150
loss: 0.2386, acc: 0.9125
loss: 0.2390, acc: 0.9107
loss: 0.2354, acc: 0.9133
loss: 0.2262, acc: 0.9167
loss: 0.2302, acc: 0.9150
loss: 0.2279, acc: 0.9159
loss: 0.2274, acc: 0.9187
loss: 0.2175, acc: 0.9226
loss: 0.2182, acc: 0.9219
loss: 0.2237, acc: 0.9196
loss: 0.2190, acc: 0.9215
loss: 0.2171, acc: 0.9224
loss: 0.2137, acc: 0.9240
loss: 0.2145, acc: 0.9237
loss: 0.2139, acc: 0.9237
loss: 0.2133, acc: 0.9244
loss: 0.2139, acc: 0.9244
loss: 0.2117, acc: 0.9253
loss: 0.2113, acc: 0.9255
loss: 0.2123, acc: 0.9247
loss: 0.2112, acc: 0.9250
loss: 0.2110, acc: 0.9241
loss: 0.2126, acc: 0.9234
loss: 0.2137, acc: 0.9233
loss: 0.2113, acc: 0.9246
loss: 0.2089, acc: 0.9256
loss: 0.2097, acc: 0.9246
loss: 0.2104, acc: 0.9244
loss: 0.2090, acc: 0.9254
loss: 0.2107, acc: 0.9243
loss: 0.2120, acc: 0.9233
loss: 0.2130, acc: 0.9225
loss: 0.2128, acc: 0.9230
loss: 0.2126, acc: 0.9232
loss: 0.2123, acc: 0.9231
loss: 0.2113, acc: 0.9235
loss: 0.2117, acc: 0.9235
loss: 0.2125, acc: 0.9233
loss: 0.2136, acc: 0.9226
loss: 0.2150, acc: 0.9219
loss: 0.2150, acc: 0.9221
loss: 0.2156, acc: 0.9221
loss: 0.2166, acc: 0.9219
loss: 0.2179, acc: 0.9214
loss: 0.2178, acc: 0.9215
loss: 0.2177, acc: 0.9218
loss: 0.2181, acc: 0.9218
loss: 0.2193, acc: 0.9212
loss: 0.2188, acc: 0.9215
loss: 0.2181, acc: 0.9216
loss: 0.2193, acc: 0.9210
loss: 0.2177, acc: 0.9216
loss: 0.2172, acc: 0.9220
loss: 0.2184, acc: 0.9217
loss: 0.2185, acc: 0.9216
loss: 0.2182, acc: 0.9217
loss: 0.2174, acc: 0.9216
loss: 0.2188, acc: 0.9213
loss: 0.2202, acc: 0.9207
loss: 0.2219, acc: 0.9204
loss: 0.2227, acc: 0.9202
loss: 0.2224, acc: 0.9204
loss: 0.2216, acc: 0.9208
loss: 0.2223, acc: 0.9204
loss: 0.2224, acc: 0.9201
> val_acc: 0.8213, val_f1: 0.8152
>> saved: /media/b115/Backup/NLP/bert/mams/acc_0.8213_f1_0.8152_230828-0609.model
>>>>>>>>>>>>>>>>>>>>>>>>>>>>>>>>>>>>>>>>>>>>>>>>>>>>>>>>>>>>>>>>>>>>>>>>>>>>>>>>>>>>>>>>>>>>>>>>>>>>
epoch: 3
loss: 0.1650, acc: 0.9437
loss: 0.1420, acc: 0.9500
loss: 0.1422, acc: 0.9521
loss: 0.1338, acc: 0.9609
loss: 0.1289, acc: 0.9625
loss: 0.1376, acc: 0.9594
loss: 0.1289, acc: 0.9616
loss: 0.1207, acc: 0.9648
loss: 0.1161, acc: 0.9667
loss: 0.1178, acc: 0.9669
loss: 0.1127, acc: 0.9682
loss: 0.1087, acc: 0.9688
loss: 0.1106, acc: 0.9688
loss: 0.1137, acc: 0.9674
loss: 0.1103, acc: 0.9683
loss: 0.1087, acc: 0.9688
loss: 0.1106, acc: 0.9676
loss: 0.1100, acc: 0.9677
loss: 0.1091, acc: 0.9678
loss: 0.1068, acc: 0.9684
loss: 0.1087, acc: 0.9676
loss: 0.1055, acc: 0.9685
loss: 0.1065, acc: 0.9682
loss: 0.1078, acc: 0.9677
loss: 0.1074, acc: 0.9675
loss: 0.1100, acc: 0.9671
loss: 0.1098, acc: 0.9669
loss: 0.1111, acc: 0.9665
loss: 0.1107, acc: 0.9662
loss: 0.1128, acc: 0.9656
loss: 0.1115, acc: 0.9663
loss: 0.1154, acc: 0.9654
loss: 0.1166, acc: 0.9648
loss: 0.1164, acc: 0.9649
loss: 0.1156, acc: 0.9648
loss: 0.1174, acc: 0.9644
loss: 0.1166, acc: 0.9647
loss: 0.1150, acc: 0.9651
loss: 0.1139, acc: 0.9652
loss: 0.1153, acc: 0.9648
loss: 0.1172, acc: 0.9642
loss: 0.1176, acc: 0.9637
loss: 0.1179, acc: 0.9634
loss: 0.1181, acc: 0.9634
loss: 0.1183, acc: 0.9631
loss: 0.1184, acc: 0.9628
loss: 0.1184, acc: 0.9629
loss: 0.1169, acc: 0.9634
loss: 0.1162, acc: 0.9635
loss: 0.1165, acc: 0.9636
loss: 0.1175, acc: 0.9634
loss: 0.1185, acc: 0.9632
loss: 0.1192, acc: 0.9630
loss: 0.1187, acc: 0.9631
loss: 0.1198, acc: 0.9628
loss: 0.1209, acc: 0.9622
loss: 0.1206, acc: 0.9622
loss: 0.1216, acc: 0.9620
loss: 0.1214, acc: 0.9621
loss: 0.1219, acc: 0.9616
loss: 0.1212, acc: 0.9618
loss: 0.1215, acc: 0.9616
loss: 0.1211, acc: 0.9618
loss: 0.1214, acc: 0.9611
loss: 0.1206, acc: 0.9615
loss: 0.1204, acc: 0.9614
loss: 0.1209, acc: 0.9608
loss: 0.1208, acc: 0.9609
loss: 0.1209, acc: 0.9611
loss: 0.1212, acc: 0.9607
> val_acc: 0.8161, val_f1: 0.8108
>>>>>>>>>>>>>>>>>>>>>>>>>>>>>>>>>>>>>>>>>>>>>>>>>>>>>>>>>>>>>>>>>>>>>>>>>>>>>>>>>>>>>>>>>>>>>>>>>>>>
epoch: 4
loss: 0.0365, acc: 0.9812
loss: 0.0586, acc: 0.9812
loss: 0.0711, acc: 0.9750
loss: 0.0747, acc: 0.9750
loss: 0.0700, acc: 0.9762
loss: 0.0669, acc: 0.9771
loss: 0.0786, acc: 0.9741
loss: 0.0770, acc: 0.9758
loss: 0.0714, acc: 0.9778
loss: 0.0738, acc: 0.9769
loss: 0.0774, acc: 0.9761
loss: 0.0796, acc: 0.9750
loss: 0.0805, acc: 0.9750
loss: 0.0826, acc: 0.9741
loss: 0.0805, acc: 0.9746
loss: 0.0801, acc: 0.9742
loss: 0.0778, acc: 0.9750
loss: 0.0794, acc: 0.9743
loss: 0.0791, acc: 0.9747
loss: 0.0786, acc: 0.9744
loss: 0.0788, acc: 0.9741
loss: 0.0787, acc: 0.9747
loss: 0.0795, acc: 0.9742
loss: 0.0791, acc: 0.9742
loss: 0.0796, acc: 0.9742
loss: 0.0788, acc: 0.9745
loss: 0.0781, acc: 0.9748
loss: 0.0795, acc: 0.9741
loss: 0.0805, acc: 0.9737
loss: 0.0815, acc: 0.9733
loss: 0.0809, acc: 0.9732
loss: 0.0811, acc: 0.9732
loss: 0.0810, acc: 0.9733
loss: 0.0807, acc: 0.9733
loss: 0.0796, acc: 0.9738
loss: 0.0796, acc: 0.9738
loss: 0.0802, acc: 0.9738
loss: 0.0789, acc: 0.9743
loss: 0.0812, acc: 0.9739
loss: 0.0808, acc: 0.9739
loss: 0.0802, acc: 0.9742
loss: 0.0798, acc: 0.9746
loss: 0.0806, acc: 0.9746
loss: 0.0816, acc: 0.9744
loss: 0.0808, acc: 0.9746
loss: 0.0806, acc: 0.9742
loss: 0.0801, acc: 0.9745
loss: 0.0809, acc: 0.9745
loss: 0.0812, acc: 0.9745
loss: 0.0817, acc: 0.9744
loss: 0.0809, acc: 0.9745
loss: 0.0813, acc: 0.9744
loss: 0.0809, acc: 0.9745
loss: 0.0811, acc: 0.9740
loss: 0.0831, acc: 0.9735
loss: 0.0836, acc: 0.9737
loss: 0.0842, acc: 0.9734
loss: 0.0834, acc: 0.9737
loss: 0.0830, acc: 0.9738
loss: 0.0828, acc: 0.9739
loss: 0.0829, acc: 0.9737
loss: 0.0834, acc: 0.9733
loss: 0.0831, acc: 0.9733
loss: 0.0832, acc: 0.9731
loss: 0.0836, acc: 0.9727
loss: 0.0837, acc: 0.9724
loss: 0.0848, acc: 0.9721
loss: 0.0843, acc: 0.9722
loss: 0.0841, acc: 0.9724
loss: 0.0834, acc: 0.9727
> val_acc: 0.8131, val_f1: 0.8085
>>>>>>>>>>>>>>>>>>>>>>>>>>>>>>>>>>>>>>>>>>>>>>>>>>>>>>>>>>>>>>>>>>>>>>>>>>>>>>>>>>>>>>>>>>>>>>>>>>>>
epoch: 5
loss: 0.0546, acc: 0.9875
loss: 0.0332, acc: 0.9938
loss: 0.0274, acc: 0.9958
loss: 0.0474, acc: 0.9891
loss: 0.0489, acc: 0.9875
loss: 0.0439, acc: 0.9885
loss: 0.0435, acc: 0.9884
loss: 0.0404, acc: 0.9891
loss: 0.0449, acc: 0.9882
loss: 0.0412, acc: 0.9894
loss: 0.0392, acc: 0.9898
loss: 0.0395, acc: 0.9896
loss: 0.0375, acc: 0.9904
loss: 0.0402, acc: 0.9897
loss: 0.0390, acc: 0.9900
loss: 0.0378, acc: 0.9902
loss: 0.0385, acc: 0.9897
loss: 0.0379, acc: 0.9892
loss: 0.0385, acc: 0.9885
loss: 0.0378, acc: 0.9884
loss: 0.0374, acc: 0.9881
loss: 0.0408, acc: 0.9875
loss: 0.0403, acc: 0.9878
loss: 0.0393, acc: 0.9880
loss: 0.0402, acc: 0.9875
loss: 0.0420, acc: 0.9868
loss: 0.0425, acc: 0.9863
loss: 0.0441, acc: 0.9857
loss: 0.0439, acc: 0.9858
loss: 0.0441, acc: 0.9858
loss: 0.0446, acc: 0.9859
loss: 0.0453, acc: 0.9857
loss: 0.0460, acc: 0.9852
loss: 0.0473, acc: 0.9849
loss: 0.0466, acc: 0.9852
loss: 0.0459, acc: 0.9854
loss: 0.0468, acc: 0.9853
loss: 0.0483, acc: 0.9847
loss: 0.0481, acc: 0.9845
loss: 0.0490, acc: 0.9839
loss: 0.0488, acc: 0.9841
loss: 0.0496, acc: 0.9838
loss: 0.0504, acc: 0.9836
loss: 0.0495, acc: 0.9839
loss: 0.0497, acc: 0.9838
loss: 0.0492, acc: 0.9838
loss: 0.0493, acc: 0.9836
loss: 0.0491, acc: 0.9836
loss: 0.0486, acc: 0.9838
loss: 0.0490, acc: 0.9836
loss: 0.0488, acc: 0.9836
loss: 0.0496, acc: 0.9831
loss: 0.0489, acc: 0.9833
loss: 0.0493, acc: 0.9830
loss: 0.0490, acc: 0.9832
loss: 0.0488, acc: 0.9833
loss: 0.0495, acc: 0.9829
loss: 0.0498, acc: 0.9825
loss: 0.0495, acc: 0.9826
loss: 0.0497, acc: 0.9826
loss: 0.0493, acc: 0.9828
loss: 0.0496, acc: 0.9826
loss: 0.0500, acc: 0.9824
loss: 0.0509, acc: 0.9820
loss: 0.0511, acc: 0.9818
loss: 0.0509, acc: 0.9819
loss: 0.0524, acc: 0.9814
loss: 0.0525, acc: 0.9814
loss: 0.0523, acc: 0.9816
loss: 0.0537, acc: 0.9813
> val_acc: 0.8161, val_f1: 0.8095
>>>>>>>>>>>>>>>>>>>>>>>>>>>>>>>>>>>>>>>>>>>>>>>>>>>>>>>>>>>>>>>>>>>>>>>>>>>>>>>>>>>>>>>>>>>>>>>>>>>>
epoch: 6
loss: 0.0270, acc: 0.9875
loss: 0.0268, acc: 0.9906
loss: 0.0345, acc: 0.9875
loss: 0.0305, acc: 0.9891
loss: 0.0321, acc: 0.9875
loss: 0.0342, acc: 0.9875
loss: 0.0317, acc: 0.9884
loss: 0.0350, acc: 0.9852
loss: 0.0334, acc: 0.9854
loss: 0.0330, acc: 0.9862
loss: 0.0356, acc: 0.9864
loss: 0.0363, acc: 0.9870
loss: 0.0442, acc: 0.9851
loss: 0.0427, acc: 0.9853
loss: 0.0430, acc: 0.9850
loss: 0.0423, acc: 0.9855
loss: 0.0427, acc: 0.9857
loss: 0.0411, acc: 0.9861
loss: 0.0428, acc: 0.9855
loss: 0.0413, acc: 0.9859
loss: 0.0410, acc: 0.9863
loss: 0.0399, acc: 0.9869
loss: 0.0389, acc: 0.9872
loss: 0.0381, acc: 0.9875
loss: 0.0380, acc: 0.9878
loss: 0.0370, acc: 0.9880
loss: 0.0379, acc: 0.9880
loss: 0.0390, acc: 0.9875
loss: 0.0383, acc: 0.9877
loss: 0.0383, acc: 0.9877
loss: 0.0399, acc: 0.9873
loss: 0.0391, acc: 0.9877
loss: 0.0381, acc: 0.9881
loss: 0.0399, acc: 0.9881
loss: 0.0394, acc: 0.9882
loss: 0.0398, acc: 0.9880
loss: 0.0390, acc: 0.9883
loss: 0.0395, acc: 0.9880
loss: 0.0402, acc: 0.9875
loss: 0.0414, acc: 0.9872
loss: 0.0410, acc: 0.9872
loss: 0.0407, acc: 0.9872
loss: 0.0409, acc: 0.9872
loss: 0.0416, acc: 0.9871
loss: 0.0411, acc: 0.9872
loss: 0.0411, acc: 0.9872
loss: 0.0407, acc: 0.9874
loss: 0.0405, acc: 0.9874
loss: 0.0400, acc: 0.9875
loss: 0.0406, acc: 0.9872
loss: 0.0411, acc: 0.9870
loss: 0.0413, acc: 0.9868
loss: 0.0428, acc: 0.9863
loss: 0.0426, acc: 0.9865
loss: 0.0424, acc: 0.9864
loss: 0.0421, acc: 0.9865
loss: 0.0416, acc: 0.9867
loss: 0.0414, acc: 0.9869
loss: 0.0423, acc: 0.9865
loss: 0.0430, acc: 0.9864
loss: 0.0439, acc: 0.9861
loss: 0.0436, acc: 0.9863
loss: 0.0441, acc: 0.9861
loss: 0.0440, acc: 0.9860
loss: 0.0451, acc: 0.9855
loss: 0.0447, acc: 0.9857
loss: 0.0449, acc: 0.9856
loss: 0.0457, acc: 0.9854
loss: 0.0455, acc: 0.9854
loss: 0.0458, acc: 0.9852
> val_acc: 0.8131, val_f1: 0.8056
>>>>>>>>>>>>>>>>>>>>>>>>>>>>>>>>>>>>>>>>>>>>>>>>>>>>>>>>>>>>>>>>>>>>>>>>>>>>>>>>>>>>>>>>>>>>>>>>>>>>
epoch: 7
loss: 0.0244, acc: 0.9875
loss: 0.0407, acc: 0.9812
loss: 0.0331, acc: 0.9854
loss: 0.0307, acc: 0.9859
loss: 0.0283, acc: 0.9888
loss: 0.0269, acc: 0.9896
loss: 0.0245, acc: 0.9902
loss: 0.0225, acc: 0.9914
loss: 0.0255, acc: 0.9910
loss: 0.0252, acc: 0.9906
loss: 0.0273, acc: 0.9903
loss: 0.0273, acc: 0.9901
loss: 0.0277, acc: 0.9904
loss: 0.0262, acc: 0.9911
loss: 0.0275, acc: 0.9908
loss: 0.0269, acc: 0.9910
loss: 0.0257, acc: 0.9915
loss: 0.0278, acc: 0.9910
loss: 0.0298, acc: 0.9905
loss: 0.0290, acc: 0.9906
loss: 0.0283, acc: 0.9908
loss: 0.0293, acc: 0.9906
loss: 0.0291, acc: 0.9905
loss: 0.0282, acc: 0.9909
loss: 0.0280, acc: 0.9908
loss: 0.0288, acc: 0.9906
loss: 0.0286, acc: 0.9903
loss: 0.0291, acc: 0.9904
loss: 0.0283, acc: 0.9907
loss: 0.0282, acc: 0.9908
loss: 0.0289, acc: 0.9903
loss: 0.0299, acc: 0.9900
loss: 0.0297, acc: 0.9902
loss: 0.0291, acc: 0.9904
loss: 0.0299, acc: 0.9902
loss: 0.0299, acc: 0.9903
loss: 0.0301, acc: 0.9902
loss: 0.0306, acc: 0.9903
loss: 0.0305, acc: 0.9902
loss: 0.0309, acc: 0.9902
loss: 0.0311, acc: 0.9899
loss: 0.0316, acc: 0.9897
loss: 0.0328, acc: 0.9891
loss: 0.0326, acc: 0.9891
loss: 0.0331, acc: 0.9886
loss: 0.0337, acc: 0.9883
loss: 0.0344, acc: 0.9880
loss: 0.0341, acc: 0.9880
loss: 0.0344, acc: 0.9879
loss: 0.0347, acc: 0.9879
loss: 0.0342, acc: 0.9881
loss: 0.0341, acc: 0.9880
loss: 0.0338, acc: 0.9882
loss: 0.0338, acc: 0.9881
loss: 0.0335, acc: 0.9882
loss: 0.0337, acc: 0.9882
loss: 0.0340, acc: 0.9880
loss: 0.0348, acc: 0.9880
loss: 0.0345, acc: 0.9882
loss: 0.0343, acc: 0.9883
loss: 0.0350, acc: 0.9882
loss: 0.0350, acc: 0.9881
loss: 0.0355, acc: 0.9880
loss: 0.0351, acc: 0.9882
loss: 0.0351, acc: 0.9881
loss: 0.0352, acc: 0.9882
loss: 0.0359, acc: 0.9880
loss: 0.0366, acc: 0.9878
loss: 0.0365, acc: 0.9878
loss: 0.0364, acc: 0.9878
> val_acc: 0.8086, val_f1: 0.8050
>> test_acc: 0.8331, test_f1: 0.8286
cuda memory allocated: 2240059904
> n_trainable_params: 109484547, n_nontrainable_params: 0
> training arguments:
>>> model_name: bert
>>> dataset: mams
>>> optimizer: adam
>>> repeat: 3
>>> lr: 2e-05
>>> l2reg: 0.0001
>>> num_epoch: 100
>>> batch_size: 16
>>> log_step: 10
>>> bert_dim: 768
>>> max_seq_len: 128
>>> polarities_dim: 3
>>> patience: 5
>>> device: cuda
>>> seed: 42
>>> save_model_dir: /media/b115/Backup/NLP
>>>>>>>>>>>>>>>>>>>>>>>>>>>>>>>>>>>>>>>>>>>>>>>>>>>>>>>>>>>>>>>>>>>>>>>>>>>>>>>>>>>>>>>>>>>>>>>>>>>>
epoch: 0
loss: 1.0369, acc: 0.4625
loss: 1.0531, acc: 0.4437
loss: 1.0671, acc: 0.4208
loss: 1.0641, acc: 0.4156
loss: 1.0478, acc: 0.4350
loss: 1.0335, acc: 0.4562
loss: 1.0260, acc: 0.4625
loss: 1.0069, acc: 0.4789
loss: 0.9920, acc: 0.4903
loss: 0.9877, acc: 0.4894
loss: 0.9783, acc: 0.4977
loss: 0.9699, acc: 0.5010
loss: 0.9537, acc: 0.5144
loss: 0.9481, acc: 0.5188
loss: 0.9357, acc: 0.5271
loss: 0.9196, acc: 0.5402
loss: 0.9127, acc: 0.5449
loss: 0.9085, acc: 0.5486
loss: 0.9026, acc: 0.5516
loss: 0.8955, acc: 0.5559
loss: 0.8880, acc: 0.5613
loss: 0.8799, acc: 0.5668
loss: 0.8727, acc: 0.5715
loss: 0.8708, acc: 0.5747
loss: 0.8670, acc: 0.5767
loss: 0.8598, acc: 0.5820
loss: 0.8548, acc: 0.5847
loss: 0.8493, acc: 0.5891
loss: 0.8426, acc: 0.5922
loss: 0.8359, acc: 0.5969
loss: 0.8318, acc: 0.5998
loss: 0.8236, acc: 0.6057
loss: 0.8144, acc: 0.6110
loss: 0.8078, acc: 0.6149
loss: 0.8007, acc: 0.6196
loss: 0.7929, acc: 0.6259
loss: 0.7867, acc: 0.6297
loss: 0.7809, acc: 0.6331
loss: 0.7762, acc: 0.6359
loss: 0.7702, acc: 0.6402
loss: 0.7662, acc: 0.6434
loss: 0.7629, acc: 0.6457
loss: 0.7598, acc: 0.6477
loss: 0.7552, acc: 0.6503
loss: 0.7512, acc: 0.6528
loss: 0.7476, acc: 0.6549
loss: 0.7412, acc: 0.6588
loss: 0.7367, acc: 0.6618
loss: 0.7315, acc: 0.6654
loss: 0.7253, acc: 0.6689
loss: 0.7227, acc: 0.6708
loss: 0.7170, acc: 0.6738
loss: 0.7142, acc: 0.6762
loss: 0.7117, acc: 0.6781
loss: 0.7075, acc: 0.6802
loss: 0.7038, acc: 0.6823
loss: 0.7009, acc: 0.6836
loss: 0.6990, acc: 0.6857
loss: 0.6952, acc: 0.6876
loss: 0.6925, acc: 0.6897
loss: 0.6891, acc: 0.6916
loss: 0.6856, acc: 0.6940
loss: 0.6817, acc: 0.6961
loss: 0.6774, acc: 0.6984
loss: 0.6744, acc: 0.7002
loss: 0.6715, acc: 0.7019
loss: 0.6685, acc: 0.7035
loss: 0.6663, acc: 0.7046
loss: 0.6648, acc: 0.7053
loss: 0.6624, acc: 0.7064
> val_acc: 0.8093, val_f1: 0.8054
>> saved: /media/b115/Backup/NLP/bert/mams/acc_0.8093_f1_0.8054_230828-0622.model
>>>>>>>>>>>>>>>>>>>>>>>>>>>>>>>>>>>>>>>>>>>>>>>>>>>>>>>>>>>>>>>>>>>>>>>>>>>>>>>>>>>>>>>>>>>>>>>>>>>>
epoch: 1
loss: 0.3271, acc: 0.8750
loss: 0.3413, acc: 0.8625
loss: 0.3322, acc: 0.8771
loss: 0.3199, acc: 0.8859
loss: 0.3270, acc: 0.8850
loss: 0.3275, acc: 0.8812
loss: 0.3404, acc: 0.8732
loss: 0.3393, acc: 0.8750
loss: 0.3444, acc: 0.8715
loss: 0.3443, acc: 0.8719
loss: 0.3475, acc: 0.8693
loss: 0.3474, acc: 0.8672
loss: 0.3387, acc: 0.8716
loss: 0.3371, acc: 0.8714
loss: 0.3418, acc: 0.8704
loss: 0.3394, acc: 0.8711
loss: 0.3371, acc: 0.8732
loss: 0.3424, acc: 0.8712
loss: 0.3436, acc: 0.8717
loss: 0.3446, acc: 0.8719
loss: 0.3462, acc: 0.8717
loss: 0.3477, acc: 0.8699
loss: 0.3515, acc: 0.8685
loss: 0.3537, acc: 0.8677
loss: 0.3529, acc: 0.8685
loss: 0.3534, acc: 0.8688
loss: 0.3571, acc: 0.8669
loss: 0.3571, acc: 0.8663
loss: 0.3572, acc: 0.8659
loss: 0.3598, acc: 0.8648
loss: 0.3660, acc: 0.8621
loss: 0.3662, acc: 0.8617
loss: 0.3648, acc: 0.8627
loss: 0.3652, acc: 0.8621
loss: 0.3671, acc: 0.8612
loss: 0.3675, acc: 0.8616
loss: 0.3659, acc: 0.8623
loss: 0.3661, acc: 0.8617
loss: 0.3638, acc: 0.8622
loss: 0.3633, acc: 0.8620
loss: 0.3638, acc: 0.8619
loss: 0.3650, acc: 0.8615
loss: 0.3644, acc: 0.8610
loss: 0.3628, acc: 0.8619
loss: 0.3632, acc: 0.8615
loss: 0.3642, acc: 0.8606
loss: 0.3620, acc: 0.8614
loss: 0.3615, acc: 0.8615
loss: 0.3608, acc: 0.8617
loss: 0.3602, acc: 0.8624
loss: 0.3601, acc: 0.8621
loss: 0.3617, acc: 0.8614
loss: 0.3604, acc: 0.8617
loss: 0.3617, acc: 0.8613
loss: 0.3618, acc: 0.8616
loss: 0.3608, acc: 0.8619
loss: 0.3607, acc: 0.8623
loss: 0.3590, acc: 0.8629
loss: 0.3602, acc: 0.8623
loss: 0.3607, acc: 0.8624
loss: 0.3617, acc: 0.8618
loss: 0.3618, acc: 0.8617
loss: 0.3618, acc: 0.8617
loss: 0.3618, acc: 0.8621
loss: 0.3617, acc: 0.8621
loss: 0.3611, acc: 0.8625
loss: 0.3617, acc: 0.8625
loss: 0.3605, acc: 0.8628
loss: 0.3611, acc: 0.8627
loss: 0.3609, acc: 0.8628
> val_acc: 0.8213, val_f1: 0.8171
>> saved: /media/b115/Backup/NLP/bert/mams/acc_0.8213_f1_0.8171_230828-0624.model
>>>>>>>>>>>>>>>>>>>>>>>>>>>>>>>>>>>>>>>>>>>>>>>>>>>>>>>>>>>>>>>>>>>>>>>>>>>>>>>>>>>>>>>>>>>>>>>>>>>>
epoch: 2
loss: 0.1723, acc: 0.9500
loss: 0.1816, acc: 0.9469
loss: 0.1776, acc: 0.9437
loss: 0.1766, acc: 0.9453
loss: 0.1761, acc: 0.9450
loss: 0.1704, acc: 0.9458
loss: 0.1709, acc: 0.9446
loss: 0.1692, acc: 0.9461
loss: 0.1691, acc: 0.9465
loss: 0.1852, acc: 0.9413
loss: 0.1858, acc: 0.9392
loss: 0.1815, acc: 0.9401
loss: 0.1797, acc: 0.9399
loss: 0.1807, acc: 0.9393
loss: 0.1870, acc: 0.9363
loss: 0.1908, acc: 0.9352
loss: 0.1924, acc: 0.9349
loss: 0.1919, acc: 0.9351
loss: 0.1942, acc: 0.9345
loss: 0.1960, acc: 0.9347
loss: 0.1987, acc: 0.9333
loss: 0.2002, acc: 0.9330
loss: 0.2004, acc: 0.9329
loss: 0.1994, acc: 0.9333
loss: 0.1978, acc: 0.9340
loss: 0.1975, acc: 0.9344
loss: 0.1975, acc: 0.9352
loss: 0.1991, acc: 0.9342
loss: 0.1974, acc: 0.9345
loss: 0.1951, acc: 0.9354
loss: 0.1968, acc: 0.9353
loss: 0.1937, acc: 0.9359
loss: 0.1933, acc: 0.9366
loss: 0.1924, acc: 0.9364
loss: 0.1905, acc: 0.9371
loss: 0.1898, acc: 0.9361
loss: 0.1912, acc: 0.9356
loss: 0.1936, acc: 0.9352
loss: 0.1948, acc: 0.9346
loss: 0.1973, acc: 0.9334
loss: 0.1971, acc: 0.9337
loss: 0.1983, acc: 0.9338
loss: 0.1988, acc: 0.9336
loss: 0.1996, acc: 0.9331
loss: 0.1996, acc: 0.9329
loss: 0.1983, acc: 0.9338
loss: 0.1997, acc: 0.9324
loss: 0.2002, acc: 0.9320
loss: 0.2000, acc: 0.9320
loss: 0.1993, acc: 0.9325
loss: 0.2008, acc: 0.9322
loss: 0.1999, acc: 0.9327
loss: 0.2005, acc: 0.9320
loss: 0.2001, acc: 0.9319
loss: 0.2000, acc: 0.9316
loss: 0.1987, acc: 0.9320
loss: 0.1986, acc: 0.9319
loss: 0.1988, acc: 0.9320
loss: 0.1987, acc: 0.9320
loss: 0.2004, acc: 0.9316
loss: 0.2023, acc: 0.9307
loss: 0.2029, acc: 0.9305
loss: 0.2023, acc: 0.9306
loss: 0.2032, acc: 0.9304
loss: 0.2028, acc: 0.9305
loss: 0.2015, acc: 0.9309
loss: 0.2010, acc: 0.9310
loss: 0.2005, acc: 0.9308
loss: 0.2011, acc: 0.9304
loss: 0.2024, acc: 0.9301
> val_acc: 0.8198, val_f1: 0.8135
>>>>>>>>>>>>>>>>>>>>>>>>>>>>>>>>>>>>>>>>>>>>>>>>>>>>>>>>>>>>>>>>>>>>>>>>>>>>>>>>>>>>>>>>>>>>>>>>>>>>
epoch: 3
loss: 0.1823, acc: 0.9437
loss: 0.1301, acc: 0.9625
loss: 0.1127, acc: 0.9625
loss: 0.1018, acc: 0.9656
loss: 0.1203, acc: 0.9600
loss: 0.1123, acc: 0.9615
loss: 0.1133, acc: 0.9589
loss: 0.1146, acc: 0.9586
loss: 0.1185, acc: 0.9569
loss: 0.1144, acc: 0.9587
loss: 0.1155, acc: 0.9585
loss: 0.1149, acc: 0.9589
loss: 0.1166, acc: 0.9587
loss: 0.1167, acc: 0.9585
loss: 0.1137, acc: 0.9592
loss: 0.1144, acc: 0.9590
loss: 0.1123, acc: 0.9596
loss: 0.1112, acc: 0.9597
loss: 0.1107, acc: 0.9599
loss: 0.1138, acc: 0.9591
loss: 0.1184, acc: 0.9583
loss: 0.1186, acc: 0.9585
loss: 0.1169, acc: 0.9595
loss: 0.1136, acc: 0.9609
loss: 0.1122, acc: 0.9613
loss: 0.1089, acc: 0.9625
loss: 0.1090, acc: 0.9620
loss: 0.1093, acc: 0.9616
loss: 0.1135, acc: 0.9599
loss: 0.1117, acc: 0.9604
loss: 0.1121, acc: 0.9603
loss: 0.1137, acc: 0.9590
loss: 0.1154, acc: 0.9593
loss: 0.1148, acc: 0.9599
loss: 0.1133, acc: 0.9607
loss: 0.1121, acc: 0.9611
loss: 0.1119, acc: 0.9615
loss: 0.1130, acc: 0.9609
loss: 0.1132, acc: 0.9607
loss: 0.1130, acc: 0.9606
loss: 0.1137, acc: 0.9607
loss: 0.1127, acc: 0.9612
loss: 0.1118, acc: 0.9615
loss: 0.1121, acc: 0.9615
loss: 0.1112, acc: 0.9617
loss: 0.1121, acc: 0.9615
loss: 0.1122, acc: 0.9613
loss: 0.1115, acc: 0.9616
loss: 0.1124, acc: 0.9615
loss: 0.1128, acc: 0.9615
loss: 0.1125, acc: 0.9616
loss: 0.1135, acc: 0.9613
loss: 0.1132, acc: 0.9617
loss: 0.1124, acc: 0.9619
loss: 0.1123, acc: 0.9620
loss: 0.1143, acc: 0.9617
loss: 0.1164, acc: 0.9612
loss: 0.1160, acc: 0.9614
loss: 0.1158, acc: 0.9614
loss: 0.1155, acc: 0.9616
loss: 0.1161, acc: 0.9615
loss: 0.1155, acc: 0.9618
loss: 0.1156, acc: 0.9618
loss: 0.1156, acc: 0.9616
loss: 0.1150, acc: 0.9619
loss: 0.1166, acc: 0.9612
loss: 0.1170, acc: 0.9610
loss: 0.1171, acc: 0.9608
loss: 0.1174, acc: 0.9606
loss: 0.1178, acc: 0.9604
> val_acc: 0.8191, val_f1: 0.8142
>>>>>>>>>>>>>>>>>>>>>>>>>>>>>>>>>>>>>>>>>>>>>>>>>>>>>>>>>>>>>>>>>>>>>>>>>>>>>>>>>>>>>>>>>>>>>>>>>>>>
epoch: 4
loss: 0.0831, acc: 0.9812
loss: 0.1146, acc: 0.9688
loss: 0.1114, acc: 0.9646
loss: 0.1125, acc: 0.9625
loss: 0.0999, acc: 0.9675
loss: 0.1009, acc: 0.9667
loss: 0.0949, acc: 0.9688
loss: 0.0914, acc: 0.9703
loss: 0.0892, acc: 0.9708
loss: 0.0893, acc: 0.9712
loss: 0.0837, acc: 0.9739
loss: 0.0801, acc: 0.9745
loss: 0.0861, acc: 0.9740
loss: 0.0860, acc: 0.9737
loss: 0.0844, acc: 0.9746
loss: 0.0827, acc: 0.9754
loss: 0.0831, acc: 0.9750
loss: 0.0830, acc: 0.9757
loss: 0.0812, acc: 0.9760
loss: 0.0797, acc: 0.9766
loss: 0.0796, acc: 0.9768
loss: 0.0784, acc: 0.9770
loss: 0.0764, acc: 0.9774
loss: 0.0770, acc: 0.9771
loss: 0.0754, acc: 0.9772
loss: 0.0751, acc: 0.9776
loss: 0.0736, acc: 0.9782
loss: 0.0742, acc: 0.9783
loss: 0.0770, acc: 0.9772
loss: 0.0758, acc: 0.9777
loss: 0.0750, acc: 0.9780
loss: 0.0736, acc: 0.9785
loss: 0.0749, acc: 0.9780
loss: 0.0736, acc: 0.9783
loss: 0.0742, acc: 0.9780
loss: 0.0743, acc: 0.9780
loss: 0.0738, acc: 0.9782
loss: 0.0733, acc: 0.9781
loss: 0.0723, acc: 0.9784
loss: 0.0719, acc: 0.9781
loss: 0.0736, acc: 0.9773
loss: 0.0757, acc: 0.9768
loss: 0.0748, acc: 0.9772
loss: 0.0771, acc: 0.9767
loss: 0.0764, acc: 0.9767
loss: 0.0766, acc: 0.9765
loss: 0.0761, acc: 0.9767
loss: 0.0757, acc: 0.9767
loss: 0.0756, acc: 0.9769
loss: 0.0746, acc: 0.9771
loss: 0.0749, acc: 0.9772
loss: 0.0755, acc: 0.9767
loss: 0.0767, acc: 0.9764
loss: 0.0766, acc: 0.9765
loss: 0.0775, acc: 0.9761
loss: 0.0778, acc: 0.9761
loss: 0.0784, acc: 0.9759
loss: 0.0796, acc: 0.9758
loss: 0.0794, acc: 0.9757
loss: 0.0793, acc: 0.9757
loss: 0.0806, acc: 0.9754
loss: 0.0798, acc: 0.9756
loss: 0.0792, acc: 0.9758
loss: 0.0785, acc: 0.9760
loss: 0.0796, acc: 0.9757
loss: 0.0789, acc: 0.9759
loss: 0.0799, acc: 0.9757
loss: 0.0807, acc: 0.9756
loss: 0.0806, acc: 0.9755
loss: 0.0802, acc: 0.9756
> val_acc: 0.8153, val_f1: 0.8106
>>>>>>>>>>>>>>>>>>>>>>>>>>>>>>>>>>>>>>>>>>>>>>>>>>>>>>>>>>>>>>>>>>>>>>>>>>>>>>>>>>>>>>>>>>>>>>>>>>>>
epoch: 5
loss: 0.0686, acc: 0.9688
loss: 0.0683, acc: 0.9750
loss: 0.0555, acc: 0.9812
loss: 0.0527, acc: 0.9844
loss: 0.0445, acc: 0.9875
loss: 0.0409, acc: 0.9875
loss: 0.0410, acc: 0.9884
loss: 0.0382, acc: 0.9891
loss: 0.0358, acc: 0.9903
loss: 0.0355, acc: 0.9900
loss: 0.0358, acc: 0.9898
loss: 0.0355, acc: 0.9896
loss: 0.0350, acc: 0.9894
loss: 0.0384, acc: 0.9884
loss: 0.0407, acc: 0.9875
loss: 0.0387, acc: 0.9883
loss: 0.0414, acc: 0.9879
loss: 0.0399, acc: 0.9885
loss: 0.0401, acc: 0.9885
loss: 0.0395, acc: 0.9884
loss: 0.0410, acc: 0.9875
loss: 0.0408, acc: 0.9875
loss: 0.0417, acc: 0.9872
loss: 0.0414, acc: 0.9872
loss: 0.0414, acc: 0.9872
loss: 0.0407, acc: 0.9873
loss: 0.0422, acc: 0.9868
loss: 0.0419, acc: 0.9868
loss: 0.0421, acc: 0.9864
loss: 0.0426, acc: 0.9862
loss: 0.0447, acc: 0.9859
loss: 0.0448, acc: 0.9855
loss: 0.0441, acc: 0.9858
loss: 0.0447, acc: 0.9857
loss: 0.0453, acc: 0.9850
loss: 0.0454, acc: 0.9852
loss: 0.0446, acc: 0.9855
loss: 0.0448, acc: 0.9852
loss: 0.0442, acc: 0.9854
loss: 0.0445, acc: 0.9853
loss: 0.0443, acc: 0.9855
loss: 0.0444, acc: 0.9854
loss: 0.0468, acc: 0.9849
loss: 0.0464, acc: 0.9849
loss: 0.0463, acc: 0.9847
loss: 0.0476, acc: 0.9845
loss: 0.0479, acc: 0.9842
loss: 0.0482, acc: 0.9840
loss: 0.0497, acc: 0.9835
loss: 0.0496, acc: 0.9836
loss: 0.0496, acc: 0.9838
loss: 0.0502, acc: 0.9834
loss: 0.0512, acc: 0.9831
loss: 0.0512, acc: 0.9831
loss: 0.0509, acc: 0.9832
loss: 0.0509, acc: 0.9833
loss: 0.0504, acc: 0.9834
loss: 0.0504, acc: 0.9835
loss: 0.0499, acc: 0.9837
loss: 0.0498, acc: 0.9835
loss: 0.0494, acc: 0.9835
loss: 0.0496, acc: 0.9834
loss: 0.0504, acc: 0.9831
loss: 0.0502, acc: 0.9831
loss: 0.0504, acc: 0.9832
loss: 0.0511, acc: 0.9830
loss: 0.0515, acc: 0.9829
loss: 0.0515, acc: 0.9830
loss: 0.0519, acc: 0.9828
loss: 0.0519, acc: 0.9829
> val_acc: 0.8153, val_f1: 0.8107
>>>>>>>>>>>>>>>>>>>>>>>>>>>>>>>>>>>>>>>>>>>>>>>>>>>>>>>>>>>>>>>>>>>>>>>>>>>>>>>>>>>>>>>>>>>>>>>>>>>>
epoch: 6
loss: 0.0437, acc: 0.9875
loss: 0.0474, acc: 0.9875
loss: 0.0452, acc: 0.9875
loss: 0.0367, acc: 0.9906
loss: 0.0419, acc: 0.9862
loss: 0.0437, acc: 0.9854
loss: 0.0383, acc: 0.9875
loss: 0.0370, acc: 0.9883
loss: 0.0359, acc: 0.9882
loss: 0.0354, acc: 0.9888
loss: 0.0326, acc: 0.9898
loss: 0.0326, acc: 0.9896
loss: 0.0315, acc: 0.9899
loss: 0.0298, acc: 0.9906
loss: 0.0303, acc: 0.9904
loss: 0.0290, acc: 0.9910
loss: 0.0313, acc: 0.9908
loss: 0.0341, acc: 0.9899
loss: 0.0338, acc: 0.9898
loss: 0.0362, acc: 0.9888
loss: 0.0364, acc: 0.9887
loss: 0.0418, acc: 0.9875
loss: 0.0410, acc: 0.9875
loss: 0.0405, acc: 0.9875
loss: 0.0422, acc: 0.9868
loss: 0.0422, acc: 0.9863
loss: 0.0419, acc: 0.9861
loss: 0.0437, acc: 0.9862
loss: 0.0434, acc: 0.9864
loss: 0.0423, acc: 0.9869
loss: 0.0412, acc: 0.9873
loss: 0.0421, acc: 0.9873
loss: 0.0433, acc: 0.9871
loss: 0.0445, acc: 0.9869
loss: 0.0454, acc: 0.9866
loss: 0.0458, acc: 0.9863
loss: 0.0455, acc: 0.9863
loss: 0.0451, acc: 0.9863
loss: 0.0450, acc: 0.9865
loss: 0.0452, acc: 0.9864
loss: 0.0452, acc: 0.9864
loss: 0.0455, acc: 0.9865
loss: 0.0459, acc: 0.9863
loss: 0.0459, acc: 0.9861
loss: 0.0458, acc: 0.9860
loss: 0.0453, acc: 0.9860
loss: 0.0459, acc: 0.9856
loss: 0.0458, acc: 0.9858
loss: 0.0458, acc: 0.9857
loss: 0.0455, acc: 0.9859
loss: 0.0455, acc: 0.9860
loss: 0.0449, acc: 0.9862
loss: 0.0452, acc: 0.9860
loss: 0.0446, acc: 0.9862
loss: 0.0445, acc: 0.9862
loss: 0.0446, acc: 0.9860
loss: 0.0443, acc: 0.9862
loss: 0.0455, acc: 0.9857
loss: 0.0461, acc: 0.9856
loss: 0.0464, acc: 0.9854
loss: 0.0461, acc: 0.9853
loss: 0.0482, acc: 0.9848
loss: 0.0497, acc: 0.9845
loss: 0.0502, acc: 0.9845
loss: 0.0505, acc: 0.9844
loss: 0.0506, acc: 0.9842
loss: 0.0508, acc: 0.9841
loss: 0.0512, acc: 0.9841
loss: 0.0516, acc: 0.9840
loss: 0.0515, acc: 0.9840
> val_acc: 0.8191, val_f1: 0.8133
>> test_acc: 0.8286, test_f1: 0.8218
cuda memory allocated: 2237307392
> n_trainable_params: 109484547, n_nontrainable_params: 0
> training arguments:
>>> model_name: bert
>>> dataset: mams
>>> optimizer: adam
>>> repeat: 3
>>> lr: 2e-05
>>> l2reg: 0.0001
>>> num_epoch: 100
>>> batch_size: 16
>>> log_step: 10
>>> bert_dim: 768
>>> max_seq_len: 128
>>> polarities_dim: 3
>>> patience: 5
>>> device: cuda
>>> seed: 42
>>> save_model_dir: /media/b115/Backup/NLP
>>>>>>>>>>>>>>>>>>>>>>>>>>>>>>>>>>>>>>>>>>>>>>>>>>>>>>>>>>>>>>>>>>>>>>>>>>>>>>>>>>>>>>>>>>>>>>>>>>>>
epoch: 0
loss: 1.0796, acc: 0.4000
loss: 1.0634, acc: 0.4156
loss: 1.0704, acc: 0.4250
loss: 1.0617, acc: 0.4328
loss: 1.0570, acc: 0.4400
loss: 1.0510, acc: 0.4458
loss: 1.0370, acc: 0.4554
loss: 1.0314, acc: 0.4617
loss: 1.0152, acc: 0.4750
loss: 1.0039, acc: 0.4888
loss: 0.9927, acc: 0.4960
loss: 0.9881, acc: 0.5031
loss: 0.9835, acc: 0.5067
loss: 0.9746, acc: 0.5161
loss: 0.9663, acc: 0.5225
loss: 0.9560, acc: 0.5297
loss: 0.9475, acc: 0.5360
loss: 0.9395, acc: 0.5427
loss: 0.9311, acc: 0.5487
loss: 0.9231, acc: 0.5531
loss: 0.9149, acc: 0.5586
loss: 0.9082, acc: 0.5631
loss: 0.8990, acc: 0.5685
loss: 0.8869, acc: 0.5750
loss: 0.8813, acc: 0.5800
loss: 0.8743, acc: 0.5844
loss: 0.8747, acc: 0.5843
loss: 0.8683, acc: 0.5884
loss: 0.8630, acc: 0.5907
loss: 0.8553, acc: 0.5958
loss: 0.8473, acc: 0.6004
loss: 0.8421, acc: 0.6027
loss: 0.8330, acc: 0.6076
loss: 0.8231, acc: 0.6132
loss: 0.8155, acc: 0.6186
loss: 0.8094, acc: 0.6229
loss: 0.8028, acc: 0.6275
loss: 0.7953, acc: 0.6321
loss: 0.7902, acc: 0.6345
loss: 0.7838, acc: 0.6380
loss: 0.7789, acc: 0.6405
loss: 0.7748, acc: 0.6436
loss: 0.7688, acc: 0.6471
loss: 0.7636, acc: 0.6500
loss: 0.7584, acc: 0.6528
loss: 0.7549, acc: 0.6549
loss: 0.7511, acc: 0.6569
loss: 0.7474, acc: 0.6591
loss: 0.7434, acc: 0.6611
loss: 0.7400, acc: 0.6633
loss: 0.7384, acc: 0.6641
loss: 0.7348, acc: 0.6665
loss: 0.7307, acc: 0.6687
loss: 0.7298, acc: 0.6698
loss: 0.7257, acc: 0.6719
loss: 0.7220, acc: 0.6740
loss: 0.7194, acc: 0.6758
loss: 0.7165, acc: 0.6773
loss: 0.7131, acc: 0.6796
loss: 0.7109, acc: 0.6808
loss: 0.7085, acc: 0.6823
loss: 0.7033, acc: 0.6846
loss: 0.6996, acc: 0.6861
loss: 0.6973, acc: 0.6877
loss: 0.6949, acc: 0.6894
loss: 0.6927, acc: 0.6909
loss: 0.6894, acc: 0.6922
loss: 0.6862, acc: 0.6938
loss: 0.6845, acc: 0.6950
loss: 0.6812, acc: 0.6969
> val_acc: 0.7800, val_f1: 0.7790
>> saved: /media/b115/Backup/NLP/bert/mams/acc_0.78_f1_0.779_230828-0637.model
>>>>>>>>>>>>>>>>>>>>>>>>>>>>>>>>>>>>>>>>>>>>>>>>>>>>>>>>>>>>>>>>>>>>>>>>>>>>>>>>>>>>>>>>>>>>>>>>>>>>
epoch: 1
loss: 0.4616, acc: 0.8063
loss: 0.4247, acc: 0.8250
loss: 0.4078, acc: 0.8417
loss: 0.3931, acc: 0.8500
loss: 0.3987, acc: 0.8500
loss: 0.3869, acc: 0.8542
loss: 0.3875, acc: 0.8527
loss: 0.3705, acc: 0.8578
loss: 0.3658, acc: 0.8597
loss: 0.3582, acc: 0.8644
loss: 0.3672, acc: 0.8591
loss: 0.3710, acc: 0.8568
loss: 0.3718, acc: 0.8562
loss: 0.3718, acc: 0.8562
loss: 0.3707, acc: 0.8583
loss: 0.3780, acc: 0.8566
loss: 0.3749, acc: 0.8581
loss: 0.3714, acc: 0.8580
loss: 0.3711, acc: 0.8586
loss: 0.3705, acc: 0.8588
loss: 0.3731, acc: 0.8580
loss: 0.3700, acc: 0.8585
loss: 0.3725, acc: 0.8576
loss: 0.3757, acc: 0.8549
loss: 0.3793, acc: 0.8525
loss: 0.3790, acc: 0.8531
loss: 0.3780, acc: 0.8539
loss: 0.3743, acc: 0.8558
loss: 0.3730, acc: 0.8560
loss: 0.3709, acc: 0.8571
loss: 0.3725, acc: 0.8567
loss: 0.3709, acc: 0.8576
loss: 0.3680, acc: 0.8593
loss: 0.3694, acc: 0.8586
loss: 0.3726, acc: 0.8566
loss: 0.3739, acc: 0.8566
loss: 0.3725, acc: 0.8573
loss: 0.3743, acc: 0.8561
loss: 0.3748, acc: 0.8558
loss: 0.3736, acc: 0.8562
loss: 0.3746, acc: 0.8559
loss: 0.3757, acc: 0.8562
loss: 0.3744, acc: 0.8573
loss: 0.3747, acc: 0.8574
loss: 0.3750, acc: 0.8578
loss: 0.3730, acc: 0.8583
loss: 0.3717, acc: 0.8585
loss: 0.3743, acc: 0.8576
loss: 0.3732, acc: 0.8578
loss: 0.3745, acc: 0.8572
loss: 0.3748, acc: 0.8574
loss: 0.3758, acc: 0.8569
loss: 0.3752, acc: 0.8571
loss: 0.3758, acc: 0.8569
loss: 0.3762, acc: 0.8564
loss: 0.3759, acc: 0.8560
loss: 0.3756, acc: 0.8562
loss: 0.3751, acc: 0.8560
loss: 0.3739, acc: 0.8562
loss: 0.3749, acc: 0.8560
loss: 0.3753, acc: 0.8556
loss: 0.3750, acc: 0.8557
loss: 0.3743, acc: 0.8561
loss: 0.3742, acc: 0.8562
loss: 0.3731, acc: 0.8564
loss: 0.3713, acc: 0.8572
loss: 0.3716, acc: 0.8575
loss: 0.3728, acc: 0.8571
loss: 0.3718, acc: 0.8575
loss: 0.3714, acc: 0.8578
> val_acc: 0.8296, val_f1: 0.8257
>> saved: /media/b115/Backup/NLP/bert/mams/acc_0.8296_f1_0.8257_230828-0639.model
>>>>>>>>>>>>>>>>>>>>>>>>>>>>>>>>>>>>>>>>>>>>>>>>>>>>>>>>>>>>>>>>>>>>>>>>>>>>>>>>>>>>>>>>>>>>>>>>>>>>
epoch: 2
loss: 0.2249, acc: 0.9250
loss: 0.2005, acc: 0.9437
loss: 0.2238, acc: 0.9292
loss: 0.2181, acc: 0.9297
loss: 0.2075, acc: 0.9325
loss: 0.2091, acc: 0.9281
loss: 0.2129, acc: 0.9268
loss: 0.2215, acc: 0.9234
loss: 0.2258, acc: 0.9181
loss: 0.2331, acc: 0.9150
loss: 0.2328, acc: 0.9153
loss: 0.2267, acc: 0.9198
loss: 0.2227, acc: 0.9221
loss: 0.2170, acc: 0.9246
loss: 0.2108, acc: 0.9279
loss: 0.2073, acc: 0.9293
loss: 0.2076, acc: 0.9298
loss: 0.2171, acc: 0.9281
loss: 0.2186, acc: 0.9273
loss: 0.2212, acc: 0.9269
loss: 0.2186, acc: 0.9283
loss: 0.2184, acc: 0.9270
loss: 0.2181, acc: 0.9264
loss: 0.2185, acc: 0.9266
loss: 0.2173, acc: 0.9267
loss: 0.2177, acc: 0.9264
loss: 0.2176, acc: 0.9264
loss: 0.2164, acc: 0.9272
loss: 0.2158, acc: 0.9272
loss: 0.2146, acc: 0.9279
loss: 0.2147, acc: 0.9276
loss: 0.2164, acc: 0.9273
loss: 0.2157, acc: 0.9275
loss: 0.2142, acc: 0.9283
loss: 0.2125, acc: 0.9287
loss: 0.2135, acc: 0.9286
loss: 0.2135, acc: 0.9279
loss: 0.2143, acc: 0.9271
loss: 0.2136, acc: 0.9272
loss: 0.2124, acc: 0.9272
loss: 0.2119, acc: 0.9268
loss: 0.2134, acc: 0.9260
loss: 0.2130, acc: 0.9259
loss: 0.2154, acc: 0.9254
loss: 0.2157, acc: 0.9253
loss: 0.2156, acc: 0.9253
loss: 0.2168, acc: 0.9242
loss: 0.2158, acc: 0.9243
loss: 0.2158, acc: 0.9237
loss: 0.2157, acc: 0.9237
loss: 0.2156, acc: 0.9237
loss: 0.2158, acc: 0.9237
loss: 0.2144, acc: 0.9244
loss: 0.2141, acc: 0.9245
loss: 0.2157, acc: 0.9239
loss: 0.2155, acc: 0.9241
loss: 0.2166, acc: 0.9236
loss: 0.2180, acc: 0.9230
loss: 0.2190, acc: 0.9227
loss: 0.2186, acc: 0.9225
loss: 0.2187, acc: 0.9226
loss: 0.2195, acc: 0.9221
loss: 0.2210, acc: 0.9212
loss: 0.2217, acc: 0.9209
loss: 0.2231, acc: 0.9205
loss: 0.2241, acc: 0.9200
loss: 0.2239, acc: 0.9198
loss: 0.2233, acc: 0.9200
loss: 0.2228, acc: 0.9202
loss: 0.2222, acc: 0.9205
> val_acc: 0.8296, val_f1: 0.8221
>>>>>>>>>>>>>>>>>>>>>>>>>>>>>>>>>>>>>>>>>>>>>>>>>>>>>>>>>>>>>>>>>>>>>>>>>>>>>>>>>>>>>>>>>>>>>>>>>>>>
epoch: 3
loss: 0.0887, acc: 0.9812
loss: 0.1004, acc: 0.9688
loss: 0.1010, acc: 0.9667
loss: 0.0995, acc: 0.9672
loss: 0.0892, acc: 0.9700
loss: 0.1083, acc: 0.9656
loss: 0.1092, acc: 0.9670
loss: 0.1120, acc: 0.9656
loss: 0.1107, acc: 0.9653
loss: 0.1150, acc: 0.9637
loss: 0.1160, acc: 0.9631
loss: 0.1144, acc: 0.9630
loss: 0.1114, acc: 0.9644
loss: 0.1138, acc: 0.9643
loss: 0.1143, acc: 0.9637
loss: 0.1185, acc: 0.9637
loss: 0.1197, acc: 0.9629
loss: 0.1211, acc: 0.9628
loss: 0.1185, acc: 0.9635
loss: 0.1179, acc: 0.9628
loss: 0.1143, acc: 0.9640
loss: 0.1140, acc: 0.9645
loss: 0.1130, acc: 0.9644
loss: 0.1141, acc: 0.9641
loss: 0.1178, acc: 0.9630
loss: 0.1178, acc: 0.9625
loss: 0.1186, acc: 0.9616
loss: 0.1206, acc: 0.9609
loss: 0.1200, acc: 0.9610
loss: 0.1188, acc: 0.9610
loss: 0.1203, acc: 0.9607
loss: 0.1216, acc: 0.9600
loss: 0.1210, acc: 0.9602
loss: 0.1204, acc: 0.9607
loss: 0.1212, acc: 0.9602
loss: 0.1208, acc: 0.9601
loss: 0.1236, acc: 0.9588
loss: 0.1229, acc: 0.9592
loss: 0.1234, acc: 0.9591
loss: 0.1234, acc: 0.9594
loss: 0.1244, acc: 0.9595
loss: 0.1240, acc: 0.9600
loss: 0.1238, acc: 0.9599
loss: 0.1237, acc: 0.9598
loss: 0.1235, acc: 0.9600
loss: 0.1229, acc: 0.9602
loss: 0.1236, acc: 0.9597
loss: 0.1238, acc: 0.9595
loss: 0.1223, acc: 0.9599
loss: 0.1213, acc: 0.9604
loss: 0.1217, acc: 0.9605
loss: 0.1226, acc: 0.9601
loss: 0.1242, acc: 0.9596
loss: 0.1247, acc: 0.9595
loss: 0.1252, acc: 0.9593
loss: 0.1244, acc: 0.9596
loss: 0.1249, acc: 0.9595
loss: 0.1261, acc: 0.9594
loss: 0.1255, acc: 0.9596
loss: 0.1256, acc: 0.9596
loss: 0.1258, acc: 0.9597
loss: 0.1267, acc: 0.9597
loss: 0.1272, acc: 0.9592
loss: 0.1269, acc: 0.9592
loss: 0.1263, acc: 0.9592
loss: 0.1263, acc: 0.9595
loss: 0.1270, acc: 0.9592
loss: 0.1261, acc: 0.9595
loss: 0.1261, acc: 0.9592
loss: 0.1263, acc: 0.9593
> val_acc: 0.8266, val_f1: 0.8211
>>>>>>>>>>>>>>>>>>>>>>>>>>>>>>>>>>>>>>>>>>>>>>>>>>>>>>>>>>>>>>>>>>>>>>>>>>>>>>>>>>>>>>>>>>>>>>>>>>>>
epoch: 4
loss: 0.1166, acc: 0.9625
loss: 0.0959, acc: 0.9656
loss: 0.0839, acc: 0.9708
loss: 0.0745, acc: 0.9750
loss: 0.0703, acc: 0.9775
loss: 0.0629, acc: 0.9792
loss: 0.0718, acc: 0.9777
loss: 0.0673, acc: 0.9797
loss: 0.0645, acc: 0.9812
loss: 0.0617, acc: 0.9819
loss: 0.0614, acc: 0.9812
loss: 0.0668, acc: 0.9786
loss: 0.0669, acc: 0.9788
loss: 0.0675, acc: 0.9777
loss: 0.0679, acc: 0.9771
loss: 0.0667, acc: 0.9777
loss: 0.0640, acc: 0.9787
loss: 0.0648, acc: 0.9785
loss: 0.0660, acc: 0.9773
loss: 0.0634, acc: 0.9784
loss: 0.0655, acc: 0.9780
loss: 0.0694, acc: 0.9770
loss: 0.0715, acc: 0.9769
loss: 0.0749, acc: 0.9766
loss: 0.0761, acc: 0.9765
loss: 0.0761, acc: 0.9764
loss: 0.0746, acc: 0.9769
loss: 0.0731, acc: 0.9775
loss: 0.0766, acc: 0.9767
loss: 0.0765, acc: 0.9771
loss: 0.0755, acc: 0.9772
loss: 0.0776, acc: 0.9768
loss: 0.0765, acc: 0.9771
loss: 0.0778, acc: 0.9767
loss: 0.0778, acc: 0.9766
loss: 0.0781, acc: 0.9766
loss: 0.0789, acc: 0.9764
loss: 0.0780, acc: 0.9766
loss: 0.0777, acc: 0.9769
loss: 0.0774, acc: 0.9770
loss: 0.0784, acc: 0.9770
loss: 0.0778, acc: 0.9772
loss: 0.0787, acc: 0.9770
loss: 0.0779, acc: 0.9774
loss: 0.0791, acc: 0.9767
loss: 0.0790, acc: 0.9768
loss: 0.0789, acc: 0.9769
loss: 0.0782, acc: 0.9771
loss: 0.0772, acc: 0.9774
loss: 0.0777, acc: 0.9774
loss: 0.0771, acc: 0.9776
loss: 0.0774, acc: 0.9775
loss: 0.0788, acc: 0.9769
loss: 0.0792, acc: 0.9769
loss: 0.0786, acc: 0.9769
loss: 0.0801, acc: 0.9766
loss: 0.0795, acc: 0.9766
loss: 0.0789, acc: 0.9768
loss: 0.0794, acc: 0.9767
loss: 0.0793, acc: 0.9768
loss: 0.0797, acc: 0.9766
loss: 0.0806, acc: 0.9764
loss: 0.0802, acc: 0.9765
loss: 0.0807, acc: 0.9764
loss: 0.0814, acc: 0.9762
loss: 0.0818, acc: 0.9759
loss: 0.0820, acc: 0.9759
loss: 0.0819, acc: 0.9760
loss: 0.0817, acc: 0.9762
loss: 0.0818, acc: 0.9761
> val_acc: 0.8251, val_f1: 0.8196
>>>>>>>>>>>>>>>>>>>>>>>>>>>>>>>>>>>>>>>>>>>>>>>>>>>>>>>>>>>>>>>>>>>>>>>>>>>>>>>>>>>>>>>>>>>>>>>>>>>>
epoch: 5
loss: 0.0676, acc: 0.9812
loss: 0.0473, acc: 0.9844
loss: 0.0523, acc: 0.9792
loss: 0.0542, acc: 0.9812
loss: 0.0584, acc: 0.9812
loss: 0.0614, acc: 0.9802
loss: 0.0545, acc: 0.9830
loss: 0.0517, acc: 0.9844
loss: 0.0486, acc: 0.9854
loss: 0.0525, acc: 0.9844
loss: 0.0495, acc: 0.9852
loss: 0.0492, acc: 0.9849
loss: 0.0465, acc: 0.9861
loss: 0.0444, acc: 0.9866
loss: 0.0432, acc: 0.9871
loss: 0.0432, acc: 0.9863
loss: 0.0456, acc: 0.9853
loss: 0.0451, acc: 0.9854
loss: 0.0442, acc: 0.9852
loss: 0.0432, acc: 0.9856
loss: 0.0434, acc: 0.9854
loss: 0.0434, acc: 0.9858
loss: 0.0428, acc: 0.9859
loss: 0.0427, acc: 0.9862
loss: 0.0444, acc: 0.9855
loss: 0.0440, acc: 0.9853
loss: 0.0435, acc: 0.9854
loss: 0.0434, acc: 0.9850
loss: 0.0434, acc: 0.9849
loss: 0.0446, acc: 0.9844
loss: 0.0447, acc: 0.9847
loss: 0.0456, acc: 0.9846
loss: 0.0462, acc: 0.9847
loss: 0.0463, acc: 0.9844
loss: 0.0463, acc: 0.9843
loss: 0.0475, acc: 0.9842
loss: 0.0489, acc: 0.9836
loss: 0.0493, acc: 0.9836
loss: 0.0512, acc: 0.9832
loss: 0.0508, acc: 0.9833
loss: 0.0503, acc: 0.9832
loss: 0.0510, acc: 0.9830
loss: 0.0514, acc: 0.9831
loss: 0.0517, acc: 0.9832
loss: 0.0522, acc: 0.9829
loss: 0.0532, acc: 0.9825
loss: 0.0547, acc: 0.9822
loss: 0.0552, acc: 0.9818
loss: 0.0565, acc: 0.9812
loss: 0.0582, acc: 0.9809
loss: 0.0600, acc: 0.9803
loss: 0.0606, acc: 0.9803
loss: 0.0605, acc: 0.9804
loss: 0.0607, acc: 0.9803
loss: 0.0610, acc: 0.9803
loss: 0.0603, acc: 0.9806
loss: 0.0613, acc: 0.9804
loss: 0.0616, acc: 0.9803
loss: 0.0621, acc: 0.9799
loss: 0.0625, acc: 0.9796
loss: 0.0633, acc: 0.9792
loss: 0.0631, acc: 0.9792
loss: 0.0630, acc: 0.9793
loss: 0.0633, acc: 0.9791
loss: 0.0641, acc: 0.9788
loss: 0.0638, acc: 0.9790
loss: 0.0639, acc: 0.9790
loss: 0.0639, acc: 0.9791
loss: 0.0646, acc: 0.9791
loss: 0.0647, acc: 0.9791
> val_acc: 0.8146, val_f1: 0.8078
>>>>>>>>>>>>>>>>>>>>>>>>>>>>>>>>>>>>>>>>>>>>>>>>>>>>>>>>>>>>>>>>>>>>>>>>>>>>>>>>>>>>>>>>>>>>>>>>>>>>
epoch: 6
loss: 0.0977, acc: 0.9750
loss: 0.0593, acc: 0.9875
loss: 0.0438, acc: 0.9896
loss: 0.0376, acc: 0.9906
loss: 0.0390, acc: 0.9912
loss: 0.0387, acc: 0.9917
loss: 0.0346, acc: 0.9929
loss: 0.0335, acc: 0.9930
loss: 0.0342, acc: 0.9917
loss: 0.0407, acc: 0.9906
loss: 0.0436, acc: 0.9903
loss: 0.0419, acc: 0.9906
loss: 0.0402, acc: 0.9909
loss: 0.0476, acc: 0.9897
loss: 0.0476, acc: 0.9896
loss: 0.0484, acc: 0.9895
loss: 0.0474, acc: 0.9893
loss: 0.0454, acc: 0.9899
loss: 0.0442, acc: 0.9905
loss: 0.0428, acc: 0.9906
loss: 0.0441, acc: 0.9905
loss: 0.0448, acc: 0.9895
loss: 0.0435, acc: 0.9899
loss: 0.0428, acc: 0.9898
loss: 0.0430, acc: 0.9898
loss: 0.0420, acc: 0.9899
loss: 0.0407, acc: 0.9903
loss: 0.0400, acc: 0.9902
loss: 0.0394, acc: 0.9903
loss: 0.0392, acc: 0.9900
loss: 0.0392, acc: 0.9895
loss: 0.0398, acc: 0.9896
loss: 0.0403, acc: 0.9894
loss: 0.0404, acc: 0.9893
loss: 0.0416, acc: 0.9888
loss: 0.0424, acc: 0.9884
loss: 0.0419, acc: 0.9885
loss: 0.0419, acc: 0.9885
loss: 0.0416, acc: 0.9886
loss: 0.0422, acc: 0.9883
loss: 0.0436, acc: 0.9877
loss: 0.0439, acc: 0.9876
loss: 0.0436, acc: 0.9878
loss: 0.0431, acc: 0.9878
loss: 0.0432, acc: 0.9876
loss: 0.0435, acc: 0.9876
loss: 0.0438, acc: 0.9875
loss: 0.0432, acc: 0.9878
loss: 0.0443, acc: 0.9875
loss: 0.0441, acc: 0.9875
loss: 0.0447, acc: 0.9874
loss: 0.0447, acc: 0.9874
loss: 0.0448, acc: 0.9871
loss: 0.0448, acc: 0.9872
loss: 0.0446, acc: 0.9870
loss: 0.0440, acc: 0.9872
loss: 0.0464, acc: 0.9865
loss: 0.0466, acc: 0.9863
loss: 0.0464, acc: 0.9862
loss: 0.0467, acc: 0.9860
loss: 0.0474, acc: 0.9859
loss: 0.0471, acc: 0.9859
loss: 0.0470, acc: 0.9859
loss: 0.0470, acc: 0.9858
loss: 0.0467, acc: 0.9858
loss: 0.0471, acc: 0.9857
loss: 0.0472, acc: 0.9855
loss: 0.0473, acc: 0.9856
loss: 0.0474, acc: 0.9856
loss: 0.0474, acc: 0.9856
> val_acc: 0.8161, val_f1: 0.8091
>> test_acc: 0.8361, test_f1: 0.8320
>> test_acc: 0.8331, test_f1: 0.8286
>> test_acc: 0.8286, test_f1: 0.8218
>> test_acc: 0.8361, test_f1: 0.8320

>> avg_test_acc: 0.8326, avg_test_f1: 0.8275
>> max_test_acc: 0.8361, max_test_f1: 0.8320
