cuda memory allocated: 439079424
> n_trainable_params: 109484547, n_nontrainable_params: 0
> training arguments:
>>> model_name: bert
>>> dataset: rest14
>>> optimizer: adam
>>> repeat: 3
>>> lr: 2e-05
>>> l2reg: 0.0001
>>> num_epoch: 100
>>> batch_size: 16
>>> log_step: 10
>>> bert_dim: 768
>>> max_seq_len: 128
>>> polarities_dim: 3
>>> patience: 5
>>> device: cuda
>>> seed: 42
>>> save_model_dir: /media/b115/Backup/NLP
>>>>>>>>>>>>>>>>>>>>>>>>>>>>>>>>>>>>>>>>>>>>>>>>>>>>>>>>>>>>>>>>>>>>>>>>>>>>>>>>>>>>>>>>>>>>>>>>>>>>
epoch: 0
loss: 1.1017, acc: 0.4125
loss: 1.0315, acc: 0.5000
loss: 1.0102, acc: 0.5125
loss: 0.9846, acc: 0.5375
loss: 0.9671, acc: 0.5537
loss: 0.9432, acc: 0.5646
loss: 0.9211, acc: 0.5705
loss: 0.8943, acc: 0.5773
loss: 0.8726, acc: 0.5944
loss: 0.8632, acc: 0.6050
loss: 0.8466, acc: 0.6165
loss: 0.8262, acc: 0.6245
loss: 0.8167, acc: 0.6293
loss: 0.8070, acc: 0.6362
loss: 0.7986, acc: 0.6412
loss: 0.7868, acc: 0.6500
loss: 0.7784, acc: 0.6570
loss: 0.7742, acc: 0.6587
loss: 0.7661, acc: 0.6655
loss: 0.7658, acc: 0.6672
loss: 0.7598, acc: 0.6711
loss: 0.7535, acc: 0.6730
> val_acc: 0.7973, val_f1: 0.6309
>> saved: /media/b115/Backup/NLP/bert/rest14/acc_0.7973_f1_0.6309_230828-0435.model
>>>>>>>>>>>>>>>>>>>>>>>>>>>>>>>>>>>>>>>>>>>>>>>>>>>>>>>>>>>>>>>>>>>>>>>>>>>>>>>>>>>>>>>>>>>>>>>>>>>>
epoch: 1
loss: 0.6127, acc: 0.7969
loss: 0.5150, acc: 0.8304
loss: 0.5428, acc: 0.8073
loss: 0.5496, acc: 0.7886
loss: 0.5456, acc: 0.7926
loss: 0.5387, acc: 0.7940
loss: 0.5357, acc: 0.7959
loss: 0.5143, acc: 0.8041
loss: 0.5109, acc: 0.8065
loss: 0.5033, acc: 0.8072
loss: 0.5044, acc: 0.8059
loss: 0.5049, acc: 0.8037
loss: 0.5015, acc: 0.8080
loss: 0.5012, acc: 0.8064
loss: 0.4982, acc: 0.8090
loss: 0.4934, acc: 0.8117
loss: 0.4937, acc: 0.8110
loss: 0.4951, acc: 0.8089
loss: 0.4948, acc: 0.8074
loss: 0.4925, acc: 0.8083
loss: 0.4899, acc: 0.8085
loss: 0.4889, acc: 0.8090
loss: 0.4842, acc: 0.8105
> val_acc: 0.8232, val_f1: 0.6984
>> saved: /media/b115/Backup/NLP/bert/rest14/acc_0.8232_f1_0.6984_230828-0436.model
>>>>>>>>>>>>>>>>>>>>>>>>>>>>>>>>>>>>>>>>>>>>>>>>>>>>>>>>>>>>>>>>>>>>>>>>>>>>>>>>>>>>>>>>>>>>>>>>>>>>
epoch: 2
loss: 0.2923, acc: 0.8906
loss: 0.2598, acc: 0.9132
loss: 0.2846, acc: 0.8996
loss: 0.2974, acc: 0.8931
loss: 0.2820, acc: 0.8971
loss: 0.2850, acc: 0.8998
loss: 0.2896, acc: 0.8971
loss: 0.2837, acc: 0.8990
loss: 0.2854, acc: 0.8963
loss: 0.2903, acc: 0.8948
loss: 0.2912, acc: 0.8912
loss: 0.2923, acc: 0.8909
loss: 0.2961, acc: 0.8882
loss: 0.2920, acc: 0.8895
loss: 0.2918, acc: 0.8898
loss: 0.2908, acc: 0.8924
loss: 0.2967, acc: 0.8910
loss: 0.2995, acc: 0.8894
loss: 0.3012, acc: 0.8886
loss: 0.2991, acc: 0.8889
loss: 0.2982, acc: 0.8894
loss: 0.3008, acc: 0.8890
> val_acc: 0.8473, val_f1: 0.7688
>> saved: /media/b115/Backup/NLP/bert/rest14/acc_0.8473_f1_0.7688_230828-0437.model
>>>>>>>>>>>>>>>>>>>>>>>>>>>>>>>>>>>>>>>>>>>>>>>>>>>>>>>>>>>>>>>>>>>>>>>>>>>>>>>>>>>>>>>>>>>>>>>>>>>>
epoch: 3
loss: 0.0970, acc: 1.0000
loss: 0.1345, acc: 0.9688
loss: 0.1544, acc: 0.9517
loss: 0.1645, acc: 0.9473
loss: 0.1672, acc: 0.9449
loss: 0.1664, acc: 0.9447
loss: 0.1726, acc: 0.9405
loss: 0.1779, acc: 0.9375
loss: 0.1732, acc: 0.9405
loss: 0.1763, acc: 0.9402
loss: 0.1729, acc: 0.9424
loss: 0.1688, acc: 0.9431
loss: 0.1729, acc: 0.9411
loss: 0.1782, acc: 0.9384
loss: 0.1827, acc: 0.9357
loss: 0.1817, acc: 0.9350
loss: 0.1808, acc: 0.9363
loss: 0.1790, acc: 0.9368
loss: 0.1793, acc: 0.9368
loss: 0.1798, acc: 0.9368
loss: 0.1793, acc: 0.9369
loss: 0.1786, acc: 0.9378
loss: 0.1777, acc: 0.9378
> val_acc: 0.8393, val_f1: 0.7622
>>>>>>>>>>>>>>>>>>>>>>>>>>>>>>>>>>>>>>>>>>>>>>>>>>>>>>>>>>>>>>>>>>>>>>>>>>>>>>>>>>>>>>>>>>>>>>>>>>>>
epoch: 4
loss: 0.0427, acc: 1.0000
loss: 0.0722, acc: 0.9844
loss: 0.0791, acc: 0.9784
loss: 0.0799, acc: 0.9740
loss: 0.0786, acc: 0.9755
loss: 0.0746, acc: 0.9766
loss: 0.0770, acc: 0.9754
loss: 0.0869, acc: 0.9720
loss: 0.0836, acc: 0.9731
loss: 0.0853, acc: 0.9720
loss: 0.0903, acc: 0.9711
loss: 0.0886, acc: 0.9714
loss: 0.0874, acc: 0.9712
loss: 0.0919, acc: 0.9692
loss: 0.0898, acc: 0.9700
loss: 0.0960, acc: 0.9671
loss: 0.0934, acc: 0.9676
loss: 0.0979, acc: 0.9663
loss: 0.0975, acc: 0.9661
loss: 0.0986, acc: 0.9659
loss: 0.1000, acc: 0.9651
loss: 0.1031, acc: 0.9644
loss: 0.1026, acc: 0.9642
> val_acc: 0.8438, val_f1: 0.7519
>>>>>>>>>>>>>>>>>>>>>>>>>>>>>>>>>>>>>>>>>>>>>>>>>>>>>>>>>>>>>>>>>>>>>>>>>>>>>>>>>>>>>>>>>>>>>>>>>>>>
epoch: 5
loss: 0.0571, acc: 0.9875
loss: 0.0639, acc: 0.9812
loss: 0.0648, acc: 0.9750
loss: 0.0549, acc: 0.9797
loss: 0.0487, acc: 0.9825
loss: 0.0529, acc: 0.9802
loss: 0.0642, acc: 0.9768
loss: 0.0711, acc: 0.9742
loss: 0.0760, acc: 0.9722
loss: 0.0727, acc: 0.9750
loss: 0.0698, acc: 0.9761
loss: 0.0699, acc: 0.9766
loss: 0.0726, acc: 0.9760
loss: 0.0736, acc: 0.9750
loss: 0.0760, acc: 0.9738
loss: 0.0768, acc: 0.9727
loss: 0.0771, acc: 0.9721
loss: 0.0765, acc: 0.9726
loss: 0.0751, acc: 0.9730
loss: 0.0745, acc: 0.9734
loss: 0.0755, acc: 0.9729
loss: 0.0763, acc: 0.9724
> val_acc: 0.8473, val_f1: 0.7702
>>>>>>>>>>>>>>>>>>>>>>>>>>>>>>>>>>>>>>>>>>>>>>>>>>>>>>>>>>>>>>>>>>>>>>>>>>>>>>>>>>>>>>>>>>>>>>>>>>>>
epoch: 6
loss: 0.0446, acc: 1.0000
loss: 0.0674, acc: 0.9866
loss: 0.0570, acc: 0.9870
loss: 0.0644, acc: 0.9853
loss: 0.0594, acc: 0.9844
loss: 0.0548, acc: 0.9861
loss: 0.0515, acc: 0.9863
loss: 0.0458, acc: 0.9882
loss: 0.0501, acc: 0.9859
loss: 0.0483, acc: 0.9860
loss: 0.0470, acc: 0.9862
loss: 0.0441, acc: 0.9874
loss: 0.0468, acc: 0.9859
loss: 0.0474, acc: 0.9855
loss: 0.0518, acc: 0.9835
loss: 0.0520, acc: 0.9830
loss: 0.0515, acc: 0.9832
loss: 0.0531, acc: 0.9828
loss: 0.0553, acc: 0.9823
loss: 0.0570, acc: 0.9816
loss: 0.0577, acc: 0.9813
loss: 0.0595, acc: 0.9810
loss: 0.0591, acc: 0.9813
> val_acc: 0.8295, val_f1: 0.7335
>>>>>>>>>>>>>>>>>>>>>>>>>>>>>>>>>>>>>>>>>>>>>>>>>>>>>>>>>>>>>>>>>>>>>>>>>>>>>>>>>>>>>>>>>>>>>>>>>>>>
epoch: 7
loss: 0.0331, acc: 0.9922
loss: 0.0262, acc: 0.9965
loss: 0.0245, acc: 0.9955
loss: 0.0238, acc: 0.9951
loss: 0.0301, acc: 0.9922
loss: 0.0341, acc: 0.9903
loss: 0.0340, acc: 0.9908
loss: 0.0308, acc: 0.9920
loss: 0.0361, acc: 0.9908
loss: 0.0390, acc: 0.9904
loss: 0.0420, acc: 0.9896
loss: 0.0429, acc: 0.9889
loss: 0.0426, acc: 0.9888
loss: 0.0422, acc: 0.9887
loss: 0.0427, acc: 0.9886
loss: 0.0414, acc: 0.9889
loss: 0.0419, acc: 0.9888
loss: 0.0399, acc: 0.9895
loss: 0.0410, acc: 0.9890
loss: 0.0413, acc: 0.9883
loss: 0.0405, acc: 0.9886
loss: 0.0412, acc: 0.9885
> val_acc: 0.8446, val_f1: 0.7650
>> test_acc: 0.8473, test_f1: 0.7688
cuda memory allocated: 2253822464
> n_trainable_params: 109484547, n_nontrainable_params: 0
> training arguments:
>>> model_name: bert
>>> dataset: rest14
>>> optimizer: adam
>>> repeat: 3
>>> lr: 2e-05
>>> l2reg: 0.0001
>>> num_epoch: 100
>>> batch_size: 16
>>> log_step: 10
>>> bert_dim: 768
>>> max_seq_len: 128
>>> polarities_dim: 3
>>> patience: 5
>>> device: cuda
>>> seed: 42
>>> save_model_dir: /media/b115/Backup/NLP
>>>>>>>>>>>>>>>>>>>>>>>>>>>>>>>>>>>>>>>>>>>>>>>>>>>>>>>>>>>>>>>>>>>>>>>>>>>>>>>>>>>>>>>>>>>>>>>>>>>>
epoch: 0
loss: 1.0715, acc: 0.5000
loss: 1.0487, acc: 0.5281
loss: 1.0166, acc: 0.5375
loss: 0.9956, acc: 0.5437
loss: 0.9676, acc: 0.5600
loss: 0.9345, acc: 0.5844
loss: 0.9040, acc: 0.6027
loss: 0.8786, acc: 0.6141
loss: 0.8509, acc: 0.6292
loss: 0.8405, acc: 0.6300
loss: 0.8151, acc: 0.6449
loss: 0.8046, acc: 0.6516
loss: 0.7955, acc: 0.6562
loss: 0.7870, acc: 0.6629
loss: 0.7803, acc: 0.6675
loss: 0.7684, acc: 0.6750
loss: 0.7518, acc: 0.6838
loss: 0.7390, acc: 0.6903
loss: 0.7293, acc: 0.6937
loss: 0.7179, acc: 0.7006
loss: 0.7167, acc: 0.7009
loss: 0.7089, acc: 0.7048
> val_acc: 0.8205, val_f1: 0.7070
>> saved: /media/b115/Backup/NLP/bert/rest14/acc_0.8205_f1_0.707_230828-0441.model
>>>>>>>>>>>>>>>>>>>>>>>>>>>>>>>>>>>>>>>>>>>>>>>>>>>>>>>>>>>>>>>>>>>>>>>>>>>>>>>>>>>>>>>>>>>>>>>>>>>>
epoch: 1
loss: 0.4527, acc: 0.7969
loss: 0.4715, acc: 0.8259
loss: 0.4562, acc: 0.8281
loss: 0.4410, acc: 0.8401
loss: 0.4478, acc: 0.8324
loss: 0.4548, acc: 0.8275
loss: 0.4467, acc: 0.8330
loss: 0.4496, acc: 0.8277
loss: 0.4423, acc: 0.8296
loss: 0.4352, acc: 0.8338
loss: 0.4315, acc: 0.8353
loss: 0.4273, acc: 0.8372
loss: 0.4336, acc: 0.8357
loss: 0.4310, acc: 0.8372
loss: 0.4271, acc: 0.8394
loss: 0.4292, acc: 0.8377
loss: 0.4242, acc: 0.8407
loss: 0.4192, acc: 0.8420
loss: 0.4151, acc: 0.8448
loss: 0.4178, acc: 0.8425
loss: 0.4186, acc: 0.8416
loss: 0.4181, acc: 0.8426
loss: 0.4164, acc: 0.8435
> val_acc: 0.8330, val_f1: 0.7445
>> saved: /media/b115/Backup/NLP/bert/rest14/acc_0.833_f1_0.7445_230828-0442.model
>>>>>>>>>>>>>>>>>>>>>>>>>>>>>>>>>>>>>>>>>>>>>>>>>>>>>>>>>>>>>>>>>>>>>>>>>>>>>>>>>>>>>>>>>>>>>>>>>>>>
epoch: 2
loss: 0.1926, acc: 0.9375
loss: 0.2693, acc: 0.9097
loss: 0.2786, acc: 0.9062
loss: 0.2702, acc: 0.9013
loss: 0.2577, acc: 0.9036
loss: 0.2543, acc: 0.9030
loss: 0.2577, acc: 0.9017
loss: 0.2732, acc: 0.8966
loss: 0.2734, acc: 0.8963
loss: 0.2722, acc: 0.8967
loss: 0.2691, acc: 0.8993
loss: 0.2639, acc: 0.9025
loss: 0.2553, acc: 0.9067
loss: 0.2556, acc: 0.9072
loss: 0.2524, acc: 0.9084
loss: 0.2530, acc: 0.9074
loss: 0.2552, acc: 0.9062
loss: 0.2507, acc: 0.9087
loss: 0.2528, acc: 0.9079
loss: 0.2513, acc: 0.9078
loss: 0.2507, acc: 0.9084
loss: 0.2520, acc: 0.9071
> val_acc: 0.8473, val_f1: 0.7737
>> saved: /media/b115/Backup/NLP/bert/rest14/acc_0.8473_f1_0.7737_230828-0443.model
>>>>>>>>>>>>>>>>>>>>>>>>>>>>>>>>>>>>>>>>>>>>>>>>>>>>>>>>>>>>>>>>>>>>>>>>>>>>>>>>>>>>>>>>>>>>>>>>>>>>
epoch: 3
loss: 0.2164, acc: 0.9688
loss: 0.1590, acc: 0.9635
loss: 0.1453, acc: 0.9602
loss: 0.1515, acc: 0.9492
loss: 0.1642, acc: 0.9435
loss: 0.1607, acc: 0.9459
loss: 0.1569, acc: 0.9456
loss: 0.1527, acc: 0.9497
loss: 0.1467, acc: 0.9520
loss: 0.1466, acc: 0.9524
loss: 0.1436, acc: 0.9516
loss: 0.1454, acc: 0.9520
loss: 0.1463, acc: 0.9513
loss: 0.1554, acc: 0.9479
loss: 0.1560, acc: 0.9476
loss: 0.1520, acc: 0.9490
loss: 0.1561, acc: 0.9479
loss: 0.1600, acc: 0.9462
loss: 0.1609, acc: 0.9461
loss: 0.1605, acc: 0.9469
loss: 0.1591, acc: 0.9477
loss: 0.1585, acc: 0.9475
loss: 0.1607, acc: 0.9459
> val_acc: 0.8562, val_f1: 0.7926
>> saved: /media/b115/Backup/NLP/bert/rest14/acc_0.8562_f1_0.7926_230828-0443.model
>>>>>>>>>>>>>>>>>>>>>>>>>>>>>>>>>>>>>>>>>>>>>>>>>>>>>>>>>>>>>>>>>>>>>>>>>>>>>>>>>>>>>>>>>>>>>>>>>>>>
epoch: 4
loss: 0.0819, acc: 0.9792
loss: 0.0892, acc: 0.9688
loss: 0.0689, acc: 0.9784
loss: 0.0597, acc: 0.9826
loss: 0.0782, acc: 0.9769
loss: 0.0871, acc: 0.9721
loss: 0.0889, acc: 0.9716
loss: 0.0887, acc: 0.9712
loss: 0.0885, acc: 0.9709
loss: 0.0874, acc: 0.9714
loss: 0.0856, acc: 0.9723
loss: 0.0910, acc: 0.9704
loss: 0.0932, acc: 0.9702
loss: 0.0921, acc: 0.9697
loss: 0.0929, acc: 0.9696
loss: 0.0972, acc: 0.9683
loss: 0.0942, acc: 0.9695
loss: 0.0939, acc: 0.9698
loss: 0.0987, acc: 0.9684
loss: 0.1000, acc: 0.9684
loss: 0.1021, acc: 0.9678
loss: 0.1028, acc: 0.9676
loss: 0.1029, acc: 0.9670
> val_acc: 0.8482, val_f1: 0.7625
>>>>>>>>>>>>>>>>>>>>>>>>>>>>>>>>>>>>>>>>>>>>>>>>>>>>>>>>>>>>>>>>>>>>>>>>>>>>>>>>>>>>>>>>>>>>>>>>>>>>
epoch: 5
loss: 0.0445, acc: 0.9938
loss: 0.0448, acc: 0.9938
loss: 0.0369, acc: 0.9938
loss: 0.0407, acc: 0.9906
loss: 0.0404, acc: 0.9900
loss: 0.0390, acc: 0.9885
loss: 0.0429, acc: 0.9875
loss: 0.0463, acc: 0.9859
loss: 0.0445, acc: 0.9861
loss: 0.0465, acc: 0.9856
loss: 0.0482, acc: 0.9852
loss: 0.0477, acc: 0.9849
loss: 0.0517, acc: 0.9832
loss: 0.0513, acc: 0.9830
loss: 0.0526, acc: 0.9833
loss: 0.0516, acc: 0.9840
loss: 0.0523, acc: 0.9835
loss: 0.0522, acc: 0.9833
loss: 0.0542, acc: 0.9832
loss: 0.0559, acc: 0.9825
loss: 0.0558, acc: 0.9827
loss: 0.0550, acc: 0.9832
> val_acc: 0.8438, val_f1: 0.7612
>>>>>>>>>>>>>>>>>>>>>>>>>>>>>>>>>>>>>>>>>>>>>>>>>>>>>>>>>>>>>>>>>>>>>>>>>>>>>>>>>>>>>>>>>>>>>>>>>>>>
epoch: 6
loss: 0.0416, acc: 0.9844
loss: 0.0672, acc: 0.9866
loss: 0.0509, acc: 0.9896
loss: 0.0430, acc: 0.9908
loss: 0.0399, acc: 0.9901
loss: 0.0378, acc: 0.9896
loss: 0.0407, acc: 0.9873
loss: 0.0414, acc: 0.9865
loss: 0.0402, acc: 0.9859
loss: 0.0552, acc: 0.9834
loss: 0.0577, acc: 0.9814
loss: 0.0552, acc: 0.9825
loss: 0.0601, acc: 0.9819
loss: 0.0590, acc: 0.9823
loss: 0.0561, acc: 0.9835
loss: 0.0548, acc: 0.9838
loss: 0.0541, acc: 0.9836
loss: 0.0543, acc: 0.9831
loss: 0.0543, acc: 0.9834
loss: 0.0554, acc: 0.9826
loss: 0.0581, acc: 0.9819
loss: 0.0588, acc: 0.9810
loss: 0.0575, acc: 0.9816
> val_acc: 0.8455, val_f1: 0.7634
>>>>>>>>>>>>>>>>>>>>>>>>>>>>>>>>>>>>>>>>>>>>>>>>>>>>>>>>>>>>>>>>>>>>>>>>>>>>>>>>>>>>>>>>>>>>>>>>>>>>
epoch: 7
loss: 0.0480, acc: 0.9766
loss: 0.0529, acc: 0.9826
loss: 0.0407, acc: 0.9866
loss: 0.0564, acc: 0.9836
loss: 0.0516, acc: 0.9844
loss: 0.0467, acc: 0.9860
loss: 0.0474, acc: 0.9871
loss: 0.0466, acc: 0.9856
loss: 0.0450, acc: 0.9858
loss: 0.0427, acc: 0.9866
loss: 0.0424, acc: 0.9867
loss: 0.0428, acc: 0.9868
loss: 0.0464, acc: 0.9854
loss: 0.0466, acc: 0.9855
loss: 0.0478, acc: 0.9848
loss: 0.0471, acc: 0.9850
loss: 0.0488, acc: 0.9847
loss: 0.0478, acc: 0.9853
loss: 0.0496, acc: 0.9850
loss: 0.0484, acc: 0.9855
loss: 0.0495, acc: 0.9850
loss: 0.0494, acc: 0.9848
> val_acc: 0.8562, val_f1: 0.7868
>>>>>>>>>>>>>>>>>>>>>>>>>>>>>>>>>>>>>>>>>>>>>>>>>>>>>>>>>>>>>>>>>>>>>>>>>>>>>>>>>>>>>>>>>>>>>>>>>>>>
epoch: 8
loss: 0.0093, acc: 1.0000
loss: 0.0454, acc: 0.9896
loss: 0.0403, acc: 0.9915
loss: 0.0325, acc: 0.9941
loss: 0.0295, acc: 0.9926
loss: 0.0412, acc: 0.9880
loss: 0.0366, acc: 0.9899
loss: 0.0423, acc: 0.9870
loss: 0.0390, acc: 0.9886
loss: 0.0370, acc: 0.9891
loss: 0.0351, acc: 0.9896
loss: 0.0332, acc: 0.9905
loss: 0.0329, acc: 0.9908
loss: 0.0306, acc: 0.9915
loss: 0.0346, acc: 0.9912
loss: 0.0343, acc: 0.9901
loss: 0.0337, acc: 0.9904
loss: 0.0340, acc: 0.9898
loss: 0.0360, acc: 0.9894
loss: 0.0356, acc: 0.9893
loss: 0.0375, acc: 0.9879
loss: 0.0386, acc: 0.9876
loss: 0.0387, acc: 0.9873
> val_acc: 0.8384, val_f1: 0.7438
>> test_acc: 0.8562, test_f1: 0.7926
cuda memory allocated: 2261162496
> n_trainable_params: 109484547, n_nontrainable_params: 0
> training arguments:
>>> model_name: bert
>>> dataset: rest14
>>> optimizer: adam
>>> repeat: 3
>>> lr: 2e-05
>>> l2reg: 0.0001
>>> num_epoch: 100
>>> batch_size: 16
>>> log_step: 10
>>> bert_dim: 768
>>> max_seq_len: 128
>>> polarities_dim: 3
>>> patience: 5
>>> device: cuda
>>> seed: 42
>>> save_model_dir: /media/b115/Backup/NLP
>>>>>>>>>>>>>>>>>>>>>>>>>>>>>>>>>>>>>>>>>>>>>>>>>>>>>>>>>>>>>>>>>>>>>>>>>>>>>>>>>>>>>>>>>>>>>>>>>>>>
epoch: 0
loss: 0.9995, acc: 0.5750
loss: 0.9916, acc: 0.5844
loss: 1.0205, acc: 0.5563
loss: 1.0088, acc: 0.5547
loss: 0.9837, acc: 0.5663
loss: 0.9608, acc: 0.5719
loss: 0.9290, acc: 0.5920
loss: 0.8968, acc: 0.6070
loss: 0.8871, acc: 0.6125
loss: 0.8698, acc: 0.6231
loss: 0.8468, acc: 0.6335
loss: 0.8362, acc: 0.6370
loss: 0.8254, acc: 0.6428
loss: 0.8151, acc: 0.6460
loss: 0.8026, acc: 0.6517
loss: 0.7910, acc: 0.6570
loss: 0.7757, acc: 0.6636
loss: 0.7650, acc: 0.6694
loss: 0.7568, acc: 0.6743
loss: 0.7482, acc: 0.6791
loss: 0.7434, acc: 0.6804
loss: 0.7399, acc: 0.6827
> val_acc: 0.7759, val_f1: 0.5841
>> saved: /media/b115/Backup/NLP/bert/rest14/acc_0.7759_f1_0.5841_230828-0448.model
>>>>>>>>>>>>>>>>>>>>>>>>>>>>>>>>>>>>>>>>>>>>>>>>>>>>>>>>>>>>>>>>>>>>>>>>>>>>>>>>>>>>>>>>>>>>>>>>>>>>
epoch: 1
loss: 0.5580, acc: 0.7500
loss: 0.5669, acc: 0.7723
loss: 0.5130, acc: 0.8073
loss: 0.5065, acc: 0.8088
loss: 0.5039, acc: 0.8082
loss: 0.5082, acc: 0.7951
loss: 0.4988, acc: 0.8008
loss: 0.4947, acc: 0.8015
loss: 0.4800, acc: 0.8065
loss: 0.4778, acc: 0.8085
loss: 0.4772, acc: 0.8089
loss: 0.4703, acc: 0.8136
loss: 0.4618, acc: 0.8175
loss: 0.4616, acc: 0.8181
loss: 0.4594, acc: 0.8173
loss: 0.4599, acc: 0.8174
loss: 0.4556, acc: 0.8182
loss: 0.4521, acc: 0.8182
loss: 0.4572, acc: 0.8176
loss: 0.4522, acc: 0.8206
loss: 0.4490, acc: 0.8226
loss: 0.4431, acc: 0.8262
loss: 0.4411, acc: 0.8278
> val_acc: 0.8304, val_f1: 0.7233
>> saved: /media/b115/Backup/NLP/bert/rest14/acc_0.8304_f1_0.7233_230828-0448.model
>>>>>>>>>>>>>>>>>>>>>>>>>>>>>>>>>>>>>>>>>>>>>>>>>>>>>>>>>>>>>>>>>>>>>>>>>>>>>>>>>>>>>>>>>>>>>>>>>>>>
epoch: 2
loss: 0.1611, acc: 0.9531
loss: 0.2393, acc: 0.9271
loss: 0.2408, acc: 0.9263
loss: 0.2626, acc: 0.9145
loss: 0.2644, acc: 0.9167
loss: 0.2651, acc: 0.9138
loss: 0.2772, acc: 0.9044
loss: 0.2691, acc: 0.9079
loss: 0.2713, acc: 0.9048
loss: 0.2665, acc: 0.9056
loss: 0.2581, acc: 0.9097
loss: 0.2598, acc: 0.9078
loss: 0.2569, acc: 0.9082
loss: 0.2587, acc: 0.9067
loss: 0.2571, acc: 0.9067
loss: 0.2591, acc: 0.9070
loss: 0.2579, acc: 0.9085
loss: 0.2601, acc: 0.9070
loss: 0.2594, acc: 0.9072
loss: 0.2591, acc: 0.9059
loss: 0.2575, acc: 0.9062
loss: 0.2575, acc: 0.9065
> val_acc: 0.8429, val_f1: 0.7729
>> saved: /media/b115/Backup/NLP/bert/rest14/acc_0.8429_f1_0.7729_230828-0449.model
>>>>>>>>>>>>>>>>>>>>>>>>>>>>>>>>>>>>>>>>>>>>>>>>>>>>>>>>>>>>>>>>>>>>>>>>>>>>>>>>>>>>>>>>>>>>>>>>>>>>
epoch: 3
loss: 0.2683, acc: 0.9062
loss: 0.1579, acc: 0.9427
loss: 0.1372, acc: 0.9545
loss: 0.1211, acc: 0.9609
loss: 0.1200, acc: 0.9598
loss: 0.1314, acc: 0.9531
loss: 0.1280, acc: 0.9567
loss: 0.1232, acc: 0.9575
loss: 0.1231, acc: 0.9581
loss: 0.1179, acc: 0.9592
loss: 0.1205, acc: 0.9583
loss: 0.1233, acc: 0.9570
loss: 0.1227, acc: 0.9565
loss: 0.1244, acc: 0.9564
loss: 0.1278, acc: 0.9542
loss: 0.1283, acc: 0.9531
loss: 0.1263, acc: 0.9545
loss: 0.1289, acc: 0.9524
loss: 0.1323, acc: 0.9512
loss: 0.1325, acc: 0.9508
loss: 0.1322, acc: 0.9511
loss: 0.1366, acc: 0.9502
loss: 0.1368, acc: 0.9499
> val_acc: 0.8455, val_f1: 0.7613
>> saved: /media/b115/Backup/NLP/bert/rest14/acc_0.8455_f1_0.7613_230828-0450.model
>>>>>>>>>>>>>>>>>>>>>>>>>>>>>>>>>>>>>>>>>>>>>>>>>>>>>>>>>>>>>>>>>>>>>>>>>>>>>>>>>>>>>>>>>>>>>>>>>>>>
epoch: 4
loss: 0.0281, acc: 1.0000
loss: 0.0441, acc: 0.9922
loss: 0.0597, acc: 0.9856
loss: 0.0796, acc: 0.9792
loss: 0.0762, acc: 0.9796
loss: 0.0693, acc: 0.9810
loss: 0.0761, acc: 0.9801
loss: 0.0789, acc: 0.9794
loss: 0.0779, acc: 0.9789
loss: 0.0779, acc: 0.9779
loss: 0.0777, acc: 0.9776
loss: 0.0828, acc: 0.9731
loss: 0.0875, acc: 0.9717
loss: 0.0890, acc: 0.9710
loss: 0.0893, acc: 0.9705
loss: 0.0882, acc: 0.9712
loss: 0.0852, acc: 0.9721
loss: 0.0869, acc: 0.9712
loss: 0.0887, acc: 0.9704
loss: 0.0878, acc: 0.9707
loss: 0.0891, acc: 0.9706
loss: 0.0908, acc: 0.9699
loss: 0.0928, acc: 0.9687
> val_acc: 0.8411, val_f1: 0.7454
>>>>>>>>>>>>>>>>>>>>>>>>>>>>>>>>>>>>>>>>>>>>>>>>>>>>>>>>>>>>>>>>>>>>>>>>>>>>>>>>>>>>>>>>>>>>>>>>>>>>
epoch: 5
loss: 0.0256, acc: 1.0000
loss: 0.0635, acc: 0.9875
loss: 0.0613, acc: 0.9854
loss: 0.0604, acc: 0.9844
loss: 0.0540, acc: 0.9862
loss: 0.0540, acc: 0.9854
loss: 0.0546, acc: 0.9857
loss: 0.0630, acc: 0.9836
loss: 0.0608, acc: 0.9833
loss: 0.0635, acc: 0.9831
loss: 0.0623, acc: 0.9835
loss: 0.0605, acc: 0.9839
loss: 0.0628, acc: 0.9827
loss: 0.0644, acc: 0.9812
loss: 0.0644, acc: 0.9817
loss: 0.0648, acc: 0.9816
loss: 0.0650, acc: 0.9809
loss: 0.0662, acc: 0.9806
loss: 0.0669, acc: 0.9793
loss: 0.0667, acc: 0.9791
loss: 0.0662, acc: 0.9786
loss: 0.0653, acc: 0.9787
> val_acc: 0.8393, val_f1: 0.7478
>>>>>>>>>>>>>>>>>>>>>>>>>>>>>>>>>>>>>>>>>>>>>>>>>>>>>>>>>>>>>>>>>>>>>>>>>>>>>>>>>>>>>>>>>>>>>>>>>>>>
epoch: 6
loss: 0.0195, acc: 1.0000
loss: 0.0548, acc: 0.9821
loss: 0.0736, acc: 0.9792
loss: 0.0606, acc: 0.9816
loss: 0.0608, acc: 0.9815
loss: 0.0626, acc: 0.9826
loss: 0.0587, acc: 0.9834
loss: 0.0577, acc: 0.9840
loss: 0.0597, acc: 0.9829
loss: 0.0579, acc: 0.9834
loss: 0.0532, acc: 0.9850
loss: 0.0503, acc: 0.9852
loss: 0.0508, acc: 0.9859
loss: 0.0504, acc: 0.9860
loss: 0.0492, acc: 0.9861
loss: 0.0470, acc: 0.9866
loss: 0.0477, acc: 0.9870
loss: 0.0501, acc: 0.9867
loss: 0.0494, acc: 0.9871
loss: 0.0485, acc: 0.9871
loss: 0.0489, acc: 0.9871
loss: 0.0482, acc: 0.9869
loss: 0.0473, acc: 0.9869
> val_acc: 0.8562, val_f1: 0.7919
>> saved: /media/b115/Backup/NLP/bert/rest14/acc_0.8562_f1_0.7919_230828-0452.model
>>>>>>>>>>>>>>>>>>>>>>>>>>>>>>>>>>>>>>>>>>>>>>>>>>>>>>>>>>>>>>>>>>>>>>>>>>>>>>>>>>>>>>>>>>>>>>>>>>>>
epoch: 7
loss: 0.0096, acc: 1.0000
loss: 0.0188, acc: 0.9965
loss: 0.0225, acc: 0.9955
loss: 0.0227, acc: 0.9934
loss: 0.0228, acc: 0.9935
loss: 0.0234, acc: 0.9935
loss: 0.0231, acc: 0.9936
loss: 0.0255, acc: 0.9928
loss: 0.0263, acc: 0.9929
loss: 0.0267, acc: 0.9917
loss: 0.0264, acc: 0.9913
loss: 0.0296, acc: 0.9899
loss: 0.0352, acc: 0.9888
loss: 0.0342, acc: 0.9891
loss: 0.0341, acc: 0.9886
loss: 0.0346, acc: 0.9885
loss: 0.0346, acc: 0.9888
loss: 0.0354, acc: 0.9884
loss: 0.0362, acc: 0.9880
loss: 0.0381, acc: 0.9877
loss: 0.0400, acc: 0.9871
loss: 0.0401, acc: 0.9874
> val_acc: 0.8455, val_f1: 0.7661
>>>>>>>>>>>>>>>>>>>>>>>>>>>>>>>>>>>>>>>>>>>>>>>>>>>>>>>>>>>>>>>>>>>>>>>>>>>>>>>>>>>>>>>>>>>>>>>>>>>>
epoch: 8
loss: 0.0074, acc: 1.0000
loss: 0.0134, acc: 0.9948
loss: 0.0190, acc: 0.9943
loss: 0.0173, acc: 0.9941
loss: 0.0222, acc: 0.9911
loss: 0.0225, acc: 0.9904
loss: 0.0204, acc: 0.9919
loss: 0.0188, acc: 0.9922
loss: 0.0202, acc: 0.9916
loss: 0.0267, acc: 0.9898
loss: 0.0260, acc: 0.9902
loss: 0.0253, acc: 0.9905
loss: 0.0243, acc: 0.9913
loss: 0.0232, acc: 0.9915
loss: 0.0233, acc: 0.9912
loss: 0.0251, acc: 0.9905
loss: 0.0315, acc: 0.9892
loss: 0.0333, acc: 0.9891
loss: 0.0343, acc: 0.9890
loss: 0.0344, acc: 0.9889
loss: 0.0337, acc: 0.9892
loss: 0.0347, acc: 0.9888
loss: 0.0344, acc: 0.9887
> val_acc: 0.8375, val_f1: 0.7436
>>>>>>>>>>>>>>>>>>>>>>>>>>>>>>>>>>>>>>>>>>>>>>>>>>>>>>>>>>>>>>>>>>>>>>>>>>>>>>>>>>>>>>>>>>>>>>>>>>>>
epoch: 9
loss: 0.0170, acc: 1.0000
loss: 0.0273, acc: 0.9922
loss: 0.0269, acc: 0.9904
loss: 0.0277, acc: 0.9913
loss: 0.0257, acc: 0.9918
loss: 0.0222, acc: 0.9933
loss: 0.0211, acc: 0.9934
loss: 0.0214, acc: 0.9926
loss: 0.0213, acc: 0.9927
loss: 0.0194, acc: 0.9935
loss: 0.0223, acc: 0.9923
loss: 0.0226, acc: 0.9919
loss: 0.0247, acc: 0.9916
loss: 0.0233, acc: 0.9922
loss: 0.0231, acc: 0.9923
loss: 0.0229, acc: 0.9924
loss: 0.0228, acc: 0.9921
loss: 0.0223, acc: 0.9925
loss: 0.0216, acc: 0.9929
loss: 0.0210, acc: 0.9930
loss: 0.0212, acc: 0.9927
loss: 0.0214, acc: 0.9925
loss: 0.0236, acc: 0.9920
> val_acc: 0.8295, val_f1: 0.7221
>>>>>>>>>>>>>>>>>>>>>>>>>>>>>>>>>>>>>>>>>>>>>>>>>>>>>>>>>>>>>>>>>>>>>>>>>>>>>>>>>>>>>>>>>>>>>>>>>>>>
epoch: 10
loss: 0.0116, acc: 0.9938
loss: 0.0134, acc: 0.9938
loss: 0.0227, acc: 0.9917
loss: 0.0181, acc: 0.9938
loss: 0.0166, acc: 0.9938
loss: 0.0145, acc: 0.9948
loss: 0.0158, acc: 0.9938
loss: 0.0143, acc: 0.9945
loss: 0.0131, acc: 0.9951
loss: 0.0142, acc: 0.9950
loss: 0.0136, acc: 0.9949
loss: 0.0128, acc: 0.9953
loss: 0.0131, acc: 0.9947
loss: 0.0160, acc: 0.9933
loss: 0.0198, acc: 0.9925
loss: 0.0248, acc: 0.9914
loss: 0.0252, acc: 0.9915
loss: 0.0254, acc: 0.9913
loss: 0.0258, acc: 0.9914
loss: 0.0259, acc: 0.9916
loss: 0.0255, acc: 0.9920
loss: 0.0252, acc: 0.9920
> val_acc: 0.8384, val_f1: 0.7484
>>>>>>>>>>>>>>>>>>>>>>>>>>>>>>>>>>>>>>>>>>>>>>>>>>>>>>>>>>>>>>>>>>>>>>>>>>>>>>>>>>>>>>>>>>>>>>>>>>>>
epoch: 11
loss: 0.0046, acc: 1.0000
loss: 0.0061, acc: 1.0000
loss: 0.0063, acc: 1.0000
loss: 0.0056, acc: 1.0000
loss: 0.0112, acc: 0.9986
loss: 0.0294, acc: 0.9931
loss: 0.0307, acc: 0.9922
loss: 0.0436, acc: 0.9873
loss: 0.0425, acc: 0.9866
loss: 0.0393, acc: 0.9880
loss: 0.0371, acc: 0.9892
loss: 0.0345, acc: 0.9901
loss: 0.0358, acc: 0.9894
loss: 0.0343, acc: 0.9897
loss: 0.0339, acc: 0.9900
loss: 0.0370, acc: 0.9890
loss: 0.0364, acc: 0.9889
loss: 0.0351, acc: 0.9892
loss: 0.0348, acc: 0.9895
loss: 0.0331, acc: 0.9900
loss: 0.0333, acc: 0.9899
loss: 0.0327, acc: 0.9901
loss: 0.0320, acc: 0.9902
> val_acc: 0.8384, val_f1: 0.7445
>> test_acc: 0.8562, test_f1: 0.7919
>> test_acc: 0.8473, test_f1: 0.7688
>> test_acc: 0.8562, test_f1: 0.7926
>> test_acc: 0.8562, test_f1: 0.7919

>> avg_test_acc: 0.8533, avg_test_f1: 0.7844
>> max_test_acc: 0.8562, max_test_f1: 0.7926
