cuda memory allocated: 439079424
> n_trainable_params: 109484547, n_nontrainable_params: 0
> training arguments:
>>> model_name: bert
>>> dataset: rest14
>>> optimizer: <class 'torch.optim.adam.Adam'>
>>> initializer: <function xavier_uniform_ at 0x7fc8edd64b80>
>>> repeat: 3
>>> lr: 2e-05
>>> dropout: 0.3
>>> l2reg: 0.0001
>>> num_epoch: 100
>>> batch_size: 16
>>> log_step: 10
>>> bert_dim: 768
>>> plm_name: ./plm/bert-base-uncased
>>> max_seq_len: 128
>>> polarities_dim: 3
>>> patience: 5
>>> device: cuda
>>> seed: 42
>>> save_model_dir: /media/b115/Backup/NLP
>>> model_class: <class 'model.bert.BERT'>
>>> dataset_file: {'train': './dataset/txt/rest14_train.txt', 'test': './dataset/txt/rest14_test.txt'}
>>> inputs_cols: ['input_ids', 'token_type_ids', 'attention_mask']
>>>>>>>>>>>>>>>>>>>>>>>>>>>>>>>>>>>>>>>>>>>>>>>>>>>>>>>>>>>>>>>>>>>>>>>>>>>>>>>>>>>>>>>>>>>>>>>>>>>>
epoch: 0
loss: 1.2988, acc: 0.4250
loss: 1.1709, acc: 0.5000
loss: 1.1347, acc: 0.5083
loss: 1.0921, acc: 0.5234
loss: 1.0752, acc: 0.5250
loss: 1.0580, acc: 0.5385
loss: 1.0229, acc: 0.5571
loss: 1.0333, acc: 0.5461
loss: 1.0034, acc: 0.5639
loss: 0.9922, acc: 0.5700
loss: 0.9803, acc: 0.5767
loss: 0.9619, acc: 0.5833
loss: 0.9468, acc: 0.5861
loss: 0.9268, acc: 0.5987
loss: 0.9208, acc: 0.6021
loss: 0.9090, acc: 0.6082
loss: 0.8989, acc: 0.6129
loss: 0.8846, acc: 0.6181
loss: 0.8784, acc: 0.6234
loss: 0.8687, acc: 0.6284
loss: 0.8581, acc: 0.6339
loss: 0.8510, acc: 0.6384
> val_acc: 0.7768, val_f1: 0.5641
>> saved: /media/b115/Backup/NLP/bert/rest14/acc_0.7768_f1_0.5641_230826-1924.model
>>>>>>>>>>>>>>>>>>>>>>>>>>>>>>>>>>>>>>>>>>>>>>>>>>>>>>>>>>>>>>>>>>>>>>>>>>>>>>>>>>>>>>>>>>>>>>>>>>>>
epoch: 1
loss: 0.6157, acc: 0.7656
loss: 0.5846, acc: 0.7589
loss: 0.5786, acc: 0.7682
loss: 0.5797, acc: 0.7647
loss: 0.5737, acc: 0.7699
loss: 0.5830, acc: 0.7720
loss: 0.5665, acc: 0.7783
loss: 0.5532, acc: 0.7838
loss: 0.5519, acc: 0.7857
loss: 0.5415, acc: 0.7892
loss: 0.5414, acc: 0.7861
loss: 0.5451, acc: 0.7812
loss: 0.5393, acc: 0.7853
loss: 0.5353, acc: 0.7854
loss: 0.5463, acc: 0.7799
loss: 0.5444, acc: 0.7812
loss: 0.5403, acc: 0.7839
loss: 0.5398, acc: 0.7834
loss: 0.5340, acc: 0.7867
loss: 0.5368, acc: 0.7848
loss: 0.5348, acc: 0.7858
loss: 0.5401, acc: 0.7824
loss: 0.5398, acc: 0.7824
> val_acc: 0.8196, val_f1: 0.7188
>> saved: /media/b115/Backup/NLP/bert/rest14/acc_0.8196_f1_0.7188_230826-1924.model
>>>>>>>>>>>>>>>>>>>>>>>>>>>>>>>>>>>>>>>>>>>>>>>>>>>>>>>>>>>>>>>>>>>>>>>>>>>>>>>>>>>>>>>>>>>>>>>>>>>>
epoch: 2
loss: 0.3711, acc: 0.8516
loss: 0.3513, acc: 0.8646
loss: 0.3547, acc: 0.8638
loss: 0.3380, acc: 0.8717
loss: 0.3545, acc: 0.8685
loss: 0.3536, acc: 0.8653
loss: 0.3554, acc: 0.8658
loss: 0.3462, acc: 0.8662
loss: 0.3392, acc: 0.8693
loss: 0.3526, acc: 0.8635
loss: 0.3528, acc: 0.8657
loss: 0.3499, acc: 0.8676
loss: 0.3524, acc: 0.8647
loss: 0.3528, acc: 0.8641
loss: 0.3549, acc: 0.8615
loss: 0.3592, acc: 0.8612
loss: 0.3639, acc: 0.8594
loss: 0.3620, acc: 0.8596
loss: 0.3620, acc: 0.8590
loss: 0.3624, acc: 0.8580
loss: 0.3602, acc: 0.8594
loss: 0.3632, acc: 0.8584
> val_acc: 0.8429, val_f1: 0.7533
>> saved: /media/b115/Backup/NLP/bert/rest14/acc_0.8429_f1_0.7533_230826-1925.model
>>>>>>>>>>>>>>>>>>>>>>>>>>>>>>>>>>>>>>>>>>>>>>>>>>>>>>>>>>>>>>>>>>>>>>>>>>>>>>>>>>>>>>>>>>>>>>>>>>>>
epoch: 3
loss: 0.3910, acc: 0.8125
loss: 0.2705, acc: 0.8958
loss: 0.2073, acc: 0.9233
loss: 0.2100, acc: 0.9199
loss: 0.2099, acc: 0.9211
loss: 0.1951, acc: 0.9279
loss: 0.1934, acc: 0.9284
loss: 0.1956, acc: 0.9227
loss: 0.2067, acc: 0.9192
loss: 0.2083, acc: 0.9205
loss: 0.2111, acc: 0.9210
loss: 0.2052, acc: 0.9235
loss: 0.2069, acc: 0.9232
loss: 0.2010, acc: 0.9247
loss: 0.2009, acc: 0.9252
loss: 0.2039, acc: 0.9239
loss: 0.2094, acc: 0.9225
loss: 0.2107, acc: 0.9215
loss: 0.2092, acc: 0.9214
loss: 0.2079, acc: 0.9222
loss: 0.2121, acc: 0.9202
loss: 0.2121, acc: 0.9198
loss: 0.2079, acc: 0.9217
> val_acc: 0.8420, val_f1: 0.7618
>>>>>>>>>>>>>>>>>>>>>>>>>>>>>>>>>>>>>>>>>>>>>>>>>>>>>>>>>>>>>>>>>>>>>>>>>>>>>>>>>>>>>>>>>>>>>>>>>>>>
epoch: 4
loss: 0.0960, acc: 0.9688
loss: 0.1297, acc: 0.9453
loss: 0.1455, acc: 0.9447
loss: 0.1467, acc: 0.9444
loss: 0.1422, acc: 0.9457
loss: 0.1481, acc: 0.9487
loss: 0.1436, acc: 0.9508
loss: 0.1514, acc: 0.9465
loss: 0.1460, acc: 0.9469
loss: 0.1455, acc: 0.9479
loss: 0.1459, acc: 0.9487
loss: 0.1462, acc: 0.9472
loss: 0.1484, acc: 0.9469
loss: 0.1471, acc: 0.9481
loss: 0.1489, acc: 0.9473
loss: 0.1503, acc: 0.9471
loss: 0.1511, acc: 0.9465
loss: 0.1488, acc: 0.9474
loss: 0.1459, acc: 0.9476
loss: 0.1423, acc: 0.9487
loss: 0.1400, acc: 0.9496
loss: 0.1401, acc: 0.9491
loss: 0.1372, acc: 0.9501
> val_acc: 0.8482, val_f1: 0.7756
>> saved: /media/b115/Backup/NLP/bert/rest14/acc_0.8482_f1_0.7756_230826-1927.model
>>>>>>>>>>>>>>>>>>>>>>>>>>>>>>>>>>>>>>>>>>>>>>>>>>>>>>>>>>>>>>>>>>>>>>>>>>>>>>>>>>>>>>>>>>>>>>>>>>>>
epoch: 5
loss: 0.0342, acc: 0.9938
loss: 0.0522, acc: 0.9844
loss: 0.0603, acc: 0.9833
loss: 0.0638, acc: 0.9797
loss: 0.0653, acc: 0.9812
loss: 0.0732, acc: 0.9771
loss: 0.0664, acc: 0.9795
loss: 0.0627, acc: 0.9797
loss: 0.0681, acc: 0.9757
loss: 0.0716, acc: 0.9738
loss: 0.0725, acc: 0.9744
loss: 0.0734, acc: 0.9734
loss: 0.0729, acc: 0.9745
loss: 0.0729, acc: 0.9746
loss: 0.0760, acc: 0.9750
loss: 0.0733, acc: 0.9758
loss: 0.0744, acc: 0.9754
loss: 0.0789, acc: 0.9740
loss: 0.0807, acc: 0.9734
loss: 0.0827, acc: 0.9725
loss: 0.0815, acc: 0.9729
loss: 0.0848, acc: 0.9716
> val_acc: 0.8446, val_f1: 0.7572
>>>>>>>>>>>>>>>>>>>>>>>>>>>>>>>>>>>>>>>>>>>>>>>>>>>>>>>>>>>>>>>>>>>>>>>>>>>>>>>>>>>>>>>>>>>>>>>>>>>>
epoch: 6
loss: 0.0201, acc: 1.0000
loss: 0.0189, acc: 1.0000
loss: 0.0178, acc: 1.0000
loss: 0.0274, acc: 0.9945
loss: 0.0403, acc: 0.9886
loss: 0.0376, acc: 0.9896
loss: 0.0355, acc: 0.9902
loss: 0.0358, acc: 0.9907
loss: 0.0355, acc: 0.9903
loss: 0.0404, acc: 0.9887
loss: 0.0420, acc: 0.9892
loss: 0.0451, acc: 0.9885
loss: 0.0457, acc: 0.9884
loss: 0.0446, acc: 0.9883
loss: 0.0485, acc: 0.9874
loss: 0.0527, acc: 0.9858
loss: 0.0516, acc: 0.9859
loss: 0.0522, acc: 0.9849
loss: 0.0560, acc: 0.9834
loss: 0.0578, acc: 0.9826
loss: 0.0604, acc: 0.9813
loss: 0.0599, acc: 0.9813
loss: 0.0603, acc: 0.9807
> val_acc: 0.8464, val_f1: 0.7699
>>>>>>>>>>>>>>>>>>>>>>>>>>>>>>>>>>>>>>>>>>>>>>>>>>>>>>>>>>>>>>>>>>>>>>>>>>>>>>>>>>>>>>>>>>>>>>>>>>>>
epoch: 7
loss: 0.0325, acc: 0.9922
loss: 0.0478, acc: 0.9861
loss: 0.0447, acc: 0.9866
loss: 0.0407, acc: 0.9885
loss: 0.0426, acc: 0.9857
loss: 0.0438, acc: 0.9838
loss: 0.0420, acc: 0.9844
loss: 0.0462, acc: 0.9824
loss: 0.0493, acc: 0.9822
loss: 0.0535, acc: 0.9815
loss: 0.0539, acc: 0.9815
loss: 0.0525, acc: 0.9825
loss: 0.0510, acc: 0.9834
loss: 0.0492, acc: 0.9837
loss: 0.0544, acc: 0.9827
loss: 0.0560, acc: 0.9818
loss: 0.0543, acc: 0.9829
loss: 0.0531, acc: 0.9831
loss: 0.0547, acc: 0.9830
loss: 0.0532, acc: 0.9836
loss: 0.0534, acc: 0.9835
loss: 0.0529, acc: 0.9839
> val_acc: 0.8518, val_f1: 0.7751
>> saved: /media/b115/Backup/NLP/bert/rest14/acc_0.8518_f1_0.7751_230826-1929.model
>>>>>>>>>>>>>>>>>>>>>>>>>>>>>>>>>>>>>>>>>>>>>>>>>>>>>>>>>>>>>>>>>>>>>>>>>>>>>>>>>>>>>>>>>>>>>>>>>>>>
epoch: 8
loss: 0.0168, acc: 1.0000
loss: 0.0358, acc: 0.9896
loss: 0.0423, acc: 0.9858
loss: 0.0313, acc: 0.9902
loss: 0.0325, acc: 0.9896
loss: 0.0310, acc: 0.9904
loss: 0.0357, acc: 0.9899
loss: 0.0395, acc: 0.9896
loss: 0.0374, acc: 0.9901
loss: 0.0346, acc: 0.9912
loss: 0.0378, acc: 0.9902
loss: 0.0381, acc: 0.9900
loss: 0.0373, acc: 0.9903
loss: 0.0375, acc: 0.9901
loss: 0.0352, acc: 0.9908
loss: 0.0344, acc: 0.9905
loss: 0.0348, acc: 0.9904
loss: 0.0343, acc: 0.9902
loss: 0.0348, acc: 0.9900
loss: 0.0357, acc: 0.9899
loss: 0.0365, acc: 0.9895
loss: 0.0361, acc: 0.9894
loss: 0.0401, acc: 0.9885
> val_acc: 0.8286, val_f1: 0.7146
>>>>>>>>>>>>>>>>>>>>>>>>>>>>>>>>>>>>>>>>>>>>>>>>>>>>>>>>>>>>>>>>>>>>>>>>>>>>>>>>>>>>>>>>>>>>>>>>>>>>
epoch: 9
loss: 0.0949, acc: 0.9792
loss: 0.0708, acc: 0.9805
loss: 0.0588, acc: 0.9832
loss: 0.0464, acc: 0.9878
loss: 0.0385, acc: 0.9905
loss: 0.0350, acc: 0.9911
loss: 0.0314, acc: 0.9915
loss: 0.0294, acc: 0.9910
loss: 0.0282, acc: 0.9913
loss: 0.0273, acc: 0.9909
loss: 0.0267, acc: 0.9912
loss: 0.0267, acc: 0.9914
loss: 0.0344, acc: 0.9891
loss: 0.0369, acc: 0.9881
loss: 0.0431, acc: 0.9854
loss: 0.0427, acc: 0.9860
loss: 0.0457, acc: 0.9853
loss: 0.0462, acc: 0.9851
loss: 0.0479, acc: 0.9839
loss: 0.0482, acc: 0.9837
loss: 0.0470, acc: 0.9842
loss: 0.0461, acc: 0.9844
loss: 0.0447, acc: 0.9848
> val_acc: 0.8446, val_f1: 0.7694
>>>>>>>>>>>>>>>>>>>>>>>>>>>>>>>>>>>>>>>>>>>>>>>>>>>>>>>>>>>>>>>>>>>>>>>>>>>>>>>>>>>>>>>>>>>>>>>>>>>>
epoch: 10
loss: 0.0204, acc: 0.9938
loss: 0.0275, acc: 0.9938
loss: 0.0265, acc: 0.9938
loss: 0.0260, acc: 0.9938
loss: 0.0224, acc: 0.9950
loss: 0.0222, acc: 0.9948
loss: 0.0210, acc: 0.9938
loss: 0.0195, acc: 0.9945
loss: 0.0177, acc: 0.9951
loss: 0.0162, acc: 0.9956
loss: 0.0162, acc: 0.9955
loss: 0.0177, acc: 0.9948
loss: 0.0215, acc: 0.9933
loss: 0.0215, acc: 0.9929
loss: 0.0226, acc: 0.9921
loss: 0.0245, acc: 0.9914
loss: 0.0303, acc: 0.9893
loss: 0.0294, acc: 0.9896
loss: 0.0306, acc: 0.9885
loss: 0.0315, acc: 0.9881
loss: 0.0315, acc: 0.9881
loss: 0.0320, acc: 0.9881
> val_acc: 0.8321, val_f1: 0.7427
>>>>>>>>>>>>>>>>>>>>>>>>>>>>>>>>>>>>>>>>>>>>>>>>>>>>>>>>>>>>>>>>>>>>>>>>>>>>>>>>>>>>>>>>>>>>>>>>>>>>
epoch: 11
loss: 0.0053, acc: 1.0000
loss: 0.0592, acc: 0.9911
loss: 0.0442, acc: 0.9922
loss: 0.0450, acc: 0.9890
loss: 0.0424, acc: 0.9886
loss: 0.0371, acc: 0.9896
loss: 0.0351, acc: 0.9902
loss: 0.0308, acc: 0.9916
loss: 0.0288, acc: 0.9926
loss: 0.0274, acc: 0.9927
loss: 0.0300, acc: 0.9922
loss: 0.0343, acc: 0.9912
loss: 0.0373, acc: 0.9904
loss: 0.0381, acc: 0.9902
loss: 0.0404, acc: 0.9896
loss: 0.0447, acc: 0.9886
loss: 0.0459, acc: 0.9878
loss: 0.0476, acc: 0.9864
loss: 0.0460, acc: 0.9868
loss: 0.0448, acc: 0.9868
loss: 0.0431, acc: 0.9871
loss: 0.0433, acc: 0.9866
loss: 0.0432, acc: 0.9860
> val_acc: 0.8357, val_f1: 0.7560
>>>>>>>>>>>>>>>>>>>>>>>>>>>>>>>>>>>>>>>>>>>>>>>>>>>>>>>>>>>>>>>>>>>>>>>>>>>>>>>>>>>>>>>>>>>>>>>>>>>>
epoch: 12
loss: 0.0110, acc: 0.9922
loss: 0.0185, acc: 0.9896
loss: 0.0173, acc: 0.9911
loss: 0.0158, acc: 0.9918
loss: 0.0155, acc: 0.9922
loss: 0.0150, acc: 0.9925
loss: 0.0150, acc: 0.9926
loss: 0.0155, acc: 0.9928
loss: 0.0154, acc: 0.9929
loss: 0.0154, acc: 0.9930
loss: 0.0176, acc: 0.9919
loss: 0.0181, acc: 0.9921
loss: 0.0242, acc: 0.9902
loss: 0.0242, acc: 0.9900
loss: 0.0238, acc: 0.9907
loss: 0.0257, acc: 0.9909
loss: 0.0288, acc: 0.9911
loss: 0.0290, acc: 0.9909
loss: 0.0282, acc: 0.9910
loss: 0.0275, acc: 0.9912
loss: 0.0283, acc: 0.9910
loss: 0.0279, acc: 0.9911
> val_acc: 0.8357, val_f1: 0.7333
>> test_acc: 0.8518, test_f1: 0.7751
>>>>>>>>>>>>>>>>>>>>>>>>>>>>>>>>>>>>>>>>>>>>>>>>>>>>>>>>>>>>>>>>>>>>>>>>>>>>>>>>>>>>>>>>>>>>>>>>>>>>
epoch: 0
loss: 0.3333, acc: 0.8750
loss: 0.2103, acc: 0.9344
loss: 0.1621, acc: 0.9500
loss: 0.1358, acc: 0.9578
loss: 0.1238, acc: 0.9613
loss: 0.1089, acc: 0.9656
loss: 0.1159, acc: 0.9634
loss: 0.1067, acc: 0.9656
loss: 0.1023, acc: 0.9660
loss: 0.0974, acc: 0.9675
loss: 0.0916, acc: 0.9682
loss: 0.0876, acc: 0.9693
loss: 0.0916, acc: 0.9688
loss: 0.0895, acc: 0.9696
loss: 0.0893, acc: 0.9696
loss: 0.0889, acc: 0.9695
loss: 0.0894, acc: 0.9695
loss: 0.0899, acc: 0.9694
loss: 0.0888, acc: 0.9691
loss: 0.0863, acc: 0.9700
loss: 0.0854, acc: 0.9705
loss: 0.0829, acc: 0.9710
> val_acc: 0.8509, val_f1: 0.7729
>> saved: /media/b115/Backup/NLP/bert/rest14/acc_0.8509_f1_0.7729_230826-1933.model
>>>>>>>>>>>>>>>>>>>>>>>>>>>>>>>>>>>>>>>>>>>>>>>>>>>>>>>>>>>>>>>>>>>>>>>>>>>>>>>>>>>>>>>>>>>>>>>>>>>>
epoch: 1
loss: 0.0489, acc: 0.9688
loss: 0.0406, acc: 0.9821
loss: 0.0292, acc: 0.9896
loss: 0.0467, acc: 0.9871
loss: 0.0461, acc: 0.9844
loss: 0.0489, acc: 0.9838
loss: 0.0517, acc: 0.9814
loss: 0.0545, acc: 0.9789
loss: 0.0533, acc: 0.9792
loss: 0.0560, acc: 0.9781
loss: 0.0569, acc: 0.9778
loss: 0.0562, acc: 0.9781
loss: 0.0557, acc: 0.9793
loss: 0.0577, acc: 0.9781
loss: 0.0569, acc: 0.9779
loss: 0.0571, acc: 0.9781
loss: 0.0618, acc: 0.9775
loss: 0.0629, acc: 0.9770
loss: 0.0633, acc: 0.9776
loss: 0.0657, acc: 0.9771
loss: 0.0651, acc: 0.9773
loss: 0.0644, acc: 0.9778
loss: 0.0635, acc: 0.9782
> val_acc: 0.8571, val_f1: 0.7858
>> saved: /media/b115/Backup/NLP/bert/rest14/acc_0.8571_f1_0.7858_230826-1934.model
>>>>>>>>>>>>>>>>>>>>>>>>>>>>>>>>>>>>>>>>>>>>>>>>>>>>>>>>>>>>>>>>>>>>>>>>>>>>>>>>>>>>>>>>>>>>>>>>>>>>
epoch: 2
loss: 0.0251, acc: 0.9922
loss: 0.0305, acc: 0.9931
loss: 0.0286, acc: 0.9888
loss: 0.0244, acc: 0.9901
loss: 0.0227, acc: 0.9909
loss: 0.0200, acc: 0.9925
loss: 0.0177, acc: 0.9936
loss: 0.0220, acc: 0.9936
loss: 0.0197, acc: 0.9943
loss: 0.0258, acc: 0.9923
loss: 0.0256, acc: 0.9919
loss: 0.0243, acc: 0.9926
loss: 0.0231, acc: 0.9927
loss: 0.0256, acc: 0.9914
loss: 0.0253, acc: 0.9911
loss: 0.0249, acc: 0.9913
loss: 0.0263, acc: 0.9903
loss: 0.0269, acc: 0.9898
loss: 0.0271, acc: 0.9894
loss: 0.0266, acc: 0.9896
loss: 0.0268, acc: 0.9895
loss: 0.0285, acc: 0.9888
> val_acc: 0.8375, val_f1: 0.7403
>>>>>>>>>>>>>>>>>>>>>>>>>>>>>>>>>>>>>>>>>>>>>>>>>>>>>>>>>>>>>>>>>>>>>>>>>>>>>>>>>>>>>>>>>>>>>>>>>>>>
epoch: 3
loss: 0.0007, acc: 1.0000
loss: 0.0118, acc: 0.9948
loss: 0.0197, acc: 0.9886
loss: 0.0148, acc: 0.9922
loss: 0.0194, acc: 0.9911
loss: 0.0269, acc: 0.9892
loss: 0.0253, acc: 0.9899
loss: 0.0243, acc: 0.9896
loss: 0.0237, acc: 0.9901
loss: 0.0222, acc: 0.9912
loss: 0.0229, acc: 0.9914
loss: 0.0223, acc: 0.9911
loss: 0.0214, acc: 0.9913
loss: 0.0220, acc: 0.9910
loss: 0.0226, acc: 0.9908
loss: 0.0226, acc: 0.9901
loss: 0.0213, acc: 0.9907
loss: 0.0206, acc: 0.9913
loss: 0.0198, acc: 0.9918
loss: 0.0189, acc: 0.9922
loss: 0.0185, acc: 0.9923
loss: 0.0199, acc: 0.9917
loss: 0.0195, acc: 0.9921
> val_acc: 0.8527, val_f1: 0.7794
>>>>>>>>>>>>>>>>>>>>>>>>>>>>>>>>>>>>>>>>>>>>>>>>>>>>>>>>>>>>>>>>>>>>>>>>>>>>>>>>>>>>>>>>>>>>>>>>>>>>
epoch: 4
loss: 0.0196, acc: 0.9896
loss: 0.0177, acc: 0.9922
loss: 0.0125, acc: 0.9952
loss: 0.0093, acc: 0.9965
loss: 0.0085, acc: 0.9973
loss: 0.0124, acc: 0.9967
loss: 0.0116, acc: 0.9972
loss: 0.0106, acc: 0.9975
loss: 0.0109, acc: 0.9971
loss: 0.0138, acc: 0.9954
loss: 0.0137, acc: 0.9953
loss: 0.0126, acc: 0.9957
loss: 0.0145, acc: 0.9945
loss: 0.0152, acc: 0.9936
loss: 0.0203, acc: 0.9923
loss: 0.0262, acc: 0.9912
loss: 0.0284, acc: 0.9902
loss: 0.0280, acc: 0.9904
loss: 0.0308, acc: 0.9899
loss: 0.0314, acc: 0.9898
loss: 0.0307, acc: 0.9900
loss: 0.0318, acc: 0.9896
loss: 0.0321, acc: 0.9895
> val_acc: 0.8455, val_f1: 0.7690
>>>>>>>>>>>>>>>>>>>>>>>>>>>>>>>>>>>>>>>>>>>>>>>>>>>>>>>>>>>>>>>>>>>>>>>>>>>>>>>>>>>>>>>>>>>>>>>>>>>>
epoch: 5
loss: 0.0096, acc: 1.0000
loss: 0.0104, acc: 1.0000
loss: 0.0098, acc: 1.0000
loss: 0.0079, acc: 1.0000
loss: 0.0231, acc: 0.9962
loss: 0.0236, acc: 0.9948
loss: 0.0261, acc: 0.9920
loss: 0.0241, acc: 0.9922
loss: 0.0251, acc: 0.9903
loss: 0.0236, acc: 0.9906
loss: 0.0267, acc: 0.9886
loss: 0.0373, acc: 0.9859
loss: 0.0387, acc: 0.9861
loss: 0.0420, acc: 0.9848
loss: 0.0416, acc: 0.9850
loss: 0.0399, acc: 0.9855
loss: 0.0395, acc: 0.9853
loss: 0.0382, acc: 0.9858
loss: 0.0393, acc: 0.9862
loss: 0.0408, acc: 0.9859
loss: 0.0400, acc: 0.9863
loss: 0.0402, acc: 0.9861
> val_acc: 0.8241, val_f1: 0.7382
>>>>>>>>>>>>>>>>>>>>>>>>>>>>>>>>>>>>>>>>>>>>>>>>>>>>>>>>>>>>>>>>>>>>>>>>>>>>>>>>>>>>>>>>>>>>>>>>>>>>
epoch: 6
loss: 0.0167, acc: 0.9844
loss: 0.0456, acc: 0.9821
loss: 0.0530, acc: 0.9844
loss: 0.0513, acc: 0.9835
loss: 0.0468, acc: 0.9844
loss: 0.0473, acc: 0.9815
loss: 0.0495, acc: 0.9805
loss: 0.0447, acc: 0.9823
loss: 0.0448, acc: 0.9814
loss: 0.0499, acc: 0.9807
loss: 0.0517, acc: 0.9802
loss: 0.0569, acc: 0.9792
loss: 0.0551, acc: 0.9798
loss: 0.0534, acc: 0.9804
loss: 0.0532, acc: 0.9805
loss: 0.0511, acc: 0.9809
loss: 0.0489, acc: 0.9817
loss: 0.0465, acc: 0.9828
loss: 0.0446, acc: 0.9837
loss: 0.0444, acc: 0.9836
loss: 0.0432, acc: 0.9841
loss: 0.0462, acc: 0.9836
loss: 0.0476, acc: 0.9838
> val_acc: 0.8420, val_f1: 0.7680
>> test_acc: 0.8571, test_f1: 0.7858
>>>>>>>>>>>>>>>>>>>>>>>>>>>>>>>>>>>>>>>>>>>>>>>>>>>>>>>>>>>>>>>>>>>>>>>>>>>>>>>>>>>>>>>>>>>>>>>>>>>>
epoch: 0
loss: 0.9587, acc: 0.6000
loss: 0.5169, acc: 0.7875
loss: 0.3878, acc: 0.8438
loss: 0.3145, acc: 0.8750
loss: 0.2619, acc: 0.8962
loss: 0.2301, acc: 0.9083
loss: 0.2063, acc: 0.9196
loss: 0.1860, acc: 0.9281
loss: 0.1668, acc: 0.9361
loss: 0.1508, acc: 0.9425
loss: 0.1420, acc: 0.9466
loss: 0.1363, acc: 0.9490
loss: 0.1267, acc: 0.9529
loss: 0.1198, acc: 0.9554
loss: 0.1138, acc: 0.9575
loss: 0.1119, acc: 0.9582
loss: 0.1059, acc: 0.9607
loss: 0.1022, acc: 0.9622
loss: 0.1009, acc: 0.9632
loss: 0.0988, acc: 0.9647
loss: 0.0964, acc: 0.9658
loss: 0.0930, acc: 0.9670
> val_acc: 0.8464, val_f1: 0.7820
>> saved: /media/b115/Backup/NLP/bert/rest14/acc_0.8464_f1_0.782_230826-1938.model
>>>>>>>>>>>>>>>>>>>>>>>>>>>>>>>>>>>>>>>>>>>>>>>>>>>>>>>>>>>>>>>>>>>>>>>>>>>>>>>>>>>>>>>>>>>>>>>>>>>>
epoch: 1
loss: 0.0251, acc: 1.0000
loss: 0.0437, acc: 0.9866
loss: 0.0348, acc: 0.9870
loss: 0.0321, acc: 0.9871
loss: 0.0308, acc: 0.9886
loss: 0.0323, acc: 0.9884
loss: 0.0281, acc: 0.9902
loss: 0.0349, acc: 0.9899
loss: 0.0352, acc: 0.9896
loss: 0.0332, acc: 0.9900
loss: 0.0329, acc: 0.9898
loss: 0.0331, acc: 0.9890
loss: 0.0322, acc: 0.9889
loss: 0.0324, acc: 0.9893
loss: 0.0321, acc: 0.9896
loss: 0.0351, acc: 0.9886
loss: 0.0351, acc: 0.9889
loss: 0.0354, acc: 0.9885
loss: 0.0350, acc: 0.9888
loss: 0.0337, acc: 0.9894
loss: 0.0330, acc: 0.9896
loss: 0.0323, acc: 0.9898
loss: 0.0360, acc: 0.9894
> val_acc: 0.8455, val_f1: 0.7626
>>>>>>>>>>>>>>>>>>>>>>>>>>>>>>>>>>>>>>>>>>>>>>>>>>>>>>>>>>>>>>>>>>>>>>>>>>>>>>>>>>>>>>>>>>>>>>>>>>>>
epoch: 2
loss: 0.0573, acc: 0.9922
loss: 0.0347, acc: 0.9931
loss: 0.0247, acc: 0.9955
loss: 0.0226, acc: 0.9951
loss: 0.0268, acc: 0.9909
loss: 0.0270, acc: 0.9914
loss: 0.0338, acc: 0.9862
loss: 0.0366, acc: 0.9872
loss: 0.0367, acc: 0.9865
loss: 0.0396, acc: 0.9853
loss: 0.0388, acc: 0.9855
loss: 0.0395, acc: 0.9852
loss: 0.0389, acc: 0.9849
loss: 0.0386, acc: 0.9855
loss: 0.0383, acc: 0.9861
loss: 0.0398, acc: 0.9854
loss: 0.0439, acc: 0.9851
loss: 0.0432, acc: 0.9849
loss: 0.0441, acc: 0.9847
loss: 0.0457, acc: 0.9842
loss: 0.0479, acc: 0.9835
loss: 0.0480, acc: 0.9837
> val_acc: 0.8411, val_f1: 0.7609
>>>>>>>>>>>>>>>>>>>>>>>>>>>>>>>>>>>>>>>>>>>>>>>>>>>>>>>>>>>>>>>>>>>>>>>>>>>>>>>>>>>>>>>>>>>>>>>>>>>>
epoch: 3
loss: 0.0456, acc: 0.9688
loss: 0.0319, acc: 0.9844
loss: 0.0420, acc: 0.9886
loss: 0.0363, acc: 0.9902
loss: 0.0413, acc: 0.9866
loss: 0.0453, acc: 0.9844
loss: 0.0389, acc: 0.9869
loss: 0.0341, acc: 0.9887
loss: 0.0326, acc: 0.9886
loss: 0.0294, acc: 0.9898
loss: 0.0300, acc: 0.9890
loss: 0.0276, acc: 0.9900
loss: 0.0277, acc: 0.9898
loss: 0.0280, acc: 0.9896
loss: 0.0264, acc: 0.9903
loss: 0.0296, acc: 0.9897
loss: 0.0284, acc: 0.9900
loss: 0.0300, acc: 0.9898
loss: 0.0297, acc: 0.9900
loss: 0.0288, acc: 0.9906
loss: 0.0299, acc: 0.9904
loss: 0.0292, acc: 0.9906
loss: 0.0304, acc: 0.9901
> val_acc: 0.8152, val_f1: 0.6886
>>>>>>>>>>>>>>>>>>>>>>>>>>>>>>>>>>>>>>>>>>>>>>>>>>>>>>>>>>>>>>>>>>>>>>>>>>>>>>>>>>>>>>>>>>>>>>>>>>>>
epoch: 4
loss: 0.0226, acc: 0.9896
loss: 0.0241, acc: 0.9883
loss: 0.0341, acc: 0.9808
loss: 0.0320, acc: 0.9844
loss: 0.0311, acc: 0.9851
loss: 0.0322, acc: 0.9844
loss: 0.0305, acc: 0.9848
loss: 0.0330, acc: 0.9844
loss: 0.0316, acc: 0.9855
loss: 0.0319, acc: 0.9857
loss: 0.0311, acc: 0.9864
loss: 0.0298, acc: 0.9871
loss: 0.0299, acc: 0.9871
loss: 0.0314, acc: 0.9871
loss: 0.0306, acc: 0.9876
loss: 0.0309, acc: 0.9876
loss: 0.0294, acc: 0.9883
loss: 0.0300, acc: 0.9883
loss: 0.0291, acc: 0.9886
loss: 0.0286, acc: 0.9888
loss: 0.0279, acc: 0.9891
loss: 0.0272, acc: 0.9896
loss: 0.0264, acc: 0.9900
> val_acc: 0.8429, val_f1: 0.7640
>>>>>>>>>>>>>>>>>>>>>>>>>>>>>>>>>>>>>>>>>>>>>>>>>>>>>>>>>>>>>>>>>>>>>>>>>>>>>>>>>>>>>>>>>>>>>>>>>>>>
epoch: 5
loss: 0.0083, acc: 0.9938
loss: 0.0068, acc: 0.9969
loss: 0.0073, acc: 0.9958
loss: 0.0072, acc: 0.9953
loss: 0.0075, acc: 0.9950
loss: 0.0120, acc: 0.9938
loss: 0.0128, acc: 0.9929
loss: 0.0130, acc: 0.9930
loss: 0.0169, acc: 0.9910
loss: 0.0161, acc: 0.9912
loss: 0.0155, acc: 0.9920
loss: 0.0153, acc: 0.9927
loss: 0.0150, acc: 0.9928
loss: 0.0180, acc: 0.9924
loss: 0.0174, acc: 0.9929
loss: 0.0197, acc: 0.9922
loss: 0.0233, acc: 0.9912
loss: 0.0238, acc: 0.9910
loss: 0.0242, acc: 0.9908
loss: 0.0232, acc: 0.9912
loss: 0.0233, acc: 0.9911
loss: 0.0247, acc: 0.9909
> val_acc: 0.8402, val_f1: 0.7585
>> test_acc: 0.8464, test_f1: 0.7820
>> test_acc: 0.8518, test_f1: 0.7751
>> test_acc: 0.8571, test_f1: 0.7858
>> test_acc: 0.8464, test_f1: 0.7820

>> avg_test_acc: 0.8518, avg_test_f1: 0.7810
>> max_test_acc: 0.8571, max_test_f1: 0.7858
